                                                            [2018-08-29 10:09:10,221]
####################################
#
# Orgs G428 en G527, lagen: [100, 20]
#
####################################

                                                            [2018-08-29 10:09:10,318]

*****************
* Epoch nr 1
*****************

                                                            [2018-08-29 10:10:52,184]
                   m       v       e |  sens   acc
music         232844   10589     213 |  0.96  0.98
voice           5463  235752    3032 |  0.97  0.96
environment      664    7753  258019 |  0.97  0.98
--------------------------------------
prec            0.97    0.93    0.99
                                                            [2018-08-29 10:10:52,185]

                                                            [2018-08-29 10:10:52,186]
F1 overall: 0.96
F1 music: 0.96
F1 voice: 0.95
F1 environment: 0.98

                                                            [2018-08-29 10:10:52,187]

*****************
* Epoch nr 2
*****************

                                                            [2018-08-29 10:12:23,932]
                   m       v       e |  sens   acc
music         236085    7227     334 |  0.97  0.98
voice           5698  231137    7412 |  0.95  0.97
environment      412    1589  264435 |  0.99  0.99
--------------------------------------
prec            0.97    0.96    0.97
                                                            [2018-08-29 10:12:23,932]

                                                            [2018-08-29 10:12:23,933]
F1 overall: 0.97
F1 music: 0.97
F1 voice: 0.95
F1 environment: 0.98

                                                            [2018-08-29 10:12:23,935]

*****************
* Epoch nr 3
*****************

                                                            [2018-08-29 10:13:56,599]
                   m       v       e |  sens   acc
music         237199    6105     342 |  0.97  0.98
voice           7685  232412    4150 |  0.95  0.97
environment      297    2936  263203 |  0.99  0.99
--------------------------------------
prec            0.97    0.96    0.98
                                                            [2018-08-29 10:13:56,600]

                                                            [2018-08-29 10:13:56,600]
F1 overall: 0.97
F1 music: 0.97
F1 voice: 0.96
F1 environment: 0.99

                                                            [2018-08-29 10:13:56,602]
####################################
#
# Orgs G428 en G527, lagen: [400, 250, 100, 20]
#
####################################

                                                            [2018-08-29 10:13:56,786]

*****************
* Epoch nr 1
*****************

                                                            [2018-08-29 10:15:53,245]
                   m       v       e |  sens   acc
music         232608   10403     635 |  0.95  0.98
voice           4264  235747    4236 |  0.97  0.97
environment      206    3963  262267 |  0.98  0.99
--------------------------------------
prec            0.98    0.94    0.98
                                                            [2018-08-29 10:15:53,245]

                                                            [2018-08-29 10:15:53,245]
F1 overall: 0.97
F1 music: 0.97
F1 voice: 0.95
F1 environment: 0.98

                                                            [2018-08-29 10:15:53,248]

*****************
* Epoch nr 2
*****************

                                                            [2018-08-29 10:17:48,573]
                   m       v       e |  sens   acc
music         236934    6564     148 |  0.97  0.98
voice           5096  236993    2158 |  0.97  0.97
environment      369    6112  259955 |  0.98  0.99
--------------------------------------
prec            0.98    0.95    0.99
                                                            [2018-08-29 10:17:48,574]

                                                            [2018-08-29 10:17:48,574]
F1 overall: 0.97
F1 music: 0.97
F1 voice: 0.96
F1 environment: 0.98

                                                            [2018-08-29 10:17:48,577]

*****************
* Epoch nr 3
*****************

                                                            [2018-08-29 10:19:45,780]
                   m       v       e |  sens   acc
music         232666   10820     160 |  0.95  0.98
voice           2937  237127    4183 |  0.97  0.97
environment      298    2447  263691 |  0.99  0.99
--------------------------------------
prec            0.99    0.95    0.98
                                                            [2018-08-29 10:19:45,781]

                                                            [2018-08-29 10:19:45,781]
F1 overall: 0.97
F1 music: 0.97
F1 voice: 0.96
F1 environment: 0.99

                                                            [2018-08-29 10:19:45,782]
####################################
#
# Orgs G428 en G527, lagen: [400, 300, 200, 100, 50, 20, 10]
#
####################################

                                                            [2018-08-29 10:19:45,922]

*****************
* Epoch nr 1
*****************

                                                            [2018-08-29 10:22:09,849]
                   m       v       e |  sens   acc
music         234102    9339     205 |  0.96  0.98
voice           5514  234938    3795 |  0.96  0.97
environment      419    4255  261762 |  0.98  0.99
--------------------------------------
prec            0.98    0.95    0.98
                                                            [2018-08-29 10:22:09,849]

                                                            [2018-08-29 10:22:09,849]
F1 overall: 0.97
F1 music: 0.97
F1 voice: 0.95
F1 environment: 0.98

                                                            [2018-08-29 10:22:09,851]

*****************
* Epoch nr 2
*****************

                                                            [2018-08-29 10:24:33,013]
                   m       v       e |  sens   acc
music         234006    9475     165 |  0.96  0.98
voice           3211  236620    4416 |  0.97  0.97
environment      435    2668  263333 |  0.99  0.99
--------------------------------------
prec            0.98    0.95    0.98
                                                            [2018-08-29 10:24:33,013]

                                                            [2018-08-29 10:24:33,014]
F1 overall: 0.97
F1 music: 0.97
F1 voice: 0.96
F1 environment: 0.99

                                                            [2018-08-29 10:24:33,015]

*****************
* Epoch nr 3
*****************

                                                            [2018-08-29 10:26:58,457]
                   m       v       e |  sens   acc
music         237319    6046     281 |  0.97  0.98
voice           5075  233684    5488 |  0.96  0.98
environment      181    1682  264573 |  0.99  0.99
--------------------------------------
prec            0.98    0.97    0.98
                                                            [2018-08-29 10:26:58,458]

                                                            [2018-08-29 10:26:58,458]
F1 overall: 0.97
F1 music: 0.98
F1 voice: 0.96
F1 environment: 0.99

                                                            [2018-08-29 10:26:58,459]
####################################
#
# Orgs G428 en G527, lagen: [450, 400, 350, 300, 250, 200, 150, 100, 50, 21]
#
####################################

                                                            [2018-08-29 10:26:58,634]

*****************
* Epoch nr 1
*****************

                                                            [2018-08-29 10:29:58,936]
                   m       v       e |  sens   acc
music         236190    7279     177 |  0.97  0.98
voice           8574  226823    8850 |  0.93  0.96
environment     1170    1789  263477 |  0.99  0.98
--------------------------------------
prec            0.96    0.96    0.97
                                                            [2018-08-29 10:29:58,936]

                                                            [2018-08-29 10:29:58,937]
F1 overall: 0.96
F1 music: 0.96
F1 voice: 0.94
F1 environment: 0.98

                                                            [2018-08-29 10:29:58,939]

*****************
* Epoch nr 2
*****************

                                                            [2018-08-29 10:32:58,939]
                   m       v       e |  sens   acc
music         237795    5651     200 |  0.98  0.98
voice          10390  231199    2658 |  0.95  0.97
environment      502    6650  259284 |  0.97  0.99
--------------------------------------
prec            0.96    0.95    0.99
                                                            [2018-08-29 10:32:58,939]

                                                            [2018-08-29 10:32:58,940]
F1 overall: 0.97
F1 music: 0.97
F1 voice: 0.95
F1 environment: 0.98

                                                            [2018-08-29 10:32:58,941]

*****************
* Epoch nr 3
*****************

                                                            [2018-08-29 10:36:00,275]
                   m       v       e |  sens   acc
music         234190    9010     446 |  0.96  0.98
voice           4610  233335    6302 |  0.96  0.97
environment      233    1616  264587 |  0.99  0.99
--------------------------------------
prec            0.98    0.96    0.98
                                                            [2018-08-29 10:36:00,275]

                                                            [2018-08-29 10:36:00,275]
F1 overall: 0.97
F1 music: 0.97
F1 voice: 0.96
F1 environment: 0.98

