                                                            [2018-08-16 15:51:33,752]
####################################
#
# Orgs helft 1, lagen: [100, 20]
#
####################################

                                                            [2018-08-16 15:51:33,930]

*****************
* Epoch nr 1
*****************

                                                            [2018-08-16 15:52:27,260]
                   m       v       e |  sens   acc
music         166836   15013     660 |  0.91  0.96
voice           4306  173966    4805 |  0.95  0.94
environment      625    7509  181267 |  0.96  0.98
--------------------------------------
prec            0.97    0.89    0.97
                                                            [2018-08-16 15:52:27,260]

                                                            [2018-08-16 15:52:27,261]
F1 overall: 0.94
F1 music: 0.94
F1 voice: 0.92
F1 environment: 0.96

                                                            [2018-08-16 15:52:27,262]

*****************
* Epoch nr 2
*****************

                                                            [2018-08-16 15:53:19,558]
                   m       v       e |  sens   acc
music         172183    9703     623 |  0.94  0.97
voice           5667  172425    4985 |  0.94  0.96
environment      374    3964  185063 |  0.98  0.98
--------------------------------------
prec            0.97    0.93    0.97
                                                            [2018-08-16 15:53:19,559]

                                                            [2018-08-16 15:53:19,559]
F1 overall: 0.95
F1 music: 0.95
F1 voice: 0.93
F1 environment: 0.97

                                                            [2018-08-16 15:53:19,560]

*****************
* Epoch nr 3
*****************

                                                            [2018-08-16 15:54:10,472]
                   m       v       e |  sens   acc
music         170729   11265     515 |  0.94  0.97
voice           3093  175912    4072 |  0.96  0.96
environment      286    3879  185236 |  0.98  0.98
--------------------------------------
prec            0.98    0.92    0.98
                                                            [2018-08-16 15:54:10,472]

                                                            [2018-08-16 15:54:10,472]
F1 overall: 0.96
F1 music: 0.96
F1 voice: 0.94
F1 environment: 0.98

                                                            [2018-08-16 15:54:10,474]

*****************
* Epoch nr 4
*****************

                                                            [2018-08-16 15:55:04,330]
                   m       v       e |  sens   acc
music         172832    9444     233 |  0.95  0.98
voice           3322  177199    2556 |  0.97  0.96
environment      413    5143  183845 |  0.97  0.98
--------------------------------------
prec            0.98    0.92    0.99
                                                            [2018-08-16 15:55:04,331]

                                                            [2018-08-16 15:55:04,331]
F1 overall: 0.96
F1 music: 0.96
F1 voice: 0.95
F1 environment: 0.98

                                                            [2018-08-16 15:55:04,333]

*****************
* Epoch nr 5
*****************

                                                            [2018-08-16 15:56:00,057]
                   m       v       e |  sens   acc
music         175193    6943     373 |  0.96  0.98
voice           5081  174217    3779 |  0.95  0.97
environment      250    3176  185975 |  0.98  0.99
--------------------------------------
prec            0.97    0.95    0.98
                                                            [2018-08-16 15:56:00,059]

                                                            [2018-08-16 15:56:00,059]
F1 overall: 0.96
F1 music: 0.97
F1 voice: 0.95
F1 environment: 0.98

                                                            [2018-08-16 15:56:00,130]
####################################
#
# Orgs helft 1, lagen: [400, 250, 100, 20]
#
####################################

                                                            [2018-08-16 15:56:00,201]

*****************
* Epoch nr 1
*****************

                                                            [2018-08-16 15:58:21,000]
                   m       v       e |  sens   acc
music         169999   11888     622 |  0.93  0.97
voice           4388  176369    2320 |  0.96  0.95
environment      394    7813  181194 |  0.96  0.98
--------------------------------------
prec            0.97    0.90    0.98
                                                            [2018-08-16 15:58:21,001]

                                                            [2018-08-16 15:58:21,002]
F1 overall: 0.95
F1 music: 0.95
F1 voice: 0.93
F1 environment: 0.97

                                                            [2018-08-16 15:58:21,003]

*****************
* Epoch nr 2
*****************

                                                            [2018-08-16 16:00:42,324]
                   m       v       e |  sens   acc
music         172075   10077     357 |  0.94  0.97
voice           3647  174493    4937 |  0.95  0.96
environment      351    2628  186422 |  0.98  0.99
--------------------------------------
prec            0.98    0.93    0.97
                                                            [2018-08-16 16:00:42,325]

                                                            [2018-08-16 16:00:42,325]
F1 overall: 0.96
F1 music: 0.96
F1 voice: 0.94
F1 environment: 0.98

                                                            [2018-08-16 16:00:42,327]

*****************
* Epoch nr 3
*****************

                                                            [2018-08-16 16:03:10,137]
                   m       v       e |  sens   acc
music         175479    6565     465 |  0.96  0.98
voice           5337  175040    2700 |  0.96  0.97
environment      222    4118  185061 |  0.98  0.99
--------------------------------------
prec            0.97    0.94    0.98
                                                            [2018-08-16 16:03:10,138]

                                                            [2018-08-16 16:03:10,138]
F1 overall: 0.96
F1 music: 0.97
F1 voice: 0.95
F1 environment: 0.98

                                                            [2018-08-16 16:03:10,140]

*****************
* Epoch nr 4
*****************

                                                            [2018-08-16 16:05:12,079]
                   m       v       e |  sens   acc
music         173441    8884     184 |  0.95  0.98
voice           2377  178495    2205 |  0.97  0.97
environment      299    4371  184731 |  0.98  0.99
--------------------------------------
prec            0.98    0.93    0.99
                                                            [2018-08-16 16:05:12,080]

                                                            [2018-08-16 16:05:12,080]
F1 overall: 0.97
F1 music: 0.97
F1 voice: 0.95
F1 environment: 0.98

                                                            [2018-08-16 16:05:12,081]

*****************
* Epoch nr 5
*****************

                                                            [2018-08-16 16:07:13,581]
                   m       v       e |  sens   acc
music         177560    4759     190 |  0.97  0.98
voice           6650  171932    4495 |  0.94  0.97
environment      217    1945  187239 |  0.99  0.99
--------------------------------------
prec            0.96    0.96    0.98
                                                            [2018-08-16 16:07:13,583]

                                                            [2018-08-16 16:07:13,583]
F1 overall: 0.97
F1 music: 0.97
F1 voice: 0.95
F1 environment: 0.98

                                                            [2018-08-16 16:07:13,698]
####################################
#
# Orgs helft 1, lagen: [400, 300, 200, 100, 50, 20, 10]
#
####################################

                                                            [2018-08-16 16:07:13,792]

*****************
* Epoch nr 1
*****************

                                                            [2018-08-16 16:09:42,463]
                   m       v       e |  sens   acc
music         171334   10815     360 |  0.94  0.97
voice           3928  174959    4190 |  0.96  0.96
environment      571    5285  183545 |  0.97  0.98
--------------------------------------
prec            0.97    0.92    0.98
                                                            [2018-08-16 16:09:42,465]

                                                            [2018-08-16 16:09:42,465]
F1 overall: 0.95
F1 music: 0.96
F1 voice: 0.94
F1 environment: 0.97

                                                            [2018-08-16 16:09:42,467]

*****************
* Epoch nr 2
*****************

                                                            [2018-08-16 16:12:07,117]
                   m       v       e |  sens   acc
music         173546    8647     316 |  0.95  0.98
voice           4017  175382    3678 |  0.96  0.96
environment      539    3754  185108 |  0.98  0.99
--------------------------------------
prec            0.97    0.93    0.98
                                                            [2018-08-16 16:12:07,119]

                                                            [2018-08-16 16:12:07,119]
F1 overall: 0.96
F1 music: 0.96
F1 voice: 0.95
F1 environment: 0.98

                                                            [2018-08-16 16:12:07,120]

*****************
* Epoch nr 3
*****************

                                                            [2018-08-16 16:14:31,876]
                   m       v       e |  sens   acc
music         177757    4354     398 |  0.97  0.97
voice           9252  170003    3822 |  0.93  0.96
environment      689    3281  185431 |  0.98  0.99
--------------------------------------
prec            0.95    0.96    0.98
                                                            [2018-08-16 16:14:31,877]

                                                            [2018-08-16 16:14:31,877]
F1 overall: 0.96
F1 music: 0.96
F1 voice: 0.94
F1 environment: 0.98

                                                            [2018-08-16 16:14:31,879]

*****************
* Epoch nr 4
*****************

                                                            [2018-08-16 16:17:22,488]
                   m       v       e |  sens   acc
music         171039   10946     524 |  0.94  0.98
voice           2095  177001    3981 |  0.97  0.97
environment      234    2401  186766 |  0.99  0.99
--------------------------------------
prec            0.99    0.93    0.98
                                                            [2018-08-16 16:17:22,490]

                                                            [2018-08-16 16:17:22,490]
F1 overall: 0.96
F1 music: 0.96
F1 voice: 0.95
F1 environment: 0.98

                                                            [2018-08-16 16:17:22,492]

*****************
* Epoch nr 5
*****************

                                                            [2018-08-16 16:20:05,212]
                   m       v       e |  sens   acc
music         174991    7124     394 |  0.96  0.98
voice           3113  174866    5098 |  0.96  0.97
environment      190    1985  187226 |  0.99  0.99
--------------------------------------
prec            0.98    0.95    0.97
                                                            [2018-08-16 16:20:05,213]

                                                            [2018-08-16 16:20:05,213]
F1 overall: 0.97
F1 music: 0.97
F1 voice: 0.95
F1 environment: 0.98

                                                            [2018-08-16 16:20:05,379]
####################################
#
# Orgs helft 1, lagen: [450, 400, 350, 300, 250, 200, 150, 100, 50, 21]
#
####################################

                                                            [2018-08-16 16:20:05,501]

*****************
* Epoch nr 1
*****************

                                                            [2018-08-16 16:24:50,629]
                   m       v       e |  sens   acc
music         168214   13868     427 |  0.92  0.97
voice           2212  177480    3385 |  0.97  0.95
environment      666    6905  181830 |  0.96  0.98
--------------------------------------
prec            0.98    0.90    0.98
                                                            [2018-08-16 16:24:50,630]

                                                            [2018-08-16 16:24:50,630]
F1 overall: 0.95
F1 music: 0.95
F1 voice: 0.93
F1 environment: 0.97

                                                            [2018-08-16 16:24:50,632]

*****************
* Epoch nr 2
*****************

                                                            [2018-08-16 16:29:31,456]
                   m       v       e |  sens   acc
music         173825    8122     562 |  0.95  0.97
voice           7344  172741    2992 |  0.94  0.95
environment      554    6560  182287 |  0.96  0.98
--------------------------------------
prec            0.96    0.92    0.98
                                                            [2018-08-16 16:29:31,457]

                                                            [2018-08-16 16:29:31,457]
F1 overall: 0.95
F1 music: 0.95
F1 voice: 0.93
F1 environment: 0.97

                                                            [2018-08-16 16:29:31,459]

*****************
* Epoch nr 3
*****************

                                                            [2018-08-16 16:35:18,097]
                   m       v       e |  sens   acc
music         171674   10581     254 |  0.94  0.97
voice           2837  177781    2459 |  0.97  0.96
environment      604    5863  182934 |  0.97  0.98
--------------------------------------
prec            0.98    0.92    0.99
                                                            [2018-08-16 16:35:18,099]

                                                            [2018-08-16 16:35:18,099]
F1 overall: 0.96
F1 music: 0.96
F1 voice: 0.94
F1 environment: 0.98

                                                            [2018-08-16 16:35:18,101]

*****************
* Epoch nr 4
*****************

                                                            [2018-08-16 16:41:20,394]
                   m       v       e |  sens   acc
music         171534   10798     177 |  0.94  0.96
voice           8674  171442    2961 |  0.94  0.95
environment     1009    4793  183599 |  0.97  0.98
--------------------------------------
prec            0.95    0.92    0.98
                                                            [2018-08-16 16:41:20,396]

                                                            [2018-08-16 16:41:20,396]
F1 overall: 0.95
F1 music: 0.94
F1 voice: 0.93
F1 environment: 0.98

                                                            [2018-08-16 16:41:20,398]

*****************
* Epoch nr 5
*****************

                                                            [2018-08-16 16:46:26,687]
                   m       v       e |  sens   acc
music         173798    7881     830 |  0.95  0.98
voice           4386  175044    3647 |  0.96  0.96
environment      295    3706  185400 |  0.98  0.98
--------------------------------------
prec            0.97    0.94    0.98
                                                            [2018-08-16 16:46:26,688]

                                                            [2018-08-16 16:46:26,689]
F1 overall: 0.96
F1 music: 0.96
F1 voice: 0.95
F1 environment: 0.98

                                                            [2018-08-16 16:46:26,958]
####################################
#
# maak spectra voor testdata Studio
#
####################################

                                                            [2018-08-16 16:55:51,597]
Klaar: spectra voor testdata Studio
                                                            [2018-08-16 16:55:51,829]
####################################
#
# maak spectra voor testdata G428
#
####################################

                                                            [2018-08-16 16:56:47,293]
Klaar: spectra voor testdata G428
                                                            [2018-08-16 16:56:47,294]
####################################
#
# maak spectra voor testdata G527
#
####################################

                                                            [2018-08-16 16:56:59,602]
Klaar: spectra voor testdata G527
                                                            [2018-08-16 16:56:59,812]
####################################
#
# 20180720_allOrgs_100_20ep1
# mic4
# testData_G428
#
####################################

                                                            [2018-08-16 16:57:06,486]
                   m       v       e |  sens   acc
music          20081     540      18 |  0.97  0.96
voice           1195   13030     211 |  0.90  0.96
environment      102      29   13094 |  0.99  0.99
--------------------------------------
prec            0.94    0.96    0.98
                                                            [2018-08-16 16:57:06,487]

                                                            [2018-08-16 16:57:06,487]
F1 overall: 0.96
F1 music: 0.96
F1 voice: 0.93
F1 environment: 0.99

                                                            [2018-08-16 16:57:06,571]
####################################
#
# 20180720_allOrgs_100_20ep2
# mic4
# testData_G428
#
####################################

                                                            [2018-08-16 16:57:12,776]
                   m       v       e |  sens   acc
music          19883     742      14 |  0.96  0.97
voice            600   13648     188 |  0.95  0.97
environment       66      32   13127 |  0.99  0.99
--------------------------------------
prec            0.97    0.95    0.98
                                                            [2018-08-16 16:57:12,776]

                                                            [2018-08-16 16:57:12,776]
F1 overall: 0.97
F1 music: 0.97
F1 voice: 0.95
F1 environment: 0.99

                                                            [2018-08-16 16:57:12,858]
####################################
#
# 20180720_allOrgs_100_20ep3
# mic4
# testData_G428
#
####################################

                                                            [2018-08-16 17:07:07,503]
####################################
#
# 20180816_orgsHelft1_100_20ep1
# mic4
# testData_G428
#
####################################

                                                            [2018-08-16 17:07:14,823]
                   m       v       e |  sens   acc
music          19932     683      24 |  0.97  0.96
voice           1005   13175     256 |  0.91  0.96
environment      380      43   12802 |  0.97  0.99
--------------------------------------
prec            0.94    0.95    0.98
                                                            [2018-08-16 17:07:14,823]

                                                            [2018-08-16 17:07:14,823]
F1 overall: 0.95
F1 music: 0.95
F1 voice: 0.93
F1 environment: 0.97

                                                            [2018-08-16 17:07:14,913]
####################################
#
# 20180816_orgsHelft1_100_20ep2
# mic4
# testData_G428
#
####################################

                                                            [2018-08-16 17:07:21,652]
                   m       v       e |  sens   acc
music          19844     754      41 |  0.96  0.96
voice            953   13235     248 |  0.92  0.96
environment      232      16   12977 |  0.98  0.99
--------------------------------------
prec            0.94    0.95    0.98
                                                            [2018-08-16 17:07:21,652]

                                                            [2018-08-16 17:07:21,652]
F1 overall: 0.95
F1 music: 0.95
F1 voice: 0.93
F1 environment: 0.98

                                                            [2018-08-16 17:07:21,740]
####################################
#
# 20180816_orgsHelft1_100_20ep3
# mic4
# testData_G428
#
####################################

                                                            [2018-08-16 17:07:28,826]
                   m       v       e |  sens   acc
music          19658     945      36 |  0.95  0.96
voice            688   13565     183 |  0.94  0.96
environment      255      37   12933 |  0.98  0.99
--------------------------------------
prec            0.95    0.93    0.98
                                                            [2018-08-16 17:07:28,827]

                                                            [2018-08-16 17:07:28,827]
F1 overall: 0.96
F1 music: 0.95
F1 voice: 0.94
F1 environment: 0.98

                                                            [2018-08-16 17:07:28,915]
####################################
#
# 20180816_orgsHelft1_100_20ep4
# mic4
# testData_G428
#
####################################

                                                            [2018-08-16 17:07:35,848]
                   m       v       e |  sens   acc
music          19896     720      23 |  0.96  0.96
voice            838   13429     169 |  0.93  0.96
environment      410      38   12777 |  0.97  0.99
--------------------------------------
prec            0.94    0.95    0.99
                                                            [2018-08-16 17:07:35,848]

                                                            [2018-08-16 17:07:35,848]
F1 overall: 0.96
F1 music: 0.95
F1 voice: 0.94
F1 environment: 0.98

                                                            [2018-08-16 17:07:35,933]
####################################
#
# 20180816_orgsHelft1_100_20ep5
# mic4
# testData_G428
#
####################################

                                                            [2018-08-16 17:07:42,998]
                   m       v       e |  sens   acc
music          19978     630      31 |  0.97  0.96
voice            994   13259     183 |  0.92  0.96
environment      366      37   12822 |  0.97  0.99
--------------------------------------
prec            0.94    0.95    0.98
                                                            [2018-08-16 17:07:42,999]

                                                            [2018-08-16 17:07:43,000]
F1 overall: 0.95
F1 music: 0.95
F1 voice: 0.93
F1 environment: 0.98

                                                            [2018-08-16 17:07:43,089]
####################################
#
# 20180816_orgsHelft1_400_250_100_20ep1
# mic4
# testData_G428
#
####################################

                                                            [2018-08-16 17:07:52,171]
                   m       v       e |  sens   acc
music          19684     917      38 |  0.95  0.95
voice            738   13539     159 |  0.94  0.96
environment      660      60   12505 |  0.95  0.98
--------------------------------------
prec            0.93    0.93    0.98
                                                            [2018-08-16 17:07:52,172]

                                                            [2018-08-16 17:07:52,172]
F1 overall: 0.95
F1 music: 0.94
F1 voice: 0.94
F1 environment: 0.96

                                                            [2018-08-16 17:07:52,267]
####################################
#
# 20180816_orgsHelft1_400_250_100_20ep2
# mic4
# testData_G428
#
####################################

                                                            [2018-08-16 17:08:00,995]
                   m       v       e |  sens   acc
music          19670     933      36 |  0.95  0.96
voice            761   13483     192 |  0.93  0.96
environment      442      37   12746 |  0.96  0.99
--------------------------------------
prec            0.94    0.93    0.98
                                                            [2018-08-16 17:08:00,996]

                                                            [2018-08-16 17:08:00,996]
F1 overall: 0.95
F1 music: 0.95
F1 voice: 0.93
F1 environment: 0.97

                                                            [2018-08-16 17:08:01,088]
####################################
#
# 20180816_orgsHelft1_400_250_100_20ep3
# mic4
# testData_G428
#
####################################

                                                            [2018-08-16 17:08:09,961]
                   m       v       e |  sens   acc
music          19847     759      33 |  0.96  0.96
voice           1015   13263     158 |  0.92  0.96
environment      217      38   12970 |  0.98  0.99
--------------------------------------
prec            0.94    0.94    0.99
                                                            [2018-08-16 17:08:09,962]

                                                            [2018-08-16 17:08:09,962]
F1 overall: 0.96
F1 music: 0.95
F1 voice: 0.93
F1 environment: 0.98

                                                            [2018-08-16 17:08:10,056]
####################################
#
# 20180816_orgsHelft1_400_250_100_20ep4
# mic4
# testData_G428
#
####################################

                                                            [2018-08-16 17:08:19,005]
                   m       v       e |  sens   acc
music          19842     773      24 |  0.96  0.96
voice            556   13734     146 |  0.95  0.97
environment      800      34   12391 |  0.94  0.98
--------------------------------------
prec            0.94    0.94    0.99
                                                            [2018-08-16 17:08:19,006]

                                                            [2018-08-16 17:08:19,007]
F1 overall: 0.95
F1 music: 0.95
F1 voice: 0.95
F1 environment: 0.96

                                                            [2018-08-16 17:08:19,095]
####################################
#
# 20180816_orgsHelft1_400_250_100_20ep5
# mic4
# testData_G428
#
####################################

                                                            [2018-08-16 17:08:28,952]
                   m       v       e |  sens   acc
music          20065     535      39 |  0.97  0.95
voice           1256   13000     180 |  0.90  0.96
environment      460      22   12743 |  0.96  0.99
--------------------------------------
prec            0.92    0.96    0.98
                                                            [2018-08-16 17:08:28,952]

                                                            [2018-08-16 17:08:28,953]
F1 overall: 0.95
F1 music: 0.95
F1 voice: 0.93
F1 environment: 0.97

                                                            [2018-08-16 17:08:29,040]
####################################
#
# 20180816_orgsHelft1_400_300_200_100_50_20_10ep1
# mic4
# testData_G428
#
####################################

                                                            [2018-08-16 17:08:39,119]
                   m       v       e |  sens   acc
music          19879     720      40 |  0.96  0.95
voice            933   13297     206 |  0.92  0.96
environment      828      21   12376 |  0.94  0.98
--------------------------------------
prec            0.92    0.95    0.98
                                                            [2018-08-16 17:08:39,120]

                                                            [2018-08-16 17:08:39,121]
F1 overall: 0.94
F1 music: 0.94
F1 voice: 0.93
F1 environment: 0.96

                                                            [2018-08-16 17:08:39,208]
####################################
#
# 20180816_orgsHelft1_400_300_200_100_50_20_10ep2
# mic4
# testData_G428
#
####################################

                                                            [2018-08-16 17:08:49,534]
                   m       v       e |  sens   acc
music          19956     655      28 |  0.97  0.96
voice            765   13507     164 |  0.94  0.97
environment      440      51   12734 |  0.96  0.99
--------------------------------------
prec            0.94    0.95    0.99
                                                            [2018-08-16 17:08:49,534]

                                                            [2018-08-16 17:08:49,535]
F1 overall: 0.96
F1 music: 0.95
F1 voice: 0.94
F1 environment: 0.97

                                                            [2018-08-16 17:08:49,622]
####################################
#
# 20180816_orgsHelft1_400_300_200_100_50_20_10ep3
# mic4
# testData_G428
#
####################################

                                                            [2018-08-16 17:09:00,229]
                   m       v       e |  sens   acc
music          20042     548      49 |  0.97  0.95
voice           1232   13033     171 |  0.90  0.96
environment      663      14   12548 |  0.95  0.98
--------------------------------------
prec            0.91    0.96    0.98
                                                            [2018-08-16 17:09:00,230]

                                                            [2018-08-16 17:09:00,230]
F1 overall: 0.95
F1 music: 0.94
F1 voice: 0.93
F1 environment: 0.97

                                                            [2018-08-16 17:09:00,317]
####################################
#
# 20180816_orgsHelft1_400_300_200_100_50_20_10ep4
# mic4
# testData_G428
#
####################################

                                                            [2018-08-16 17:09:11,274]
                   m       v       e |  sens   acc
music          19785     802      52 |  0.96  0.96
voice            594   13660     182 |  0.95  0.97
environment      639      50   12536 |  0.95  0.98
--------------------------------------
prec            0.94    0.94    0.98
                                                            [2018-08-16 17:09:11,274]

                                                            [2018-08-16 17:09:11,275]
F1 overall: 0.95
F1 music: 0.95
F1 voice: 0.94
F1 environment: 0.96

                                                            [2018-08-16 17:09:11,360]
####################################
#
# 20180816_orgsHelft1_400_300_200_100_50_20_10ep5
# mic4
# testData_G428
#
####################################

                                                            [2018-08-16 17:09:22,716]
                   m       v       e |  sens   acc
music          19908     693      38 |  0.96  0.96
voice            677   13614     145 |  0.94  0.97
environment      562      15   12648 |  0.96  0.98
--------------------------------------
prec            0.94    0.95    0.99
                                                            [2018-08-16 17:09:22,718]

                                                            [2018-08-16 17:09:22,718]
F1 overall: 0.96
F1 music: 0.95
F1 voice: 0.95
F1 environment: 0.97

                                                            [2018-08-16 17:09:22,802]
####################################
#
# 20180816_orgsHelft1_450_400_350_300_250_200_150_100_50_21ep1
# mic4
# testData_G428
#
####################################

                                                            [2018-08-16 17:09:36,611]
                   m       v       e |  sens   acc
music          19792     825      22 |  0.96  0.96
voice            679   13557     200 |  0.94  0.96
environment      389      31   12805 |  0.97  0.99
--------------------------------------
prec            0.95    0.94    0.98
                                                            [2018-08-16 17:09:36,611]

                                                            [2018-08-16 17:09:36,611]
F1 overall: 0.96
F1 music: 0.95
F1 voice: 0.94
F1 environment: 0.98

                                                            [2018-08-16 17:09:36,701]
####################################
#
# 20180816_orgsHelft1_450_400_350_300_250_200_150_100_50_21ep2
# mic4
# testData_G428
#
####################################

                                                            [2018-08-16 17:09:50,427]
                   m       v       e |  sens   acc
music          19989     622      28 |  0.97  0.95
voice           1442   12779     215 |  0.89  0.95
environment      352      44   12829 |  0.97  0.99
--------------------------------------
prec            0.92    0.95    0.98
                                                            [2018-08-16 17:09:50,428]

                                                            [2018-08-16 17:09:50,428]
F1 overall: 0.94
F1 music: 0.94
F1 voice: 0.92
F1 environment: 0.98

                                                            [2018-08-16 17:09:50,706]
####################################
#
# 20180816_orgsHelft1_450_400_350_300_250_200_150_100_50_21ep3
# mic4
# testData_G428
#
####################################

                                                            [2018-08-16 17:10:04,674]
                   m       v       e |  sens   acc
music          19789     838      12 |  0.96  0.96
voice            780   13467     189 |  0.93  0.96
environment      368      66   12791 |  0.97  0.99
--------------------------------------
prec            0.95    0.94    0.98
                                                            [2018-08-16 17:10:04,675]

                                                            [2018-08-16 17:10:04,675]
F1 overall: 0.95
F1 music: 0.95
F1 voice: 0.93
F1 environment: 0.98

                                                            [2018-08-16 17:10:04,763]
####################################
#
# 20180816_orgsHelft1_450_400_350_300_250_200_150_100_50_21ep4
# mic4
# testData_G428
#
####################################

                                                            [2018-08-16 17:10:19,055]
                   m       v       e |  sens   acc
music          20096     536       7 |  0.97  0.93
voice           1582   12687     167 |  0.88  0.95
environment     1228      23   11974 |  0.91  0.97
--------------------------------------
prec            0.88    0.96    0.99
                                                            [2018-08-16 17:10:19,055]

                                                            [2018-08-16 17:10:19,055]
F1 overall: 0.93
F1 music: 0.92
F1 voice: 0.92
F1 environment: 0.94

                                                            [2018-08-16 17:10:19,146]
####################################
#
# 20180816_orgsHelft1_450_400_350_300_250_200_150_100_50_21ep5
# mic4
# testData_G428
#
####################################

                                                            [2018-08-16 17:10:34,453]
                   m       v       e |  sens   acc
music          19780     797      62 |  0.96  0.96
voice            771   13457     208 |  0.93  0.96
environment      219       9   12997 |  0.98  0.99
--------------------------------------
prec            0.95    0.94    0.98
                                                            [2018-08-16 17:10:34,454]

                                                            [2018-08-16 17:10:34,455]
F1 overall: 0.96
F1 music: 0.96
F1 voice: 0.94
F1 environment: 0.98

                                                            [2018-08-16 17:10:34,522]
####################################
#
# 20180816_orgsHelft1_100_20ep1
# mic4
# testData_G527
#
####################################

                                                            [2018-08-16 17:10:43,914]
                   m       v       e |  sens   acc
music           8819      93       5 |  0.99  0.98
voice            135    2724       7 |  0.95  0.98
environment        9       0    2482 |  1.00  1.00
--------------------------------------
prec            0.98    0.97    1.00
                                                            [2018-08-16 17:10:43,914]

                                                            [2018-08-16 17:10:43,914]
F1 overall: 0.98
F1 music: 0.99
F1 voice: 0.96
F1 environment: 1.00

                                                            [2018-08-16 17:10:43,949]
####################################
#
# 20180816_orgsHelft1_100_20ep2
# mic4
# testData_G527
#
####################################

                                                            [2018-08-16 17:10:53,370]
                   m       v       e |  sens   acc
music           8791     117       9 |  0.99  0.98
voice            220    2645       1 |  0.92  0.98
environment        1       0    2490 |  1.00  1.00
--------------------------------------
prec            0.98    0.96    1.00
                                                            [2018-08-16 17:10:53,370]

                                                            [2018-08-16 17:10:53,371]
F1 overall: 0.97
F1 music: 0.98
F1 voice: 0.94
F1 environment: 1.00

                                                            [2018-08-16 17:10:53,406]
####################################
#
# 20180816_orgsHelft1_100_20ep3
# mic4
# testData_G527
#
####################################

                                                            [2018-08-16 17:11:03,355]
                   m       v       e |  sens   acc
music           8710     197      10 |  0.98  0.98
voice            139    2724       3 |  0.95  0.98
environment        1       3    2487 |  1.00  1.00
--------------------------------------
prec            0.98    0.93    0.99
                                                            [2018-08-16 17:11:03,355]

                                                            [2018-08-16 17:11:03,356]
F1 overall: 0.97
F1 music: 0.98
F1 voice: 0.94
F1 environment: 1.00

                                                            [2018-08-16 17:11:03,396]
####################################
#
# 20180816_orgsHelft1_100_20ep4
# mic4
# testData_G527
#
####################################

                                                            [2018-08-16 17:11:13,469]
                   m       v       e |  sens   acc
music           8813      93      11 |  0.99  0.98
voice            108    2757       1 |  0.96  0.99
environment        4       1    2486 |  1.00  1.00
--------------------------------------
prec            0.99    0.97    1.00
                                                            [2018-08-16 17:11:13,469]

                                                            [2018-08-16 17:11:13,469]
F1 overall: 0.98
F1 music: 0.99
F1 voice: 0.96
F1 environment: 1.00

                                                            [2018-08-16 17:11:13,505]
####################################
#
# 20180816_orgsHelft1_100_20ep5
# mic4
# testData_G527
#
####################################

                                                            [2018-08-16 17:11:23,575]
                   m       v       e |  sens   acc
music           8824      84       9 |  0.99  0.98
voice            187    2678       1 |  0.93  0.98
environment        1       1    2489 |  1.00  1.00
--------------------------------------
prec            0.98    0.97    1.00
                                                            [2018-08-16 17:11:23,575]

                                                            [2018-08-16 17:11:23,576]
F1 overall: 0.98
F1 music: 0.98
F1 voice: 0.95
F1 environment: 1.00

                                                            [2018-08-16 17:11:23,638]
####################################
#
# 20180816_orgsHelft1_400_250_100_20ep1
# mic4
# testData_G527
#
####################################

                                                            [2018-08-16 17:11:35,738]
                   m       v       e |  sens   acc
music           8738     171       8 |  0.98  0.98
voice            103    2763       0 |  0.96  0.98
environment        5       4    2482 |  1.00  1.00
--------------------------------------
prec            0.99    0.94    1.00
                                                            [2018-08-16 17:11:35,738]

                                                            [2018-08-16 17:11:35,738]
F1 overall: 0.98
F1 music: 0.98
F1 voice: 0.95
F1 environment: 1.00

                                                            [2018-08-16 17:11:35,816]
####################################
#
# 20180816_orgsHelft1_400_250_100_20ep2
# mic4
# testData_G527
#
####################################

                                                            [2018-08-16 17:11:47,882]
                   m       v       e |  sens   acc
music           8734     176       7 |  0.98  0.98
voice            152    2714       0 |  0.95  0.98
environment       12       1    2478 |  0.99  1.00
--------------------------------------
prec            0.98    0.94    1.00
                                                            [2018-08-16 17:11:47,883]

                                                            [2018-08-16 17:11:47,883]
F1 overall: 0.97
F1 music: 0.98
F1 voice: 0.94
F1 environment: 1.00

                                                            [2018-08-16 17:11:48,010]
####################################
#
# 20180816_orgsHelft1_400_250_100_20ep3
# mic4
# testData_G527
#
####################################

                                                            [2018-08-16 17:11:59,612]
                   m       v       e |  sens   acc
music           8814      93      10 |  0.99  0.98
voice            199    2667       0 |  0.93  0.98
environment        0       0    2491 |  1.00  1.00
--------------------------------------
prec            0.98    0.97    1.00
                                                            [2018-08-16 17:11:59,613]

                                                            [2018-08-16 17:11:59,613]
F1 overall: 0.98
F1 music: 0.98
F1 voice: 0.95
F1 environment: 1.00

                                                            [2018-08-16 17:11:59,654]
####################################
#
# 20180816_orgsHelft1_400_250_100_20ep4
# mic4
# testData_G527
#
####################################

                                                            [2018-08-16 17:12:11,630]
                   m       v       e |  sens   acc
music           8790     115      12 |  0.99  0.98
voice             80    2786       0 |  0.97  0.99
environment       16       0    2475 |  0.99  1.00
--------------------------------------
prec            0.99    0.96    1.00
                                                            [2018-08-16 17:12:11,631]

                                                            [2018-08-16 17:12:11,631]
F1 overall: 0.98
F1 music: 0.99
F1 voice: 0.97
F1 environment: 0.99

                                                            [2018-08-16 17:12:11,668]
####################################
#
# 20180816_orgsHelft1_400_250_100_20ep5
# mic4
# testData_G527
#
####################################

                                                            [2018-08-16 17:12:23,620]
                   m       v       e |  sens   acc
music           8852      56       9 |  0.99  0.98
voice            244    2621       1 |  0.91  0.98
environment        6       0    2485 |  1.00  1.00
--------------------------------------
prec            0.97    0.98    1.00
                                                            [2018-08-16 17:12:23,620]

                                                            [2018-08-16 17:12:23,621]
F1 overall: 0.98
F1 music: 0.98
F1 voice: 0.95
F1 environment: 1.00

                                                            [2018-08-16 17:12:23,656]
####################################
#
# 20180816_orgsHelft1_400_300_200_100_50_20_10ep1
# mic4
# testData_G527
#
####################################

                                                            [2018-08-16 17:12:36,144]
                   m       v       e |  sens   acc
music           8821      89       7 |  0.99  0.98
voice            188    2675       3 |  0.93  0.98
environment       17       1    2473 |  0.99  1.00
--------------------------------------
prec            0.98    0.97    1.00
                                                            [2018-08-16 17:12:36,145]

                                                            [2018-08-16 17:12:36,145]
F1 overall: 0.98
F1 music: 0.98
F1 voice: 0.95
F1 environment: 0.99

                                                            [2018-08-16 17:12:36,188]
####################################
#
# 20180816_orgsHelft1_400_300_200_100_50_20_10ep2
# mic4
# testData_G527
#
####################################

                                                            [2018-08-16 17:12:48,875]
                   m       v       e |  sens   acc
music           8807     104       6 |  0.99  0.98
voice            105    2761       0 |  0.96  0.99
environment        4       1    2486 |  1.00  1.00
--------------------------------------
prec            0.99    0.96    1.00
                                                            [2018-08-16 17:12:48,876]

                                                            [2018-08-16 17:12:48,876]
F1 overall: 0.98
F1 music: 0.99
F1 voice: 0.96
F1 environment: 1.00

                                                            [2018-08-16 17:12:48,916]
####################################
#
# 20180816_orgsHelft1_400_300_200_100_50_20_10ep3
# mic4
# testData_G527
#
####################################

                                                            [2018-08-16 17:13:02,223]
                   m       v       e |  sens   acc
music           8846      53      18 |  0.99  0.98
voice            217    2647       2 |  0.92  0.98
environment       18       1    2472 |  0.99  1.00
--------------------------------------
prec            0.97    0.98    0.99
                                                            [2018-08-16 17:13:02,224]

                                                            [2018-08-16 17:13:02,224]
F1 overall: 0.98
F1 music: 0.98
F1 voice: 0.95
F1 environment: 0.99

                                                            [2018-08-16 17:13:02,261]
####################################
#
# 20180816_orgsHelft1_400_300_200_100_50_20_10ep4
# mic4
# testData_G527
#
####################################

                                                            [2018-08-16 17:13:15,650]
                   m       v       e |  sens   acc
music           8776     126      15 |  0.98  0.98
voice             93    2771       2 |  0.97  0.98
environment        8       2    2481 |  1.00  1.00
--------------------------------------
prec            0.99    0.96    0.99
                                                            [2018-08-16 17:13:15,651]

                                                            [2018-08-16 17:13:15,651]
F1 overall: 0.98
F1 music: 0.99
F1 voice: 0.96
F1 environment: 0.99

                                                            [2018-08-16 17:13:15,688]
####################################
#
# 20180816_orgsHelft1_400_300_200_100_50_20_10ep5
# mic4
# testData_G527
#
####################################

                                                            [2018-08-16 17:13:29,939]
                   m       v       e |  sens   acc
music           8796     114       7 |  0.99  0.98
voice            114    2751       1 |  0.96  0.98
environment        4       2    2485 |  1.00  1.00
--------------------------------------
prec            0.99    0.96    1.00
                                                            [2018-08-16 17:13:29,940]

                                                            [2018-08-16 17:13:29,940]
F1 overall: 0.98
F1 music: 0.99
F1 voice: 0.96
F1 environment: 1.00

                                                            [2018-08-16 17:13:29,977]
####################################
#
# 20180816_orgsHelft1_450_400_350_300_250_200_150_100_50_21ep1
# mic4
# testData_G527
#
####################################

                                                            [2018-08-16 17:13:45,134]
                   m       v       e |  sens   acc
music           8769     147       1 |  0.98  0.98
voice             71    2795       0 |  0.98  0.98
environment       12       2    2477 |  0.99  1.00
--------------------------------------
prec            0.99    0.95    1.00
                                                            [2018-08-16 17:13:45,135]

                                                            [2018-08-16 17:13:45,135]
F1 overall: 0.98
F1 music: 0.99
F1 voice: 0.96
F1 environment: 1.00

                                                            [2018-08-16 17:13:45,171]
####################################
#
# 20180816_orgsHelft1_450_400_350_300_250_200_150_100_50_21ep2
# mic4
# testData_G527
#
####################################

                                                            [2018-08-16 17:14:01,257]
                   m       v       e |  sens   acc
music           8850      62       5 |  0.99  0.97
voice            382    2482       2 |  0.87  0.97
environment       14       1    2476 |  0.99  1.00
--------------------------------------
prec            0.96    0.98    1.00
                                                            [2018-08-16 17:14:01,257]

                                                            [2018-08-16 17:14:01,257]
F1 overall: 0.96
F1 music: 0.97
F1 voice: 0.92
F1 environment: 1.00

                                                            [2018-08-16 17:14:01,337]
####################################
#
# 20180816_orgsHelft1_450_400_350_300_250_200_150_100_50_21ep3
# mic4
# testData_G527
#
####################################

                                                            [2018-08-16 17:14:16,991]
                   m       v       e |  sens   acc
music           8768     147       2 |  0.98  0.98
voice             89    2774       3 |  0.97  0.98
environment       10       0    2481 |  1.00  1.00
--------------------------------------
prec            0.99    0.95    1.00
                                                            [2018-08-16 17:14:16,991]

                                                            [2018-08-16 17:14:16,991]
F1 overall: 0.98
F1 music: 0.99
F1 voice: 0.96
F1 environment: 1.00

                                                            [2018-08-16 17:14:17,030]
####################################
#
# 20180816_orgsHelft1_450_400_350_300_250_200_150_100_50_21ep4
# mic4
# testData_G527
#
####################################

                                                            [2018-08-16 17:14:32,850]
                   m       v       e |  sens   acc
music           8872      45       0 |  0.99  0.97
voice            331    2535       0 |  0.88  0.97
environment       32       0    2459 |  0.99  1.00
--------------------------------------
prec            0.96    0.98    1.00
                                                            [2018-08-16 17:14:32,850]

                                                            [2018-08-16 17:14:32,850]
F1 overall: 0.97
F1 music: 0.98
F1 voice: 0.93
F1 environment: 0.99

                                                            [2018-08-16 17:14:32,889]
####################################
#
# 20180816_orgsHelft1_450_400_350_300_250_200_150_100_50_21ep5
# mic4
# testData_G527
#
####################################

                                                            [2018-08-16 17:14:49,196]
                   m       v       e |  sens   acc
music           8772     133      12 |  0.98  0.98
voice            105    2760       1 |  0.96  0.98
environment        0       0    2491 |  1.00  1.00
--------------------------------------
prec            0.99    0.95    0.99
                                                            [2018-08-16 17:14:49,197]

                                                            [2018-08-16 17:14:49,198]
F1 overall: 0.98
F1 music: 0.99
F1 voice: 0.96
F1 environment: 1.00

                                                            [2018-08-16 17:14:50,080]
####################################
#
# 20180816_orgsHelft1_100_20ep1
# mic4
# testData_Studio
#
####################################

                                                            [2018-08-16 17:15:17,269]
                   m       v       e |  sens   acc
music          53394    9113    1088 |  0.84  0.93
voice            283   36492    1129 |  0.96  0.92
environment       45     650   41642 |  0.98  0.98
--------------------------------------
prec            0.99    0.79    0.95
                                                            [2018-08-16 17:15:17,270]

                                                            [2018-08-16 17:15:17,270]
F1 overall: 0.91
F1 music: 0.91
F1 voice: 0.87
F1 environment: 0.97

                                                            [2018-08-16 17:15:17,766]
####################################
#
# 20180816_orgsHelft1_100_20ep2
# mic4
# testData_Studio
#
####################################

                                                            [2018-08-16 17:15:46,902]
                   m       v       e |  sens   acc
music          54440    8047    1108 |  0.86  0.93
voice            659   36362     883 |  0.96  0.93
environment       50     483   41804 |  0.99  0.98
--------------------------------------
prec            0.99    0.81    0.95
                                                            [2018-08-16 17:15:46,903]

                                                            [2018-08-16 17:15:46,903]
F1 overall: 0.92
F1 music: 0.92
F1 voice: 0.88
F1 environment: 0.97

                                                            [2018-08-16 17:15:47,523]
####################################
#
# 20180816_orgsHelft1_100_20ep3
# mic4
# testData_Studio
#
####################################

                                                            [2018-08-16 17:16:15,072]
                   m       v       e |  sens   acc
music          53203    9283    1109 |  0.84  0.93
voice            243   36983     678 |  0.98  0.93
environment       39     524   41774 |  0.99  0.98
--------------------------------------
prec            0.99    0.79    0.96
                                                            [2018-08-16 17:16:15,073]

                                                            [2018-08-16 17:16:15,073]
F1 overall: 0.92
F1 music: 0.91
F1 voice: 0.87
F1 environment: 0.97

                                                            [2018-08-16 17:16:15,413]
####################################
#
# 20180816_orgsHelft1_100_20ep4
# mic4
# testData_Studio
#
####################################

                                                            [2018-08-16 17:16:42,813]
                   m       v       e |  sens   acc
music          56044    6756     795 |  0.88  0.94
voice            398   37113     393 |  0.98  0.94
environment       74     761   41502 |  0.98  0.99
--------------------------------------
prec            0.99    0.83    0.97
                                                            [2018-08-16 17:16:42,814]

                                                            [2018-08-16 17:16:42,814]
F1 overall: 0.94
F1 music: 0.93
F1 voice: 0.90
F1 environment: 0.98

                                                            [2018-08-16 17:16:43,108]
####################################
#
# 20180816_orgsHelft1_100_20ep5
# mic4
# testData_Studio
#
####################################

                                                            [2018-08-16 17:17:11,219]
                   m       v       e |  sens   acc
music          56327    6314     954 |  0.89  0.94
voice            678   36701     525 |  0.97  0.94
environment       51     541   41745 |  0.99  0.99
--------------------------------------
prec            0.99    0.84    0.97
                                                            [2018-08-16 17:17:11,220]

                                                            [2018-08-16 17:17:11,220]
F1 overall: 0.94
F1 music: 0.93
F1 voice: 0.90
F1 environment: 0.98

                                                            [2018-08-16 17:17:11,505]
####################################
#
# 20180816_orgsHelft1_400_250_100_20ep1
# mic4
# testData_Studio
#
####################################

                                                            [2018-08-16 17:17:43,945]
                   m       v       e |  sens   acc
music          54729    7843    1023 |  0.86  0.93
voice            768   36798     338 |  0.97  0.93
environment       43     923   41371 |  0.98  0.98
--------------------------------------
prec            0.99    0.81    0.97
                                                            [2018-08-16 17:17:43,945]

                                                            [2018-08-16 17:17:43,946]
F1 overall: 0.92
F1 music: 0.92
F1 voice: 0.88
F1 environment: 0.97

                                                            [2018-08-16 17:17:44,404]
####################################
#
# 20180816_orgsHelft1_400_250_100_20ep2
# mic4
# testData_Studio
#
####################################

                                                            [2018-08-16 17:18:18,416]
                   m       v       e |  sens   acc
music          55270    7401     924 |  0.87  0.94
voice            496   36610     798 |  0.97  0.94
environment       84     438   41815 |  0.99  0.98
--------------------------------------
prec            0.99    0.82    0.96
                                                            [2018-08-16 17:18:18,416]

                                                            [2018-08-16 17:18:18,416]
F1 overall: 0.93
F1 music: 0.93
F1 voice: 0.89
F1 environment: 0.97

                                                            [2018-08-16 17:18:18,803]
####################################
#
# 20180816_orgsHelft1_400_250_100_20ep3
# mic4
# testData_Studio
#
####################################

                                                            [2018-08-16 17:18:52,595]
                   m       v       e |  sens   acc
music          55637    6913    1045 |  0.87  0.94
voice           1268   36283     353 |  0.96  0.94
environment       76     699   41562 |  0.98  0.98
--------------------------------------
prec            0.98    0.83    0.97
                                                            [2018-08-16 17:18:52,595]

                                                            [2018-08-16 17:18:52,595]
F1 overall: 0.93
F1 music: 0.92
F1 voice: 0.89
F1 environment: 0.97

                                                            [2018-08-16 17:18:53,027]
####################################
#
# 20180816_orgsHelft1_400_250_100_20ep4
# mic4
# testData_Studio
#
####################################

                                                            [2018-08-16 17:19:27,769]
                   m       v       e |  sens   acc
music          55990    6983     622 |  0.88  0.94
voice            519   37033     352 |  0.98  0.94
environment      101     601   41635 |  0.98  0.99
--------------------------------------
prec            0.99    0.83    0.98
                                                            [2018-08-16 17:19:27,769]

                                                            [2018-08-16 17:19:27,769]
F1 overall: 0.94
F1 music: 0.93
F1 voice: 0.90
F1 environment: 0.98

                                                            [2018-08-16 17:19:28,244]
####################################
#
# 20180816_orgsHelft1_400_250_100_20ep5
# mic4
# testData_Studio
#
####################################

                                                            [2018-08-16 17:20:02,957]
                   m       v       e |  sens   acc
music          57261    5596     738 |  0.90  0.95
voice           1024   36223     657 |  0.96  0.95
environment      109     432   41796 |  0.99  0.99
--------------------------------------
prec            0.98    0.86    0.97
                                                            [2018-08-16 17:20:02,957]

                                                            [2018-08-16 17:20:02,957]
F1 overall: 0.94
F1 music: 0.94
F1 voice: 0.90
F1 environment: 0.98

                                                            [2018-08-16 17:20:03,257]
####################################
#
# 20180816_orgsHelft1_400_300_200_100_50_20_10ep1
# mic4
# testData_Studio
#
####################################

                                                            [2018-08-16 17:20:40,005]
                   m       v       e |  sens   acc
music          55430    7335     830 |  0.87  0.94
voice            335   36760     809 |  0.97  0.94
environment      153     622   41562 |  0.98  0.98
--------------------------------------
prec            0.99    0.82    0.96
                                                            [2018-08-16 17:20:40,006]

                                                            [2018-08-16 17:20:40,007]
F1 overall: 0.93
F1 music: 0.93
F1 voice: 0.89
F1 environment: 0.97

                                                            [2018-08-16 17:20:40,303]
####################################
#
# 20180816_orgsHelft1_400_300_200_100_50_20_10ep2
# mic4
# testData_Studio
#
####################################

                                                            [2018-08-16 17:21:19,900]
                   m       v       e |  sens   acc
music          55970    6927     698 |  0.88  0.94
voice            657   36825     422 |  0.97  0.94
environment      173     743   41421 |  0.98  0.99
--------------------------------------
prec            0.99    0.83    0.97
                                                            [2018-08-16 17:21:19,901]

                                                            [2018-08-16 17:21:19,902]
F1 overall: 0.93
F1 music: 0.93
F1 voice: 0.89
F1 environment: 0.98

                                                            [2018-08-16 17:21:20,553]
####################################
#
# 20180816_orgsHelft1_400_300_200_100_50_20_10ep3
# mic4
# testData_Studio
#
####################################

                                                            [2018-08-16 17:22:02,398]
                   m       v       e |  sens   acc
music          57939    5035     621 |  0.91  0.94
voice           2759   34628     517 |  0.91  0.94
environment       81     494   41762 |  0.99  0.99
--------------------------------------
prec            0.95    0.86    0.97
                                                            [2018-08-16 17:22:02,400]

                                                            [2018-08-16 17:22:02,400]
F1 overall: 0.93
F1 music: 0.93
F1 voice: 0.89
F1 environment: 0.98

                                                            [2018-08-16 17:22:03,283]
####################################
#
# 20180816_orgsHelft1_400_300_200_100_50_20_10ep4
# mic4
# testData_Studio
#
####################################

                                                            [2018-08-16 17:22:45,439]
                   m       v       e |  sens   acc
music          53866    8473    1256 |  0.85  0.93
voice            166   37186     552 |  0.98  0.93
environment       43     533   41761 |  0.99  0.98
--------------------------------------
prec            1.00    0.81    0.96
                                                            [2018-08-16 17:22:45,441]

                                                            [2018-08-16 17:22:45,441]
F1 overall: 0.92
F1 music: 0.92
F1 voice: 0.88
F1 environment: 0.97

                                                            [2018-08-16 17:22:46,090]
####################################
#
# 20180816_orgsHelft1_400_300_200_100_50_20_10ep5
# mic4
# testData_Studio
#
####################################

                                                            [2018-08-16 17:23:31,045]
                   m       v       e |  sens   acc
music          55075    7453    1067 |  0.87  0.94
voice            563   36521     820 |  0.96  0.94
environment       35     490   41812 |  0.99  0.98
--------------------------------------
prec            0.99    0.82    0.96
                                                            [2018-08-16 17:23:31,047]

                                                            [2018-08-16 17:23:31,047]
F1 overall: 0.93
F1 music: 0.92
F1 voice: 0.89
F1 environment: 0.97

                                                            [2018-08-16 17:23:32,238]
####################################
#
# 20180816_orgsHelft1_450_400_350_300_250_200_150_100_50_21ep1
# mic4
# testData_Studio
#
####################################

                                                            [2018-08-16 17:24:22,504]
                   m       v       e |  sens   acc
music          54136    8589     870 |  0.85  0.93
voice            103   37141     660 |  0.98  0.93
environment       66     553   41718 |  0.99  0.99
--------------------------------------
prec            1.00    0.80    0.96
                                                            [2018-08-16 17:24:22,505]

                                                            [2018-08-16 17:24:22,505]
F1 overall: 0.93
F1 music: 0.92
F1 voice: 0.88
F1 environment: 0.97

                                                            [2018-08-16 17:24:23,629]
####################################
#
# 20180816_orgsHelft1_450_400_350_300_250_200_150_100_50_21ep2
# mic4
# testData_Studio
#
####################################

                                                            [2018-08-16 17:25:07,577]
                   m       v       e |  sens   acc
music          56275    6187    1133 |  0.88  0.94
voice            634   36732     538 |  0.97  0.94
environment       50     600   41687 |  0.98  0.98
--------------------------------------
prec            0.99    0.84    0.96
                                                            [2018-08-16 17:25:07,577]

                                                            [2018-08-16 17:25:07,577]
F1 overall: 0.94
F1 music: 0.93
F1 voice: 0.90
F1 environment: 0.97

                                                            [2018-08-16 17:25:07,806]
####################################
#
# 20180816_orgsHelft1_450_400_350_300_250_200_150_100_50_21ep3
# mic4
# testData_Studio
#
####################################

                                                            [2018-08-16 17:25:53,682]
                   m       v       e |  sens   acc
music          54898    8091     606 |  0.86  0.94
voice            315   37156     433 |  0.98  0.93
environment       71     789   41477 |  0.98  0.99
--------------------------------------
prec            0.99    0.81    0.98
                                                            [2018-08-16 17:25:53,683]

                                                            [2018-08-16 17:25:53,683]
F1 overall: 0.93
F1 music: 0.92
F1 voice: 0.89
F1 environment: 0.98

                                                            [2018-08-16 17:25:54,033]
####################################
#
# 20180816_orgsHelft1_450_400_350_300_250_200_150_100_50_21ep4
# mic4
# testData_Studio
#
####################################

                                                            [2018-08-16 17:26:37,871]
                   m       v       e |  sens   acc
music          56789    6314     492 |  0.89  0.95
voice            360   37090     454 |  0.98  0.95
environment       67     584   41686 |  0.98  0.99
--------------------------------------
prec            0.99    0.84    0.98
                                                            [2018-08-16 17:26:37,875]

                                                            [2018-08-16 17:26:37,875]
F1 overall: 0.94
F1 music: 0.94
F1 voice: 0.91
F1 environment: 0.98

                                                            [2018-08-16 17:26:38,250]
####################################
#
# 20180816_orgsHelft1_450_400_350_300_250_200_150_100_50_21ep5
# mic4
# testData_Studio
#
####################################

                                                            [2018-08-16 17:27:21,555]
                   m       v       e |  sens   acc
music          55459    7261     875 |  0.87  0.94
voice           1042   36290     572 |  0.96  0.94
environment       29     354   41954 |  0.99  0.99
--------------------------------------
prec            0.98    0.83    0.97
                                                            [2018-08-16 17:27:21,555]

                                                            [2018-08-16 17:27:21,556]
F1 overall: 0.93
F1 music: 0.92
F1 voice: 0.89
F1 environment: 0.98

