                                                            [2019-01-04 09:55:20,197]
####################################
#
# maak mfccs voor testdata G428
#
####################################

                                                            [2019-01-04 10:08:22,479]
Klaar: mfccs voor testdata G428
                                                            [2019-01-04 10:08:22,624]
####################################
#
# maak mfccs voor testdata G527}
#
####################################

                                                            [2019-01-04 10:27:55,102]
####################################
#
# maak mfccs voor testdata G428
#
####################################

                                                            [2019-01-04 10:28:18,520]
####################################
#
# maak mfccs voor testdata G428
#
####################################

                                                            [2019-01-04 10:30:05,101]
####################################
#
# maak mfccs voor testdata G428
#
####################################

                                                            [2019-01-04 10:30:09,284]
Klaar: mfccs voor testdata G428
