                                                            [2018-07-25 16:11:06,468]
####################################
#
# Alle orgs, lagen: [100, 20]
#
####################################

                                                            [2018-07-25 16:11:06,567]

*****************
* Epoch nr 1
*****************

                                                            [2018-07-25 16:13:26,075]
                   m       v       e |  sens   acc
music         351223   14553     760 |  0.96  0.97
voice          18017  339738    8968 |  0.93  0.96
environment     1291    8015  365740 |  0.98  0.98
--------------------------------------
prec            0.95    0.94    0.97
                                                            [2018-07-25 16:13:26,076]

                                                            [2018-07-25 16:13:26,077]
F1 overall: 0.95
F1 music: 0.95
F1 voice: 0.93
F1 environment: 0.97

                                                            [2018-07-25 16:13:26,082]

*****************
* Epoch nr 2
*****************

                                                            [2018-07-25 16:15:44,401]
                   m       v       e |  sens   acc
music         350210   15815     511 |  0.96  0.98
voice          10001  348236    8486 |  0.95  0.96
environment      898    6086  368062 |  0.98  0.99
--------------------------------------
prec            0.97    0.94    0.98
                                                            [2018-07-25 16:15:44,401]

                                                            [2018-07-25 16:15:44,401]
F1 overall: 0.96
F1 music: 0.96
F1 voice: 0.95
F1 environment: 0.98

                                                            [2018-07-25 16:15:44,406]

*****************
* Epoch nr 3
*****************

                                                            [2018-07-25 16:18:12,621]
                   m       v       e |  sens   acc
music         351279   14614     643 |  0.96  0.98
voice           8752  352298    5673 |  0.96  0.97
environment      575    8286  366185 |  0.98  0.99
--------------------------------------
prec            0.97    0.94    0.98
                                                            [2018-07-25 16:18:12,622]

                                                            [2018-07-25 16:18:12,622]
F1 overall: 0.97
F1 music: 0.97
F1 voice: 0.95
F1 environment: 0.98

                                                            [2018-07-25 16:18:12,627]

*****************
* Epoch nr 4
*****************

                                                            [2018-07-25 16:20:34,012]
                   m       v       e |  sens   acc
music         354265   11899     372 |  0.97  0.98
voice          10595  351056    5072 |  0.96  0.97
environment      739    8444  365863 |  0.98  0.99
--------------------------------------
prec            0.97    0.95    0.99
                                                            [2018-07-25 16:20:34,012]

                                                            [2018-07-25 16:20:34,012]
F1 overall: 0.97
F1 music: 0.97
F1 voice: 0.95
F1 environment: 0.98

                                                            [2018-07-25 16:20:34,017]

*****************
* Epoch nr 5
*****************

                                                            [2018-07-25 16:23:00,273]
                   m       v       e |  sens   acc
music         354033   11866     637 |  0.97  0.98
voice          10390  349989    6344 |  0.95  0.97
environment      473    6143  368430 |  0.98  0.99
--------------------------------------
prec            0.97    0.95    0.98
                                                            [2018-07-25 16:23:00,274]

                                                            [2018-07-25 16:23:00,274]
F1 overall: 0.97
F1 music: 0.97
F1 voice: 0.95
F1 environment: 0.98

                                                            [2018-07-25 16:23:00,402]
####################################
#
# Alle orgs, lagen: [400, 250, 100, 20]
#
####################################

                                                            [2018-07-25 16:23:00,519]

*****************
* Epoch nr 1
*****************

                                                            [2018-07-25 16:26:40,873]
                   m       v       e |  sens   acc
music         349038   16865     633 |  0.95  0.98
voice           8966  351792    5965 |  0.96  0.96
environment      852    9744  364450 |  0.97  0.98
--------------------------------------
prec            0.97    0.93    0.98
                                                            [2018-07-25 16:26:40,873]

                                                            [2018-07-25 16:26:40,874]
F1 overall: 0.96
F1 music: 0.96
F1 voice: 0.94
F1 environment: 0.98

                                                            [2018-07-25 16:26:40,879]

*****************
* Epoch nr 2
*****************

                                                            [2018-07-25 16:30:15,962]
                   m       v       e |  sens   acc
music         349291   16613     632 |  0.95  0.98
voice           7034  352748    6941 |  0.96  0.97
environment      654    7602  366790 |  0.98  0.99
--------------------------------------
prec            0.98    0.94    0.98
                                                            [2018-07-25 16:30:15,962]

                                                            [2018-07-25 16:30:15,963]
F1 overall: 0.96
F1 music: 0.97
F1 voice: 0.95
F1 environment: 0.98

                                                            [2018-07-25 16:30:15,968]

*****************
* Epoch nr 3
*****************

                                                            [2018-07-25 16:33:50,209]
                   m       v       e |  sens   acc
music         351341   14350     845 |  0.96  0.98
voice           6838  355436    4449 |  0.97  0.97
environment      344    8347  366355 |  0.98  0.99
--------------------------------------
prec            0.98    0.94    0.99
                                                            [2018-07-25 16:33:50,210]

                                                            [2018-07-25 16:33:50,210]
F1 overall: 0.97
F1 music: 0.97
F1 voice: 0.95
F1 environment: 0.98

                                                            [2018-07-25 16:33:50,215]

*****************
* Epoch nr 4
*****************

                                                            [2018-07-25 16:37:23,144]
                   m       v       e |  sens   acc
music         352731   13127     678 |  0.96  0.98
voice           8053  351714    6956 |  0.96  0.97
environment      501    4710  369835 |  0.99  0.99
--------------------------------------
prec            0.98    0.95    0.98
                                                            [2018-07-25 16:37:23,144]

                                                            [2018-07-25 16:37:23,144]
F1 overall: 0.97
F1 music: 0.97
F1 voice: 0.96
F1 environment: 0.98

                                                            [2018-07-25 16:37:23,146]

*****************
* Epoch nr 5
*****************

                                                            [2018-07-25 16:41:01,676]
                   m       v       e |  sens   acc
music         350893   15268     375 |  0.96  0.98
voice           5055  354981    6687 |  0.97  0.97
environment      421    4605  370020 |  0.99  0.99
--------------------------------------
prec            0.98    0.95    0.98
                                                            [2018-07-25 16:41:01,676]

                                                            [2018-07-25 16:41:01,676]
F1 overall: 0.97
F1 music: 0.97
F1 voice: 0.96
F1 environment: 0.98

                                                            [2018-07-25 16:41:01,802]
####################################
#
# Alle orgs, lagen: [400, 300, 200, 100, 50, 20, 10]
#
####################################

                                                            [2018-07-25 16:41:01,948]

*****************
* Epoch nr 1
*****************

                                                            [2018-07-25 16:46:08,081]
                   m       v       e |  sens   acc
music         351060   14902     574 |  0.96  0.97
voice          12137  345444    9142 |  0.94  0.96
environment     1391    7256  366399 |  0.98  0.98
--------------------------------------
prec            0.96    0.94    0.97
                                                            [2018-07-25 16:46:08,082]

                                                            [2018-07-25 16:46:08,082]
F1 overall: 0.96
F1 music: 0.96
F1 voice: 0.94
F1 environment: 0.98

                                                            [2018-07-25 16:46:08,087]

*****************
* Epoch nr 2
*****************

                                                            [2018-07-25 16:51:18,197]
                   m       v       e |  sens   acc
music         354786   11054     696 |  0.97  0.98
voice          13582  348212    4929 |  0.95  0.96
environment      564    9527  364955 |  0.97  0.99
--------------------------------------
prec            0.96    0.94    0.98
                                                            [2018-07-25 16:51:18,198]

                                                            [2018-07-25 16:51:18,198]
F1 overall: 0.96
F1 music: 0.96
F1 voice: 0.95
F1 environment: 0.98

                                                            [2018-07-25 16:51:18,200]

*****************
* Epoch nr 3
*****************

                                                            [2018-07-25 16:56:37,460]
                   m       v       e |  sens   acc
music         352377   13649     510 |  0.96  0.98
voice           8442  348836    9445 |  0.95  0.97
environment      548    4407  370091 |  0.99  0.99
--------------------------------------
prec            0.98    0.95    0.97
                                                            [2018-07-25 16:56:37,460]

                                                            [2018-07-25 16:56:37,460]
F1 overall: 0.97
F1 music: 0.97
F1 voice: 0.95
F1 environment: 0.98

                                                            [2018-07-25 16:56:37,463]

*****************
* Epoch nr 4
*****************

                                                            [2018-07-25 17:01:49,340]
                   m       v       e |  sens   acc
music         352457   13478     601 |  0.96  0.98
voice           8015  352300    6408 |  0.96  0.97
environment      485    5330  369231 |  0.98  0.99
--------------------------------------
prec            0.98    0.95    0.98
                                                            [2018-07-25 17:01:49,341]

                                                            [2018-07-25 17:01:49,341]
F1 overall: 0.97
F1 music: 0.97
F1 voice: 0.95
F1 environment: 0.98

                                                            [2018-07-25 17:01:49,346]

*****************
* Epoch nr 5
*****************

                                                            [2018-07-25 17:07:07,365]
                   m       v       e |  sens   acc
music         352521   13508     507 |  0.96  0.98
voice           7284  356715    2724 |  0.97  0.97
environment      445   11883  362718 |  0.97  0.99
--------------------------------------
prec            0.98    0.93    0.99
                                                            [2018-07-25 17:07:07,365]

                                                            [2018-07-25 17:07:07,366]
F1 overall: 0.97
F1 music: 0.97
F1 voice: 0.95
F1 environment: 0.98

                                                            [2018-07-25 17:07:07,511]
####################################
#
# Alle orgs, lagen: [450, 400, 350, 300, 250, 200, 150, 100, 50, 21]
#
####################################

                                                            [2018-07-25 17:07:07,718]

*****************
* Epoch nr 1
*****************

                                                            [2018-07-25 17:14:30,543]
                   m       v       e |  sens   acc
music         348304   17826     406 |  0.95  0.97
voice          10841  342199   13683 |  0.93  0.96
environment     2216    4614  368216 |  0.98  0.98
--------------------------------------
prec            0.96    0.94    0.96
                                                            [2018-07-25 17:14:30,544]

                                                            [2018-07-25 17:14:30,544]
F1 overall: 0.96
F1 music: 0.96
F1 voice: 0.94
F1 environment: 0.97

                                                            [2018-07-25 17:14:30,546]

*****************
* Epoch nr 2
*****************

                                                            [2018-07-25 17:21:46,518]
                   m       v       e |  sens   acc
music         355192   10856     488 |  0.97  0.98
voice          14876  342950    8897 |  0.94  0.96
environment     1090    5267  368689 |  0.98  0.99
--------------------------------------
prec            0.96    0.96    0.98
                                                            [2018-07-25 17:21:46,518]

                                                            [2018-07-25 17:21:46,519]
F1 overall: 0.96
F1 music: 0.96
F1 voice: 0.95
F1 environment: 0.98

                                                            [2018-07-25 17:21:46,523]

*****************
* Epoch nr 3
*****************

                                                            [2018-07-25 17:28:52,543]
                   m       v       e |  sens   acc
music         351573   14570     393 |  0.96  0.97
voice          12741  348329    5653 |  0.95  0.96
environment      932    7508  366606 |  0.98  0.99
--------------------------------------
prec            0.96    0.94    0.98
                                                            [2018-07-25 17:28:52,543]

                                                            [2018-07-25 17:28:52,544]
F1 overall: 0.96
F1 music: 0.96
F1 voice: 0.95
F1 environment: 0.98

                                                            [2018-07-25 17:28:52,549]

*****************
* Epoch nr 4
*****************

                                                            [2018-07-25 17:35:57,481]
                   m       v       e |  sens   acc
music         349180   16926     430 |  0.95  0.98
voice           5923  353703    7097 |  0.96  0.97
environment      923    6225  367898 |  0.98  0.99
--------------------------------------
prec            0.98    0.94    0.98
                                                            [2018-07-25 17:35:57,482]

                                                            [2018-07-25 17:35:57,482]
F1 overall: 0.97
F1 music: 0.97
F1 voice: 0.95
F1 environment: 0.98

                                                            [2018-07-25 17:35:57,484]

*****************
* Epoch nr 5
*****************

                                                            [2018-07-25 17:43:18,869]
                   m       v       e |  sens   acc
music         343245   23042     249 |  0.94  0.97
voice           8832  352862    5029 |  0.96  0.96
environment     1165    8473  365408 |  0.97  0.99
--------------------------------------
prec            0.97    0.92    0.99
                                                            [2018-07-25 17:43:18,870]

                                                            [2018-07-25 17:43:18,870]
F1 overall: 0.96
F1 music: 0.95
F1 voice: 0.94
F1 environment: 0.98

