                                                            [2018-08-29 12:26:30,754]
####################################
#
# Orgs G428 en G527, lagen: [400, 250, 100, 20]
#
####################################

                                                            [2018-08-29 12:26:30,874]

*****************
* Epoch nr 1
*****************

                                                            [2018-08-29 12:26:58,890]
                   m       v       e |  sens   acc
music         226798   16569     279 |  0.93  0.97
voice           6164  232464    5619 |  0.95  0.95
environment      690   10433  255313 |  0.96  0.98
--------------------------------------
prec            0.97    0.90    0.98
                                                            [2018-08-29 12:26:58,892]

                                                            [2018-08-29 12:26:58,892]
F1 overall: 0.95
F1 music: 0.95
F1 voice: 0.92
F1 environment: 0.97

                                                            [2018-08-29 12:27:00,884]
####################################
#
# 20180829_speedTest_400_250_100_20ep1
# mic4
# testData_G428
#
####################################

                                                            [2018-08-29 12:27:03,665]
                   m       v       e |  sens   acc
music          19354    1238      47 |  0.94  0.96
voice            530   13633     273 |  0.94  0.96
environment       34     117   13074 |  0.99  0.99
--------------------------------------
prec            0.97    0.91    0.98
                                                            [2018-08-29 12:27:03,665]

                                                            [2018-08-29 12:27:03,666]
F1 overall: 0.95
F1 music: 0.95
F1 voice: 0.93
F1 environment: 0.98

                                                            [2018-08-29 12:27:03,934]
####################################
#
# 20180829_speedTest_400_250_100_20ep1
# mic4
# testData_G527
#
####################################

                                                            [2018-08-29 12:27:06,208]
                   m       v       e |  sens   acc
music           8521     387       9 |  0.96  0.96
voice            187    2665      14 |  0.93  0.96
environment        7       4    2480 |  1.00  1.00
--------------------------------------
prec            0.98    0.87    0.99
                                                            [2018-08-29 12:27:06,208]

                                                            [2018-08-29 12:27:06,208]
F1 overall: 0.95
F1 music: 0.97
F1 voice: 0.90
F1 environment: 0.99

                                                            [2018-08-29 12:27:08,127]
####################################
#
# 20180829_speedTest_400_250_100_20ep1
# mic4
# testData_Studio
#
####################################

                                                            [2018-08-29 12:27:14,020]
                   m       v       e |  sens   acc
music          38987   22736    1872 |  0.61  0.83
voice              7   35884    2013 |  0.95  0.82
environment        5    1545   40787 |  0.96  0.96
--------------------------------------
prec            1.00    0.60    0.91
                                                            [2018-08-29 12:27:14,020]

                                                            [2018-08-29 12:27:14,021]
F1 overall: 0.81
F1 music: 0.76
F1 voice: 0.73
F1 environment: 0.94

                                                            [2018-08-29 12:27:14,021]
####################################
#
# 20180829_speedTest_400_250_100_20ep1
# mic4
# testData_Overall
#
####################################

                                                            [2018-08-29 12:27:14,021]
                   m       v       e |  sens   acc
music           0.84    0.15    0.01 |  0.84  0.93
voice           0.03    0.94    0.03 |  0.94  0.92
environment     0.00    0.02    0.98 |  0.98  0.98
--------------------------------------
prec            0.96    0.85    0.96
                                                            [2018-08-29 12:27:14,022]

                                                            [2018-08-29 12:27:14,022]
F1 overall: 0.92
F1 music: 0.89
F1 voice: 0.89
F1 environment: 0.97

                                                            [2018-08-29 12:28:17,336]
####################################
#
# Orgs G428 en G527, lagen: [400, 250, 100, 20]
#
####################################

                                                            [2018-08-29 12:28:17,451]

*****************
* Epoch nr 1
*****************

                                                            [2018-08-29 12:28:46,001]
                   m       v       e |  sens   acc
music         240372    3036     238 |  0.99  0.58
voice         156467   87408     372 |  0.36  0.65
environment   158995  102914    4527 |  0.02  0.65
--------------------------------------
prec            0.43    0.45    0.88
                                                            [2018-08-29 12:28:46,002]

                                                            [2018-08-29 12:28:46,002]
F1 overall: 0.34
F1 music: 0.60
F1 voice: 0.40
F1 environment: 0.03

