                                                            [2018-10-26 17:40:53,639]
####################################
#
# Orgs G428 en G527, lagen: [400, 250, 100, 20]
#
####################################

                                                            [2018-10-26 17:42:01,146]
####################################
#
# Orgs G428 en G527, lagen: [400, 250, 100, 20]
#
####################################

                                                            [2018-10-26 17:43:28,036]
####################################
#
# Orgs G428 en G527, lagen: [400, 250, 100, 20]
#
####################################

                                                            [2018-10-26 17:43:44,257]
####################################
#
# Orgs G428 en G527, lagen: [400, 250, 100, 20]
#
####################################

                                                            [2018-10-26 17:45:29,674]
####################################
#
# Orgs G428 en G527, lagen: [400, 250, 100, 20]
#
####################################

                                                            [2018-10-26 17:46:04,588]
                   m       v       e |  sens   acc
music         224179   19234     233 |  0.92  0.97
voice           3483  236315    4449 |  0.97  0.95
environment      953   10539  254944 |  0.96  0.98
--------------------------------------
prec            0.98    0.89    0.98
                                                            [2018-10-26 17:46:04,588]

                                                            [2018-10-26 17:46:04,588]
F1 overall: 0.95
F1 music: 0.95
F1 voice: 0.93
F1 environment: 0.97

                                                            [2018-10-26 17:46:16,427]
####################################
#
# Orgs G428 en G527, lagen: [400, 250, 100, 20]
#
####################################

                                                            [2018-10-26 17:48:10,566]
                   m       v       e |  sens   acc
music         231682   11791     173 |  0.95  0.98
voice           2118  238398    3731 |  0.98  0.97
environment      263    2222  263951 |  0.99  0.99
--------------------------------------
prec            0.99    0.94    0.99
                                                            [2018-10-26 17:48:10,566]

                                                            [2018-10-26 17:48:10,567]
F1 overall: 0.97
F1 music: 0.97
F1 voice: 0.96
F1 environment: 0.99

                                                            [2018-10-27 15:57:18,953]
####################################
#
# maak spectra voor testdata G428, NFFT=2048
#
####################################

                                                            [2018-10-27 15:57:53,954]
####################################
#
# maak spectra voor testdata G428, NFFT=2048
#
####################################

                                                            [2018-10-27 16:00:56,154]
####################################
#
# maak spectra voor testdata G428, NFFT=2048
#
####################################

                                                            [2018-10-27 16:02:09,857]
Klaar: spectra voor testdata G428
                                                            [2018-10-27 16:05:20,765]
####################################
#
# maak spectra voor testdata G527, NFFT=2048
#
####################################

                                                            [2018-10-27 16:05:37,598]
Klaar: spectra voor testdata G527
                                                            [2018-10-27 16:07:23,015]
####################################
#
# maak spectra voor testdata Studio, NFFT=2048
#
####################################

                                                            [2018-10-27 16:19:22,685]
Klaar: spectra voor testdata Studio
                                                            [2018-10-27 16:22:56,443]
####################################
#
# 20181026_NFFT2048_400_250_100_20ep1
# mic4
# testData_G428
#
####################################

                                                            [2018-10-27 16:23:00,100]
                   m       v       e |  sens   acc
music          19337    1265      37 |  0.94  0.97
voice            281   13938     217 |  0.97  0.96
environment       54     124   13047 |  0.99  0.99
--------------------------------------
prec            0.98    0.91    0.98
                                                            [2018-10-27 16:23:00,100]

                                                            [2018-10-27 16:23:00,100]
F1 overall: 0.96
F1 music: 0.96
F1 voice: 0.94
F1 environment: 0.98

                                                            [2018-10-27 16:23:00,152]
####################################
#
# 20181026_NFFT2048_400_250_100_20ep1
# mic4
# testData_G527
#
####################################

                                                            [2018-10-27 16:23:02,562]
                   m       v       e |  sens   acc
music           8630     283       4 |  0.97  0.97
voice            113    2743      10 |  0.96  0.97
environment        8       3    2480 |  1.00  1.00
--------------------------------------
prec            0.99    0.91    0.99
                                                            [2018-10-27 16:23:02,563]

                                                            [2018-10-27 16:23:02,563]
F1 overall: 0.97
F1 music: 0.98
F1 voice: 0.93
F1 environment: 0.99

                                                            [2018-10-27 16:23:02,885]
####################################
#
# 20181026_NFFT2048_400_250_100_20ep1
# mic4
# testData_Studio
#
####################################

                                                            [2018-10-27 16:23:11,135]
                   m       v       e |  sens   acc
music          40127   21957    1511 |  0.63  0.84
voice              0   36241    1663 |  0.96  0.83
environment        6    1493   40838 |  0.96  0.97
--------------------------------------
prec            1.00    0.61    0.93
                                                            [2018-10-27 16:23:11,135]

                                                            [2018-10-27 16:23:11,135]
F1 overall: 0.82
F1 music: 0.77
F1 voice: 0.74
F1 environment: 0.95

                                                            [2018-10-27 16:23:11,136]
####################################
#
# 20181026_NFFT2048_400_250_100_20ep1
# mic4
# testData_Overall
#
####################################

                                                            [2018-10-27 16:23:11,136]
                   m       v       e |  sens   acc
music           0.85    0.15    0.01 |  0.85  0.94
voice           0.02    0.96    0.02 |  0.96  0.93
environment     0.00    0.02    0.98 |  0.98  0.98
--------------------------------------
prec            0.97    0.86    0.97
                                                            [2018-10-27 16:23:11,137]

                                                            [2018-10-27 16:23:11,137]
F1 overall: 0.93
F1 music: 0.91
F1 voice: 0.90
F1 environment: 0.98

                                                            [2018-10-27 16:23:11,332]
####################################
#
# 20181026_NFFT2048_400_250_100_20ep2
# mic4
# testData_G428
#
####################################

                                                            [2018-10-27 16:26:49,824]
####################################
#
# 20181026_NFFT2048_400_250_100_20ep3
# mic4
# testData_G428
#
####################################

                                                            [2018-10-27 16:26:54,556]
                   m       v       e |  sens   acc
music          19740     847      52 |  0.96  0.98
voice            205   14039     192 |  0.97  0.97
environment       18     115   13092 |  0.99  0.99
--------------------------------------
prec            0.99    0.94    0.98
                                                            [2018-10-27 16:26:54,556]

                                                            [2018-10-27 16:26:54,556]
F1 overall: 0.97
F1 music: 0.97
F1 voice: 0.95
F1 environment: 0.99

                                                            [2018-10-27 16:26:54,617]
####################################
#
# 20181026_NFFT2048_400_250_100_20ep3
# mic4
# testData_G527
#
####################################

                                                            [2018-10-27 16:26:57,203]
                   m       v       e |  sens   acc
music           8773     137       7 |  0.98  0.99
voice             60    2805       1 |  0.98  0.99
environment        1       0    2490 |  1.00  1.00
--------------------------------------
prec            0.99    0.95    1.00
                                                            [2018-10-27 16:26:57,204]

                                                            [2018-10-27 16:26:57,204]
F1 overall: 0.98
F1 music: 0.99
F1 voice: 0.97
F1 environment: 1.00

                                                            [2018-10-27 16:26:57,574]
####################################
#
# 20181026_NFFT2048_400_250_100_20ep3
# mic4
# testData_Studio
#
####################################

                                                            [2018-10-27 16:27:05,859]
                   m       v       e |  sens   acc
music          46635   14763    2197 |  0.73  0.88
voice             71   36519    1314 |  0.96  0.88
environment       13    1734   40590 |  0.96  0.96
--------------------------------------
prec            1.00    0.69    0.92
                                                            [2018-10-27 16:27:05,859]

                                                            [2018-10-27 16:27:05,860]
F1 overall: 0.86
F1 music: 0.85
F1 voice: 0.80
F1 environment: 0.94

                                                            [2018-10-27 16:27:05,860]
####################################
#
# 20181026_NFFT2048_400_250_100_20ep3
# mic4
# testData_Overall
#
####################################

                                                            [2018-10-27 16:27:05,861]
                   m       v       e |  sens   acc
music           0.89    0.10    0.01 |  0.89  0.96
voice           0.01    0.97    0.02 |  0.97  0.95
environment     0.00    0.02    0.98 |  0.98  0.98
--------------------------------------
prec            0.99    0.90    0.97
                                                            [2018-10-27 16:27:05,861]

                                                            [2018-10-27 16:27:05,861]
F1 overall: 0.95
F1 music: 0.94
F1 voice: 0.93
F1 environment: 0.98

