                                                            [2018-08-28 17:19:03,950]
####################################
#
# Orgs G428 en G527, lagen: [100, 20]
#
####################################

                                                            [2018-08-28 17:19:04,038]

*****************
* Epoch nr 1
*****************

                                                            [2018-08-28 17:19:43,180]
                   m       v       e |  sens   acc
music         232537   10901     208 |  0.95  0.97
voice           9106  230170    4971 |  0.94  0.96
environment     1208    8357  256871 |  0.96  0.98
--------------------------------------
prec            0.96    0.92    0.98
                                                            [2018-08-28 17:19:43,181]

                                                            [2018-08-28 17:19:43,181]
F1 overall: 0.95
F1 music: 0.96
F1 voice: 0.93
F1 environment: 0.97

                                                            [2018-08-28 17:19:43,183]

*****************
* Epoch nr 2
*****************

                                                            [2018-08-28 17:20:49,208]
####################################
#
# Orgs G428 en G527, lagen: [100, 20]
#
####################################

                                                            [2018-08-28 17:20:49,290]

*****************
* Epoch nr 1
*****************

                                                            [2018-08-28 17:21:18,802]
                   m       v       e |  sens   acc
music         227794   15584     268 |  0.93  0.97
voice           5251  232806    6190 |  0.95  0.95
environment      600   10262  255574 |  0.96  0.98
--------------------------------------
prec            0.97    0.90    0.98
                                                            [2018-08-28 17:21:18,802]

                                                            [2018-08-28 17:21:18,803]
F1 overall: 0.95
F1 music: 0.95
F1 voice: 0.93
F1 environment: 0.97

                                                            [2018-08-28 17:21:18,806]

*****************
* Epoch nr 2
*****************

                                                            [2018-08-28 17:22:45,286]
####################################
#
# Orgs G428 en G527, lagen: [100, 20]
#
####################################

                                                            [2018-08-28 17:22:45,372]

*****************
* Epoch nr 1
*****************

                                                            [2018-08-28 17:22:59,692]
####################################
#
# Orgs G428 en G527, lagen: [100, 20]
#
####################################

                                                            [2018-08-28 17:22:59,775]

*****************
* Epoch nr 1
*****************

                                                            [2018-08-28 17:23:15,679]
####################################
#
# Orgs G428 en G527, lagen: [100, 20]
#
####################################

                                                            [2018-08-28 17:23:15,765]

*****************
* Epoch nr 1
*****************

                                                            [2018-08-28 17:23:35,732]
####################################
#
# Orgs G428 en G527, lagen: [100, 20]
#
####################################

                                                            [2018-08-28 17:23:35,823]

*****************
* Epoch nr 1
*****************

                                                            [2018-08-28 17:23:53,028]
####################################
#
# Orgs G428 en G527, lagen: [100, 20]
#
####################################

                                                            [2018-08-28 17:23:53,103]

*****************
* Epoch nr 1
*****************

                                                            [2018-08-28 17:24:02,062]
####################################
#
# Orgs G428 en G527, lagen: [100, 20]
#
####################################

                                                            [2018-08-28 17:24:02,138]

*****************
* Epoch nr 1
*****************

                                                            [2018-08-28 17:24:23,901]
####################################
#
# Orgs G428 en G527, lagen: [100, 20]
#
####################################

                                                            [2018-08-28 17:24:23,986]

*****************
* Epoch nr 1
*****************

                                                            [2018-08-28 17:24:32,437]
####################################
#
# Orgs G428 en G527, lagen: [100, 20]
#
####################################

                                                            [2018-08-28 17:24:32,538]

*****************
* Epoch nr 1
*****************

                                                            [2018-08-28 17:25:00,401]
                   m       v       e |  sens   acc
music         216021   25218    2407 |  0.89  0.51
voice         150806   46945   46496 |  0.19  0.68
environment   191972   15279   59185 |  0.22  0.66
--------------------------------------
prec            0.39    0.54    0.55
                                                            [2018-08-28 17:25:00,401]

                                                            [2018-08-28 17:25:00,401]
F1 overall: 0.38
F1 music: 0.54
F1 voice: 0.28
F1 environment: 0.32

                                                            [2018-08-28 17:25:00,403]

*****************
* Epoch nr 2
*****************

                                                            [2018-08-28 17:25:27,203]
                   m       v       e |  sens   acc
music         233586    8813    1247 |  0.96  0.57
voice         147806   51455   44986 |  0.21  0.71
environment   168068   14705   83663 |  0.31  0.70
--------------------------------------
prec            0.43    0.69    0.64
                                                            [2018-08-28 17:25:27,203]

                                                            [2018-08-28 17:25:27,204]
F1 overall: 0.44
F1 music: 0.59
F1 voice: 0.32
F1 environment: 0.42

                                                            [2018-08-28 17:25:27,207]

*****************
* Epoch nr 3
*****************

                                                            [2018-08-28 17:25:43,178]
####################################
#
# Orgs G428 en G527, lagen: [100, 20]
#
####################################

                                                            [2018-08-28 17:25:43,260]

*****************
* Epoch nr 1
*****************

                                                            [2018-08-28 17:26:14,130]
                   m       v       e |  sens   acc
music         222518   20540     588 |  0.91  0.97
voice           4501  232074    7672 |  0.95  0.93
environment      574   17728  248134 |  0.93  0.96
--------------------------------------
prec            0.98    0.86    0.97
                                                            [2018-08-28 17:26:14,130]

                                                            [2018-08-28 17:26:14,130]
F1 overall: 0.93
F1 music: 0.94
F1 voice: 0.90
F1 environment: 0.95

                                                            [2018-08-28 17:26:14,133]

*****************
* Epoch nr 2
*****************

                                                            [2018-08-28 17:26:44,067]
                   m       v       e |  sens   acc
music         227517   15743     386 |  0.93  0.97
voice           5479  232203    6565 |  0.95  0.95
environment      662   12143  253631 |  0.95  0.97
--------------------------------------
prec            0.97    0.89    0.97
                                                            [2018-08-28 17:26:44,067]

                                                            [2018-08-28 17:26:44,068]
F1 overall: 0.95
F1 music: 0.95
F1 voice: 0.92
F1 environment: 0.96

                                                            [2018-08-28 17:26:44,071]

*****************
* Epoch nr 3
*****************

                                                            [2018-08-28 17:27:14,267]
                   m       v       e |  sens   acc
music         226922   16588     136 |  0.93  0.97
voice           3440  235893    4914 |  0.97  0.95
environment      898   10235  255303 |  0.96  0.98
--------------------------------------
prec            0.98    0.90    0.98
                                                            [2018-08-28 17:27:14,268]

                                                            [2018-08-28 17:27:14,268]
F1 overall: 0.95
F1 music: 0.96
F1 voice: 0.93
F1 environment: 0.97

                                                            [2018-08-28 17:27:14,271]
####################################
#
# Orgs G428 en G527, lagen: [400, 250, 100, 20]
#
####################################

                                                            [2018-08-28 17:27:14,378]

*****************
* Epoch nr 1
*****************

                                                            [2018-08-28 17:29:51,346]
####################################
#
# Orgs G428 en G527, lagen: [100, 20]
#
####################################

                                                            [2018-08-28 17:29:51,430]

*****************
* Epoch nr 1
*****************

                                                            [2018-08-28 17:33:18,942]
####################################
#
# Orgs G428 en G527, lagen: [100, 20]
#
####################################

                                                            [2018-08-28 17:33:19,023]

*****************
* Epoch nr 1
*****************

                                                            [2018-08-28 17:33:29,566]
####################################
#
# Orgs G428 en G527, lagen: [100, 20]
#
####################################

                                                            [2018-08-28 17:33:29,642]

*****************
* Epoch nr 1
*****************

                                                            [2018-08-28 17:35:17,948]
                   m       v       e |  sens   acc
music         234396    8843     407 |  0.96  0.98
voice           6682  230848    6717 |  0.95  0.97
environment      509    3960  261967 |  0.98  0.98
--------------------------------------
prec            0.97    0.95    0.97
                                                            [2018-08-28 17:35:17,948]

                                                            [2018-08-28 17:35:17,949]
F1 overall: 0.96
F1 music: 0.97
F1 voice: 0.95
F1 environment: 0.98

                                                            [2018-08-28 17:35:17,951]

*****************
* Epoch nr 2
*****************

                                                            [2018-08-28 17:37:03,967]
                   m       v       e |  sens   acc
music         230691   12746     209 |  0.95  0.98
voice           2329  237907    4011 |  0.97  0.97
environment      405    4657  261374 |  0.98  0.99
--------------------------------------
prec            0.99    0.93    0.98
                                                            [2018-08-28 17:37:03,967]

                                                            [2018-08-28 17:37:03,967]
F1 overall: 0.97
F1 music: 0.97
F1 voice: 0.95
F1 environment: 0.98

                                                            [2018-08-28 17:37:03,971]

*****************
* Epoch nr 3
*****************

                                                            [2018-08-28 17:38:49,579]
                   m       v       e |  sens   acc
music         237305    6129     212 |  0.97  0.98
voice           6571  233005    4671 |  0.95  0.97
environment      316    2798  263322 |  0.99  0.99
--------------------------------------
prec            0.97    0.96    0.98
                                                            [2018-08-28 17:38:49,580]

                                                            [2018-08-28 17:38:49,580]
F1 overall: 0.97
F1 music: 0.97
F1 voice: 0.96
F1 environment: 0.99

                                                            [2018-08-28 17:38:49,581]
####################################
#
# Orgs G428 en G527, lagen: [400, 250, 100, 20]
#
####################################

                                                            [2018-08-28 17:38:49,682]

*****************
* Epoch nr 1
*****************

                                                            [2018-08-28 17:41:03,719]
                   m       v       e |  sens   acc
music         233820    9428     398 |  0.96  0.98
voice           6635  234586    3026 |  0.96  0.97
environment      351    5360  260725 |  0.98  0.99
--------------------------------------
prec            0.97    0.94    0.99
                                                            [2018-08-28 17:41:03,720]

                                                            [2018-08-28 17:41:03,720]
F1 overall: 0.97
F1 music: 0.97
F1 voice: 0.95
F1 environment: 0.98

                                                            [2018-08-28 17:41:03,722]

*****************
* Epoch nr 2
*****************

                                                            [2018-08-28 17:43:16,728]
                   m       v       e |  sens   acc
music         236524    6765     357 |  0.97  0.98
voice           5825  234185    4237 |  0.96  0.97
environment      254    2279  263903 |  0.99  0.99
--------------------------------------
prec            0.97    0.96    0.98
                                                            [2018-08-28 17:43:16,728]

                                                            [2018-08-28 17:43:16,729]
F1 overall: 0.97
F1 music: 0.97
F1 voice: 0.96
F1 environment: 0.99

                                                            [2018-08-28 17:43:16,732]

*****************
* Epoch nr 3
*****************

                                                            [2018-08-28 17:45:30,285]
                   m       v       e |  sens   acc
music         238298    5038     310 |  0.98  0.98
voice           7025  233962    3260 |  0.96  0.98
environment      269    3432  262735 |  0.99  0.99
--------------------------------------
prec            0.97    0.97    0.99
                                                            [2018-08-28 17:45:30,285]

                                                            [2018-08-28 17:45:30,285]
F1 overall: 0.97
F1 music: 0.97
F1 voice: 0.96
F1 environment: 0.99

                                                            [2018-08-28 17:45:30,287]
####################################
#
# Orgs G428 en G527, lagen: [400, 300, 200, 100, 50, 20, 10]
#
####################################

                                                            [2018-08-28 17:45:30,423]

*****************
* Epoch nr 1
*****************

                                                            [2018-08-28 17:48:08,956]
                   m       v       e |  sens   acc
music         234150    8892     604 |  0.96  0.98
voice           5178  235536    3533 |  0.96  0.97
environment      357    5478  260601 |  0.98  0.99
--------------------------------------
prec            0.98    0.94    0.98
                                                            [2018-08-28 17:48:08,957]

                                                            [2018-08-28 17:48:08,957]
F1 overall: 0.97
F1 music: 0.97
F1 voice: 0.95
F1 environment: 0.98

                                                            [2018-08-28 17:48:08,959]

*****************
* Epoch nr 2
*****************

                                                            [2018-08-28 17:50:45,712]
                   m       v       e |  sens   acc
music         236099    7310     237 |  0.97  0.98
voice           5186  235745    3316 |  0.97  0.97
environment      285    3643  262508 |  0.99  0.99
--------------------------------------
prec            0.98    0.96    0.99
                                                            [2018-08-28 17:50:45,712]

                                                            [2018-08-28 17:50:45,713]
F1 overall: 0.97
F1 music: 0.97
F1 voice: 0.96
F1 environment: 0.99

                                                            [2018-08-28 17:50:45,715]

*****************
* Epoch nr 3
*****************

                                                            [2018-08-28 17:53:23,880]
                   m       v       e |  sens   acc
music         238364    5127     155 |  0.98  0.98
voice           7877  233523    2847 |  0.96  0.97
environment      393    3973  262070 |  0.98  0.99
--------------------------------------
prec            0.97    0.96    0.99
                                                            [2018-08-28 17:53:23,881]

                                                            [2018-08-28 17:53:23,881]
F1 overall: 0.97
F1 music: 0.97
F1 voice: 0.96
F1 environment: 0.99

                                                            [2018-08-28 17:53:23,884]
####################################
#
# Orgs G428 en G527, lagen: [450, 400, 350, 300, 250, 200, 150, 100, 50, 21]
#
####################################

                                                            [2018-08-28 17:53:24,087]

*****************
* Epoch nr 1
*****************

                                                            [2018-08-28 17:56:39,250]
                   m       v       e |  sens   acc
music         230683   12646     317 |  0.95  0.98
voice           5277  234808    4162 |  0.96  0.96
environment      395    4596  261445 |  0.98  0.99
--------------------------------------
prec            0.98    0.93    0.98
                                                            [2018-08-28 17:56:39,250]

                                                            [2018-08-28 17:56:39,251]
F1 overall: 0.96
F1 music: 0.96
F1 voice: 0.95
F1 environment: 0.98

                                                            [2018-08-28 17:56:39,253]

*****************
* Epoch nr 2
*****************

                                                            [2018-08-28 17:59:52,636]
                   m       v       e |  sens   acc
music         230773   12533     340 |  0.95  0.98
voice           2287  238122    3838 |  0.97  0.97
environment      428    4307  261701 |  0.98  0.99
--------------------------------------
prec            0.99    0.93    0.98
                                                            [2018-08-28 17:59:52,636]

                                                            [2018-08-28 17:59:52,637]
F1 overall: 0.97
F1 music: 0.97
F1 voice: 0.95
F1 environment: 0.98

                                                            [2018-08-28 17:59:52,640]

*****************
* Epoch nr 3
*****************

                                                            [2018-08-28 18:03:07,114]
                   m       v       e |  sens   acc
music         232836   10219     591 |  0.96  0.98
voice           5634  234348    4265 |  0.96  0.97
environment      338    2908  263190 |  0.99  0.99
--------------------------------------
prec            0.97    0.95    0.98
                                                            [2018-08-28 18:03:07,114]

                                                            [2018-08-28 18:03:07,115]
F1 overall: 0.97
F1 music: 0.97
F1 voice: 0.95
F1 environment: 0.98

