                                                            [2018-07-20 12:41:03,561]
######################
# Alle orgs, lagen: [100, 20]######################

                                                            [2018-07-20 12:41:03,649]

*****************
* Epoch nr 1
*****************

                                                            [2018-07-20 12:43:28,732]
                   m       v       e |  sens   acc
music         349623   15830    1083 |  0.95  0.97
voice          15626  340804   10293 |  0.93  0.96
environment      951    7230  366865 |  0.98  0.98
--------------------------------------
prec            0.95    0.94    0.97
                                                            [2018-07-20 12:43:28,733]

                                                            [2018-07-20 12:43:28,733]
F1 overall: 0.95
F1 music: 0.95
F1 voice: 0.93
F1 environment: 0.97

                                                            [2018-07-20 12:43:28,735]

*****************
* Epoch nr 2
*****************

                                                            [2018-07-20 12:45:53,701]
                   m       v       e |  sens   acc
music         346232   19754     550 |  0.94  0.98
voice           6204  355857    4662 |  0.97  0.96
environment      781   12223  362042 |  0.97  0.98
--------------------------------------
prec            0.98    0.92    0.99
                                                            [2018-07-20 12:45:53,702]

                                                            [2018-07-20 12:45:53,702]
F1 overall: 0.96
F1 music: 0.96
F1 voice: 0.94
F1 environment: 0.98

                                                            [2018-07-20 12:45:53,703]

*****************
* Epoch nr 3
*****************

                                                            [2018-07-20 12:48:32,050]
                   m       v       e |  sens   acc
music         345516   20200     820 |  0.94  0.98
voice           4972  346273   15478 |  0.94  0.96
environment      543    2711  371792 |  0.99  0.98
--------------------------------------
prec            0.98    0.94    0.96
                                                            [2018-07-20 12:48:32,050]

                                                            [2018-07-20 12:48:32,050]
F1 overall: 0.96
F1 music: 0.96
F1 voice: 0.94
F1 environment: 0.97

                                                            [2018-07-20 12:48:32,052]

*****************
* Epoch nr 4
*****************

                                                            [2018-07-20 12:49:18,707]
######################
# Alle orgs, lagen: [400, 250, 100, 20]
######################

                                                            [2018-07-20 12:49:18,817]

*****************
* Epoch nr 1
*****************

