                                                            [2018-12-15 16:16:00,012]
####################################
#
# Alle orgs, lagen: [100, 20]
#
####################################

                                                            [2018-12-15 16:16:00,107]

*****************
* Epoch nr 1
*****************

                                                            [2018-12-15 16:17:00,348]
                   m       v       e |  sens   acc
music         339770   25832     934 |  0.93  0.97
voice           8621  350374    7728 |  0.96  0.95
environment     1341   14688  359017 |  0.96  0.98
--------------------------------------
prec            0.97    0.90    0.98
                                                            [2018-12-15 16:17:00,349]

                                                            [2018-12-15 16:17:00,349]
F1 overall: 0.95
F1 music: 0.95
F1 voice: 0.92
F1 environment: 0.97

                                                            [2018-12-15 16:17:00,353]

*****************
* Epoch nr 2
*****************

                                                            [2018-12-15 16:17:59,182]
                   m       v       e |  sens   acc
music         344014   21912     610 |  0.94  0.97
voice           6915  353915    5893 |  0.97  0.96
environment      979   12401  361666 |  0.96  0.98
--------------------------------------
prec            0.98    0.91    0.98
                                                            [2018-12-15 16:17:59,182]

                                                            [2018-12-15 16:17:59,182]
F1 overall: 0.96
F1 music: 0.96
F1 voice: 0.94
F1 environment: 0.97

                                                            [2018-12-15 16:17:59,186]

*****************
* Epoch nr 3
*****************

                                                            [2018-12-15 16:18:58,541]
                   m       v       e |  sens   acc
music         350204   15592     740 |  0.96  0.98
voice           8775  350179    7769 |  0.95  0.97
environment      573    6448  368025 |  0.98  0.99
--------------------------------------
prec            0.97    0.94    0.98
                                                            [2018-12-15 16:18:58,541]

                                                            [2018-12-15 16:18:58,542]
F1 overall: 0.96
F1 music: 0.96
F1 voice: 0.95
F1 environment: 0.98

                                                            [2018-12-15 16:18:58,546]
####################################
#
# Alle orgs, lagen: [400, 250, 100, 20]
#
####################################

                                                            [2018-12-15 16:18:58,655]

*****************
* Epoch nr 1
*****************

                                                            [2018-12-15 16:20:12,198]
                   m       v       e |  sens   acc
music         344896   20880     760 |  0.94  0.97
voice           7346  352982    6395 |  0.96  0.96
environment      614    9032  365400 |  0.97  0.98
--------------------------------------
prec            0.98    0.92    0.98
                                                            [2018-12-15 16:20:12,199]

                                                            [2018-12-15 16:20:12,199]
F1 overall: 0.96
F1 music: 0.96
F1 voice: 0.94
F1 environment: 0.98

                                                            [2018-12-15 16:20:12,203]

*****************
* Epoch nr 2
*****************

                                                            [2018-12-15 16:21:25,810]
                   m       v       e |  sens   acc
music         354371   11583     582 |  0.97  0.98
voice          12425  345847    8451 |  0.94  0.97
environment      692    4394  369960 |  0.99  0.99
--------------------------------------
prec            0.96    0.96    0.98
                                                            [2018-12-15 16:21:25,810]

                                                            [2018-12-15 16:21:25,811]
F1 overall: 0.97
F1 music: 0.97
F1 voice: 0.95
F1 environment: 0.98

                                                            [2018-12-15 16:21:25,813]

*****************
* Epoch nr 3
*****************

                                                            [2018-12-15 16:22:39,676]
                   m       v       e |  sens   acc
music         351214   14707     615 |  0.96  0.98
voice           7099  351514    8110 |  0.96  0.97
environment      348    3885  370813 |  0.99  0.99
--------------------------------------
prec            0.98    0.95    0.98
                                                            [2018-12-15 16:22:39,676]

                                                            [2018-12-15 16:22:39,677]
F1 overall: 0.97
F1 music: 0.97
F1 voice: 0.95
F1 environment: 0.98

                                                            [2018-12-15 16:22:39,681]
####################################
#
# Alle orgs, lagen: [400, 300, 200, 100, 50, 20, 10]
#
####################################

                                                            [2018-12-15 16:22:39,824]

*****************
* Epoch nr 1
*****************

                                                            [2018-12-15 16:24:09,578]
                   m       v       e |  sens   acc
music         354088   11865     583 |  0.97  0.97
voice          15325  344287    7111 |  0.94  0.96
environment      967    7458  366621 |  0.98  0.99
--------------------------------------
prec            0.96    0.95    0.98
                                                            [2018-12-15 16:24:09,579]

                                                            [2018-12-15 16:24:09,579]
F1 overall: 0.96
F1 music: 0.96
F1 voice: 0.94
F1 environment: 0.98

                                                            [2018-12-15 16:24:09,583]

*****************
* Epoch nr 2
*****************

                                                            [2018-12-15 16:25:38,914]
                   m       v       e |  sens   acc
music         353386   12644     506 |  0.96  0.98
voice          11488  348291    6944 |  0.95  0.97
environment      780    6795  367471 |  0.98  0.99
--------------------------------------
prec            0.97    0.95    0.98
                                                            [2018-12-15 16:25:38,914]

                                                            [2018-12-15 16:25:38,915]
F1 overall: 0.96
F1 music: 0.97
F1 voice: 0.95
F1 environment: 0.98

                                                            [2018-12-15 16:25:38,918]

*****************
* Epoch nr 3
*****************

                                                            [2018-12-15 16:27:09,131]
                   m       v       e |  sens   acc
music         354990   11295     251 |  0.97  0.98
voice          10108  351127    5488 |  0.96  0.97
environment      828    7314  366904 |  0.98  0.99
--------------------------------------
prec            0.97    0.95    0.98
                                                            [2018-12-15 16:27:09,132]

                                                            [2018-12-15 16:27:09,132]
F1 overall: 0.97
F1 music: 0.97
F1 voice: 0.95
F1 environment: 0.98

                                                            [2018-12-15 16:27:09,135]
####################################
#
# Alle orgs, lagen: [450, 400, 350, 300, 250, 200, 150, 100, 50, 21]
#
####################################

                                                            [2018-12-15 16:27:09,316]

*****************
* Epoch nr 1
*****************

                                                            [2018-12-15 16:29:01,409]
                   m       v       e |  sens   acc
music         345361   20462     713 |  0.94  0.97
voice           7520  353211    5992 |  0.96  0.96
environment      881    9834  364331 |  0.97  0.98
--------------------------------------
prec            0.98    0.92    0.98
                                                            [2018-12-15 16:29:01,409]

                                                            [2018-12-15 16:29:01,410]
F1 overall: 0.96
F1 music: 0.96
F1 voice: 0.94
F1 environment: 0.98

                                                            [2018-12-15 16:29:01,414]

*****************
* Epoch nr 2
*****************

                                                            [2018-12-15 16:30:52,205]
                   m       v       e |  sens   acc
music         348912   17423     201 |  0.95  0.98
voice           5683  357989    3051 |  0.98  0.96
environment      940   12853  361253 |  0.96  0.98
--------------------------------------
prec            0.98    0.92    0.99
                                                            [2018-12-15 16:30:52,205]

                                                            [2018-12-15 16:30:52,206]
F1 overall: 0.96
F1 music: 0.97
F1 voice: 0.95
F1 environment: 0.98

                                                            [2018-12-15 16:30:52,210]

*****************
* Epoch nr 3
*****************

                                                            [2018-12-15 16:32:44,513]
                   m       v       e |  sens   acc
music         355111   10789     636 |  0.97  0.98
voice          11789  349419    5515 |  0.95  0.97
environment      451    6678  367917 |  0.98  0.99
--------------------------------------
prec            0.97    0.95    0.98
                                                            [2018-12-15 16:32:44,513]

                                                            [2018-12-15 16:32:44,514]
F1 overall: 0.97
F1 music: 0.97
F1 voice: 0.95
F1 environment: 0.98

                                                            [2018-12-15 16:32:45,121]
####################################
#
# 20181215_NFFT2048_100_20ep1
# mic4
# testData_G428
#
####################################

                                                            [2018-12-15 16:32:49,943]
                   m       v       e |  sens   acc
music          19903     719      17 |  0.96  0.97
voice            714   13488     234 |  0.93  0.96
environment       71      43   13111 |  0.99  0.99
--------------------------------------
prec            0.96    0.95    0.98
                                                            [2018-12-15 16:32:49,943]

                                                            [2018-12-15 16:32:49,943]
F1 overall: 0.96
F1 music: 0.96
F1 voice: 0.94
F1 environment: 0.99

                                                            [2018-12-15 16:32:49,994]
####################################
#
# 20181215_NFFT2048_100_20ep1
# mic4
# testData_G527
#
####################################

                                                            [2018-12-15 16:32:53,788]
                   m       v       e |  sens   acc
music           8791     125       1 |  0.99  0.98
voice            150    2713       3 |  0.95  0.98
environment       12       2    2477 |  0.99  1.00
--------------------------------------
prec            0.98    0.96    1.00
                                                            [2018-12-15 16:32:53,788]

                                                            [2018-12-15 16:32:53,789]
F1 overall: 0.98
F1 music: 0.98
F1 voice: 0.95
F1 environment: 1.00

                                                            [2018-12-15 16:32:54,076]
####################################
#
# 20181215_NFFT2048_100_20ep1
# mic4
# testData_Studio
#
####################################

                                                            [2018-12-15 16:33:02,257]
                   m       v       e |  sens   acc
music          53663    9030     902 |  0.84  0.93
voice            315   36578    1011 |  0.97  0.92
environment       30     496   41811 |  0.99  0.98
--------------------------------------
prec            0.99    0.79    0.96
                                                            [2018-12-15 16:33:02,257]

                                                            [2018-12-15 16:33:02,258]
F1 overall: 0.92
F1 music: 0.91
F1 voice: 0.87
F1 environment: 0.97

                                                            [2018-12-15 16:33:02,259]
####################################
#
# 20181215_NFFT2048_100_20ep1
# mic4
# testData_Overall
#
####################################

                                                            [2018-12-15 16:33:02,259]
                   m       v       e |  sens   acc
music           0.93    0.06    0.01 |  0.93  0.96
voice           0.04    0.95    0.01 |  0.95  0.96
environment     0.00    0.01    0.99 |  0.99  0.99
--------------------------------------
prec            0.96    0.93    0.98
                                                            [2018-12-15 16:33:02,259]

                                                            [2018-12-15 16:33:02,260]
F1 overall: 0.96
F1 music: 0.94
F1 voice: 0.94
F1 environment: 0.99

                                                            [2018-12-15 16:33:02,417]
####################################
#
# 20181215_NFFT2048_100_20ep2
# mic4
# testData_G428
#
####################################

                                                            [2018-12-15 16:33:07,894]
                   m       v       e |  sens   acc
music          19839     779      21 |  0.96  0.97
voice            531   13722     183 |  0.95  0.97
environment       51      38   13136 |  0.99  0.99
--------------------------------------
prec            0.97    0.94    0.98
                                                            [2018-12-15 16:33:07,894]

                                                            [2018-12-15 16:33:07,894]
F1 overall: 0.97
F1 music: 0.97
F1 voice: 0.95
F1 environment: 0.99

                                                            [2018-12-15 16:33:07,946]
####################################
#
# 20181215_NFFT2048_100_20ep2
# mic4
# testData_G527
#
####################################

                                                            [2018-12-15 16:33:11,996]
                   m       v       e |  sens   acc
music           8766     144       7 |  0.98  0.98
voice             89    2775       2 |  0.97  0.98
environment       11       1    2479 |  1.00  1.00
--------------------------------------
prec            0.99    0.95    1.00
                                                            [2018-12-15 16:33:11,996]

                                                            [2018-12-15 16:33:11,996]
F1 overall: 0.98
F1 music: 0.99
F1 voice: 0.96
F1 environment: 1.00

                                                            [2018-12-15 16:33:12,289]
####################################
#
# 20181215_NFFT2048_100_20ep2
# mic4
# testData_Studio
#
####################################

                                                            [2018-12-15 16:33:20,943]
                   m       v       e |  sens   acc
music          55433    7386     776 |  0.87  0.94
voice            662   36612     630 |  0.97  0.94
environment       38     453   41846 |  0.99  0.99
--------------------------------------
prec            0.99    0.82    0.97
                                                            [2018-12-15 16:33:20,943]

                                                            [2018-12-15 16:33:20,944]
F1 overall: 0.93
F1 music: 0.93
F1 voice: 0.89
F1 environment: 0.98

                                                            [2018-12-15 16:33:20,945]
####################################
#
# 20181215_NFFT2048_100_20ep2
# mic4
# testData_Overall
#
####################################

                                                            [2018-12-15 16:33:20,946]
                   m       v       e |  sens   acc
music           0.94    0.06    0.00 |  0.94  0.97
voice           0.03    0.96    0.01 |  0.96  0.97
environment     0.00    0.00    0.99 |  0.99  0.99
--------------------------------------
prec            0.97    0.94    0.99
                                                            [2018-12-15 16:33:20,946]

                                                            [2018-12-15 16:33:20,946]
F1 overall: 0.96
F1 music: 0.95
F1 voice: 0.95
F1 environment: 0.99

                                                            [2018-12-15 16:33:21,106]
####################################
#
# 20181215_NFFT2048_100_20ep3
# mic4
# testData_G428
#
####################################

                                                            [2018-12-15 16:33:26,327]
                   m       v       e |  sens   acc
music          19928     688      23 |  0.97  0.97
voice            643   13601     192 |  0.94  0.97
environment       43      31   13151 |  0.99  0.99
--------------------------------------
prec            0.97    0.95    0.98
                                                            [2018-12-15 16:33:26,327]

                                                            [2018-12-15 16:33:26,327]
F1 overall: 0.97
F1 music: 0.97
F1 voice: 0.95
F1 environment: 0.99

                                                            [2018-12-15 16:33:26,380]
####################################
#
# 20181215_NFFT2048_100_20ep3
# mic4
# testData_G527
#
####################################

                                                            [2018-12-15 16:33:30,711]
                   m       v       e |  sens   acc
music           8811     102       4 |  0.99  0.98
voice            170    2693       3 |  0.94  0.98
environment        2       0    2489 |  1.00  1.00
--------------------------------------
prec            0.98    0.96    1.00
                                                            [2018-12-15 16:33:30,711]

                                                            [2018-12-15 16:33:30,711]
F1 overall: 0.98
F1 music: 0.98
F1 voice: 0.95
F1 environment: 1.00

                                                            [2018-12-15 16:33:31,015]
####################################
#
# 20181215_NFFT2048_100_20ep3
# mic4
# testData_Studio
#
####################################

                                                            [2018-12-15 16:33:39,737]
                   m       v       e |  sens   acc
music          55978    6694     923 |  0.88  0.94
voice           1216   35977     711 |  0.95  0.94
environment       39     339   41959 |  0.99  0.99
--------------------------------------
prec            0.98    0.84    0.96
                                                            [2018-12-15 16:33:39,737]

                                                            [2018-12-15 16:33:39,738]
F1 overall: 0.93
F1 music: 0.93
F1 voice: 0.89
F1 environment: 0.98

                                                            [2018-12-15 16:33:39,739]
####################################
#
# 20181215_NFFT2048_100_20ep3
# mic4
# testData_Overall
#
####################################

                                                            [2018-12-15 16:33:39,739]
                   m       v       e |  sens   acc
music           0.94    0.05    0.01 |  0.94  0.97
voice           0.05    0.94    0.01 |  0.94  0.96
environment     0.00    0.00    0.99 |  0.99  0.99
--------------------------------------
prec            0.95    0.95    0.98
                                                            [2018-12-15 16:33:39,739]

                                                            [2018-12-15 16:33:39,740]
F1 overall: 0.96
F1 music: 0.95
F1 voice: 0.95
F1 environment: 0.99

                                                            [2018-12-15 16:33:39,894]
####################################
#
# 20181215_NFFT2048_400_250_100_20ep1
# mic4
# testData_G428
#
####################################

                                                            [2018-12-15 16:33:46,133]
                   m       v       e |  sens   acc
music          19794     806      39 |  0.96  0.97
voice            564   13701     171 |  0.95  0.97
environment       47      29   13149 |  0.99  0.99
--------------------------------------
prec            0.97    0.94    0.98
                                                            [2018-12-15 16:33:46,134]

                                                            [2018-12-15 16:33:46,134]
F1 overall: 0.97
F1 music: 0.96
F1 voice: 0.95
F1 environment: 0.99

                                                            [2018-12-15 16:33:46,186]
####################################
#
# 20181215_NFFT2048_400_250_100_20ep1
# mic4
# testData_G527
#
####################################

                                                            [2018-12-15 16:33:51,330]
                   m       v       e |  sens   acc
music           8797     113       7 |  0.99  0.98
voice            138    2726       2 |  0.95  0.98
environment        2       1    2488 |  1.00  1.00
--------------------------------------
prec            0.98    0.96    1.00
                                                            [2018-12-15 16:33:51,330]

                                                            [2018-12-15 16:33:51,330]
F1 overall: 0.98
F1 music: 0.99
F1 voice: 0.96
F1 environment: 1.00

                                                            [2018-12-15 16:33:51,619]
####################################
#
# 20181215_NFFT2048_400_250_100_20ep1
# mic4
# testData_Studio
#
####################################

                                                            [2018-12-15 16:34:01,959]
                   m       v       e |  sens   acc
music          55231    7435     929 |  0.87  0.94
voice            461   36994     449 |  0.98  0.94
environment       39     371   41927 |  0.99  0.99
--------------------------------------
prec            0.99    0.83    0.97
                                                            [2018-12-15 16:34:01,959]

                                                            [2018-12-15 16:34:01,960]
F1 overall: 0.93
F1 music: 0.93
F1 voice: 0.89
F1 environment: 0.98

                                                            [2018-12-15 16:34:01,961]
####################################
#
# 20181215_NFFT2048_400_250_100_20ep1
# mic4
# testData_Overall
#
####################################

                                                            [2018-12-15 16:34:01,961]
                   m       v       e |  sens   acc
music           0.94    0.06    0.01 |  0.94  0.97
voice           0.03    0.96    0.01 |  0.96  0.97
environment     0.00    0.00    0.99 |  0.99  0.99
--------------------------------------
prec            0.96    0.94    0.99
                                                            [2018-12-15 16:34:01,962]

                                                            [2018-12-15 16:34:01,962]
F1 overall: 0.96
F1 music: 0.95
F1 voice: 0.95
F1 environment: 0.99

                                                            [2018-12-15 16:34:02,117]
####################################
#
# 20181215_NFFT2048_400_250_100_20ep2
# mic4
# testData_G428
#
####################################

                                                            [2018-12-15 16:34:08,543]
                   m       v       e |  sens   acc
music          20042     565      32 |  0.97  0.97
voice            944   13329     163 |  0.92  0.96
environment       61      29   13135 |  0.99  0.99
--------------------------------------
prec            0.95    0.96    0.99
                                                            [2018-12-15 16:34:08,543]

                                                            [2018-12-15 16:34:08,544]
F1 overall: 0.96
F1 music: 0.96
F1 voice: 0.94
F1 environment: 0.99

                                                            [2018-12-15 16:34:08,602]
####################################
#
# 20181215_NFFT2048_400_250_100_20ep2
# mic4
# testData_G527
#
####################################

                                                            [2018-12-15 16:34:13,974]
                   m       v       e |  sens   acc
music           8850      60       7 |  0.99  0.98
voice            202    2664       0 |  0.93  0.98
environment        6       0    2485 |  1.00  1.00
--------------------------------------
prec            0.98    0.98    1.00
                                                            [2018-12-15 16:34:13,974]

                                                            [2018-12-15 16:34:13,974]
F1 overall: 0.98
F1 music: 0.98
F1 voice: 0.95
F1 environment: 1.00

                                                            [2018-12-15 16:34:14,277]
####################################
#
# 20181215_NFFT2048_400_250_100_20ep2
# mic4
# testData_Studio
#
####################################

                                                            [2018-12-15 16:34:24,992]
                   m       v       e |  sens   acc
music          57552    5170     873 |  0.90  0.95
voice           1320   35925     659 |  0.95  0.95
environment       69     360   41908 |  0.99  0.99
--------------------------------------
prec            0.98    0.87    0.96
                                                            [2018-12-15 16:34:24,993]

                                                            [2018-12-15 16:34:24,993]
F1 overall: 0.94
F1 music: 0.94
F1 voice: 0.91
F1 environment: 0.98

                                                            [2018-12-15 16:34:24,994]
####################################
#
# 20181215_NFFT2048_400_250_100_20ep2
# mic4
# testData_Overall
#
####################################

                                                            [2018-12-15 16:34:24,994]
                   m       v       e |  sens   acc
music           0.96    0.04    0.01 |  0.96  0.97
voice           0.06    0.93    0.01 |  0.93  0.96
environment     0.00    0.00    0.99 |  0.99  0.99
--------------------------------------
prec            0.94    0.96    0.99
                                                            [2018-12-15 16:34:24,994]

                                                            [2018-12-15 16:34:24,994]
F1 overall: 0.96
F1 music: 0.95
F1 voice: 0.95
F1 environment: 0.99

                                                            [2018-12-15 16:34:25,138]
####################################
#
# 20181215_NFFT2048_400_250_100_20ep3
# mic4
# testData_G428
#
####################################

                                                            [2018-12-15 16:34:32,194]
                   m       v       e |  sens   acc
music          19849     756      34 |  0.96  0.97
voice            473   13797     166 |  0.96  0.97
environment       37      15   13173 |  1.00  0.99
--------------------------------------
prec            0.97    0.95    0.99
                                                            [2018-12-15 16:34:32,195]

                                                            [2018-12-15 16:34:32,195]
F1 overall: 0.97
F1 music: 0.97
F1 voice: 0.95
F1 environment: 0.99

                                                            [2018-12-15 16:34:32,263]
####################################
#
# 20181215_NFFT2048_400_250_100_20ep3
# mic4
# testData_G527
#
####################################

                                                            [2018-12-15 16:34:38,543]
                   m       v       e |  sens   acc
music           8784     127       6 |  0.99  0.98
voice             87    2779       0 |  0.97  0.99
environment        2       0    2489 |  1.00  1.00
--------------------------------------
prec            0.99    0.96    1.00
                                                            [2018-12-15 16:34:38,543]

                                                            [2018-12-15 16:34:38,543]
F1 overall: 0.98
F1 music: 0.99
F1 voice: 0.96
F1 environment: 1.00

                                                            [2018-12-15 16:34:38,825]
####################################
#
# 20181215_NFFT2048_400_250_100_20ep3
# mic4
# testData_Studio
#
####################################

                                                            [2018-12-15 16:34:50,324]
                   m       v       e |  sens   acc
music          56465    6122    1008 |  0.89  0.94
voice           1094   36264     546 |  0.96  0.94
environment       35     358   41944 |  0.99  0.99
--------------------------------------
prec            0.98    0.85    0.96
                                                            [2018-12-15 16:34:50,324]

                                                            [2018-12-15 16:34:50,325]
F1 overall: 0.94
F1 music: 0.93
F1 voice: 0.90
F1 environment: 0.98

                                                            [2018-12-15 16:34:50,326]
####################################
#
# 20181215_NFFT2048_400_250_100_20ep3
# mic4
# testData_Overall
#
####################################

                                                            [2018-12-15 16:34:50,326]
                   m       v       e |  sens   acc
music           0.94    0.05    0.01 |  0.94  0.97
voice           0.03    0.96    0.01 |  0.96  0.97
environment     0.00    0.00    1.00 |  1.00  0.99
--------------------------------------
prec            0.97    0.95    0.99
                                                            [2018-12-15 16:34:50,327]

                                                            [2018-12-15 16:34:50,327]
F1 overall: 0.97
F1 music: 0.96
F1 voice: 0.95
F1 environment: 0.99

                                                            [2018-12-15 16:34:50,484]
####################################
#
# 20181215_NFFT2048_400_300_200_100_50_20_10ep1
# mic4
# testData_G428
#
####################################

                                                            [2018-12-15 16:34:58,638]
                   m       v       e |  sens   acc
music          20033     580      26 |  0.97  0.96
voice           1105   13189     142 |  0.91  0.96
environment       81      45   13099 |  0.99  0.99
--------------------------------------
prec            0.94    0.95    0.99
                                                            [2018-12-15 16:34:58,638]

                                                            [2018-12-15 16:34:58,639]
F1 overall: 0.96
F1 music: 0.96
F1 voice: 0.93
F1 environment: 0.99

                                                            [2018-12-15 16:34:58,693]
####################################
#
# 20181215_NFFT2048_400_300_200_100_50_20_10ep1
# mic4
# testData_G527
#
####################################

                                                            [2018-12-15 16:35:05,303]
                   m       v       e |  sens   acc
music           8798     116       3 |  0.99  0.97
voice            236    2630       0 |  0.92  0.98
environment       17       1    2473 |  0.99  1.00
--------------------------------------
prec            0.97    0.96    1.00
                                                            [2018-12-15 16:35:05,303]

                                                            [2018-12-15 16:35:05,304]
F1 overall: 0.97
F1 music: 0.98
F1 voice: 0.94
F1 environment: 1.00

                                                            [2018-12-15 16:35:05,577]
####################################
#
# 20181215_NFFT2048_400_300_200_100_50_20_10ep1
# mic4
# testData_Studio
#
####################################

                                                            [2018-12-15 16:35:18,644]
                   m       v       e |  sens   acc
music          57178    5557     860 |  0.90  0.94
voice           1749   35607     548 |  0.94  0.94
environment       58     499   41780 |  0.99  0.99
--------------------------------------
prec            0.97    0.85    0.97
                                                            [2018-12-15 16:35:18,644]

                                                            [2018-12-15 16:35:18,645]
F1 overall: 0.93
F1 music: 0.93
F1 voice: 0.90
F1 environment: 0.98

                                                            [2018-12-15 16:35:18,646]
####################################
#
# 20181215_NFFT2048_400_300_200_100_50_20_10ep1
# mic4
# testData_Overall
#
####################################

                                                            [2018-12-15 16:35:18,646]
                   m       v       e |  sens   acc
music           0.95    0.04    0.01 |  0.95  0.96
voice           0.07    0.92    0.01 |  0.92  0.96
environment     0.00    0.01    0.99 |  0.99  0.99
--------------------------------------
prec            0.93    0.95    0.99
                                                            [2018-12-15 16:35:18,647]

                                                            [2018-12-15 16:35:18,647]
F1 overall: 0.96
F1 music: 0.94
F1 voice: 0.94
F1 environment: 0.99

                                                            [2018-12-15 16:35:18,801]
####################################
#
# 20181215_NFFT2048_400_300_200_100_50_20_10ep2
# mic4
# testData_G428
#
####################################

                                                            [2018-12-15 16:35:28,094]
                   m       v       e |  sens   acc
music          20029     582      28 |  0.97  0.97
voice            903   13285     248 |  0.92  0.96
environment       68      32   13125 |  0.99  0.99
--------------------------------------
prec            0.95    0.96    0.98
                                                            [2018-12-15 16:35:28,094]

                                                            [2018-12-15 16:35:28,095]
F1 overall: 0.96
F1 music: 0.96
F1 voice: 0.94
F1 environment: 0.99

                                                            [2018-12-15 16:35:28,149]
####################################
#
# 20181215_NFFT2048_400_300_200_100_50_20_10ep2
# mic4
# testData_G527
#
####################################

                                                            [2018-12-15 16:35:35,346]
                   m       v       e |  sens   acc
music           8839      72       6 |  0.99  0.98
voice            215    2621      30 |  0.91  0.98
environment        7       0    2484 |  1.00  1.00
--------------------------------------
prec            0.98    0.97    0.99
                                                            [2018-12-15 16:35:35,346]

                                                            [2018-12-15 16:35:35,346]
F1 overall: 0.97
F1 music: 0.98
F1 voice: 0.94
F1 environment: 0.99

                                                            [2018-12-15 16:35:35,630]
####################################
#
# 20181215_NFFT2048_400_300_200_100_50_20_10ep2
# mic4
# testData_Studio
#
####################################

                                                            [2018-12-15 16:35:49,590]
                   m       v       e |  sens   acc
music          56991    5966     638 |  0.90  0.95
voice            766   36375     763 |  0.96  0.94
environment       50     428   41859 |  0.99  0.99
--------------------------------------
prec            0.99    0.85    0.97
                                                            [2018-12-15 16:35:49,590]

                                                            [2018-12-15 16:35:49,591]
F1 overall: 0.94
F1 music: 0.94
F1 voice: 0.90
F1 environment: 0.98

                                                            [2018-12-15 16:35:49,592]
####################################
#
# 20181215_NFFT2048_400_300_200_100_50_20_10ep2
# mic4
# testData_Overall
#
####################################

                                                            [2018-12-15 16:35:49,592]
                   m       v       e |  sens   acc
music           0.95    0.04    0.00 |  0.95  0.97
voice           0.05    0.93    0.02 |  0.93  0.96
environment     0.00    0.00    0.99 |  0.99  0.99
--------------------------------------
prec            0.94    0.95    0.98
                                                            [2018-12-15 16:35:49,593]

                                                            [2018-12-15 16:35:49,593]
F1 overall: 0.96
F1 music: 0.95
F1 voice: 0.94
F1 environment: 0.99

                                                            [2018-12-15 16:35:49,754]
####################################
#
# 20181215_NFFT2048_400_300_200_100_50_20_10ep3
# mic4
# testData_G428
#
####################################

                                                            [2018-12-15 16:35:59,069]
                   m       v       e |  sens   acc
music          20120     501      18 |  0.97  0.97
voice            821   13470     145 |  0.93  0.97
environment       59      26   13140 |  0.99  0.99
--------------------------------------
prec            0.96    0.96    0.99
                                                            [2018-12-15 16:35:59,070]

                                                            [2018-12-15 16:35:59,070]
F1 overall: 0.97
F1 music: 0.97
F1 voice: 0.95
F1 environment: 0.99

                                                            [2018-12-15 16:35:59,123]
####################################
#
# 20181215_NFFT2048_400_300_200_100_50_20_10ep3
# mic4
# testData_G527
#
####################################

                                                            [2018-12-15 16:36:07,053]
                   m       v       e |  sens   acc
music           8856      58       3 |  0.99  0.98
voice            162    2704       0 |  0.94  0.98
environment        9       0    2482 |  1.00  1.00
--------------------------------------
prec            0.98    0.98    1.00
                                                            [2018-12-15 16:36:07,053]

                                                            [2018-12-15 16:36:07,054]
F1 overall: 0.98
F1 music: 0.99
F1 voice: 0.96
F1 environment: 1.00

                                                            [2018-12-15 16:36:07,349]
####################################
#
# 20181215_NFFT2048_400_300_200_100_50_20_10ep3
# mic4
# testData_Studio
#
####################################

                                                            [2018-12-15 16:36:22,166]
                   m       v       e |  sens   acc
music          58419    4709     467 |  0.92  0.96
voice            870   36479     555 |  0.96  0.96
environment       59     331   41947 |  0.99  0.99
--------------------------------------
prec            0.98    0.88    0.98
                                                            [2018-12-15 16:36:22,166]

                                                            [2018-12-15 16:36:22,167]
F1 overall: 0.95
F1 music: 0.95
F1 voice: 0.92
F1 environment: 0.98

                                                            [2018-12-15 16:36:22,168]
####################################
#
# 20181215_NFFT2048_400_300_200_100_50_20_10ep3
# mic4
# testData_Overall
#
####################################

                                                            [2018-12-15 16:36:22,168]
                   m       v       e |  sens   acc
music           0.96    0.03    0.00 |  0.96  0.97
voice           0.05    0.95    0.01 |  0.95  0.97
environment     0.00    0.00    0.99 |  0.99  0.99
--------------------------------------
prec            0.95    0.96    0.99
                                                            [2018-12-15 16:36:22,168]

                                                            [2018-12-15 16:36:22,169]
F1 overall: 0.97
F1 music: 0.96
F1 voice: 0.95
F1 environment: 0.99

                                                            [2018-12-15 16:36:22,332]
####################################
#
# 20181215_NFFT2048_450_400_350_300_250_200_150_100_50_21ep1
# mic4
# testData_G428
#
####################################

                                                            [2018-12-15 16:36:33,607]
                   m       v       e |  sens   acc
music          19756     845      38 |  0.96  0.97
voice            496   13756     184 |  0.95  0.97
environment       67      31   13127 |  0.99  0.99
--------------------------------------
prec            0.97    0.94    0.98
                                                            [2018-12-15 16:36:33,607]

                                                            [2018-12-15 16:36:33,607]
F1 overall: 0.97
F1 music: 0.96
F1 voice: 0.95
F1 environment: 0.99

                                                            [2018-12-15 16:36:33,675]
####################################
#
# 20181215_NFFT2048_450_400_350_300_250_200_150_100_50_21ep1
# mic4
# testData_G527
#
####################################

                                                            [2018-12-15 16:36:42,942]
                   m       v       e |  sens   acc
music           8774     130      13 |  0.98  0.98
voice            101    2761       4 |  0.96  0.98
environment       34       0    2457 |  0.99  1.00
--------------------------------------
prec            0.98    0.96    0.99
                                                            [2018-12-15 16:36:42,942]

                                                            [2018-12-15 16:36:42,942]
F1 overall: 0.98
F1 music: 0.98
F1 voice: 0.96
F1 environment: 0.99

                                                            [2018-12-15 16:36:43,229]
####################################
#
# 20181215_NFFT2048_450_400_350_300_250_200_150_100_50_21ep1
# mic4
# testData_Studio
#
####################################

                                                            [2018-12-15 16:37:00,744]
                   m       v       e |  sens   acc
music          54619    8016     960 |  0.86  0.93
voice            776   36498     630 |  0.96  0.93
environment       33     417   41887 |  0.99  0.99
--------------------------------------
prec            0.99    0.81    0.96
                                                            [2018-12-15 16:37:00,745]

                                                            [2018-12-15 16:37:00,745]
F1 overall: 0.93
F1 music: 0.92
F1 voice: 0.88
F1 environment: 0.98

                                                            [2018-12-15 16:37:00,746]
####################################
#
# 20181215_NFFT2048_450_400_350_300_250_200_150_100_50_21ep1
# mic4
# testData_Overall
#
####################################

                                                            [2018-12-15 16:37:00,746]
                   m       v       e |  sens   acc
music           0.93    0.06    0.01 |  0.93  0.97
voice           0.03    0.96    0.01 |  0.96  0.97
environment     0.01    0.00    0.99 |  0.99  0.99
--------------------------------------
prec            0.96    0.94    0.98
                                                            [2018-12-15 16:37:00,746]

                                                            [2018-12-15 16:37:00,747]
F1 overall: 0.96
F1 music: 0.95
F1 voice: 0.95
F1 environment: 0.99

                                                            [2018-12-15 16:37:00,913]
####################################
#
# 20181215_NFFT2048_450_400_350_300_250_200_150_100_50_21ep2
# mic4
# testData_G428
#
####################################

                                                            [2018-12-15 16:37:13,134]
                   m       v       e |  sens   acc
music          19880     747      12 |  0.96  0.97
voice            477   13835     124 |  0.96  0.97
environment       86      50   13089 |  0.99  0.99
--------------------------------------
prec            0.97    0.95    0.99
                                                            [2018-12-15 16:37:13,134]

                                                            [2018-12-15 16:37:13,135]
F1 overall: 0.97
F1 music: 0.97
F1 voice: 0.95
F1 environment: 0.99

                                                            [2018-12-15 16:37:13,190]
####################################
#
# 20181215_NFFT2048_450_400_350_300_250_200_150_100_50_21ep2
# mic4
# testData_G527
#
####################################

                                                            [2018-12-15 16:37:22,940]
                   m       v       e |  sens   acc
music           8803     112       2 |  0.99  0.98
voice            110    2756       0 |  0.96  0.98
environment       32       2    2457 |  0.99  1.00
--------------------------------------
prec            0.98    0.96    1.00
                                                            [2018-12-15 16:37:22,940]

                                                            [2018-12-15 16:37:22,940]
F1 overall: 0.98
F1 music: 0.99
F1 voice: 0.96
F1 environment: 0.99

                                                            [2018-12-15 16:37:23,215]
####################################
#
# 20181215_NFFT2048_450_400_350_300_250_200_150_100_50_21ep2
# mic4
# testData_Studio
#
####################################

                                                            [2018-12-15 16:37:42,328]
                   m       v       e |  sens   acc
music          55832    7322     441 |  0.88  0.94
voice            510   37067     327 |  0.98  0.94
environment       45     726   41566 |  0.98  0.99
--------------------------------------
prec            0.99    0.82    0.98
                                                            [2018-12-15 16:37:42,329]

                                                            [2018-12-15 16:37:42,329]
F1 overall: 0.94
F1 music: 0.93
F1 voice: 0.89
F1 environment: 0.98

                                                            [2018-12-15 16:37:42,330]
####################################
#
# 20181215_NFFT2048_450_400_350_300_250_200_150_100_50_21ep2
# mic4
# testData_Overall
#
####################################

                                                            [2018-12-15 16:37:42,331]
                   m       v       e |  sens   acc
music           0.94    0.05    0.00 |  0.94  0.97
voice           0.03    0.97    0.01 |  0.97  0.97
environment     0.01    0.01    0.99 |  0.99  0.99
--------------------------------------
prec            0.96    0.94    0.99
                                                            [2018-12-15 16:37:42,331]

                                                            [2018-12-15 16:37:42,331]
F1 overall: 0.96
F1 music: 0.95
F1 voice: 0.95
F1 environment: 0.99

                                                            [2018-12-15 16:37:42,497]
####################################
#
# 20181215_NFFT2048_450_400_350_300_250_200_150_100_50_21ep3
# mic4
# testData_G428
#
####################################

                                                            [2018-12-15 16:37:55,121]
                   m       v       e |  sens   acc
music          19937     671      31 |  0.97  0.97
voice            832   13434     170 |  0.93  0.97
environment       33      13   13179 |  1.00  0.99
--------------------------------------
prec            0.96    0.95    0.98
                                                            [2018-12-15 16:37:55,121]

                                                            [2018-12-15 16:37:55,122]
F1 overall: 0.96
F1 music: 0.96
F1 voice: 0.94
F1 environment: 0.99

                                                            [2018-12-15 16:37:55,178]
####################################
#
# 20181215_NFFT2048_450_400_350_300_250_200_150_100_50_21ep3
# mic4
# testData_G527
#
####################################

                                                            [2018-12-15 16:38:05,666]
                   m       v       e |  sens   acc
music           8817      95       5 |  0.99  0.98
voice            202    2664       0 |  0.93  0.98
environment        0       0    2491 |  1.00  1.00
--------------------------------------
prec            0.98    0.97    1.00
                                                            [2018-12-15 16:38:05,666]

                                                            [2018-12-15 16:38:05,666]
F1 overall: 0.98
F1 music: 0.98
F1 voice: 0.95
F1 environment: 1.00

                                                            [2018-12-15 16:38:05,941]
####################################
#
# 20181215_NFFT2048_450_400_350_300_250_200_150_100_50_21ep3
# mic4
# testData_Studio
#
####################################

                                                            [2018-12-15 16:38:25,699]
                   m       v       e |  sens   acc
music          57233    5381     981 |  0.90  0.94
voice           1756   35642     506 |  0.94  0.94
environment       28     316   41993 |  0.99  0.99
--------------------------------------
prec            0.97    0.86    0.97
                                                            [2018-12-15 16:38:25,699]

                                                            [2018-12-15 16:38:25,699]
F1 overall: 0.94
F1 music: 0.93
F1 voice: 0.90
F1 environment: 0.98

                                                            [2018-12-15 16:38:25,700]
####################################
#
# 20181215_NFFT2048_450_400_350_300_250_200_150_100_50_21ep3
# mic4
# testData_Overall
#
####################################

                                                            [2018-12-15 16:38:25,701]
                   m       v       e |  sens   acc
music           0.95    0.04    0.01 |  0.95  0.96
voice           0.06    0.93    0.01 |  0.93  0.96
environment     0.00    0.00    1.00 |  1.00  0.99
--------------------------------------
prec            0.94    0.95    0.99
                                                            [2018-12-15 16:38:25,701]

                                                            [2018-12-15 16:38:25,702]
F1 overall: 0.96
F1 music: 0.95
F1 voice: 0.94
F1 environment: 0.99

