                                                            [2018-10-27 16:40:02,044]
####################################
#
# maak spectra voor testdata G428, NFFT=4096
#
####################################

                                                            [2018-10-27 16:42:21,424]
Klaar: spectra voor testdata G428
                                                            [2018-10-27 16:42:21,517]
####################################
#
# maak spectra voor testdata G527, NFFT=4096
#
####################################

                                                            [2018-10-27 16:42:52,926]
Klaar: spectra voor testdata G527
                                                            [2018-10-27 16:42:53,013]
####################################
#
# maak spectra voor testdata Studio, NFFT=4096
#
####################################

                                                            [2018-10-27 17:06:47,726]
Klaar: spectra voor testdata Studio
                                                            [2018-10-27 17:06:47,886]
####################################
#
# Orgs G428 en G527, lagen: [400, 250, 100, 20]
#
####################################

                                                            [2018-10-27 17:09:19,606]
                   m       v       e |  sens   acc
music         236160    7216     270 |  0.97  0.98
voice           3848  237287    3112 |  0.97  0.98
environment      221    2121  264094 |  0.99  0.99
--------------------------------------
prec            0.98    0.96    0.99
                                                            [2018-10-27 17:09:19,607]

                                                            [2018-10-27 17:09:19,607]
F1 overall: 0.98
F1 music: 0.98
F1 voice: 0.97
F1 environment: 0.99

                                                            [2018-10-27 17:41:27,578]
####################################
#
# 20181026_NFFT4096_400_250_100_20ep3
# mic4
# testData_G428
#
####################################

                                                            [2018-10-27 17:41:31,142]
                   m       v       e |  sens   acc
music          19659     928      52 |  0.95  0.97
voice            386   13886     164 |  0.96  0.97
environment       14     138   13073 |  0.99  0.99
--------------------------------------
prec            0.98    0.93    0.98
                                                            [2018-10-27 17:41:31,142]

                                                            [2018-10-27 17:41:31,142]
F1 overall: 0.97
F1 music: 0.97
F1 voice: 0.95
F1 environment: 0.99

                                                            [2018-10-27 17:41:31,228]
####################################
#
# 20181026_NFFT4096_400_250_100_20ep3
# mic4
# testData_G527
#
####################################

                                                            [2018-10-27 17:41:33,458]
                   m       v       e |  sens   acc
music           8692     221       4 |  0.97  0.98
voice            112    2754       0 |  0.96  0.98
environment        0       4    2487 |  1.00  1.00
--------------------------------------
prec            0.99    0.92    1.00
                                                            [2018-10-27 17:41:33,458]

                                                            [2018-10-27 17:41:33,459]
F1 overall: 0.97
F1 music: 0.98
F1 voice: 0.94
F1 environment: 1.00

                                                            [2018-10-27 17:41:34,078]
####################################
#
# 20181026_NFFT4096_400_250_100_20ep3
# mic4
# testData_Studio
#
####################################

                                                            [2018-10-27 17:41:43,380]
                   m       v       e |  sens   acc
music          44775   16318    2502 |  0.70  0.87
voice            484   36191    1229 |  0.95  0.86
environment       13    2356   39968 |  0.94  0.96
--------------------------------------
prec            0.99    0.66    0.91
                                                            [2018-10-27 17:41:43,381]

                                                            [2018-10-27 17:41:43,381]
F1 overall: 0.84
F1 music: 0.82
F1 voice: 0.78
F1 environment: 0.93

                                                            [2018-10-27 17:41:43,381]
####################################
#
# 20181026_NFFT4096_400_250_100_20ep3
# mic4
# testData_Overall
#
####################################

                                                            [2018-10-27 17:41:43,382]
                   m       v       e |  sens   acc
music           0.88    0.11    0.01 |  0.88  0.95
voice           0.03    0.96    0.01 |  0.96  0.94
environment     0.00    0.02    0.98 |  0.98  0.98
--------------------------------------
prec            0.97    0.88    0.97
                                                            [2018-10-27 17:41:43,382]

                                                            [2018-10-27 17:41:43,382]
F1 overall: 0.94
F1 music: 0.92
F1 voice: 0.92
F1 environment: 0.97

