                                                            [2018-08-15 17:11:56,140]
####################################
#
# 20180720_allOrgs_100_20ep1
# mic4
# testData_G428
#
####################################

                                                            [2018-08-15 17:11:59,946]
                   m       v       e |  sens   acc
music          20036     567      36 |  0.97  0.96
voice           1282   12944     210 |  0.90  0.96
environment       55      29   13141 |  0.99  0.99
--------------------------------------
prec            0.94    0.96    0.98
                                                            [2018-08-15 17:11:59,946]

                                                            [2018-08-15 17:11:59,946]
F1 overall: 0.96
F1 music: 0.95
F1 voice: 0.93
F1 environment: 0.99

                                                            [2018-08-15 17:11:59,977]
####################################
#
# 20180720_allOrgs_100_20ep1
# mic4
# testData_G527
#
####################################

                                                            [2018-08-15 17:12:02,589]
                   m       v       e |  sens   acc
music           8837      74       6 |  0.99  0.98
voice            255    2609       2 |  0.91  0.98
environment       12       0    2479 |  1.00  1.00
--------------------------------------
prec            0.97    0.97    1.00
                                                            [2018-08-15 17:12:02,589]

                                                            [2018-08-15 17:12:02,589]
F1 overall: 0.97
F1 music: 0.98
F1 voice: 0.94
F1 environment: 1.00

                                                            [2018-08-15 17:12:04,542]
####################################
#
# 20180720_allOrgs_100_20ep1
# mic4
# testData_Studio
#
####################################

                                                            [2018-08-15 17:12:11,122]
                   m       v       e |  sens   acc
music          57262    5472     861 |  0.90  0.94
voice           1776   35204     924 |  0.93  0.94
environment       99     342   41896 |  0.99  0.98
--------------------------------------
prec            0.97    0.86    0.96
                                                            [2018-08-15 17:12:11,122]

                                                            [2018-08-15 17:12:11,122]
F1 overall: 0.93
F1 music: 0.93
F1 voice: 0.89
F1 environment: 0.97

                                                            [2018-08-15 17:12:11,184]
####################################
#
# 20180720_allOrgs_100_20ep2
# mic4
# testData_G428
#
####################################

                                                            [2018-08-15 17:12:14,733]
                   m       v       e |  sens   acc
music          19973     645      21 |  0.97  0.97
voice            775   13494     167 |  0.93  0.97
environment       72      33   13120 |  0.99  0.99
--------------------------------------
prec            0.96    0.95    0.99
                                                            [2018-08-15 17:12:14,733]

                                                            [2018-08-15 17:12:14,733]
F1 overall: 0.97
F1 music: 0.96
F1 voice: 0.94
F1 environment: 0.99

                                                            [2018-08-15 17:12:14,764]
####################################
#
# 20180720_allOrgs_100_20ep2
# mic4
# testData_G527
#
####################################

                                                            [2018-08-15 17:12:17,922]
                   m       v       e |  sens   acc
music           8825      87       5 |  0.99  0.98
voice            206    2658       2 |  0.93  0.98
environment        9       0    2482 |  1.00  1.00
--------------------------------------
prec            0.98    0.97    1.00
                                                            [2018-08-15 17:12:17,922]

                                                            [2018-08-15 17:12:17,922]
F1 overall: 0.98
F1 music: 0.98
F1 voice: 0.95
F1 environment: 1.00

                                                            [2018-08-15 17:12:18,110]
####################################
#
# 20180720_allOrgs_100_20ep2
# mic4
# testData_Studio
#
####################################

                                                            [2018-08-15 17:13:14,788]
####################################
#
# 20180720_allOrgs_100_20ep1
# mic4
# testData_G428
#
####################################

                                                            [2018-08-15 17:13:19,086]
                   m       v       e |  sens   acc
music          20036     567      36 |  0.97  0.96
voice           1282   12944     210 |  0.90  0.96
environment       55      29   13141 |  0.99  0.99
--------------------------------------
prec            0.94    0.96    0.98
                                                            [2018-08-15 17:13:19,086]

                                                            [2018-08-15 17:13:19,086]
F1 overall: 0.96
F1 music: 0.95
F1 voice: 0.93
F1 environment: 0.99

                                                            [2018-08-15 17:13:19,164]
####################################
#
# 20180720_allOrgs_100_20ep2
# mic4
# testData_G428
#
####################################

                                                            [2018-08-15 17:13:23,588]
                   m       v       e |  sens   acc
music          19973     645      21 |  0.97  0.97
voice            775   13494     167 |  0.93  0.97
environment       72      33   13120 |  0.99  0.99
--------------------------------------
prec            0.96    0.95    0.99
                                                            [2018-08-15 17:13:23,588]

                                                            [2018-08-15 17:13:23,588]
F1 overall: 0.97
F1 music: 0.96
F1 voice: 0.94
F1 environment: 0.99

                                                            [2018-08-15 17:13:23,667]
####################################
#
# 20180720_allOrgs_100_20ep3
# mic4
# testData_G428
#
####################################

                                                            [2018-08-15 17:13:28,387]
                   m       v       e |  sens   acc
music          19949     665      25 |  0.97  0.97
voice            715   13528     193 |  0.94  0.97
environment       43      20   13162 |  1.00  0.99
--------------------------------------
prec            0.96    0.95    0.98
                                                            [2018-08-15 17:13:28,387]

                                                            [2018-08-15 17:13:28,387]
F1 overall: 0.97
F1 music: 0.96
F1 voice: 0.94
F1 environment: 0.99

                                                            [2018-08-15 17:13:28,465]
####################################
#
# 20180720_allOrgs_100_20ep4
# mic4
# testData_G428
#
####################################

                                                            [2018-08-15 17:13:33,593]
                   m       v       e |  sens   acc
music          19971     644      24 |  0.97  0.97
voice            651   13637     148 |  0.94  0.97
environment       55      53   13117 |  0.99  0.99
--------------------------------------
prec            0.97    0.95    0.99
                                                            [2018-08-15 17:13:33,593]

                                                            [2018-08-15 17:13:33,593]
F1 overall: 0.97
F1 music: 0.97
F1 voice: 0.95
F1 environment: 0.99

                                                            [2018-08-15 17:13:33,655]
####################################
#
# 20180720_allOrgs_100_20ep5
# mic4
# testData_G428
#
####################################

                                                            [2018-08-15 17:13:38,441]
                   m       v       e |  sens   acc
music          19939     669      31 |  0.97  0.97
voice            809   13467     160 |  0.93  0.97
environment       31      38   13156 |  0.99  0.99
--------------------------------------
prec            0.96    0.95    0.99
                                                            [2018-08-15 17:13:38,441]

                                                            [2018-08-15 17:13:38,441]
F1 overall: 0.96
F1 music: 0.96
F1 voice: 0.94
F1 environment: 0.99

                                                            [2018-08-15 17:13:38,503]
####################################
#
# 20180720_allOrgs_400_250_100_20ep1
# mic4
# testData_G428
#
####################################

                                                            [2018-08-15 17:13:43,802]
                   m       v       e |  sens   acc
music          19953     651      35 |  0.97  0.97
voice            743   13492     201 |  0.93  0.97
environment       55      24   13146 |  0.99  0.99
--------------------------------------
prec            0.96    0.95    0.98
                                                            [2018-08-15 17:13:43,802]

                                                            [2018-08-15 17:13:43,802]
F1 overall: 0.97
F1 music: 0.96
F1 voice: 0.94
F1 environment: 0.99

                                                            [2018-08-15 17:13:43,880]
####################################
#
# 20180720_allOrgs_400_250_100_20ep2
# mic4
# testData_G428
#
####################################

                                                            [2018-08-15 17:13:49,492]
                   m       v       e |  sens   acc
music          19961     648      30 |  0.97  0.98
voice            472   13750     214 |  0.95  0.97
environment       40      57   13128 |  0.99  0.99
--------------------------------------
prec            0.97    0.95    0.98
                                                            [2018-08-15 17:13:49,492]

                                                            [2018-08-15 17:13:49,492]
F1 overall: 0.97
F1 music: 0.97
F1 voice: 0.95
F1 environment: 0.99

                                                            [2018-08-15 17:13:49,570]
####################################
#
# 20180720_allOrgs_400_250_100_20ep3
# mic4
# testData_G428
#
####################################

                                                            [2018-08-15 17:13:55,119]
                   m       v       e |  sens   acc
music          19924     672      43 |  0.97  0.98
voice            446   13842     148 |  0.96  0.97
environment       28      24   13173 |  1.00  0.99
--------------------------------------
prec            0.98    0.95    0.99
                                                            [2018-08-15 17:13:55,119]

                                                            [2018-08-15 17:13:55,119]
F1 overall: 0.97
F1 music: 0.97
F1 voice: 0.96
F1 environment: 0.99

                                                            [2018-08-15 17:13:55,181]
####################################
#
# 20180720_allOrgs_400_250_100_20ep4
# mic4
# testData_G428
#
####################################

                                                            [2018-08-15 17:14:01,919]
                   m       v       e |  sens   acc
music          20027     584      28 |  0.97  0.98
voice            539   13733     164 |  0.95  0.97
environment       30      30   13165 |  1.00  0.99
--------------------------------------
prec            0.97    0.96    0.99
                                                            [2018-08-15 17:14:01,919]

                                                            [2018-08-15 17:14:01,919]
F1 overall: 0.97
F1 music: 0.97
F1 voice: 0.95
F1 environment: 0.99

                                                            [2018-08-15 17:14:01,997]
####################################
#
# 20180720_allOrgs_400_250_100_20ep5
# mic4
# testData_G428
#
####################################

                                                            [2018-08-15 17:14:08,360]
                   m       v       e |  sens   acc
music          19881     724      34 |  0.96  0.98
voice            327   13942     167 |  0.97  0.97
environment       43      30   13152 |  0.99  0.99
--------------------------------------
prec            0.98    0.95    0.98
                                                            [2018-08-15 17:14:08,360]

                                                            [2018-08-15 17:14:08,360]
F1 overall: 0.97
F1 music: 0.97
F1 voice: 0.96
F1 environment: 0.99

                                                            [2018-08-15 17:14:08,438]
####################################
#
# 20180720_allOrgs_400_300_200_100_50_20_10ep1
# mic4
# testData_G428
#
####################################

                                                            [2018-08-15 17:14:15,127]
                   m       v       e |  sens   acc
music          20002     609      28 |  0.97  0.96
voice           1094   13137     205 |  0.91  0.96
environment      101      48   13076 |  0.99  0.99
--------------------------------------
prec            0.94    0.95    0.98
                                                            [2018-08-15 17:14:15,127]

                                                            [2018-08-15 17:14:15,127]
F1 overall: 0.96
F1 music: 0.96
F1 voice: 0.93
F1 environment: 0.99

                                                            [2018-08-15 17:14:15,189]
####################################
#
# 20180720_allOrgs_400_300_200_100_50_20_10ep2
# mic4
# testData_G428
#
####################################

                                                            [2018-08-15 17:14:22,646]
                   m       v       e |  sens   acc
music          20026     587      26 |  0.97  0.97
voice           1041   13259     136 |  0.92  0.96
environment       34      47   13144 |  0.99  0.99
--------------------------------------
prec            0.95    0.95    0.99
                                                            [2018-08-15 17:14:22,646]

                                                            [2018-08-15 17:14:22,646]
F1 overall: 0.96
F1 music: 0.96
F1 voice: 0.94
F1 environment: 0.99

                                                            [2018-08-15 17:14:22,724]
####################################
#
# 20180720_allOrgs_400_300_200_100_50_20_10ep3
# mic4
# testData_G428
#
####################################

                                                            [2018-08-15 17:14:30,618]
                   m       v       e |  sens   acc
music          20003     591      45 |  0.97  0.97
voice            605   13687     144 |  0.95  0.97
environment       43      41   13141 |  0.99  0.99
--------------------------------------
prec            0.97    0.96    0.99
                                                            [2018-08-15 17:14:30,618]

                                                            [2018-08-15 17:14:30,618]
F1 overall: 0.97
F1 music: 0.97
F1 voice: 0.95
F1 environment: 0.99

                                                            [2018-08-15 17:14:30,696]
####################################
#
# 20180720_allOrgs_400_300_200_100_50_20_10ep4
# mic4
# testData_G428
#
####################################

                                                            [2018-08-15 17:14:39,138]
                   m       v       e |  sens   acc
music          19885     727      27 |  0.96  0.97
voice            540   13760     136 |  0.95  0.97
environment       41      34   13150 |  0.99  1.00
--------------------------------------
prec            0.97    0.95    0.99
                                                            [2018-08-15 17:14:39,138]

                                                            [2018-08-15 17:14:39,138]
F1 overall: 0.97
F1 music: 0.97
F1 voice: 0.95
F1 environment: 0.99

                                                            [2018-08-15 17:14:39,247]
####################################
#
# 20180720_allOrgs_400_300_200_100_50_20_10ep5
# mic4
# testData_G428
#
####################################

                                                            [2018-08-15 17:14:47,001]
                   m       v       e |  sens   acc
music          19923     694      22 |  0.97  0.98
voice            453   13841     142 |  0.96  0.97
environment       27      40   13158 |  0.99  1.00
--------------------------------------
prec            0.98    0.95    0.99
                                                            [2018-08-15 17:14:47,001]

                                                            [2018-08-15 17:14:47,001]
F1 overall: 0.97
F1 music: 0.97
F1 voice: 0.95
F1 environment: 0.99

                                                            [2018-08-15 17:14:47,095]
####################################
#
# 20180720_allOrgs_450_400_350_300_250_200_150_100_50_21ep1
# mic4
# testData_G428
#
####################################

                                                            [2018-08-15 17:14:56,754]
                   m       v       e |  sens   acc
music          19940     679      20 |  0.97  0.96
voice            802   13447     187 |  0.93  0.96
environment      230      38   12957 |  0.98  0.99
--------------------------------------
prec            0.95    0.95    0.98
                                                            [2018-08-15 17:14:56,754]

                                                            [2018-08-15 17:14:56,754]
F1 overall: 0.96
F1 music: 0.96
F1 voice: 0.94
F1 environment: 0.98

                                                            [2018-08-15 17:14:56,832]
####################################
#
# 20180720_allOrgs_450_400_350_300_250_200_150_100_50_21ep2
# mic4
# testData_G428
#
####################################

                                                            [2018-08-15 17:15:06,008]
                   m       v       e |  sens   acc
music          20048     570      21 |  0.97  0.96
voice           1123   13125     188 |  0.91  0.96
environment       81      23   13121 |  0.99  0.99
--------------------------------------
prec            0.94    0.96    0.98
                                                            [2018-08-15 17:15:06,008]

                                                            [2018-08-15 17:15:06,008]
F1 overall: 0.96
F1 music: 0.96
F1 voice: 0.93
F1 environment: 0.99

                                                            [2018-08-15 17:15:06,070]
####################################
#
# 20180720_allOrgs_450_400_350_300_250_200_150_100_50_21ep3
# mic4
# testData_G428
#
####################################

                                                            [2018-08-15 17:15:16,496]
                   m       v       e |  sens   acc
music          20106     515      18 |  0.97  0.97
voice            941   13342     153 |  0.92  0.97
environment       57      63   13105 |  0.99  0.99
--------------------------------------
prec            0.95    0.96    0.99
                                                            [2018-08-15 17:15:16,496]

                                                            [2018-08-15 17:15:16,496]
F1 overall: 0.96
F1 music: 0.96
F1 voice: 0.94
F1 environment: 0.99

                                                            [2018-08-15 17:15:16,574]
####################################
#
# 20180720_allOrgs_450_400_350_300_250_200_150_100_50_21ep4
# mic4
# testData_G428
#
####################################

                                                            [2018-08-15 17:15:26,236]
                   m       v       e |  sens   acc
music          19940     672      27 |  0.97  0.97
voice            485   13781     170 |  0.95  0.97
environment       59      23   13143 |  0.99  0.99
--------------------------------------
prec            0.97    0.95    0.99
                                                            [2018-08-15 17:15:26,236]

                                                            [2018-08-15 17:15:26,236]
F1 overall: 0.97
F1 music: 0.97
F1 voice: 0.95
F1 environment: 0.99

                                                            [2018-08-15 17:15:26,299]
####################################
#
# 20180720_allOrgs_450_400_350_300_250_200_150_100_50_21ep5
# mic4
# testData_G428
#
####################################

                                                            [2018-08-15 17:15:36,521]
                   m       v       e |  sens   acc
music          19961     662      16 |  0.97  0.97
voice            790   13494     152 |  0.93  0.97
environment       72      44   13109 |  0.99  0.99
--------------------------------------
prec            0.96    0.95    0.99
                                                            [2018-08-15 17:15:36,521]

                                                            [2018-08-15 17:15:36,521]
F1 overall: 0.96
F1 music: 0.96
F1 voice: 0.94
F1 environment: 0.99

                                                            [2018-08-15 17:15:36,552]
####################################
#
# 20180720_allOrgs_100_20ep1
# mic4
# testData_G527
#
####################################

                                                            [2018-08-15 17:15:43,433]
                   m       v       e |  sens   acc
music           8837      74       6 |  0.99  0.98
voice            255    2609       2 |  0.91  0.98
environment       12       0    2479 |  1.00  1.00
--------------------------------------
prec            0.97    0.97    1.00
                                                            [2018-08-15 17:15:43,433]

                                                            [2018-08-15 17:15:43,433]
F1 overall: 0.97
F1 music: 0.98
F1 voice: 0.94
F1 environment: 1.00

                                                            [2018-08-15 17:15:43,479]
####################################
#
# 20180720_allOrgs_100_20ep2
# mic4
# testData_G527
#
####################################

                                                            [2018-08-15 17:15:50,450]
                   m       v       e |  sens   acc
music           8825      87       5 |  0.99  0.98
voice            206    2658       2 |  0.93  0.98
environment        9       0    2482 |  1.00  1.00
--------------------------------------
prec            0.98    0.97    1.00
                                                            [2018-08-15 17:15:50,450]

                                                            [2018-08-15 17:15:50,466]
F1 overall: 0.98
F1 music: 0.98
F1 voice: 0.95
F1 environment: 1.00

                                                            [2018-08-15 17:15:50,497]
####################################
#
# 20180720_allOrgs_100_20ep3
# mic4
# testData_G527
#
####################################

                                                            [2018-08-15 17:15:57,594]
                   m       v       e |  sens   acc
music           8809      98      10 |  0.99  0.98
voice            183    2682       1 |  0.94  0.98
environment        5       0    2486 |  1.00  1.00
--------------------------------------
prec            0.98    0.96    1.00
                                                            [2018-08-15 17:15:57,594]

                                                            [2018-08-15 17:15:57,594]
F1 overall: 0.98
F1 music: 0.98
F1 voice: 0.95
F1 environment: 1.00

                                                            [2018-08-15 17:15:57,626]
####################################
#
# 20180720_allOrgs_100_20ep4
# mic4
# testData_G527
#
####################################

                                                            [2018-08-15 17:16:04,846]
                   m       v       e |  sens   acc
music           8824      87       6 |  0.99  0.98
voice            141    2723       2 |  0.95  0.98
environment        6       1    2484 |  1.00  1.00
--------------------------------------
prec            0.98    0.97    1.00
                                                            [2018-08-15 17:16:04,846]

                                                            [2018-08-15 17:16:04,846]
F1 overall: 0.98
F1 music: 0.99
F1 voice: 0.96
F1 environment: 1.00

                                                            [2018-08-15 17:16:04,878]
####################################
#
# 20180720_allOrgs_100_20ep5
# mic4
# testData_G527
#
####################################

                                                            [2018-08-15 17:16:12,320]
                   m       v       e |  sens   acc
music           8815      89      13 |  0.99  0.98
voice            190    2675       1 |  0.93  0.98
environment        1       1    2489 |  1.00  1.00
--------------------------------------
prec            0.98    0.97    0.99
                                                            [2018-08-15 17:16:12,320]

                                                            [2018-08-15 17:16:12,320]
F1 overall: 0.98
F1 music: 0.98
F1 voice: 0.95
F1 environment: 1.00

                                                            [2018-08-15 17:16:12,351]
####################################
#
# 20180720_allOrgs_400_250_100_20ep1
# mic4
# testData_G527
#
####################################

                                                            [2018-08-15 17:16:20,164]
                   m       v       e |  sens   acc
music           8830      82       5 |  0.99  0.98
voice            182    2683       1 |  0.94  0.98
environment        4       0    2487 |  1.00  1.00
--------------------------------------
prec            0.98    0.97    1.00
                                                            [2018-08-15 17:16:20,164]

                                                            [2018-08-15 17:16:20,164]
F1 overall: 0.98
F1 music: 0.98
F1 voice: 0.95
F1 environment: 1.00

                                                            [2018-08-15 17:16:20,196]
####################################
#
# 20180720_allOrgs_400_250_100_20ep2
# mic4
# testData_G527
#
####################################

                                                            [2018-08-15 17:16:28,138]
                   m       v       e |  sens   acc
music           8819      93       5 |  0.99  0.99
voice             73    2785       8 |  0.97  0.99
environment        7       0    2484 |  1.00  1.00
--------------------------------------
prec            0.99    0.97    0.99
                                                            [2018-08-15 17:16:28,138]

                                                            [2018-08-15 17:16:28,138]
F1 overall: 0.99
F1 music: 0.99
F1 voice: 0.97
F1 environment: 1.00

                                                            [2018-08-15 17:16:28,169]
####################################
#
# 20180720_allOrgs_400_250_100_20ep3
# mic4
# testData_G527
#
####################################

                                                            [2018-08-15 17:16:36,454]
                   m       v       e |  sens   acc
music           8785     120      12 |  0.99  0.98
voice            111    2755       0 |  0.96  0.98
environment        0       0    2491 |  1.00  1.00
--------------------------------------
prec            0.99    0.96    1.00
                                                            [2018-08-15 17:16:36,454]

                                                            [2018-08-15 17:16:36,454]
F1 overall: 0.98
F1 music: 0.99
F1 voice: 0.96
F1 environment: 1.00

                                                            [2018-08-15 17:16:36,485]
####################################
#
# 20180720_allOrgs_400_250_100_20ep4
# mic4
# testData_G527
#
####################################

                                                            [2018-08-15 17:16:44,785]
                   m       v       e |  sens   acc
music           8844      64       9 |  0.99  0.99
voice            119    2745       2 |  0.96  0.99
environment        1       0    2490 |  1.00  1.00
--------------------------------------
prec            0.99    0.98    1.00
                                                            [2018-08-15 17:16:44,785]

                                                            [2018-08-15 17:16:44,785]
F1 overall: 0.98
F1 music: 0.99
F1 voice: 0.97
F1 environment: 1.00

                                                            [2018-08-15 17:16:44,832]
####################################
#
# 20180720_allOrgs_400_250_100_20ep5
# mic4
# testData_G527
#
####################################

                                                            [2018-08-15 17:16:53,055]
                   m       v       e |  sens   acc
music           8798     111       8 |  0.99  0.99
voice             55    2811       0 |  0.98  0.99
environment       13       0    2478 |  0.99  1.00
--------------------------------------
prec            0.99    0.96    1.00
                                                            [2018-08-15 17:16:53,055]

                                                            [2018-08-15 17:16:53,055]
F1 overall: 0.99
F1 music: 0.99
F1 voice: 0.97
F1 environment: 1.00

                                                            [2018-08-15 17:16:53,102]
####################################
#
# 20180720_allOrgs_400_300_200_100_50_20_10ep1
# mic4
# testData_G527
#
####################################

                                                            [2018-08-15 17:17:02,342]
                   m       v       e |  sens   acc
music           8849      65       3 |  0.99  0.98
voice            237    2628       1 |  0.92  0.98
environment       20       0    2471 |  0.99  1.00
--------------------------------------
prec            0.97    0.98    1.00
                                                            [2018-08-15 17:17:02,342]

                                                            [2018-08-15 17:17:02,342]
F1 overall: 0.97
F1 music: 0.98
F1 voice: 0.95
F1 environment: 1.00

                                                            [2018-08-15 17:17:02,373]
####################################
#
# 20180720_allOrgs_400_300_200_100_50_20_10ep2
# mic4
# testData_G527
#
####################################

                                                            [2018-08-15 17:17:11,359]
                   m       v       e |  sens   acc
music           8831      77       9 |  0.99  0.98
voice            219    2647       0 |  0.92  0.98
environment        2       2    2487 |  1.00  1.00
--------------------------------------
prec            0.98    0.97    1.00
                                                            [2018-08-15 17:17:11,359]

                                                            [2018-08-15 17:17:11,359]
F1 overall: 0.98
F1 music: 0.98
F1 voice: 0.95
F1 environment: 1.00

                                                            [2018-08-15 17:17:11,390]
####################################
#
# 20180720_allOrgs_400_300_200_100_50_20_10ep3
# mic4
# testData_G527
#
####################################

                                                            [2018-08-15 17:17:20,677]
                   m       v       e |  sens   acc
music           8813      95       9 |  0.99  0.99
voice             99    2766       1 |  0.97  0.99
environment        1       0    2490 |  1.00  1.00
--------------------------------------
prec            0.99    0.97    1.00
                                                            [2018-08-15 17:17:20,677]

                                                            [2018-08-15 17:17:20,677]
F1 overall: 0.98
F1 music: 0.99
F1 voice: 0.97
F1 environment: 1.00

                                                            [2018-08-15 17:17:20,708]
####################################
#
# 20180720_allOrgs_400_300_200_100_50_20_10ep4
# mic4
# testData_G527
#
####################################

                                                            [2018-08-15 17:17:30,603]
                   m       v       e |  sens   acc
music           8786     123       8 |  0.99  0.98
voice            110    2756       0 |  0.96  0.98
environment        5       0    2486 |  1.00  1.00
--------------------------------------
prec            0.99    0.96    1.00
                                                            [2018-08-15 17:17:30,603]

                                                            [2018-08-15 17:17:30,603]
F1 overall: 0.98
F1 music: 0.99
F1 voice: 0.96
F1 environment: 1.00

                                                            [2018-08-15 17:17:30,634]
####################################
#
# 20180720_allOrgs_400_300_200_100_50_20_10ep5
# mic4
# testData_G527
#
####################################

                                                            [2018-08-15 17:17:40,652]
                   m       v       e |  sens   acc
music           8805     107       5 |  0.99  0.99
voice             96    2769       1 |  0.97  0.99
environment        1       0    2490 |  1.00  1.00
--------------------------------------
prec            0.99    0.96    1.00
                                                            [2018-08-15 17:17:40,652]

                                                            [2018-08-15 17:17:40,652]
F1 overall: 0.98
F1 music: 0.99
F1 voice: 0.96
F1 environment: 1.00

                                                            [2018-08-15 17:17:40,699]
####################################
#
# 20180720_allOrgs_450_400_350_300_250_200_150_100_50_21ep1
# mic4
# testData_G527
#
####################################

                                                            [2018-08-15 17:17:51,800]
                   m       v       e |  sens   acc
music           8817      98       2 |  0.99  0.97
voice            206    2660       0 |  0.93  0.98
environment       65      13    2413 |  0.97  0.99
--------------------------------------
prec            0.97    0.96    1.00
                                                            [2018-08-15 17:17:51,800]

                                                            [2018-08-15 17:17:51,800]
F1 overall: 0.97
F1 music: 0.98
F1 voice: 0.94
F1 environment: 0.98

                                                            [2018-08-15 17:17:51,831]
####################################
#
# 20180720_allOrgs_450_400_350_300_250_200_150_100_50_21ep2
# mic4
# testData_G527
#
####################################

                                                            [2018-08-15 17:18:02,321]
                   m       v       e |  sens   acc
music           8838      77       2 |  0.99  0.98
voice            247    2617       2 |  0.91  0.98
environment       14       0    2477 |  0.99  1.00
--------------------------------------
prec            0.97    0.97    1.00
                                                            [2018-08-15 17:18:02,321]

                                                            [2018-08-15 17:18:02,321]
F1 overall: 0.97
F1 music: 0.98
F1 voice: 0.94
F1 environment: 1.00

                                                            [2018-08-15 17:18:02,352]
####################################
#
# 20180720_allOrgs_450_400_350_300_250_200_150_100_50_21ep3
# mic4
# testData_G527
#
####################################

                                                            [2018-08-15 17:18:13,498]
                   m       v       e |  sens   acc
music           8862      53       2 |  0.99  0.98
voice            149    2715       2 |  0.95  0.99
environment       13       1    2477 |  0.99  1.00
--------------------------------------
prec            0.98    0.98    1.00
                                                            [2018-08-15 17:18:13,498]

                                                            [2018-08-15 17:18:13,498]
F1 overall: 0.98
F1 music: 0.99
F1 voice: 0.96
F1 environment: 1.00

                                                            [2018-08-15 17:18:13,529]
####################################
#
# 20180720_allOrgs_450_400_350_300_250_200_150_100_50_21ep4
# mic4
# testData_G527
#
####################################

                                                            [2018-08-15 17:18:25,127]
                   m       v       e |  sens   acc
music           8811     104       2 |  0.99  0.99
voice             75    2791       0 |  0.97  0.99
environment        7       0    2484 |  1.00  1.00
--------------------------------------
prec            0.99    0.96    1.00
                                                            [2018-08-15 17:18:25,127]

                                                            [2018-08-15 17:18:25,127]
F1 overall: 0.99
F1 music: 0.99
F1 voice: 0.97
F1 environment: 1.00

                                                            [2018-08-15 17:18:25,159]
####################################
#
# 20180720_allOrgs_450_400_350_300_250_200_150_100_50_21ep5
# mic4
# testData_G527
#
####################################

                                                            [2018-08-15 17:18:37,431]
                   m       v       e |  sens   acc
music           8858      59       0 |  0.99  0.98
voice            141    2725       0 |  0.95  0.99
environment       22       0    2469 |  0.99  1.00
--------------------------------------
prec            0.98    0.98    1.00
                                                            [2018-08-15 17:18:37,431]

                                                            [2018-08-15 17:18:37,431]
F1 overall: 0.98
F1 music: 0.99
F1 voice: 0.96
F1 environment: 1.00

                                                            [2018-08-15 17:18:37,618]
####################################
#
# 20180720_allOrgs_100_20ep1
# mic4
# testData_Studio
#
####################################

                                                            [2018-08-15 17:18:59,144]
                   m       v       e |  sens   acc
music          57262    5472     861 |  0.90  0.94
voice           1776   35204     924 |  0.93  0.94
environment       99     342   41896 |  0.99  0.98
--------------------------------------
prec            0.97    0.86    0.96
                                                            [2018-08-15 17:18:59,144]

                                                            [2018-08-15 17:18:59,144]
F1 overall: 0.93
F1 music: 0.93
F1 voice: 0.89
F1 environment: 0.97

                                                            [2018-08-15 17:18:59,362]
####################################
#
# 20180720_allOrgs_100_20ep2
# mic4
# testData_Studio
#
####################################

                                                            [2018-08-15 17:19:22,326]
                   m       v       e |  sens   acc
music          56225    6635     735 |  0.88  0.94
voice            921   36293     690 |  0.96  0.94
environment       62     337   41938 |  0.99  0.99
--------------------------------------
prec            0.98    0.84    0.97
                                                            [2018-08-15 17:19:22,326]

                                                            [2018-08-15 17:19:22,326]
F1 overall: 0.93
F1 music: 0.93
F1 voice: 0.89
F1 environment: 0.98

                                                            [2018-08-15 17:19:22,529]
####################################
#
# 20180720_allOrgs_100_20ep3
# mic4
# testData_Studio
#
####################################

                                                            [2018-08-15 17:19:45,522]
                   m       v       e |  sens   acc
music          56501    6305     789 |  0.89  0.94
voice            899   36505     500 |  0.96  0.94
environment       48     326   41963 |  0.99  0.99
--------------------------------------
prec            0.98    0.85    0.97
                                                            [2018-08-15 17:19:45,522]

                                                            [2018-08-15 17:19:45,522]
F1 overall: 0.94
F1 music: 0.93
F1 voice: 0.90
F1 environment: 0.98

                                                            [2018-08-15 17:19:45,709]
####################################
#
# 20180720_allOrgs_100_20ep4
# mic4
# testData_Studio
#
####################################

                                                            [2018-08-15 17:20:09,939]
                   m       v       e |  sens   acc
music          57717    5317     561 |  0.91  0.95
voice           1685   35860     359 |  0.95  0.95
environment       66     512   41759 |  0.99  0.99
--------------------------------------
prec            0.97    0.86    0.98
                                                            [2018-08-15 17:20:09,939]

                                                            [2018-08-15 17:20:09,939]
F1 overall: 0.94
F1 music: 0.94
F1 voice: 0.90
F1 environment: 0.98

                                                            [2018-08-15 17:20:10,142]
####################################
#
# 20180720_allOrgs_100_20ep5
# mic4
# testData_Studio
#
####################################

                                                            [2018-08-15 17:20:32,482]
                   m       v       e |  sens   acc
music          56696    6105     794 |  0.89  0.94
voice           1100   36290     514 |  0.96  0.94
environment       46     333   41958 |  0.99  0.99
--------------------------------------
prec            0.98    0.85    0.97
                                                            [2018-08-15 17:20:32,482]

                                                            [2018-08-15 17:20:32,482]
F1 overall: 0.94
F1 music: 0.93
F1 voice: 0.90
F1 environment: 0.98

                                                            [2018-08-15 17:20:32,669]
####################################
#
# 20180720_allOrgs_400_250_100_20ep1
# mic4
# testData_Studio
#
####################################

                                                            [2018-08-15 17:20:57,336]
                   m       v       e |  sens   acc
music          56268    6581     746 |  0.88  0.95
voice            530   36888     486 |  0.97  0.94
environment       51     427   41859 |  0.99  0.99
--------------------------------------
prec            0.99    0.84    0.97
                                                            [2018-08-15 17:20:57,336]

                                                            [2018-08-15 17:20:57,336]
F1 overall: 0.94
F1 music: 0.93
F1 voice: 0.90
F1 environment: 0.98

                                                            [2018-08-15 17:20:57,539]
####################################
#
# 20180720_allOrgs_400_250_100_20ep2
# mic4
# testData_Studio
#
####################################

                                                            [2018-08-15 17:21:20,829]
                   m       v       e |  sens   acc
music          56736    6109     750 |  0.89  0.95
voice           1003   36078     823 |  0.95  0.94
environment       41     381   41915 |  0.99  0.99
--------------------------------------
prec            0.98    0.85    0.96
                                                            [2018-08-15 17:21:20,829]

                                                            [2018-08-15 17:21:20,829]
F1 overall: 0.94
F1 music: 0.93
F1 voice: 0.90
F1 environment: 0.98

                                                            [2018-08-15 17:21:21,032]
####################################
#
# 20180720_allOrgs_400_250_100_20ep3
# mic4
# testData_Studio
#
####################################

                                                            [2018-08-15 17:21:46,073]
                   m       v       e |  sens   acc
music          56732    5948     915 |  0.89  0.95
voice            770   36756     378 |  0.97  0.95
environment       26     372   41939 |  0.99  0.99
--------------------------------------
prec            0.99    0.85    0.97
                                                            [2018-08-15 17:21:46,073]

                                                            [2018-08-15 17:21:46,073]
F1 overall: 0.94
F1 music: 0.94
F1 voice: 0.91
F1 environment: 0.98

                                                            [2018-08-15 17:21:46,292]
####################################
#
# 20180720_allOrgs_400_250_100_20ep4
# mic4
# testData_Studio
#
####################################

                                                            [2018-08-15 17:22:06,738]
                   m       v       e |  sens   acc
music          58150    4659     786 |  0.91  0.96
voice            915   36460     529 |  0.96  0.95
environment       57     408   41872 |  0.99  0.99
--------------------------------------
prec            0.98    0.88    0.97
                                                            [2018-08-15 17:22:06,738]

                                                            [2018-08-15 17:22:06,738]
F1 overall: 0.95
F1 music: 0.95
F1 voice: 0.92
F1 environment: 0.98

                                                            [2018-08-15 17:22:06,928]
####################################
#
# 20180720_allOrgs_400_250_100_20ep5
# mic4
# testData_Studio
#
####################################

                                                            [2018-08-15 17:22:31,611]
                   m       v       e |  sens   acc
music          56951    5802     842 |  0.90  0.95
voice            779   36615     510 |  0.97  0.95
environment       38     384   41915 |  0.99  0.99
--------------------------------------
prec            0.99    0.86    0.97
                                                            [2018-08-15 17:22:31,611]

                                                            [2018-08-15 17:22:31,611]
F1 overall: 0.94
F1 music: 0.94
F1 voice: 0.91
F1 environment: 0.98

                                                            [2018-08-15 17:22:31,798]
####################################
#
# 20180720_allOrgs_400_300_200_100_50_20_10ep1
# mic4
# testData_Studio
#
####################################

                                                            [2018-08-15 17:22:54,420]
                   m       v       e |  sens   acc
music          56571    6116     908 |  0.89  0.95
voice            774   36139     991 |  0.95  0.94
environment       52     349   41936 |  0.99  0.98
--------------------------------------
prec            0.99    0.85    0.96
                                                            [2018-08-15 17:22:54,420]

                                                            [2018-08-15 17:22:54,420]
F1 overall: 0.94
F1 music: 0.94
F1 voice: 0.90
F1 environment: 0.97

                                                            [2018-08-15 17:22:54,638]
####################################
#
# 20180720_allOrgs_400_300_200_100_50_20_10ep2
# mic4
# testData_Studio
#
####################################

                                                            [2018-08-15 17:23:21,648]
                   m       v       e |  sens   acc
music          56858    5929     808 |  0.89  0.94
voice           1265   36261     378 |  0.96  0.94
environment       35     477   41825 |  0.99  0.99
--------------------------------------
prec            0.98    0.85    0.97
                                                            [2018-08-15 17:23:21,648]

                                                            [2018-08-15 17:23:21,648]
F1 overall: 0.94
F1 music: 0.93
F1 voice: 0.90
F1 environment: 0.98

                                                            [2018-08-15 17:23:21,851]
####################################
#
# 20180720_allOrgs_400_300_200_100_50_20_10ep3
# mic4
# testData_Studio
#
####################################

                                                            [2018-08-15 17:23:44,395]
                   m       v       e |  sens   acc
music          57199    5473     923 |  0.90  0.95
voice            898   36557     449 |  0.96  0.95
environment       45     411   41881 |  0.99  0.99
--------------------------------------
prec            0.98    0.86    0.97
                                                            [2018-08-15 17:23:44,395]

                                                            [2018-08-15 17:23:44,411]
F1 overall: 0.94
F1 music: 0.94
F1 voice: 0.91
F1 environment: 0.98

                                                            [2018-08-15 17:23:44,583]
####################################
#
# 20180720_allOrgs_400_300_200_100_50_20_10ep4
# mic4
# testData_Studio
#
####################################

                                                            [2018-08-15 17:24:09,564]
                   m       v       e |  sens   acc
music          56388    6310     897 |  0.89  0.94
voice           1356   35981     567 |  0.95  0.94
environment       35     430   41872 |  0.99  0.99
--------------------------------------
prec            0.98    0.84    0.97
                                                            [2018-08-15 17:24:09,564]

                                                            [2018-08-15 17:24:09,564]
F1 overall: 0.93
F1 music: 0.93
F1 voice: 0.89
F1 environment: 0.98

                                                            [2018-08-15 17:24:09,736]
####################################
#
# 20180720_allOrgs_400_300_200_100_50_20_10ep5
# mic4
# testData_Studio
#
####################################

                                                            [2018-08-15 17:24:35,371]
                   m       v       e |  sens   acc
music          56885    6039     671 |  0.89  0.94
voice           1197   36433     274 |  0.96  0.94
environment       31     629   41677 |  0.98  0.99
--------------------------------------
prec            0.98    0.85    0.98
                                                            [2018-08-15 17:24:35,371]

                                                            [2018-08-15 17:24:35,371]
F1 overall: 0.94
F1 music: 0.93
F1 voice: 0.90
F1 environment: 0.98

                                                            [2018-08-15 17:24:35,558]
####################################
#
# 20180720_allOrgs_450_400_350_300_250_200_150_100_50_21ep1
# mic4
# testData_Studio
#
####################################

                                                            [2018-08-15 17:25:05,679]
                   m       v       e |  sens   acc
music          56789    6094     712 |  0.89  0.95
voice            860   35738    1306 |  0.94  0.94
environment       57     277   42003 |  0.99  0.98
--------------------------------------
prec            0.98    0.85    0.95
                                                            [2018-08-15 17:25:05,679]

                                                            [2018-08-15 17:25:05,679]
F1 overall: 0.93
F1 music: 0.94
F1 voice: 0.89
F1 environment: 0.97

                                                            [2018-08-15 17:25:05,882]
####################################
#
# 20180720_allOrgs_450_400_350_300_250_200_150_100_50_21ep2
# mic4
# testData_Studio
#
####################################

                                                            [2018-08-15 17:25:31,299]
                   m       v       e |  sens   acc
music          57248    5579     768 |  0.90  0.94
voice           1625   35656     623 |  0.94  0.94
environment       57     343   41937 |  0.99  0.99
--------------------------------------
prec            0.97    0.86    0.97
                                                            [2018-08-15 17:25:31,299]

                                                            [2018-08-15 17:25:31,299]
F1 overall: 0.94
F1 music: 0.93
F1 voice: 0.90
F1 environment: 0.98

                                                            [2018-08-15 17:25:31,486]
####################################
#
# 20180720_allOrgs_450_400_350_300_250_200_150_100_50_21ep3
# mic4
# testData_Studio
#
####################################

                                                            [2018-08-15 17:26:01,435]
                   m       v       e |  sens   acc
music          57598    5467     530 |  0.91  0.95
voice           1251   36207     446 |  0.96  0.95
environment       50     495   41792 |  0.99  0.99
--------------------------------------
prec            0.98    0.86    0.98
                                                            [2018-08-15 17:26:01,435]

                                                            [2018-08-15 17:26:01,435]
F1 overall: 0.94
F1 music: 0.94
F1 voice: 0.90
F1 environment: 0.98

                                                            [2018-08-15 17:26:01,638]
####################################
#
# 20180720_allOrgs_450_400_350_300_250_200_150_100_50_21ep4
# mic4
# testData_Studio
#
####################################

                                                            [2018-08-15 17:26:27,824]
                   m       v       e |  sens   acc
music          56643    6336     616 |  0.89  0.95
voice            564   36728     612 |  0.97  0.95
environment       49     320   41968 |  0.99  0.99
--------------------------------------
prec            0.99    0.85    0.97
                                                            [2018-08-15 17:26:27,824]

                                                            [2018-08-15 17:26:27,824]
F1 overall: 0.94
F1 music: 0.94
F1 voice: 0.90
F1 environment: 0.98

                                                            [2018-08-15 17:26:27,996]
####################################
#
# 20180720_allOrgs_450_400_350_300_250_200_150_100_50_21ep5
# mic4
# testData_Studio
#
####################################

                                                            [2018-08-15 17:27:00,528]
                   m       v       e |  sens   acc
music          57469    5637     489 |  0.90  0.95
voice            575   36912     417 |  0.97  0.95
environment       52     644   41641 |  0.98  0.99
--------------------------------------
prec            0.99    0.85    0.98
                                                            [2018-08-15 17:27:00,528]

                                                            [2018-08-15 17:27:00,528]
F1 overall: 0.95
F1 music: 0.94
F1 voice: 0.91
F1 environment: 0.98

