                                                            [2019-01-03 20:17:06,214]
####################################
#
# maak spectra voor testdata G428, NFFT=4096
#
####################################

                                                            [2019-01-03 20:17:15,913]
Klaar: spectra voor testdata G428
                                                            [2019-01-03 20:17:16,020]
####################################
#
# maak spectra voor testdata G527, NFFT=4096
#
####################################

                                                            [2019-01-03 20:17:18,221]
Klaar: spectra voor testdata G527
                                                            [2019-01-03 20:17:18,394]
####################################
#
# maak spectra voor testdata Studio, NFFT=4096
#
####################################

                                                            [2019-01-03 20:18:45,006]
Klaar: spectra voor testdata Studio
                                                            [2019-01-03 20:18:45,294]
####################################
#
# Alle orgs, lagen: [100, 20]
#
####################################

                                                            [2019-01-03 20:18:45,404]

*****************
* Epoch nr 1
*****************

                                                            [2019-01-03 20:18:55,246]
                   m       v       e |  sens   acc
music          21066    1798      31 |  0.92  0.97
voice            248   22162     499 |  0.97  0.93
environment       32    2415   20978 |  0.90  0.96
--------------------------------------
prec            0.99    0.84    0.98
                                                            [2019-01-03 20:18:55,246]

                                                            [2019-01-03 20:18:55,246]
F1 overall: 0.93
F1 music: 0.95
F1 voice: 0.90
F1 environment: 0.93

                                                            [2019-01-03 20:18:55,246]

*****************
* Epoch nr 2
*****************

                                                            [2019-01-03 20:19:03,144]
                   m       v       e |  sens   acc
music          21974     911      10 |  0.96  0.98
voice            442   22025     442 |  0.96  0.95
environment       41    1553   21831 |  0.93  0.97
--------------------------------------
prec            0.98    0.90    0.98
                                                            [2019-01-03 20:19:03,144]

                                                            [2019-01-03 20:19:03,144]
F1 overall: 0.95
F1 music: 0.97
F1 voice: 0.93
F1 environment: 0.96

                                                            [2019-01-03 20:19:03,144]

*****************
* Epoch nr 3
*****************

                                                            [2019-01-03 20:19:10,688]
                   m       v       e |  sens   acc
music          22235     651       9 |  0.97  0.98
voice            460   21985     464 |  0.96  0.96
environment       46    1051   22328 |  0.95  0.98
--------------------------------------
prec            0.98    0.93    0.98
                                                            [2019-01-03 20:19:10,688]

                                                            [2019-01-03 20:19:10,688]
F1 overall: 0.96
F1 music: 0.97
F1 voice: 0.94
F1 environment: 0.97

                                                            [2019-01-03 20:19:10,688]

*****************
* Epoch nr 4
*****************

                                                            [2019-01-03 20:19:19,682]
                   m       v       e |  sens   acc
music          22414     474       7 |  0.98  0.99
voice            306   22271     332 |  0.97  0.97
environment       48    1107   22270 |  0.95  0.98
--------------------------------------
prec            0.98    0.93    0.99
                                                            [2019-01-03 20:19:19,682]

                                                            [2019-01-03 20:19:19,682]
F1 overall: 0.97
F1 music: 0.98
F1 voice: 0.95
F1 environment: 0.97

                                                            [2019-01-03 20:19:19,682]

*****************
* Epoch nr 5
*****************

                                                            [2019-01-03 20:19:27,955]
                   m       v       e |  sens   acc
music          22441     441      13 |  0.98  0.99
voice            192   22374     343 |  0.98  0.97
environment       34     757   22634 |  0.97  0.98
--------------------------------------
prec            0.99    0.95    0.98
                                                            [2019-01-03 20:19:27,955]

                                                            [2019-01-03 20:19:27,955]
F1 overall: 0.97
F1 music: 0.99
F1 voice: 0.96
F1 environment: 0.98

                                                            [2019-01-03 20:19:27,955]
####################################
#
# Alle orgs, lagen: [400, 250, 100, 20]
#
####################################

                                                            [2019-01-03 20:19:28,202]

*****************
* Epoch nr 1
*****************

                                                            [2019-01-03 20:19:38,547]
                   m       v       e |  sens   acc
music          22345     544       6 |  0.98  0.98
voice           1021   21495     393 |  0.94  0.96
environment       58    1000   22367 |  0.95  0.98
--------------------------------------
prec            0.95    0.93    0.98
                                                            [2019-01-03 20:19:38,563]

                                                            [2019-01-03 20:19:38,563]
F1 overall: 0.96
F1 music: 0.96
F1 voice: 0.94
F1 environment: 0.97

                                                            [2019-01-03 20:19:38,563]

*****************
* Epoch nr 2
*****************

                                                            [2019-01-03 20:19:48,419]
                   m       v       e |  sens   acc
music          22655     235       5 |  0.99  0.99
voice            463   22050     396 |  0.96  0.98
environment       43     418   22964 |  0.98  0.99
--------------------------------------
prec            0.98    0.97    0.98
                                                            [2019-01-03 20:19:48,419]

                                                            [2019-01-03 20:19:48,419]
F1 overall: 0.98
F1 music: 0.98
F1 voice: 0.97
F1 environment: 0.98

                                                            [2019-01-03 20:19:48,419]

*****************
* Epoch nr 3
*****************

                                                            [2019-01-03 20:19:58,115]
                   m       v       e |  sens   acc
music          21867    1022       6 |  0.96  0.98
voice            116   22586     207 |  0.99  0.97
environment        7     439   22979 |  0.98  0.99
--------------------------------------
prec            0.99    0.94    0.99
                                                            [2019-01-03 20:19:58,115]

                                                            [2019-01-03 20:19:58,115]
F1 overall: 0.97
F1 music: 0.97
F1 voice: 0.96
F1 environment: 0.99

                                                            [2019-01-03 20:19:58,115]

*****************
* Epoch nr 4
*****************

                                                            [2019-01-03 20:20:08,041]
                   m       v       e |  sens   acc
music          22671     221       3 |  0.99  1.00
voice            109   22618     182 |  0.99  0.99
environment       11     288   23126 |  0.99  0.99
--------------------------------------
prec            0.99    0.98    0.99
                                                            [2019-01-03 20:20:08,041]

                                                            [2019-01-03 20:20:08,041]
F1 overall: 0.99
F1 music: 0.99
F1 voice: 0.98
F1 environment: 0.99

                                                            [2019-01-03 20:20:08,041]

*****************
* Epoch nr 5
*****************

                                                            [2019-01-03 20:20:18,846]
                   m       v       e |  sens   acc
music          22611     279       5 |  0.99  0.99
voice            132   22560     217 |  0.98  0.99
environment        2     280   23143 |  0.99  0.99
--------------------------------------
prec            0.99    0.98    0.99
                                                            [2019-01-03 20:20:18,846]

                                                            [2019-01-03 20:20:18,846]
F1 overall: 0.99
F1 music: 0.99
F1 voice: 0.98
F1 environment: 0.99

                                                            [2019-01-03 20:20:18,846]
####################################
#
# Alle orgs, lagen: [400, 300, 200, 100, 50, 20, 10]
#
####################################

                                                            [2019-01-03 20:20:19,018]

*****************
* Epoch nr 1
*****************

                                                            [2019-01-03 20:20:34,438]
                   m       v       e |  sens   acc
music          21962     929       4 |  0.96  0.98
voice            262   22019     628 |  0.96  0.97
environment       13     431   22981 |  0.98  0.98
--------------------------------------
prec            0.99    0.94    0.97
                                                            [2019-01-03 20:20:34,438]

                                                            [2019-01-03 20:20:34,438]
F1 overall: 0.97
F1 music: 0.97
F1 voice: 0.95
F1 environment: 0.98

                                                            [2019-01-03 20:20:34,438]

*****************
* Epoch nr 2
*****************

                                                            [2019-01-03 20:20:46,576]
                   m       v       e |  sens   acc
music          22670     222       3 |  0.99  0.99
voice            246   22118     545 |  0.97  0.98
environment        9     207   23209 |  0.99  0.99
--------------------------------------
prec            0.99    0.98    0.98
                                                            [2019-01-03 20:20:46,576]

                                                            [2019-01-03 20:20:46,576]
F1 overall: 0.98
F1 music: 0.99
F1 voice: 0.97
F1 environment: 0.98

                                                            [2019-01-03 20:20:46,576]

*****************
* Epoch nr 3
*****************

                                                            [2019-01-03 20:20:58,664]
                   m       v       e |  sens   acc
music          22679     215       1 |  0.99  1.00
voice            101   22656     152 |  0.99  0.99
environment        4     474   22947 |  0.98  0.99
--------------------------------------
prec            1.00    0.97    0.99
                                                            [2019-01-03 20:20:58,664]

                                                            [2019-01-03 20:20:58,664]
F1 overall: 0.99
F1 music: 0.99
F1 voice: 0.98
F1 environment: 0.99

                                                            [2019-01-03 20:20:58,664]

*****************
* Epoch nr 4
*****************

                                                            [2019-01-03 20:21:11,271]
                   m       v       e |  sens   acc
music          22748     140       7 |  0.99  1.00
voice            184   22488     237 |  0.98  0.99
environment       11     208   23206 |  0.99  0.99
--------------------------------------
prec            0.99    0.98    0.99
                                                            [2019-01-03 20:21:11,271]

                                                            [2019-01-03 20:21:11,271]
F1 overall: 0.99
F1 music: 0.99
F1 voice: 0.98
F1 environment: 0.99

                                                            [2019-01-03 20:21:11,286]

*****************
* Epoch nr 5
*****************

                                                            [2019-01-03 20:21:24,364]
                   m       v       e |  sens   acc
music          22778     115       2 |  0.99  1.00
voice             91   22729      89 |  0.99  0.99
environment       10     306   23109 |  0.99  0.99
--------------------------------------
prec            1.00    0.98    1.00
                                                            [2019-01-03 20:21:24,364]

                                                            [2019-01-03 20:21:24,364]
F1 overall: 0.99
F1 music: 1.00
F1 voice: 0.99
F1 environment: 0.99

                                                            [2019-01-03 20:21:24,364]
####################################
#
# Alle orgs, lagen: [450, 400, 350, 300, 250, 200, 150, 100, 50, 21]
#
####################################

                                                            [2019-01-03 20:21:24,567]

*****************
* Epoch nr 1
*****************

                                                            [2019-01-03 20:21:42,613]
                   m       v       e |  sens   acc
music          22607     282       6 |  0.99  0.98
voice            707   21805     397 |  0.95  0.97
environment       44     376   23005 |  0.98  0.99
--------------------------------------
prec            0.97    0.97    0.98
                                                            [2019-01-03 20:21:42,613]

                                                            [2019-01-03 20:21:42,613]
F1 overall: 0.97
F1 music: 0.98
F1 voice: 0.96
F1 environment: 0.98

                                                            [2019-01-03 20:21:42,613]

*****************
* Epoch nr 2
*****************

                                                            [2019-01-03 20:22:00,583]
                   m       v       e |  sens   acc
music          22539     342      14 |  0.98  0.99
voice            233   22340     336 |  0.98  0.98
environment        7     213   23205 |  0.99  0.99
--------------------------------------
prec            0.99    0.98    0.99
                                                            [2019-01-03 20:22:00,583]

                                                            [2019-01-03 20:22:00,583]
F1 overall: 0.98
F1 music: 0.99
F1 voice: 0.98
F1 environment: 0.99

                                                            [2019-01-03 20:22:00,583]

*****************
* Epoch nr 3
*****************

                                                            [2019-01-03 20:22:19,177]
                   m       v       e |  sens   acc
music          22705     183       7 |  0.99  0.99
voice            299   22352     258 |  0.98  0.99
environment        8     269   23148 |  0.99  0.99
--------------------------------------
prec            0.99    0.98    0.99
                                                            [2019-01-03 20:22:19,177]

                                                            [2019-01-03 20:22:19,177]
F1 overall: 0.99
F1 music: 0.99
F1 voice: 0.98
F1 environment: 0.99

                                                            [2019-01-03 20:22:19,177]

*****************
* Epoch nr 4
*****************

                                                            [2019-01-03 20:22:37,528]
                   m       v       e |  sens   acc
music          22490     402       3 |  0.98  0.99
voice            182   22626     101 |  0.99  0.98
environment        2     383   23040 |  0.98  0.99
--------------------------------------
prec            0.99    0.97    1.00
                                                            [2019-01-03 20:22:37,528]

                                                            [2019-01-03 20:22:37,528]
F1 overall: 0.98
F1 music: 0.99
F1 voice: 0.98
F1 environment: 0.99

                                                            [2019-01-03 20:22:37,528]

*****************
* Epoch nr 5
*****************

                                                            [2019-01-03 20:22:55,746]
                   m       v       e |  sens   acc
music          22797      90       8 |  1.00  1.00
voice            135   22512     262 |  0.98  0.99
environment        1     118   23306 |  0.99  0.99
--------------------------------------
prec            0.99    0.99    0.99
                                                            [2019-01-03 20:22:55,746]

                                                            [2019-01-03 20:22:55,746]
F1 overall: 0.99
F1 music: 0.99
F1 voice: 0.99
F1 environment: 0.99

                                                            [2019-01-03 20:22:55,907]
####################################
#
# 20190103_NFFT4096_100_20ep1
# mic4
# testData_G428
#
####################################

                                                            [2019-01-03 20:23:00,566]
                   m       v       e |  sens   acc
music           1246      25       1 |  0.98  0.98
voice             31     774      11 |  0.95  0.98
environment        1       0     797 |  1.00  1.00
--------------------------------------
prec            0.97    0.97    0.99
                                                            [2019-01-03 20:23:00,566]

                                                            [2019-01-03 20:23:00,566]
F1 overall: 0.98
F1 music: 0.98
F1 voice: 0.96
F1 environment: 0.99

                                                            [2019-01-03 20:23:00,597]
####################################
#
# 20190103_NFFT4096_100_20ep1
# mic4
# testData_G527
#
####################################

                                                            [2019-01-03 20:23:05,257]
                   m       v       e |  sens   acc
music            526      10       0 |  0.98  0.98
voice              5     139       1 |  0.96  0.98
environment        0       0     150 |  1.00  1.00
--------------------------------------
prec            0.99    0.93    0.99
                                                            [2019-01-03 20:23:05,257]

                                                            [2019-01-03 20:23:05,257]
F1 overall: 0.98
F1 music: 0.99
F1 voice: 0.95
F1 environment: 1.00

                                                            [2019-01-03 20:23:05,320]
####################################
#
# 20190103_NFFT4096_100_20ep1
# mic4
# testData_Studio
#
####################################

                                                            [2019-01-03 20:23:10,694]
                   m       v       e |  sens   acc
music           3245     570      30 |  0.84  0.93
voice              0    1983      58 |  0.97  0.92
environment        0       8    2534 |  1.00  0.99
--------------------------------------
prec            1.00    0.77    0.97
                                                            [2019-01-03 20:23:10,694]

                                                            [2019-01-03 20:23:10,694]
F1 overall: 0.92
F1 music: 0.92
F1 voice: 0.86
F1 environment: 0.98

                                                            [2019-01-03 20:23:10,694]
####################################
#
# 20190103_NFFT4096_100_20ep1
# mic4
# testData_Overall
#
####################################

                                                            [2019-01-03 20:23:10,694]
                   m       v       e |  sens   acc
music           0.93    0.06    0.00 |  0.93  0.97
voice           0.02    0.96    0.02 |  0.96  0.97
environment     0.00    0.00    1.00 |  1.00  0.99
--------------------------------------
prec            0.97    0.94    0.98
                                                            [2019-01-03 20:23:10,694]

                                                            [2019-01-03 20:23:10,694]
F1 overall: 0.96
F1 music: 0.95
F1 voice: 0.95
F1 environment: 0.99

                                                            [2019-01-03 20:23:10,726]
####################################
#
# 20190103_NFFT4096_100_20ep2
# mic4
# testData_G428
#
####################################

                                                            [2019-01-03 20:23:15,616]
                   m       v       e |  sens   acc
music           1257      15       0 |  0.99  0.99
voice             26     781       9 |  0.96  0.98
environment        1       0     797 |  1.00  1.00
--------------------------------------
prec            0.98    0.98    0.99
                                                            [2019-01-03 20:23:15,616]

                                                            [2019-01-03 20:23:15,616]
F1 overall: 0.98
F1 music: 0.98
F1 voice: 0.97
F1 environment: 0.99

                                                            [2019-01-03 20:23:15,647]
####################################
#
# 20190103_NFFT4096_100_20ep2
# mic4
# testData_G527
#
####################################

                                                            [2019-01-03 20:23:20,661]
                   m       v       e |  sens   acc
music            533       3       0 |  0.99  0.99
voice              6     139       0 |  0.96  0.99
environment        0       0     150 |  1.00  1.00
--------------------------------------
prec            0.99    0.98    1.00
                                                            [2019-01-03 20:23:20,661]

                                                            [2019-01-03 20:23:20,661]
F1 overall: 0.99
F1 music: 0.99
F1 voice: 0.97
F1 environment: 1.00

                                                            [2019-01-03 20:23:20,724]
####################################
#
# 20190103_NFFT4096_100_20ep2
# mic4
# testData_Studio
#
####################################

                                                            [2019-01-03 20:23:26,973]
                   m       v       e |  sens   acc
music           3481     346      18 |  0.91  0.96
voice              1    2006      34 |  0.98  0.95
environment        0      14    2528 |  0.99  0.99
--------------------------------------
prec            1.00    0.85    0.98
                                                            [2019-01-03 20:23:26,973]

                                                            [2019-01-03 20:23:26,973]
F1 overall: 0.95
F1 music: 0.95
F1 voice: 0.91
F1 environment: 0.99

                                                            [2019-01-03 20:23:26,973]
####################################
#
# 20190103_NFFT4096_100_20ep2
# mic4
# testData_Overall
#
####################################

                                                            [2019-01-03 20:23:26,973]
                   m       v       e |  sens   acc
music           0.96    0.04    0.00 |  0.96  0.98
voice           0.02    0.97    0.01 |  0.97  0.98
environment     0.00    0.00    1.00 |  1.00  1.00
--------------------------------------
prec            0.97    0.96    0.99
                                                            [2019-01-03 20:23:26,973]

                                                            [2019-01-03 20:23:26,973]
F1 overall: 0.98
F1 music: 0.97
F1 voice: 0.96
F1 environment: 0.99

                                                            [2019-01-03 20:23:27,020]
####################################
#
# 20190103_NFFT4096_100_20ep3
# mic4
# testData_G428
#
####################################

                                                            [2019-01-03 20:23:32,332]
                   m       v       e |  sens   acc
music           1261      11       0 |  0.99  0.98
voice             58     751       7 |  0.92  0.97
environment        1       0     797 |  1.00  1.00
--------------------------------------
prec            0.96    0.99    0.99
                                                            [2019-01-03 20:23:32,332]

                                                            [2019-01-03 20:23:32,332]
F1 overall: 0.97
F1 music: 0.97
F1 voice: 0.95
F1 environment: 1.00

                                                            [2019-01-03 20:23:32,363]
####################################
#
# 20190103_NFFT4096_100_20ep3
# mic4
# testData_G527
#
####################################

                                                            [2019-01-03 20:23:37,785]
                   m       v       e |  sens   acc
music            532       4       0 |  0.99  0.98
voice             14     131       0 |  0.90  0.98
environment        0       0     150 |  1.00  1.00
--------------------------------------
prec            0.97    0.97    1.00
                                                            [2019-01-03 20:23:37,785]

                                                            [2019-01-03 20:23:37,785]
F1 overall: 0.97
F1 music: 0.98
F1 voice: 0.94
F1 environment: 1.00

                                                            [2019-01-03 20:23:37,847]
####################################
#
# 20190103_NFFT4096_100_20ep3
# mic4
# testData_Studio
#
####################################

                                                            [2019-01-03 20:23:43,988]
                   m       v       e |  sens   acc
music           3605     229      11 |  0.94  0.97
voice              7    2003      31 |  0.98  0.97
environment        1       8    2533 |  1.00  0.99
--------------------------------------
prec            1.00    0.89    0.98
                                                            [2019-01-03 20:23:43,988]

                                                            [2019-01-03 20:23:43,988]
F1 overall: 0.96
F1 music: 0.97
F1 voice: 0.94
F1 environment: 0.99

                                                            [2019-01-03 20:23:43,988]
####################################
#
# 20190103_NFFT4096_100_20ep3
# mic4
# testData_Overall
#
####################################

                                                            [2019-01-03 20:23:43,988]
                   m       v       e |  sens   acc
music           0.97    0.03    0.00 |  0.97  0.97
voice           0.06    0.94    0.01 |  0.94  0.97
environment     0.00    0.00    1.00 |  1.00  1.00
--------------------------------------
prec            0.94    0.97    0.99
                                                            [2019-01-03 20:23:43,988]

                                                            [2019-01-03 20:23:43,988]
F1 overall: 0.97
F1 music: 0.96
F1 voice: 0.95
F1 environment: 0.99

                                                            [2019-01-03 20:23:44,034]
####################################
#
# 20190103_NFFT4096_100_20ep4
# mic4
# testData_G428
#
####################################

                                                            [2019-01-03 20:23:49,690]
                   m       v       e |  sens   acc
music           1262      10       0 |  0.99  0.99
voice             11     797       8 |  0.98  0.99
environment        1       0     797 |  1.00  1.00
--------------------------------------
prec            0.99    0.99    0.99
                                                            [2019-01-03 20:23:49,690]

                                                            [2019-01-03 20:23:49,690]
F1 overall: 0.99
F1 music: 0.99
F1 voice: 0.98
F1 environment: 0.99

                                                            [2019-01-03 20:23:49,722]
####################################
#
# 20190103_NFFT4096_100_20ep4
# mic4
# testData_G527
#
####################################

                                                            [2019-01-03 20:23:55,362]
                   m       v       e |  sens   acc
music            535       1       0 |  1.00  0.99
voice              5     140       0 |  0.97  0.99
environment        0       0     150 |  1.00  1.00
--------------------------------------
prec            0.99    0.99    1.00
                                                            [2019-01-03 20:23:55,362]

                                                            [2019-01-03 20:23:55,362]
F1 overall: 0.99
F1 music: 0.99
F1 voice: 0.98
F1 environment: 1.00

                                                            [2019-01-03 20:23:55,424]
####################################
#
# 20190103_NFFT4096_100_20ep4
# mic4
# testData_Studio
#
####################################

                                                            [2019-01-03 20:24:01,799]
                   m       v       e |  sens   acc
music           3632     199      14 |  0.94  0.97
voice              8    2017      16 |  0.99  0.97
environment        1       9    2532 |  1.00  1.00
--------------------------------------
prec            1.00    0.91    0.99
                                                            [2019-01-03 20:24:01,799]

                                                            [2019-01-03 20:24:01,799]
F1 overall: 0.97
F1 music: 0.97
F1 voice: 0.95
F1 environment: 0.99

                                                            [2019-01-03 20:24:01,799]
####################################
#
# 20190103_NFFT4096_100_20ep4
# mic4
# testData_Overall
#
####################################

                                                            [2019-01-03 20:24:01,799]
                   m       v       e |  sens   acc
music           0.98    0.02    0.00 |  0.98  0.99
voice           0.02    0.98    0.01 |  0.98  0.99
environment     0.00    0.00    1.00 |  1.00  1.00
--------------------------------------
prec            0.98    0.98    0.99
                                                            [2019-01-03 20:24:01,799]

                                                            [2019-01-03 20:24:01,799]
F1 overall: 0.98
F1 music: 0.98
F1 voice: 0.98
F1 environment: 1.00

                                                            [2019-01-03 20:24:01,846]
####################################
#
# 20190103_NFFT4096_100_20ep5
# mic4
# testData_G428
#
####################################

                                                            [2019-01-03 20:24:07,642]
                   m       v       e |  sens   acc
music           1255      14       3 |  0.99  0.99
voice             12     798       6 |  0.98  0.99
environment        0       0     798 |  1.00  1.00
--------------------------------------
prec            0.99    0.98    0.99
                                                            [2019-01-03 20:24:07,642]

                                                            [2019-01-03 20:24:07,642]
F1 overall: 0.99
F1 music: 0.99
F1 voice: 0.98
F1 environment: 0.99

                                                            [2019-01-03 20:24:07,673]
####################################
#
# 20190103_NFFT4096_100_20ep5
# mic4
# testData_G527
#
####################################

                                                            [2019-01-03 20:24:13,735]
                   m       v       e |  sens   acc
music            532       4       0 |  0.99  0.99
voice              1     144       0 |  0.99  0.99
environment        0       0     150 |  1.00  1.00
--------------------------------------
prec            1.00    0.97    1.00
                                                            [2019-01-03 20:24:13,735]

                                                            [2019-01-03 20:24:13,735]
F1 overall: 0.99
F1 music: 1.00
F1 voice: 0.98
F1 environment: 1.00

                                                            [2019-01-03 20:24:13,782]
####################################
#
# 20190103_NFFT4096_100_20ep5
# mic4
# testData_Studio
#
####################################

                                                            [2019-01-03 20:24:20,648]
                   m       v       e |  sens   acc
music           3609     220      16 |  0.94  0.97
voice             10    2017      14 |  0.99  0.97
environment        1       8    2533 |  1.00  1.00
--------------------------------------
prec            1.00    0.90    0.99
                                                            [2019-01-03 20:24:20,648]

                                                            [2019-01-03 20:24:20,648]
F1 overall: 0.97
F1 music: 0.97
F1 voice: 0.94
F1 environment: 0.99

                                                            [2019-01-03 20:24:20,648]
####################################
#
# 20190103_NFFT4096_100_20ep5
# mic4
# testData_Overall
#
####################################

                                                            [2019-01-03 20:24:20,663]
                   m       v       e |  sens   acc
music           0.97    0.03    0.00 |  0.97  0.99
voice           0.01    0.99    0.00 |  0.99  0.99
environment     0.00    0.00    1.00 |  1.00  1.00
--------------------------------------
prec            0.99    0.97    0.99
                                                            [2019-01-03 20:24:20,663]

                                                            [2019-01-03 20:24:20,663]
F1 overall: 0.99
F1 music: 0.98
F1 voice: 0.98
F1 environment: 1.00

                                                            [2019-01-03 20:24:20,694]
####################################
#
# 20190103_NFFT4096_400_250_100_20ep1
# mic4
# testData_G428
#
####################################

                                                            [2019-01-03 20:24:27,834]
                   m       v       e |  sens   acc
music           1262      10       0 |  0.99  0.97
voice             81     725      10 |  0.89  0.97
environment        1       0     797 |  1.00  1.00
--------------------------------------
prec            0.94    0.99    0.99
                                                            [2019-01-03 20:24:27,834]

                                                            [2019-01-03 20:24:27,834]
F1 overall: 0.96
F1 music: 0.96
F1 voice: 0.93
F1 environment: 0.99

                                                            [2019-01-03 20:24:27,866]
####################################
#
# 20190103_NFFT4096_400_250_100_20ep1
# mic4
# testData_G527
#
####################################

                                                            [2019-01-03 20:24:34,412]
                   m       v       e |  sens   acc
music            534       2       0 |  1.00  0.98
voice             12     133       0 |  0.92  0.98
environment        0       0     150 |  1.00  1.00
--------------------------------------
prec            0.98    0.99    1.00
                                                            [2019-01-03 20:24:34,412]

                                                            [2019-01-03 20:24:34,412]
F1 overall: 0.98
F1 music: 0.99
F1 voice: 0.95
F1 environment: 1.00

                                                            [2019-01-03 20:24:34,459]
####################################
#
# 20190103_NFFT4096_400_250_100_20ep1
# mic4
# testData_Studio
#
####################################

                                                            [2019-01-03 20:24:42,021]
                   m       v       e |  sens   acc
music           3678     163       4 |  0.96  0.98
voice             21    2006      14 |  0.98  0.97
environment        3      24    2515 |  0.99  0.99
--------------------------------------
prec            0.99    0.91    0.99
                                                            [2019-01-03 20:24:42,021]

                                                            [2019-01-03 20:24:42,021]
F1 overall: 0.97
F1 music: 0.97
F1 voice: 0.95
F1 environment: 0.99

                                                            [2019-01-03 20:24:42,021]
####################################
#
# 20190103_NFFT4096_400_250_100_20ep1
# mic4
# testData_Overall
#
####################################

                                                            [2019-01-03 20:24:42,021]
                   m       v       e |  sens   acc
music           0.98    0.02    0.00 |  0.98  0.97
voice           0.06    0.93    0.01 |  0.93  0.97
environment     0.00    0.00    1.00 |  1.00  1.00
--------------------------------------
prec            0.94    0.98    0.99
                                                            [2019-01-03 20:24:42,021]

                                                            [2019-01-03 20:24:42,021]
F1 overall: 0.97
F1 music: 0.96
F1 voice: 0.95
F1 environment: 0.99

                                                            [2019-01-03 20:24:42,068]
####################################
#
# 20190103_NFFT4096_400_250_100_20ep2
# mic4
# testData_G428
#
####################################

                                                            [2019-01-03 20:24:49,054]
                   m       v       e |  sens   acc
music           1265       7       0 |  0.99  0.98
voice             43     760      13 |  0.93  0.98
environment        1       0     797 |  1.00  1.00
--------------------------------------
prec            0.97    0.99    0.98
                                                            [2019-01-03 20:24:49,054]

                                                            [2019-01-03 20:24:49,054]
F1 overall: 0.98
F1 music: 0.98
F1 voice: 0.96
F1 environment: 0.99

                                                            [2019-01-03 20:24:49,085]
####################################
#
# 20190103_NFFT4096_400_250_100_20ep2
# mic4
# testData_G527
#
####################################

                                                            [2019-01-03 20:24:55,852]
                   m       v       e |  sens   acc
music            534       2       0 |  1.00  0.99
voice              6     139       0 |  0.96  0.99
environment        0       0     150 |  1.00  1.00
--------------------------------------
prec            0.99    0.99    1.00
                                                            [2019-01-03 20:24:55,852]

                                                            [2019-01-03 20:24:55,852]
F1 overall: 0.99
F1 music: 0.99
F1 voice: 0.97
F1 environment: 1.00

                                                            [2019-01-03 20:24:55,915]
####################################
#
# 20190103_NFFT4096_400_250_100_20ep2
# mic4
# testData_Studio
#
####################################

                                                            [2019-01-03 20:25:03,742]
                   m       v       e |  sens   acc
music           3721     120       4 |  0.97  0.98
voice             14    2017      10 |  0.99  0.98
environment        1      14    2527 |  0.99  1.00
--------------------------------------
prec            1.00    0.94    0.99
                                                            [2019-01-03 20:25:03,742]

                                                            [2019-01-03 20:25:03,742]
F1 overall: 0.98
F1 music: 0.98
F1 voice: 0.96
F1 environment: 0.99

                                                            [2019-01-03 20:25:03,742]
####################################
#
# 20190103_NFFT4096_400_250_100_20ep2
# mic4
# testData_Overall
#
####################################

                                                            [2019-01-03 20:25:03,742]
                   m       v       e |  sens   acc
music           0.99    0.01    0.00 |  0.99  0.98
voice           0.03    0.96    0.01 |  0.96  0.98
environment     0.00    0.00    1.00 |  1.00  1.00
--------------------------------------
prec            0.97    0.98    0.99
                                                            [2019-01-03 20:25:03,742]

                                                            [2019-01-03 20:25:03,742]
F1 overall: 0.98
F1 music: 0.98
F1 voice: 0.97
F1 environment: 1.00

                                                            [2019-01-03 20:25:03,789]
####################################
#
# 20190103_NFFT4096_400_250_100_20ep3
# mic4
# testData_G428
#
####################################

                                                            [2019-01-03 20:25:11,195]
                   m       v       e |  sens   acc
music           1249      23       0 |  0.98  0.99
voice             19     789       8 |  0.97  0.98
environment        0       0     798 |  1.00  1.00
--------------------------------------
prec            0.99    0.97    0.99
                                                            [2019-01-03 20:25:11,195]

                                                            [2019-01-03 20:25:11,195]
F1 overall: 0.98
F1 music: 0.98
F1 voice: 0.97
F1 environment: 1.00

                                                            [2019-01-03 20:25:11,210]
####################################
#
# 20190103_NFFT4096_400_250_100_20ep3
# mic4
# testData_G527
#
####################################

                                                            [2019-01-03 20:25:18,429]
                   m       v       e |  sens   acc
music            524      12       0 |  0.98  0.97
voice             12     133       0 |  0.92  0.97
environment        0       0     150 |  1.00  1.00
--------------------------------------
prec            0.98    0.92    1.00
                                                            [2019-01-03 20:25:18,429]

                                                            [2019-01-03 20:25:18,429]
F1 overall: 0.96
F1 music: 0.98
F1 voice: 0.92
F1 environment: 1.00

                                                            [2019-01-03 20:25:18,476]
####################################
#
# 20190103_NFFT4096_400_250_100_20ep3
# mic4
# testData_Studio
#
####################################

                                                            [2019-01-03 20:25:27,289]
                   m       v       e |  sens   acc
music           3560     279       6 |  0.93  0.97
voice              3    2034       4 |  1.00  0.96
environment        1      32    2509 |  0.99  0.99
--------------------------------------
prec            1.00    0.87    1.00
                                                            [2019-01-03 20:25:27,289]

                                                            [2019-01-03 20:25:27,289]
F1 overall: 0.96
F1 music: 0.96
F1 voice: 0.93
F1 environment: 0.99

                                                            [2019-01-03 20:25:27,289]
####################################
#
# 20190103_NFFT4096_400_250_100_20ep3
# mic4
# testData_Overall
#
####################################

                                                            [2019-01-03 20:25:27,289]
                   m       v       e |  sens   acc
music           0.96    0.04    0.00 |  0.96  0.98
voice           0.04    0.96    0.00 |  0.96  0.97
environment     0.00    0.00    1.00 |  1.00  1.00
--------------------------------------
prec            0.96    0.96    1.00
                                                            [2019-01-03 20:25:27,289]

                                                            [2019-01-03 20:25:27,289]
F1 overall: 0.97
F1 music: 0.96
F1 voice: 0.96
F1 environment: 1.00

                                                            [2019-01-03 20:25:27,336]
####################################
#
# 20190103_NFFT4096_400_250_100_20ep4
# mic4
# testData_G428
#
####################################

                                                            [2019-01-03 20:25:35,210]
                   m       v       e |  sens   acc
music           1261      11       0 |  0.99  0.99
voice              5     804       7 |  0.99  0.99
environment        0       0     798 |  1.00  1.00
--------------------------------------
prec            1.00    0.99    0.99
                                                            [2019-01-03 20:25:35,210]

                                                            [2019-01-03 20:25:35,210]
F1 overall: 0.99
F1 music: 0.99
F1 voice: 0.99
F1 environment: 1.00

                                                            [2019-01-03 20:25:35,242]
####################################
#
# 20190103_NFFT4096_400_250_100_20ep4
# mic4
# testData_G527
#
####################################

                                                            [2019-01-03 20:25:43,241]
                   m       v       e |  sens   acc
music            531       5       0 |  0.99  0.99
voice              1     144       0 |  0.99  0.99
environment        0       0     150 |  1.00  1.00
--------------------------------------
prec            1.00    0.97    1.00
                                                            [2019-01-03 20:25:43,241]

                                                            [2019-01-03 20:25:43,241]
F1 overall: 0.99
F1 music: 0.99
F1 voice: 0.98
F1 environment: 1.00

                                                            [2019-01-03 20:25:43,288]
####################################
#
# 20190103_NFFT4096_400_250_100_20ep4
# mic4
# testData_Studio
#
####################################

                                                            [2019-01-03 20:25:51,990]
                   m       v       e |  sens   acc
music           3676     162       7 |  0.96  0.98
voice              7    2025       9 |  0.99  0.98
environment        1      12    2529 |  0.99  1.00
--------------------------------------
prec            1.00    0.92    0.99
                                                            [2019-01-03 20:25:51,990]

                                                            [2019-01-03 20:25:51,990]
F1 overall: 0.98
F1 music: 0.98
F1 voice: 0.96
F1 environment: 0.99

                                                            [2019-01-03 20:25:51,990]
####################################
#
# 20190103_NFFT4096_400_250_100_20ep4
# mic4
# testData_Overall
#
####################################

                                                            [2019-01-03 20:25:51,990]
                   m       v       e |  sens   acc
music           0.98    0.02    0.00 |  0.98  0.99
voice           0.01    0.99    0.00 |  0.99  0.99
environment     0.00    0.00    1.00 |  1.00  1.00
--------------------------------------
prec            0.99    0.98    1.00
                                                            [2019-01-03 20:25:51,990]

                                                            [2019-01-03 20:25:51,990]
F1 overall: 0.99
F1 music: 0.99
F1 voice: 0.98
F1 environment: 1.00

                                                            [2019-01-03 20:25:52,022]
####################################
#
# 20190103_NFFT4096_400_250_100_20ep5
# mic4
# testData_G428
#
####################################

                                                            [2019-01-03 20:26:00,162]
                   m       v       e |  sens   acc
music           1261      10       1 |  0.99  0.99
voice              6     802       8 |  0.98  0.99
environment        0       0     798 |  1.00  1.00
--------------------------------------
prec            1.00    0.99    0.99
                                                            [2019-01-03 20:26:00,177]

                                                            [2019-01-03 20:26:00,177]
F1 overall: 0.99
F1 music: 0.99
F1 voice: 0.99
F1 environment: 0.99

                                                            [2019-01-03 20:26:00,193]
####################################
#
# 20190103_NFFT4096_400_250_100_20ep5
# mic4
# testData_G527
#
####################################

                                                            [2019-01-03 20:26:08,177]
                   m       v       e |  sens   acc
music            534       2       0 |  1.00  1.00
voice              2     143       0 |  0.99  1.00
environment        0       0     150 |  1.00  1.00
--------------------------------------
prec            1.00    0.99    1.00
                                                            [2019-01-03 20:26:08,177]

                                                            [2019-01-03 20:26:08,177]
F1 overall: 0.99
F1 music: 1.00
F1 voice: 0.99
F1 environment: 1.00

                                                            [2019-01-03 20:26:08,223]
####################################
#
# 20190103_NFFT4096_400_250_100_20ep5
# mic4
# testData_Studio
#
####################################

                                                            [2019-01-03 20:26:17,067]
                   m       v       e |  sens   acc
music           3676     155      14 |  0.96  0.98
voice              3    2033       5 |  1.00  0.98
environment        1      33    2508 |  0.99  0.99
--------------------------------------
prec            1.00    0.92    0.99
                                                            [2019-01-03 20:26:17,067]

                                                            [2019-01-03 20:26:17,067]
F1 overall: 0.97
F1 music: 0.98
F1 voice: 0.95
F1 environment: 0.99

                                                            [2019-01-03 20:26:17,067]
####################################
#
# 20190103_NFFT4096_400_250_100_20ep5
# mic4
# testData_Overall
#
####################################

                                                            [2019-01-03 20:26:17,067]
                   m       v       e |  sens   acc
music           0.98    0.02    0.00 |  0.98  0.99
voice           0.01    0.99    0.00 |  0.99  0.99
environment     0.00    0.00    1.00 |  1.00  1.00
--------------------------------------
prec            0.99    0.98    0.99
                                                            [2019-01-03 20:26:17,067]

                                                            [2019-01-03 20:26:17,067]
F1 overall: 0.99
F1 music: 0.99
F1 voice: 0.98
F1 environment: 0.99

                                                            [2019-01-03 20:26:17,098]
####################################
#
# 20190103_NFFT4096_400_300_200_100_50_20_10ep1
# mic4
# testData_G428
#
####################################

                                                            [2019-01-03 20:26:26,552]
                   m       v       e |  sens   acc
music           1249      22       1 |  0.98  0.98
voice             31     776       9 |  0.95  0.98
environment        0       1     797 |  1.00  1.00
--------------------------------------
prec            0.98    0.97    0.99
                                                            [2019-01-03 20:26:26,552]

                                                            [2019-01-03 20:26:26,552]
F1 overall: 0.98
F1 music: 0.98
F1 voice: 0.96
F1 environment: 0.99

                                                            [2019-01-03 20:26:26,584]
####################################
#
# 20190103_NFFT4096_400_300_200_100_50_20_10ep1
# mic4
# testData_G527
#
####################################

                                                            [2019-01-03 20:26:35,489]
                   m       v       e |  sens   acc
music            528       8       0 |  0.99  0.99
voice              3     142       0 |  0.98  0.99
environment        0       0     150 |  1.00  1.00
--------------------------------------
prec            0.99    0.95    1.00
                                                            [2019-01-03 20:26:35,489]

                                                            [2019-01-03 20:26:35,489]
F1 overall: 0.98
F1 music: 0.99
F1 voice: 0.96
F1 environment: 1.00

                                                            [2019-01-03 20:26:35,567]
####################################
#
# 20190103_NFFT4096_400_300_200_100_50_20_10ep1
# mic4
# testData_Studio
#
####################################

                                                            [2019-01-03 20:26:46,316]
                   m       v       e |  sens   acc
music           3527     310       8 |  0.92  0.96
voice              6    2014      21 |  0.99  0.96
environment        1       5    2536 |  1.00  1.00
--------------------------------------
prec            1.00    0.86    0.99
                                                            [2019-01-03 20:26:46,316]

                                                            [2019-01-03 20:26:46,316]
F1 overall: 0.96
F1 music: 0.96
F1 voice: 0.92
F1 environment: 0.99

                                                            [2019-01-03 20:26:46,316]
####################################
#
# 20190103_NFFT4096_400_300_200_100_50_20_10ep1
# mic4
# testData_Overall
#
####################################

                                                            [2019-01-03 20:26:46,316]
                   m       v       e |  sens   acc
music           0.96    0.04    0.00 |  0.96  0.98
voice           0.02    0.97    0.01 |  0.97  0.98
environment     0.00    0.00    1.00 |  1.00  1.00
--------------------------------------
prec            0.98    0.96    0.99
                                                            [2019-01-03 20:26:46,316]

                                                            [2019-01-03 20:26:46,316]
F1 overall: 0.98
F1 music: 0.97
F1 voice: 0.97
F1 environment: 1.00

                                                            [2019-01-03 20:26:46,379]
####################################
#
# 20190103_NFFT4096_400_300_200_100_50_20_10ep2
# mic4
# testData_G428
#
####################################

                                                            [2019-01-03 20:26:55,956]
                   m       v       e |  sens   acc
music           1257      13       2 |  0.99  0.99
voice             16     792       8 |  0.97  0.99
environment        0       0     798 |  1.00  1.00
--------------------------------------
prec            0.99    0.98    0.99
                                                            [2019-01-03 20:26:55,956]

                                                            [2019-01-03 20:26:55,956]
F1 overall: 0.99
F1 music: 0.99
F1 voice: 0.98
F1 environment: 0.99

                                                            [2019-01-03 20:26:55,972]
####################################
#
# 20190103_NFFT4096_400_300_200_100_50_20_10ep2
# mic4
# testData_G527
#
####################################

                                                            [2019-01-03 20:27:05,456]
                   m       v       e |  sens   acc
music            530       6       0 |  0.99  0.99
voice              2     143       0 |  0.99  0.99
environment        0       0     150 |  1.00  1.00
--------------------------------------
prec            1.00    0.96    1.00
                                                            [2019-01-03 20:27:05,456]

                                                            [2019-01-03 20:27:05,456]
F1 overall: 0.99
F1 music: 0.99
F1 voice: 0.97
F1 environment: 1.00

                                                            [2019-01-03 20:27:05,518]
####################################
#
# 20190103_NFFT4096_400_300_200_100_50_20_10ep2
# mic4
# testData_Studio
#
####################################

                                                            [2019-01-03 20:27:16,361]
                   m       v       e |  sens   acc
music           3677     158      10 |  0.96  0.98
voice             11    2017      13 |  0.99  0.98
environment        1       5    2536 |  1.00  1.00
--------------------------------------
prec            1.00    0.93    0.99
                                                            [2019-01-03 20:27:16,361]

                                                            [2019-01-03 20:27:16,361]
F1 overall: 0.98
F1 music: 0.98
F1 voice: 0.96
F1 environment: 0.99

                                                            [2019-01-03 20:27:16,361]
####################################
#
# 20190103_NFFT4096_400_300_200_100_50_20_10ep2
# mic4
# testData_Overall
#
####################################

                                                            [2019-01-03 20:27:16,361]
                   m       v       e |  sens   acc
music           0.98    0.02    0.00 |  0.98  0.99
voice           0.01    0.98    0.01 |  0.98  0.99
environment     0.00    0.00    1.00 |  1.00  1.00
--------------------------------------
prec            0.99    0.98    0.99
                                                            [2019-01-03 20:27:16,361]

                                                            [2019-01-03 20:27:16,361]
F1 overall: 0.99
F1 music: 0.98
F1 voice: 0.98
F1 environment: 1.00

                                                            [2019-01-03 20:27:16,392]
####################################
#
# 20190103_NFFT4096_400_300_200_100_50_20_10ep3
# mic4
# testData_G428
#
####################################

                                                            [2019-01-03 20:27:26,659]
                   m       v       e |  sens   acc
music           1257      15       0 |  0.99  0.99
voice              6     802       8 |  0.98  0.99
environment        0       0     798 |  1.00  1.00
--------------------------------------
prec            1.00    0.98    0.99
                                                            [2019-01-03 20:27:26,659]

                                                            [2019-01-03 20:27:26,659]
F1 overall: 0.99
F1 music: 0.99
F1 voice: 0.98
F1 environment: 1.00

                                                            [2019-01-03 20:27:26,691]
####################################
#
# 20190103_NFFT4096_400_300_200_100_50_20_10ep3
# mic4
# testData_G527
#
####################################

                                                            [2019-01-03 20:27:36,721]
                   m       v       e |  sens   acc
music            531       5       0 |  0.99  0.99
voice              3     142       0 |  0.98  0.99
environment        0       0     150 |  1.00  1.00
--------------------------------------
prec            0.99    0.97    1.00
                                                            [2019-01-03 20:27:36,721]

                                                            [2019-01-03 20:27:36,721]
F1 overall: 0.99
F1 music: 0.99
F1 voice: 0.97
F1 environment: 1.00

                                                            [2019-01-03 20:27:36,784]
####################################
#
# 20190103_NFFT4096_400_300_200_100_50_20_10ep3
# mic4
# testData_Studio
#
####################################

                                                            [2019-01-03 20:27:47,908]
                   m       v       e |  sens   acc
music           3672     159      14 |  0.96  0.98
voice             10    2023       8 |  0.99  0.98
environment        1       8    2533 |  1.00  1.00
--------------------------------------
prec            1.00    0.92    0.99
                                                            [2019-01-03 20:27:47,908]

                                                            [2019-01-03 20:27:47,908]
F1 overall: 0.98
F1 music: 0.98
F1 voice: 0.96
F1 environment: 0.99

                                                            [2019-01-03 20:27:47,908]
####################################
#
# 20190103_NFFT4096_400_300_200_100_50_20_10ep3
# mic4
# testData_Overall
#
####################################

                                                            [2019-01-03 20:27:47,908]
                   m       v       e |  sens   acc
music           0.98    0.02    0.00 |  0.98  0.99
voice           0.01    0.98    0.00 |  0.98  0.99
environment     0.00    0.00    1.00 |  1.00  1.00
--------------------------------------
prec            0.99    0.98    0.99
                                                            [2019-01-03 20:27:47,908]

                                                            [2019-01-03 20:27:47,908]
F1 overall: 0.99
F1 music: 0.98
F1 voice: 0.98
F1 environment: 1.00

                                                            [2019-01-03 20:27:47,939]
####################################
#
# 20190103_NFFT4096_400_300_200_100_50_20_10ep4
# mic4
# testData_G428
#
####################################

                                                            [2019-01-03 20:27:58,798]
                   m       v       e |  sens   acc
music           1253      16       3 |  0.99  0.99
voice              9     800       7 |  0.98  0.99
environment        0       0     798 |  1.00  1.00
--------------------------------------
prec            0.99    0.98    0.99
                                                            [2019-01-03 20:27:58,798]

                                                            [2019-01-03 20:27:58,798]
F1 overall: 0.99
F1 music: 0.99
F1 voice: 0.98
F1 environment: 0.99

                                                            [2019-01-03 20:27:58,829]
####################################
#
# 20190103_NFFT4096_400_300_200_100_50_20_10ep4
# mic4
# testData_G527
#
####################################

                                                            [2019-01-03 20:28:10,656]
                   m       v       e |  sens   acc
music            531       5       0 |  0.99  0.99
voice              2     143       0 |  0.99  0.99
environment        0       0     150 |  1.00  1.00
--------------------------------------
prec            1.00    0.97    1.00
                                                            [2019-01-03 20:28:10,656]

                                                            [2019-01-03 20:28:10,656]
F1 overall: 0.99
F1 music: 0.99
F1 voice: 0.98
F1 environment: 1.00

                                                            [2019-01-03 20:28:10,703]
####################################
#
# 20190103_NFFT4096_400_300_200_100_50_20_10ep4
# mic4
# testData_Studio
#
####################################

                                                            [2019-01-03 20:28:22,104]
                   m       v       e |  sens   acc
music           3679     154      12 |  0.96  0.98
voice             10    2021      10 |  0.99  0.98
environment        1      10    2531 |  1.00  1.00
--------------------------------------
prec            1.00    0.92    0.99
                                                            [2019-01-03 20:28:22,104]

                                                            [2019-01-03 20:28:22,104]
F1 overall: 0.98
F1 music: 0.98
F1 voice: 0.96
F1 environment: 0.99

                                                            [2019-01-03 20:28:22,104]
####################################
#
# 20190103_NFFT4096_400_300_200_100_50_20_10ep4
# mic4
# testData_Overall
#
####################################

                                                            [2019-01-03 20:28:22,104]
                   m       v       e |  sens   acc
music           0.98    0.02    0.00 |  0.98  0.99
voice           0.01    0.99    0.00 |  0.99  0.99
environment     0.00    0.00    1.00 |  1.00  1.00
--------------------------------------
prec            0.99    0.98    0.99
                                                            [2019-01-03 20:28:22,104]

                                                            [2019-01-03 20:28:22,104]
F1 overall: 0.99
F1 music: 0.98
F1 voice: 0.98
F1 environment: 1.00

                                                            [2019-01-03 20:28:22,135]
####################################
#
# 20190103_NFFT4096_400_300_200_100_50_20_10ep5
# mic4
# testData_G428
#
####################################

                                                            [2019-01-03 20:28:33,369]
                   m       v       e |  sens   acc
music           1255      15       2 |  0.99  0.99
voice              7     800       9 |  0.98  0.99
environment        0       0     798 |  1.00  1.00
--------------------------------------
prec            0.99    0.98    0.99
                                                            [2019-01-03 20:28:33,369]

                                                            [2019-01-03 20:28:33,369]
F1 overall: 0.99
F1 music: 0.99
F1 voice: 0.98
F1 environment: 0.99

                                                            [2019-01-03 20:28:33,384]
####################################
#
# 20190103_NFFT4096_400_300_200_100_50_20_10ep5
# mic4
# testData_G527
#
####################################

                                                            [2019-01-03 20:28:44,930]
                   m       v       e |  sens   acc
music            530       6       0 |  0.99  0.99
voice              0     145       0 |  1.00  0.99
environment        0       0     150 |  1.00  1.00
--------------------------------------
prec            1.00    0.96    1.00
                                                            [2019-01-03 20:28:44,930]

                                                            [2019-01-03 20:28:44,930]
F1 overall: 0.99
F1 music: 0.99
F1 voice: 0.98
F1 environment: 1.00

                                                            [2019-01-03 20:28:44,993]
####################################
#
# 20190103_NFFT4096_400_300_200_100_50_20_10ep5
# mic4
# testData_Studio
#
####################################

                                                            [2019-01-03 20:28:56,867]
                   m       v       e |  sens   acc
music           3705     132       8 |  0.96  0.98
voice              7    2026       8 |  0.99  0.98
environment        1       8    2533 |  1.00  1.00
--------------------------------------
prec            1.00    0.94    0.99
                                                            [2019-01-03 20:28:56,867]

                                                            [2019-01-03 20:28:56,867]
F1 overall: 0.98
F1 music: 0.98
F1 voice: 0.96
F1 environment: 1.00

                                                            [2019-01-03 20:28:56,867]
####################################
#
# 20190103_NFFT4096_400_300_200_100_50_20_10ep5
# mic4
# testData_Overall
#
####################################

                                                            [2019-01-03 20:28:56,867]
                   m       v       e |  sens   acc
music           0.98    0.02    0.00 |  0.98  0.99
voice           0.00    0.99    0.00 |  0.99  0.99
environment     0.00    0.00    1.00 |  1.00  1.00
--------------------------------------
prec            1.00    0.98    0.99
                                                            [2019-01-03 20:28:56,867]

                                                            [2019-01-03 20:28:56,867]
F1 overall: 0.99
F1 music: 0.99
F1 voice: 0.99
F1 environment: 1.00

                                                            [2019-01-03 20:28:56,898]
####################################
#
# 20190103_NFFT4096_450_400_350_300_250_200_150_100_50_21ep1
# mic4
# testData_G428
#
####################################

                                                            [2019-01-03 20:29:09,006]
                   m       v       e |  sens   acc
music           1255      17       0 |  0.99  0.98
voice             25     782       9 |  0.96  0.98
environment        2       0     796 |  1.00  1.00
--------------------------------------
prec            0.98    0.98    0.99
                                                            [2019-01-03 20:29:09,006]

                                                            [2019-01-03 20:29:09,006]
F1 overall: 0.98
F1 music: 0.98
F1 voice: 0.97
F1 environment: 0.99

                                                            [2019-01-03 20:29:09,022]
####################################
#
# 20190103_NFFT4096_450_400_350_300_250_200_150_100_50_21ep1
# mic4
# testData_G527
#
####################################

                                                            [2019-01-03 20:29:21,546]
                   m       v       e |  sens   acc
music            524      12       0 |  0.98  0.98
voice              1     144       0 |  0.99  0.98
environment        0       0     150 |  1.00  1.00
--------------------------------------
prec            1.00    0.92    1.00
                                                            [2019-01-03 20:29:21,546]

                                                            [2019-01-03 20:29:21,546]
F1 overall: 0.98
F1 music: 0.99
F1 voice: 0.96
F1 environment: 1.00

                                                            [2019-01-03 20:29:21,593]
####################################
#
# 20190103_NFFT4096_450_400_350_300_250_200_150_100_50_21ep1
# mic4
# testData_Studio
#
####################################

                                                            [2019-01-03 20:29:35,092]
                   m       v       e |  sens   acc
music           3632     208       5 |  0.94  0.97
voice             36    1992      13 |  0.98  0.97
environment        2       6    2534 |  1.00  1.00
--------------------------------------
prec            0.99    0.90    0.99
                                                            [2019-01-03 20:29:35,092]

                                                            [2019-01-03 20:29:35,092]
F1 overall: 0.97
F1 music: 0.97
F1 voice: 0.94
F1 environment: 0.99

                                                            [2019-01-03 20:29:35,092]
####################################
#
# 20190103_NFFT4096_450_400_350_300_250_200_150_100_50_21ep1
# mic4
# testData_Overall
#
####################################

                                                            [2019-01-03 20:29:35,092]
                   m       v       e |  sens   acc
music           0.97    0.03    0.00 |  0.97  0.98
voice           0.02    0.98    0.01 |  0.98  0.98
environment     0.00    0.00    1.00 |  1.00  1.00
--------------------------------------
prec            0.98    0.97    0.99
                                                            [2019-01-03 20:29:35,092]

                                                            [2019-01-03 20:29:35,092]
F1 overall: 0.98
F1 music: 0.97
F1 voice: 0.97
F1 environment: 1.00

                                                            [2019-01-03 20:29:35,154]
####################################
#
# 20190103_NFFT4096_450_400_350_300_250_200_150_100_50_21ep2
# mic4
# testData_G428
#
####################################

                                                            [2019-01-03 20:29:48,387]
                   m       v       e |  sens   acc
music           1257      12       3 |  0.99  0.99
voice             24     783       9 |  0.96  0.98
environment        1       0     797 |  1.00  1.00
--------------------------------------
prec            0.98    0.98    0.99
                                                            [2019-01-03 20:29:48,387]

                                                            [2019-01-03 20:29:48,387]
F1 overall: 0.98
F1 music: 0.98
F1 voice: 0.97
F1 environment: 0.99

                                                            [2019-01-03 20:29:48,403]
####################################
#
# 20190103_NFFT4096_450_400_350_300_250_200_150_100_50_21ep2
# mic4
# testData_G527
#
####################################

                                                            [2019-01-03 20:30:02,824]
                   m       v       e |  sens   acc
music            522      14       0 |  0.97  0.98
voice              4     141       0 |  0.97  0.98
environment        0       0     150 |  1.00  1.00
--------------------------------------
prec            0.99    0.91    1.00
                                                            [2019-01-03 20:30:02,824]

                                                            [2019-01-03 20:30:02,839]
F1 overall: 0.97
F1 music: 0.98
F1 voice: 0.94
F1 environment: 1.00

                                                            [2019-01-03 20:30:02,902]
####################################
#
# 20190103_NFFT4096_450_400_350_300_250_200_150_100_50_21ep2
# mic4
# testData_Studio
#
####################################

                                                            [2019-01-03 20:30:17,354]
                   m       v       e |  sens   acc
music           3674     155      16 |  0.96  0.98
voice             20    2014       7 |  0.99  0.98
environment        0      14    2528 |  0.99  1.00
--------------------------------------
prec            0.99    0.92    0.99
                                                            [2019-01-03 20:30:17,354]

                                                            [2019-01-03 20:30:17,354]
F1 overall: 0.97
F1 music: 0.97
F1 voice: 0.95
F1 environment: 0.99

                                                            [2019-01-03 20:30:17,354]
####################################
#
# 20190103_NFFT4096_450_400_350_300_250_200_150_100_50_21ep2
# mic4
# testData_Overall
#
####################################

                                                            [2019-01-03 20:30:17,354]
                   m       v       e |  sens   acc
music           0.97    0.03    0.00 |  0.97  0.98
voice           0.02    0.97    0.00 |  0.97  0.98
environment     0.00    0.00    1.00 |  1.00  1.00
--------------------------------------
prec            0.98    0.97    0.99
                                                            [2019-01-03 20:30:17,354]

                                                            [2019-01-03 20:30:17,354]
F1 overall: 0.98
F1 music: 0.97
F1 voice: 0.97
F1 environment: 1.00

                                                            [2019-01-03 20:30:17,385]
####################################
#
# 20190103_NFFT4096_450_400_350_300_250_200_150_100_50_21ep3
# mic4
# testData_G428
#
####################################

                                                            [2019-01-03 20:30:31,080]
                   m       v       e |  sens   acc
music           1259      12       1 |  0.99  0.99
voice             28     780       8 |  0.96  0.98
environment        0       3     795 |  1.00  1.00
--------------------------------------
prec            0.98    0.98    0.99
                                                            [2019-01-03 20:30:31,080]

                                                            [2019-01-03 20:30:31,080]
F1 overall: 0.98
F1 music: 0.98
F1 voice: 0.97
F1 environment: 0.99

                                                            [2019-01-03 20:30:31,111]
####################################
#
# 20190103_NFFT4096_450_400_350_300_250_200_150_100_50_21ep3
# mic4
# testData_G527
#
####################################

                                                            [2019-01-03 20:30:45,110]
                   m       v       e |  sens   acc
music            529       7       0 |  0.99  0.98
voice              6     139       0 |  0.96  0.98
environment        0       0     150 |  1.00  1.00
--------------------------------------
prec            0.99    0.95    1.00
                                                            [2019-01-03 20:30:45,110]

                                                            [2019-01-03 20:30:45,110]
F1 overall: 0.98
F1 music: 0.99
F1 voice: 0.96
F1 environment: 1.00

                                                            [2019-01-03 20:30:45,188]
####################################
#
# 20190103_NFFT4096_450_400_350_300_250_200_150_100_50_21ep3
# mic4
# testData_Studio
#
####################################

                                                            [2019-01-03 20:31:00,406]
                   m       v       e |  sens   acc
music           3697     137      11 |  0.96  0.98
voice             13    2021       7 |  0.99  0.98
environment        1      18    2523 |  0.99  1.00
--------------------------------------
prec            1.00    0.93    0.99
                                                            [2019-01-03 20:31:00,406]

                                                            [2019-01-03 20:31:00,406]
F1 overall: 0.98
F1 music: 0.98
F1 voice: 0.96
F1 environment: 0.99

                                                            [2019-01-03 20:31:00,406]
####################################
#
# 20190103_NFFT4096_450_400_350_300_250_200_150_100_50_21ep3
# mic4
# testData_Overall
#
####################################

                                                            [2019-01-03 20:31:00,406]
                   m       v       e |  sens   acc
music           0.98    0.02    0.00 |  0.98  0.98
voice           0.03    0.97    0.00 |  0.97  0.98
environment     0.00    0.00    1.00 |  1.00  1.00
--------------------------------------
prec            0.97    0.98    0.99
                                                            [2019-01-03 20:31:00,406]

                                                            [2019-01-03 20:31:00,406]
F1 overall: 0.98
F1 music: 0.98
F1 voice: 0.97
F1 environment: 1.00

                                                            [2019-01-03 20:31:00,453]
####################################
#
# 20190103_NFFT4096_450_400_350_300_250_200_150_100_50_21ep4
# mic4
# testData_G428
#
####################################

                                                            [2019-01-03 20:31:15,030]
                   m       v       e |  sens   acc
music           1256      15       1 |  0.99  0.99
voice             20     788       8 |  0.97  0.98
environment        0       1     797 |  1.00  1.00
--------------------------------------
prec            0.98    0.98    0.99
                                                            [2019-01-03 20:31:15,030]

                                                            [2019-01-03 20:31:15,030]
F1 overall: 0.98
F1 music: 0.99
F1 voice: 0.97
F1 environment: 0.99

                                                            [2019-01-03 20:31:15,061]
####################################
#
# 20190103_NFFT4096_450_400_350_300_250_200_150_100_50_21ep4
# mic4
# testData_G527
#
####################################

                                                            [2019-01-03 20:31:29,423]
                   m       v       e |  sens   acc
music            526      10       0 |  0.98  0.98
voice              4     141       0 |  0.97  0.98
environment        0       0     150 |  1.00  1.00
--------------------------------------
prec            0.99    0.93    1.00
                                                            [2019-01-03 20:31:29,423]

                                                            [2019-01-03 20:31:29,423]
F1 overall: 0.98
F1 music: 0.99
F1 voice: 0.95
F1 environment: 1.00

                                                            [2019-01-03 20:31:29,501]
####################################
#
# 20190103_NFFT4096_450_400_350_300_250_200_150_100_50_21ep4
# mic4
# testData_Studio
#
####################################

                                                            [2019-01-03 20:31:45,500]
                   m       v       e |  sens   acc
music           3696     143       6 |  0.96  0.98
voice              6    2029       6 |  0.99  0.98
environment        2       8    2532 |  1.00  1.00
--------------------------------------
prec            1.00    0.93    1.00
                                                            [2019-01-03 20:31:45,500]

                                                            [2019-01-03 20:31:45,500]
F1 overall: 0.98
F1 music: 0.98
F1 voice: 0.96
F1 environment: 1.00

                                                            [2019-01-03 20:31:45,500]
####################################
#
# 20190103_NFFT4096_450_400_350_300_250_200_150_100_50_21ep4
# mic4
# testData_Overall
#
####################################

                                                            [2019-01-03 20:31:45,500]
                   m       v       e |  sens   acc
music           0.98    0.02    0.00 |  0.98  0.99
voice           0.02    0.98    0.00 |  0.98  0.98
environment     0.00    0.00    1.00 |  1.00  1.00
--------------------------------------
prec            0.98    0.98    0.99
                                                            [2019-01-03 20:31:45,500]

                                                            [2019-01-03 20:31:45,500]
F1 overall: 0.98
F1 music: 0.98
F1 voice: 0.98
F1 environment: 1.00

                                                            [2019-01-03 20:31:45,531]
####################################
#
# 20190103_NFFT4096_450_400_350_300_250_200_150_100_50_21ep5
# mic4
# testData_G428
#
####################################

                                                            [2019-01-03 20:32:00,327]
                   m       v       e |  sens   acc
music           1257      13       2 |  0.99  0.99
voice             17     790       9 |  0.97  0.99
environment        1       1     796 |  1.00  1.00
--------------------------------------
prec            0.99    0.98    0.99
                                                            [2019-01-03 20:32:00,327]

                                                            [2019-01-03 20:32:00,327]
F1 overall: 0.98
F1 music: 0.99
F1 voice: 0.98
F1 environment: 0.99

                                                            [2019-01-03 20:32:00,358]
####################################
#
# 20190103_NFFT4096_450_400_350_300_250_200_150_100_50_21ep5
# mic4
# testData_G527
#
####################################

                                                            [2019-01-03 20:32:16,936]
                   m       v       e |  sens   acc
music            533       3       0 |  0.99  0.99
voice              2     143       0 |  0.99  0.99
environment        0       0     150 |  1.00  1.00
--------------------------------------
prec            1.00    0.98    1.00
                                                            [2019-01-03 20:32:16,936]

                                                            [2019-01-03 20:32:16,936]
F1 overall: 0.99
F1 music: 1.00
F1 voice: 0.98
F1 environment: 1.00

                                                            [2019-01-03 20:32:16,983]
####################################
#
# 20190103_NFFT4096_450_400_350_300_250_200_150_100_50_21ep5
# mic4
# testData_Studio
#
####################################

                                                            [2019-01-03 20:32:33,315]
                   m       v       e |  sens   acc
music           3741      96       8 |  0.97  0.99
voice             20    2015       6 |  0.99  0.98
environment        2       9    2531 |  1.00  1.00
--------------------------------------
prec            0.99    0.95    0.99
                                                            [2019-01-03 20:32:33,315]

                                                            [2019-01-03 20:32:33,315]
F1 overall: 0.98
F1 music: 0.98
F1 voice: 0.97
F1 environment: 1.00

                                                            [2019-01-03 20:32:33,315]
####################################
#
# 20190103_NFFT4096_450_400_350_300_250_200_150_100_50_21ep5
# mic4
# testData_Overall
#
####################################

                                                            [2019-01-03 20:32:33,315]
                   m       v       e |  sens   acc
music           0.99    0.01    0.00 |  0.99  0.99
voice           0.01    0.98    0.00 |  0.98  0.99
environment     0.00    0.00    1.00 |  1.00  1.00
--------------------------------------
prec            0.98    0.98    0.99
                                                            [2019-01-03 20:32:33,315]

                                                            [2019-01-03 20:32:33,315]
F1 overall: 0.99
F1 music: 0.98
F1 voice: 0.98
F1 environment: 1.00

