                                                            [2019-01-03 11:58:06,925]
####################################
#
# maak mfccs voor testdata G428
#
####################################

                                                            [2019-01-03 12:24:31,371]
Klaar: mfccs voor testdata G428
                                                            [2019-01-03 12:24:31,656]
####################################
#
# maak mfccs voor testdata G527}
#
####################################

                                                            [2019-01-03 12:36:34,403]
Klaar: mfccs voor testdata G527
                                                            [2019-01-03 12:36:34,568]
####################################
#
# maak mfccs voor testdata Studio
#
####################################

                                                            [2019-01-03 15:52:38,771]
Klaar: mfccs voor testdata Studio
