                                                            [2018-08-16 20:02:43,623]
####################################
#
# Orgs helft 2, lagen: [100, 20]
#
####################################

                                                            [2018-08-16 20:02:43,760]

*****************
* Epoch nr 1
*****************

                                                            [2018-08-16 20:03:34,942]
                   m       v       e |  sens   acc
music         174693    9147     187 |  0.95  0.97
voice           8411  171581    3654 |  0.93  0.95
environment      636    6936  178073 |  0.96  0.98
--------------------------------------
prec            0.95    0.91    0.98
                                                            [2018-08-16 20:03:34,942]

                                                            [2018-08-16 20:03:34,942]
F1 overall: 0.95
F1 music: 0.95
F1 voice: 0.92
F1 environment: 0.97

                                                            [2018-08-16 20:03:34,943]

*****************
* Epoch nr 2
*****************

                                                            [2018-08-16 20:04:28,101]
                   m       v       e |  sens   acc
music         171424   12452     151 |  0.93  0.97
voice           2519  176583    4544 |  0.96  0.96
environment      391    3451  181803 |  0.98  0.98
--------------------------------------
prec            0.98    0.92    0.97
                                                            [2018-08-16 20:04:28,102]

                                                            [2018-08-16 20:04:28,102]
F1 overall: 0.96
F1 music: 0.96
F1 voice: 0.94
F1 environment: 0.98

                                                            [2018-08-16 20:04:28,104]

*****************
* Epoch nr 3
*****************

                                                            [2018-08-16 20:05:19,598]
                   m       v       e |  sens   acc
music         173839   10079     109 |  0.94  0.98
voice           2602  178178    2866 |  0.97  0.96
environment      302    4345  180998 |  0.97  0.99
--------------------------------------
prec            0.98    0.93    0.98
                                                            [2018-08-16 20:05:19,599]

                                                            [2018-08-16 20:05:19,599]
F1 overall: 0.96
F1 music: 0.96
F1 voice: 0.95
F1 environment: 0.98

                                                            [2018-08-16 20:05:19,601]

*****************
* Epoch nr 4
*****************

                                                            [2018-08-16 20:06:11,019]
                   m       v       e |  sens   acc
music         174568    9316     143 |  0.95  0.98
voice           2983  177496    3167 |  0.97  0.97
environment      224    3619  181802 |  0.98  0.99
--------------------------------------
prec            0.98    0.93    0.98
                                                            [2018-08-16 20:06:11,019]

                                                            [2018-08-16 20:06:11,019]
F1 overall: 0.96
F1 music: 0.96
F1 voice: 0.95
F1 environment: 0.98

                                                            [2018-08-16 20:06:11,021]

*****************
* Epoch nr 5
*****************

                                                            [2018-08-16 20:07:03,024]
                   m       v       e |  sens   acc
music         175786    8148      93 |  0.96  0.98
voice           3059  177395    3192 |  0.97  0.97
environment      249    3208  182188 |  0.98  0.99
--------------------------------------
prec            0.98    0.94    0.98
                                                            [2018-08-16 20:07:03,025]

                                                            [2018-08-16 20:07:03,026]
F1 overall: 0.97
F1 music: 0.97
F1 voice: 0.95
F1 environment: 0.98

                                                            [2018-08-16 20:07:03,151]
####################################
#
# Orgs helft 2, lagen: [400, 250, 100, 20]
#
####################################

                                                            [2018-08-16 20:07:03,225]

*****************
* Epoch nr 1
*****************

                                                            [2018-08-16 20:09:20,922]
                   m       v       e |  sens   acc
music         175848    7877     302 |  0.96  0.98
voice           5287  173540    4819 |  0.94  0.96
environment      212    3025  182408 |  0.98  0.98
--------------------------------------
prec            0.97    0.94    0.97
                                                            [2018-08-16 20:09:20,924]

                                                            [2018-08-16 20:09:20,924]
F1 overall: 0.96
F1 music: 0.96
F1 voice: 0.94
F1 environment: 0.98

                                                            [2018-08-16 20:09:20,925]

*****************
* Epoch nr 2
*****************

                                                            [2018-08-16 20:11:50,537]
                   m       v       e |  sens   acc
music         177358    6477     192 |  0.96  0.98
voice           5025  174496    4125 |  0.95  0.97
environment      183    2705  182757 |  0.98  0.99
--------------------------------------
prec            0.97    0.95    0.98
                                                            [2018-08-16 20:11:50,538]

                                                            [2018-08-16 20:11:50,538]
F1 overall: 0.97
F1 music: 0.97
F1 voice: 0.95
F1 environment: 0.98

                                                            [2018-08-16 20:11:50,540]

*****************
* Epoch nr 3
*****************

                                                            [2018-08-16 20:14:16,568]
                   m       v       e |  sens   acc
music         176771    7012     244 |  0.96  0.98
voice           3677  175632    4337 |  0.96  0.97
environment      348    2917  182380 |  0.98  0.99
--------------------------------------
prec            0.98    0.95    0.98
                                                            [2018-08-16 20:14:16,568]

                                                            [2018-08-16 20:14:16,568]
F1 overall: 0.97
F1 music: 0.97
F1 voice: 0.95
F1 environment: 0.98

                                                            [2018-08-16 20:14:16,569]

*****************
* Epoch nr 4
*****************

                                                            [2018-08-16 20:16:55,494]
                   m       v       e |  sens   acc
music         175960    7939     128 |  0.96  0.98
voice           3351  178084    2211 |  0.97  0.97
environment      200    4284  181161 |  0.98  0.99
--------------------------------------
prec            0.98    0.94    0.99
                                                            [2018-08-16 20:16:55,495]

                                                            [2018-08-16 20:16:55,496]
F1 overall: 0.97
F1 music: 0.97
F1 voice: 0.95
F1 environment: 0.98

                                                            [2018-08-16 20:16:55,497]

*****************
* Epoch nr 5
*****************

                                                            [2018-08-16 20:19:34,436]
                   m       v       e |  sens   acc
music         178866    4975     186 |  0.97  0.98
voice           5146  176432    2068 |  0.96  0.97
environment      156    4337  181152 |  0.98  0.99
--------------------------------------
prec            0.97    0.95    0.99
                                                            [2018-08-16 20:19:34,438]

                                                            [2018-08-16 20:19:34,438]
F1 overall: 0.97
F1 music: 0.97
F1 voice: 0.96
F1 environment: 0.98

                                                            [2018-08-16 20:19:34,560]
####################################
#
# Orgs helft 2, lagen: [400, 300, 200, 100, 50, 20, 10]
#
####################################

                                                            [2018-08-16 20:19:34,662]

*****************
* Epoch nr 1
*****************

                                                            [2018-08-16 20:22:03,464]
                   m       v       e |  sens   acc
music         171823   11718     486 |  0.93  0.97
voice           2716  179003    1927 |  0.97  0.96
environment      200    8385  177060 |  0.95  0.98
--------------------------------------
prec            0.98    0.90    0.99
                                                            [2018-08-16 20:22:03,465]

                                                            [2018-08-16 20:22:03,466]
F1 overall: 0.95
F1 music: 0.96
F1 voice: 0.94
F1 environment: 0.97

                                                            [2018-08-16 20:22:03,467]

*****************
* Epoch nr 2
*****************

                                                            [2018-08-16 20:24:29,751]
                   m       v       e |  sens   acc
music         179030    4418     579 |  0.97  0.97
voice           9899  170759    2988 |  0.93  0.96
environment      110    4352  181183 |  0.98  0.99
--------------------------------------
prec            0.95    0.95    0.98
                                                            [2018-08-16 20:24:29,752]

                                                            [2018-08-16 20:24:29,752]
F1 overall: 0.96
F1 music: 0.96
F1 voice: 0.94
F1 environment: 0.98

                                                            [2018-08-16 20:24:29,754]

*****************
* Epoch nr 3
*****************

                                                            [2018-08-16 20:26:55,619]
                   m       v       e |  sens   acc
music         177655    6221     151 |  0.97  0.98
voice           4970  176617    2059 |  0.96  0.97
environment      251    5069  180325 |  0.97  0.99
--------------------------------------
prec            0.97    0.94    0.99
                                                            [2018-08-16 20:26:55,620]

                                                            [2018-08-16 20:26:55,620]
F1 overall: 0.97
F1 music: 0.97
F1 voice: 0.95
F1 environment: 0.98

                                                            [2018-08-16 20:26:55,622]

*****************
* Epoch nr 4
*****************

                                                            [2018-08-16 20:29:28,521]
                   m       v       e |  sens   acc
music         176870    7023     134 |  0.96  0.98
voice           3281  174446    5919 |  0.95  0.97
environment      223    1696  183726 |  0.99  0.99
--------------------------------------
prec            0.98    0.95    0.97
                                                            [2018-08-16 20:29:28,522]

                                                            [2018-08-16 20:29:28,523]
F1 overall: 0.97
F1 music: 0.97
F1 voice: 0.95
F1 environment: 0.98

                                                            [2018-08-16 20:29:28,524]

*****************
* Epoch nr 5
*****************

                                                            [2018-08-16 20:32:05,786]
                   m       v       e |  sens   acc
music         178886    5013     128 |  0.97  0.98
voice           5558  174033    4055 |  0.95  0.97
environment      183    1938  183524 |  0.99  0.99
--------------------------------------
prec            0.97    0.96    0.98
                                                            [2018-08-16 20:32:05,788]

                                                            [2018-08-16 20:32:05,788]
F1 overall: 0.97
F1 music: 0.97
F1 voice: 0.95
F1 environment: 0.98

                                                            [2018-08-16 20:32:05,897]
####################################
#
# Orgs helft 2, lagen: [450, 400, 350, 300, 250, 200, 150, 100, 50, 21]
#
####################################

                                                            [2018-08-16 20:32:06,016]

*****************
* Epoch nr 1
*****************

                                                            [2018-08-16 20:36:52,854]
                   m       v       e |  sens   acc
music         173777    9844     406 |  0.94  0.97
voice           5727  170306    7613 |  0.93  0.95
environment      227    2092  183326 |  0.99  0.98
--------------------------------------
prec            0.97    0.93    0.96
                                                            [2018-08-16 20:36:52,856]

                                                            [2018-08-16 20:36:52,856]
F1 overall: 0.95
F1 music: 0.96
F1 voice: 0.93
F1 environment: 0.97

                                                            [2018-08-16 20:36:52,858]

*****************
* Epoch nr 2
*****************

                                                            [2018-08-16 20:41:39,859]
                   m       v       e |  sens   acc
music         179924    3847     256 |  0.98  0.97
voice          11841  167733    4072 |  0.91  0.96
environment      280    3208  182157 |  0.98  0.99
--------------------------------------
prec            0.94    0.96    0.98
                                                            [2018-08-16 20:41:39,860]

                                                            [2018-08-16 20:41:39,860]
F1 overall: 0.96
F1 music: 0.96
F1 voice: 0.94
F1 environment: 0.98

                                                            [2018-08-16 20:41:39,862]

*****************
* Epoch nr 3
*****************

                                                            [2018-08-16 20:46:25,413]
                   m       v       e |  sens   acc
music         177447    6392     188 |  0.96  0.98
voice           5451  173565    4630 |  0.95  0.97
environment      227    2415  183003 |  0.99  0.99
--------------------------------------
prec            0.97    0.95    0.97
                                                            [2018-08-16 20:46:25,414]

                                                            [2018-08-16 20:46:25,414]
F1 overall: 0.97
F1 music: 0.97
F1 voice: 0.95
F1 environment: 0.98

                                                            [2018-08-16 20:46:25,416]

*****************
* Epoch nr 4
*****************

                                                            [2018-08-16 20:51:16,155]
                   m       v       e |  sens   acc
music         173380   10472     175 |  0.94  0.98
voice           1910  177501    4235 |  0.97  0.97
environment      208    2488  182949 |  0.99  0.99
--------------------------------------
prec            0.99    0.93    0.98
                                                            [2018-08-16 20:51:16,157]

                                                            [2018-08-16 20:51:16,158]
F1 overall: 0.96
F1 music: 0.96
F1 voice: 0.95
F1 environment: 0.98

                                                            [2018-08-16 20:51:16,159]

*****************
* Epoch nr 5
*****************

                                                            [2018-08-16 20:56:07,573]
                   m       v       e |  sens   acc
music         178440    5442     145 |  0.97  0.98
voice           5887  174343    3416 |  0.95  0.97
environment      343    3025  182277 |  0.98  0.99
--------------------------------------
prec            0.97    0.95    0.98
                                                            [2018-08-16 20:56:07,574]

                                                            [2018-08-16 20:56:07,574]
F1 overall: 0.97
F1 music: 0.97
F1 voice: 0.95
F1 environment: 0.98

                                                            [2018-08-16 20:56:08,528]
####################################
#
# 20180816_orgsHelft2_100_20ep1
# mic4
# testData_G428
#
####################################

                                                            [2018-08-16 20:56:15,423]
                   m       v       e |  sens   acc
music          19993     625      21 |  0.97  0.95
voice           1453   12772     211 |  0.88  0.95
environment       76      79   13070 |  0.99  0.99
--------------------------------------
prec            0.93    0.95    0.98
                                                            [2018-08-16 20:56:15,423]

                                                            [2018-08-16 20:56:15,423]
F1 overall: 0.95
F1 music: 0.95
F1 voice: 0.92
F1 environment: 0.99

                                                            [2018-08-16 20:56:15,644]
####################################
#
# 20180816_orgsHelft2_100_20ep2
# mic4
# testData_G428
#
####################################

                                                            [2018-08-16 20:56:21,733]
                   m       v       e |  sens   acc
music          19680     938      21 |  0.95  0.97
voice            423   13797     216 |  0.96  0.97
environment       90      87   13048 |  0.99  0.99
--------------------------------------
prec            0.97    0.93    0.98
                                                            [2018-08-16 20:56:21,734]

                                                            [2018-08-16 20:56:21,734]
F1 overall: 0.96
F1 music: 0.96
F1 voice: 0.94
F1 environment: 0.98

                                                            [2018-08-16 20:56:21,807]
####################################
#
# 20180816_orgsHelft2_100_20ep3
# mic4
# testData_G428
#
####################################

                                                            [2018-08-16 20:56:28,120]
                   m       v       e |  sens   acc
music          19794     824      21 |  0.96  0.97
voice            478   13786     172 |  0.95  0.97
environment       60      92   13073 |  0.99  0.99
--------------------------------------
prec            0.97    0.94    0.99
                                                            [2018-08-16 20:56:28,120]

                                                            [2018-08-16 20:56:28,120]
F1 overall: 0.97
F1 music: 0.97
F1 voice: 0.95
F1 environment: 0.99

                                                            [2018-08-16 20:56:28,190]
####################################
#
# 20180816_orgsHelft2_100_20ep4
# mic4
# testData_G428
#
####################################

                                                            [2018-08-16 20:56:34,546]
                   m       v       e |  sens   acc
music          19725     890      24 |  0.96  0.97
voice            524   13739     173 |  0.95  0.97
environment       46      87   13092 |  0.99  0.99
--------------------------------------
prec            0.97    0.93    0.99
                                                            [2018-08-16 20:56:34,547]

                                                            [2018-08-16 20:56:34,547]
F1 overall: 0.96
F1 music: 0.96
F1 voice: 0.94
F1 environment: 0.99

                                                            [2018-08-16 20:56:34,631]
####################################
#
# 20180816_orgsHelft2_100_20ep5
# mic4
# testData_G428
#
####################################

                                                            [2018-08-16 20:56:41,145]
                   m       v       e |  sens   acc
music          19838     777      24 |  0.96  0.97
voice            543   13736     157 |  0.95  0.97
environment       73      90   13062 |  0.99  0.99
--------------------------------------
prec            0.97    0.94    0.99
                                                            [2018-08-16 20:56:41,146]

                                                            [2018-08-16 20:56:41,146]
F1 overall: 0.97
F1 music: 0.97
F1 voice: 0.95
F1 environment: 0.99

                                                            [2018-08-16 20:56:41,259]
####################################
#
# 20180816_orgsHelft2_400_250_100_20ep1
# mic4
# testData_G428
#
####################################

                                                            [2018-08-16 20:56:49,441]
                   m       v       e |  sens   acc
music          19841     749      49 |  0.96  0.96
voice           1056   13134     246 |  0.91  0.96
environment       50      67   13108 |  0.99  0.99
--------------------------------------
prec            0.95    0.94    0.98
                                                            [2018-08-16 20:56:49,441]

                                                            [2018-08-16 20:56:49,441]
F1 overall: 0.95
F1 music: 0.95
F1 voice: 0.93
F1 environment: 0.98

                                                            [2018-08-16 20:56:49,736]
####################################
#
# 20180816_orgsHelft2_400_250_100_20ep2
# mic4
# testData_G428
#
####################################

                                                            [2018-08-16 20:56:57,978]
                   m       v       e |  sens   acc
music          19962     638      39 |  0.97  0.97
voice            878   13369     189 |  0.93  0.96
environment       45      58   13122 |  0.99  0.99
--------------------------------------
prec            0.96    0.95    0.98
                                                            [2018-08-16 20:56:57,978]

                                                            [2018-08-16 20:56:57,978]
F1 overall: 0.96
F1 music: 0.96
F1 voice: 0.94
F1 environment: 0.99

                                                            [2018-08-16 20:56:58,130]
####################################
#
# 20180816_orgsHelft2_400_250_100_20ep3
# mic4
# testData_G428
#
####################################

                                                            [2018-08-16 20:57:06,564]
                   m       v       e |  sens   acc
music          19896     704      39 |  0.96  0.97
voice            662   13588     186 |  0.94  0.97
environment      100      98   13027 |  0.99  0.99
--------------------------------------
prec            0.96    0.94    0.98
                                                            [2018-08-16 20:57:06,564]

                                                            [2018-08-16 20:57:06,564]
F1 overall: 0.96
F1 music: 0.96
F1 voice: 0.94
F1 environment: 0.98

                                                            [2018-08-16 20:57:06,646]
####################################
#
# 20180816_orgsHelft2_400_250_100_20ep4
# mic4
# testData_G428
#
####################################

                                                            [2018-08-16 20:57:15,019]
                   m       v       e |  sens   acc
music          19836     777      26 |  0.96  0.97
voice            468   13803     165 |  0.96  0.97
environment       53      75   13097 |  0.99  0.99
--------------------------------------
prec            0.97    0.94    0.99
                                                            [2018-08-16 20:57:15,019]

                                                            [2018-08-16 20:57:15,019]
F1 overall: 0.97
F1 music: 0.97
F1 voice: 0.95
F1 environment: 0.99

                                                            [2018-08-16 20:57:15,101]
####################################
#
# 20180816_orgsHelft2_400_250_100_20ep5
# mic4
# testData_G428
#
####################################

                                                            [2018-08-16 20:57:23,986]
                   m       v       e |  sens   acc
music          19926     681      32 |  0.97  0.97
voice            876   13369     191 |  0.93  0.96
environment       59      68   13098 |  0.99  0.99
--------------------------------------
prec            0.96    0.95    0.98
                                                            [2018-08-16 20:57:23,986]

                                                            [2018-08-16 20:57:23,986]
F1 overall: 0.96
F1 music: 0.96
F1 voice: 0.94
F1 environment: 0.99

                                                            [2018-08-16 20:57:24,073]
####################################
#
# 20180816_orgsHelft2_400_300_200_100_50_20_10ep1
# mic4
# testData_G428
#
####################################

                                                            [2018-08-16 20:57:33,461]
                   m       v       e |  sens   acc
music          19668     898      73 |  0.95  0.97
voice            499   13757     180 |  0.95  0.97
environment       36      64   13125 |  0.99  0.99
--------------------------------------
prec            0.97    0.93    0.98
                                                            [2018-08-16 20:57:33,461]

                                                            [2018-08-16 20:57:33,461]
F1 overall: 0.96
F1 music: 0.96
F1 voice: 0.94
F1 environment: 0.99

                                                            [2018-08-16 20:57:33,543]
####################################
#
# 20180816_orgsHelft2_400_300_200_100_50_20_10ep2
# mic4
# testData_G428
#
####################################

                                                            [2018-08-16 20:57:43,214]
                   m       v       e |  sens   acc
music          20084     483      72 |  0.97  0.95
voice           1728   12481     227 |  0.86  0.95
environment       22      61   13142 |  0.99  0.99
--------------------------------------
prec            0.92    0.96    0.98
                                                            [2018-08-16 20:57:43,214]

                                                            [2018-08-16 20:57:43,214]
F1 overall: 0.95
F1 music: 0.95
F1 voice: 0.91
F1 environment: 0.99

                                                            [2018-08-16 20:57:43,300]
####################################
#
# 20180816_orgsHelft2_400_300_200_100_50_20_10ep3
# mic4
# testData_G428
#
####################################

                                                            [2018-08-16 20:57:53,566]
                   m       v       e |  sens   acc
music          19836     775      28 |  0.96  0.96
voice            944   13311     181 |  0.92  0.96
environment       91      46   13088 |  0.99  0.99
--------------------------------------
prec            0.95    0.94    0.98
                                                            [2018-08-16 20:57:53,567]

                                                            [2018-08-16 20:57:53,567]
F1 overall: 0.96
F1 music: 0.96
F1 voice: 0.93
F1 environment: 0.99

                                                            [2018-08-16 20:57:53,650]
####################################
#
# 20180816_orgsHelft2_400_300_200_100_50_20_10ep4
# mic4
# testData_G428
#
####################################

                                                            [2018-08-16 20:58:04,015]
                   m       v       e |  sens   acc
music          19984     627      28 |  0.97  0.97
voice            681   13578     177 |  0.94  0.97
environment      148      54   13023 |  0.98  0.99
--------------------------------------
prec            0.96    0.95    0.98
                                                            [2018-08-16 20:58:04,015]

                                                            [2018-08-16 20:58:04,015]
F1 overall: 0.97
F1 music: 0.96
F1 voice: 0.95
F1 environment: 0.98

                                                            [2018-08-16 20:58:04,107]
####################################
#
# 20180816_orgsHelft2_400_300_200_100_50_20_10ep5
# mic4
# testData_G428
#
####################################

                                                            [2018-08-16 20:58:14,727]
                   m       v       e |  sens   acc
music          19836     779      24 |  0.96  0.96
voice            921   13348     167 |  0.92  0.96
environment       52     111   13062 |  0.99  0.99
--------------------------------------
prec            0.95    0.94    0.99
                                                            [2018-08-16 20:58:14,729]

                                                            [2018-08-16 20:58:14,729]
F1 overall: 0.96
F1 music: 0.96
F1 voice: 0.93
F1 environment: 0.99

                                                            [2018-08-16 20:58:14,814]
####################################
#
# 20180816_orgsHelft2_450_400_350_300_250_200_150_100_50_21ep1
# mic4
# testData_G428
#
####################################

                                                            [2018-08-16 20:58:27,516]
                   m       v       e |  sens   acc
music          19884     697      58 |  0.96  0.96
voice            952   13247     237 |  0.92  0.96
environment       33      66   13126 |  0.99  0.99
--------------------------------------
prec            0.95    0.95    0.98
                                                            [2018-08-16 20:58:27,518]

                                                            [2018-08-16 20:58:27,518]
F1 overall: 0.96
F1 music: 0.96
F1 voice: 0.93
F1 environment: 0.99

                                                            [2018-08-16 20:58:27,633]
####################################
#
# 20180816_orgsHelft2_450_400_350_300_250_200_150_100_50_21ep2
# mic4
# testData_G428
#
####################################

                                                            [2018-08-16 20:58:40,769]
                   m       v       e |  sens   acc
music          20038     559      42 |  0.97  0.95
voice           1649   12595     192 |  0.87  0.95
environment       64      45   13116 |  0.99  0.99
--------------------------------------
prec            0.92    0.95    0.98
                                                            [2018-08-16 20:58:40,769]

                                                            [2018-08-16 20:58:40,769]
F1 overall: 0.95
F1 music: 0.95
F1 voice: 0.91
F1 environment: 0.99

                                                            [2018-08-16 20:58:40,879]
####################################
#
# 20180816_orgsHelft2_450_400_350_300_250_200_150_100_50_21ep3
# mic4
# testData_G428
#
####################################

                                                            [2018-08-16 20:58:54,073]
                   m       v       e |  sens   acc
music          19860     745      34 |  0.96  0.96
voice           1006   13212     218 |  0.92  0.96
environment       56      74   13095 |  0.99  0.99
--------------------------------------
prec            0.95    0.94    0.98
                                                            [2018-08-16 20:58:54,073]

                                                            [2018-08-16 20:58:54,073]
F1 overall: 0.96
F1 music: 0.96
F1 voice: 0.93
F1 environment: 0.99

                                                            [2018-08-16 20:58:54,183]
####################################
#
# 20180816_orgsHelft2_450_400_350_300_250_200_150_100_50_21ep4
# mic4
# testData_G428
#
####################################

                                                            [2018-08-16 20:59:07,631]
                   m       v       e |  sens   acc
music          19746     850      43 |  0.96  0.97
voice            373   13846     217 |  0.96  0.97
environment       69      63   13093 |  0.99  0.99
--------------------------------------
prec            0.98    0.94    0.98
                                                            [2018-08-16 20:59:07,652]

                                                            [2018-08-16 20:59:07,652]
F1 overall: 0.97
F1 music: 0.97
F1 voice: 0.95
F1 environment: 0.99

                                                            [2018-08-16 20:59:07,761]
####################################
#
# 20180816_orgsHelft2_450_400_350_300_250_200_150_100_50_21ep5
# mic4
# testData_G428
#
####################################

                                                            [2018-08-16 20:59:22,254]
                   m       v       e |  sens   acc
music          19938     669      32 |  0.97  0.96
voice            961   13300     175 |  0.92  0.96
environment       48      98   13079 |  0.99  0.99
--------------------------------------
prec            0.95    0.95    0.98
                                                            [2018-08-16 20:59:22,256]

                                                            [2018-08-16 20:59:22,256]
F1 overall: 0.96
F1 music: 0.96
F1 voice: 0.93
F1 environment: 0.99

                                                            [2018-08-16 20:59:22,320]
####################################
#
# 20180816_orgsHelft2_100_20ep1
# mic4
# testData_G527
#
####################################

                                                            [2018-08-16 20:59:31,345]
                   m       v       e |  sens   acc
music           8767     148       2 |  0.98  0.96
voice            384    2482       0 |  0.87  0.96
environment       15       4    2472 |  0.99  1.00
--------------------------------------
prec            0.96    0.94    1.00
                                                            [2018-08-16 20:59:31,347]

                                                            [2018-08-16 20:59:31,350]
F1 overall: 0.96
F1 music: 0.97
F1 voice: 0.90
F1 environment: 1.00

                                                            [2018-08-16 20:59:31,408]
####################################
#
# 20180816_orgsHelft2_100_20ep2
# mic4
# testData_G527
#
####################################

                                                            [2018-08-16 20:59:41,196]
                   m       v       e |  sens   acc
music           8737     179       1 |  0.98  0.98
voice            113    2752       1 |  0.96  0.98
environment       23       3    2465 |  0.99  1.00
--------------------------------------
prec            0.98    0.94    1.00
                                                            [2018-08-16 20:59:41,197]

                                                            [2018-08-16 20:59:41,197]
F1 overall: 0.98
F1 music: 0.98
F1 voice: 0.95
F1 environment: 0.99

                                                            [2018-08-16 20:59:41,235]
####################################
#
# 20180816_orgsHelft2_100_20ep3
# mic4
# testData_G527
#
####################################

                                                            [2018-08-16 20:59:50,345]
                   m       v       e |  sens   acc
music           8764     147       6 |  0.98  0.98
voice            123    2743       0 |  0.96  0.98
environment       24      11    2456 |  0.99  1.00
--------------------------------------
prec            0.98    0.95    1.00
                                                            [2018-08-16 20:59:50,345]

                                                            [2018-08-16 20:59:50,345]
F1 overall: 0.98
F1 music: 0.98
F1 voice: 0.95
F1 environment: 0.99

                                                            [2018-08-16 20:59:50,380]
####################################
#
# 20180816_orgsHelft2_100_20ep4
# mic4
# testData_G527
#
####################################

                                                            [2018-08-16 20:59:59,709]
                   m       v       e |  sens   acc
music           8709     201       7 |  0.98  0.97
voice            153    2712       1 |  0.95  0.97
environment        9       2    2480 |  1.00  1.00
--------------------------------------
prec            0.98    0.93    1.00
                                                            [2018-08-16 20:59:59,711]

                                                            [2018-08-16 20:59:59,711]
F1 overall: 0.97
F1 music: 0.98
F1 voice: 0.94
F1 environment: 1.00

                                                            [2018-08-16 20:59:59,746]
####################################
#
# 20180816_orgsHelft2_100_20ep5
# mic4
# testData_G527
#
####################################

                                                            [2018-08-16 21:00:10,173]
                   m       v       e |  sens   acc
music           8739     170       8 |  0.98  0.98
voice            136    2729       1 |  0.95  0.98
environment       11       6    2474 |  0.99  1.00
--------------------------------------
prec            0.98    0.94    1.00
                                                            [2018-08-16 21:00:10,173]

                                                            [2018-08-16 21:00:10,173]
F1 overall: 0.97
F1 music: 0.98
F1 voice: 0.95
F1 environment: 0.99

                                                            [2018-08-16 21:00:10,208]
####################################
#
# 20180816_orgsHelft2_400_250_100_20ep1
# mic4
# testData_G527
#
####################################

                                                            [2018-08-16 21:00:20,228]
                   m       v       e |  sens   acc
music           8802     107       8 |  0.99  0.97
voice            374    2488       4 |  0.87  0.97
environment        6       0    2485 |  1.00  1.00
--------------------------------------
prec            0.96    0.96    1.00
                                                            [2018-08-16 21:00:20,228]

                                                            [2018-08-16 21:00:20,229]
F1 overall: 0.96
F1 music: 0.97
F1 voice: 0.91
F1 environment: 1.00

                                                            [2018-08-16 21:00:20,263]
####################################
#
# 20180816_orgsHelft2_400_250_100_20ep2
# mic4
# testData_G527
#
####################################

                                                            [2018-08-16 21:00:30,484]
                   m       v       e |  sens   acc
music           8802     107       8 |  0.99  0.97
voice            259    2607       0 |  0.91  0.97
environment        6       0    2485 |  1.00  1.00
--------------------------------------
prec            0.97    0.96    1.00
                                                            [2018-08-16 21:00:30,485]

                                                            [2018-08-16 21:00:30,485]
F1 overall: 0.97
F1 music: 0.98
F1 voice: 0.93
F1 environment: 1.00

                                                            [2018-08-16 21:00:30,521]
####################################
#
# 20180816_orgsHelft2_400_250_100_20ep3
# mic4
# testData_G527
#
####################################

                                                            [2018-08-16 21:00:41,163]
                   m       v       e |  sens   acc
music           8790     121       6 |  0.99  0.98
voice            166    2700       0 |  0.94  0.98
environment       20       4    2467 |  0.99  1.00
--------------------------------------
prec            0.98    0.96    1.00
                                                            [2018-08-16 21:00:41,165]

                                                            [2018-08-16 21:00:41,165]
F1 overall: 0.98
F1 music: 0.98
F1 voice: 0.95
F1 environment: 0.99

                                                            [2018-08-16 21:00:41,201]
####################################
#
# 20180816_orgsHelft2_400_250_100_20ep4
# mic4
# testData_G527
#
####################################

                                                            [2018-08-16 21:00:51,843]
                   m       v       e |  sens   acc
music           8801     111       5 |  0.99  0.99
voice             81    2785       0 |  0.97  0.99
environment        4       2    2485 |  1.00  1.00
--------------------------------------
prec            0.99    0.96    1.00
                                                            [2018-08-16 21:00:51,844]

                                                            [2018-08-16 21:00:51,844]
F1 overall: 0.98
F1 music: 0.99
F1 voice: 0.97
F1 environment: 1.00

                                                            [2018-08-16 21:00:51,883]
####################################
#
# 20180816_orgsHelft2_400_250_100_20ep5
# mic4
# testData_G527
#
####################################

                                                            [2018-08-16 21:01:02,757]
                   m       v       e |  sens   acc
music           8821      85      11 |  0.99  0.98
voice            211    2651       4 |  0.92  0.98
environment        3       0    2488 |  1.00  1.00
--------------------------------------
prec            0.98    0.97    0.99
                                                            [2018-08-16 21:01:02,758]

                                                            [2018-08-16 21:01:02,758]
F1 overall: 0.98
F1 music: 0.98
F1 voice: 0.95
F1 environment: 1.00

                                                            [2018-08-16 21:01:02,795]
####################################
#
# 20180816_orgsHelft2_400_300_200_100_50_20_10ep1
# mic4
# testData_G527
#
####################################

                                                            [2018-08-16 21:01:14,285]
                   m       v       e |  sens   acc
music           8766     134      17 |  0.98  0.98
voice            144    2717       5 |  0.95  0.98
environment        1       0    2490 |  1.00  1.00
--------------------------------------
prec            0.98    0.95    0.99
                                                            [2018-08-16 21:01:14,285]

                                                            [2018-08-16 21:01:14,285]
F1 overall: 0.98
F1 music: 0.98
F1 voice: 0.95
F1 environment: 1.00

                                                            [2018-08-16 21:01:14,323]
####################################
#
# 20180816_orgsHelft2_400_300_200_100_50_20_10ep2
# mic4
# testData_G527
#
####################################

                                                            [2018-08-16 21:01:25,798]
                   m       v       e |  sens   acc
music           8842      58      17 |  0.99  0.96
voice            502    2357       7 |  0.82  0.96
environment        0       0    2491 |  1.00  1.00
--------------------------------------
prec            0.95    0.98    0.99
                                                            [2018-08-16 21:01:25,798]

                                                            [2018-08-16 21:01:25,798]
F1 overall: 0.95
F1 music: 0.97
F1 voice: 0.89
F1 environment: 1.00

                                                            [2018-08-16 21:01:25,837]
####################################
#
# 20180816_orgsHelft2_400_300_200_100_50_20_10ep3
# mic4
# testData_G527
#
####################################

                                                            [2018-08-16 21:01:37,759]
                   m       v       e |  sens   acc
music           8765     144       8 |  0.98  0.97
voice            271    2595       0 |  0.91  0.97
environment        9       0    2482 |  1.00  1.00
--------------------------------------
prec            0.97    0.95    1.00
                                                            [2018-08-16 21:01:37,759]

                                                            [2018-08-16 21:01:37,759]
F1 overall: 0.97
F1 music: 0.98
F1 voice: 0.93
F1 environment: 1.00

                                                            [2018-08-16 21:01:37,805]
####################################
#
# 20180816_orgsHelft2_400_300_200_100_50_20_10ep4
# mic4
# testData_G527
#
####################################

                                                            [2018-08-16 21:01:50,387]
                   m       v       e |  sens   acc
music           8823      90       4 |  0.99  0.98
voice            177    2689       0 |  0.94  0.98
environment       13       0    2478 |  0.99  1.00
--------------------------------------
prec            0.98    0.97    1.00
                                                            [2018-08-16 21:01:50,388]

                                                            [2018-08-16 21:01:50,388]
F1 overall: 0.98
F1 music: 0.98
F1 voice: 0.95
F1 environment: 1.00

                                                            [2018-08-16 21:01:50,445]
####################################
#
# 20180816_orgsHelft2_400_300_200_100_50_20_10ep5
# mic4
# testData_G527
#
####################################

                                                            [2018-08-16 21:02:03,252]
                   m       v       e |  sens   acc
music           8735     176       6 |  0.98  0.97
voice            228    2638       0 |  0.92  0.97
environment       10       2    2479 |  1.00  1.00
--------------------------------------
prec            0.97    0.94    1.00
                                                            [2018-08-16 21:02:03,253]

                                                            [2018-08-16 21:02:03,254]
F1 overall: 0.97
F1 music: 0.98
F1 voice: 0.93
F1 environment: 1.00

                                                            [2018-08-16 21:02:03,315]
####################################
#
# 20180816_orgsHelft2_450_400_350_300_250_200_150_100_50_21ep1
# mic4
# testData_G527
#
####################################

                                                            [2018-08-16 21:02:17,283]
                   m       v       e |  sens   acc
music           8765     140      12 |  0.98  0.97
voice            212    2654       0 |  0.93  0.98
environment        3       1    2487 |  1.00  1.00
--------------------------------------
prec            0.98    0.95    1.00
                                                            [2018-08-16 21:02:17,283]

                                                            [2018-08-16 21:02:17,283]
F1 overall: 0.97
F1 music: 0.98
F1 voice: 0.94
F1 environment: 1.00

                                                            [2018-08-16 21:02:17,319]
####################################
#
# 20180816_orgsHelft2_450_400_350_300_250_200_150_100_50_21ep2
# mic4
# testData_G527
#
####################################

                                                            [2018-08-16 21:02:31,389]
                   m       v       e |  sens   acc
music           8827      86       4 |  0.99  0.96
voice            477    2389       0 |  0.83  0.96
environment        7       1    2483 |  1.00  1.00
--------------------------------------
prec            0.95    0.96    1.00
                                                            [2018-08-16 21:02:31,390]

                                                            [2018-08-16 21:02:31,390]
F1 overall: 0.95
F1 music: 0.97
F1 voice: 0.89
F1 environment: 1.00

                                                            [2018-08-16 21:02:31,480]
####################################
#
# 20180816_orgsHelft2_450_400_350_300_250_200_150_100_50_21ep3
# mic4
# testData_G527
#
####################################

                                                            [2018-08-16 21:02:45,519]
                   m       v       e |  sens   acc
music           8777     134       6 |  0.98  0.97
voice            261    2602       3 |  0.91  0.97
environment        5       3    2483 |  1.00  1.00
--------------------------------------
prec            0.97    0.95    1.00
                                                            [2018-08-16 21:02:45,521]

                                                            [2018-08-16 21:02:45,521]
F1 overall: 0.97
F1 music: 0.98
F1 voice: 0.93
F1 environment: 1.00

                                                            [2018-08-16 21:02:45,563]
####################################
#
# 20180816_orgsHelft2_450_400_350_300_250_200_150_100_50_21ep4
# mic4
# testData_G527
#
####################################

                                                            [2018-08-16 21:03:00,109]
                   m       v       e |  sens   acc
music           8750     160       7 |  0.98  0.98
voice             99    2766       1 |  0.97  0.98
environment        7       5    2479 |  1.00  1.00
--------------------------------------
prec            0.99    0.94    1.00
                                                            [2018-08-16 21:03:00,110]

                                                            [2018-08-16 21:03:00,110]
F1 overall: 0.98
F1 music: 0.98
F1 voice: 0.95
F1 environment: 1.00

                                                            [2018-08-16 21:03:00,170]
####################################
#
# 20180816_orgsHelft2_450_400_350_300_250_200_150_100_50_21ep5
# mic4
# testData_G527
#
####################################

                                                            [2018-08-16 21:03:14,928]
                   m       v       e |  sens   acc
music           8814      95       8 |  0.99  0.98
voice            224    2642       0 |  0.92  0.98
environment       12       0    2479 |  1.00  1.00
--------------------------------------
prec            0.97    0.97    1.00
                                                            [2018-08-16 21:03:14,930]

                                                            [2018-08-16 21:03:14,930]
F1 overall: 0.97
F1 music: 0.98
F1 voice: 0.94
F1 environment: 1.00

                                                            [2018-08-16 21:03:15,862]
####################################
#
# 20180816_orgsHelft2_100_20ep1
# mic4
# testData_Studio
#
####################################

                                                            [2018-08-16 21:03:44,001]
                   m       v       e |  sens   acc
music          52349   10307     939 |  0.82  0.91
voice            978   35782    1144 |  0.94  0.91
environment       33     680   41624 |  0.98  0.98
--------------------------------------
prec            0.98    0.77    0.95
                                                            [2018-08-16 21:03:44,002]

                                                            [2018-08-16 21:03:44,003]
F1 overall: 0.90
F1 music: 0.90
F1 voice: 0.85
F1 environment: 0.97

                                                            [2018-08-16 21:03:44,236]
####################################
#
# 20180816_orgsHelft2_100_20ep2
# mic4
# testData_Studio
#
####################################

                                                            [2018-08-16 21:04:08,339]
                   m       v       e |  sens   acc
music          52148   10422    1025 |  0.82  0.92
voice            576   36064    1264 |  0.95  0.91
environment       35     470   41832 |  0.99  0.98
--------------------------------------
prec            0.99    0.77    0.95
                                                            [2018-08-16 21:04:08,339]

                                                            [2018-08-16 21:04:08,340]
F1 overall: 0.90
F1 music: 0.90
F1 voice: 0.85
F1 environment: 0.97

                                                            [2018-08-16 21:04:08,552]
####################################
#
# 20180816_orgsHelft2_100_20ep3
# mic4
# testData_Studio
#
####################################

                                                            [2018-08-16 21:04:32,825]
                   m       v       e |  sens   acc
music          52700    9911     984 |  0.83  0.92
voice            782   36348     774 |  0.96  0.92
environment       28     567   41742 |  0.99  0.98
--------------------------------------
prec            0.98    0.78    0.96
                                                            [2018-08-16 21:04:32,825]

                                                            [2018-08-16 21:04:32,825]
F1 overall: 0.91
F1 music: 0.90
F1 voice: 0.86
F1 environment: 0.97

                                                            [2018-08-16 21:04:33,044]
####################################
#
# 20180816_orgsHelft2_100_20ep4
# mic4
# testData_Studio
#
####################################

                                                            [2018-08-16 21:04:57,394]
                   m       v       e |  sens   acc
music          52253   10253    1089 |  0.82  0.91
voice            861   36174     869 |  0.95  0.91
environment       30     484   41823 |  0.99  0.98
--------------------------------------
prec            0.98    0.77    0.96
                                                            [2018-08-16 21:04:57,394]

                                                            [2018-08-16 21:04:57,394]
F1 overall: 0.91
F1 music: 0.90
F1 voice: 0.85
F1 environment: 0.97

                                                            [2018-08-16 21:04:57,607]
####################################
#
# 20180816_orgsHelft2_100_20ep5
# mic4
# testData_Studio
#
####################################

                                                            [2018-08-16 21:05:22,048]
                   m       v       e |  sens   acc
music          53704    8862    1029 |  0.84  0.92
voice            886   36176     842 |  0.95  0.92
environment       25     517   41795 |  0.99  0.98
--------------------------------------
prec            0.98    0.79    0.96
                                                            [2018-08-16 21:05:22,048]

                                                            [2018-08-16 21:05:22,048]
F1 overall: 0.92
F1 music: 0.91
F1 voice: 0.87
F1 environment: 0.97

                                                            [2018-08-16 21:05:22,263]
####################################
#
# 20180816_orgsHelft2_400_250_100_20ep1
# mic4
# testData_Studio
#
####################################

                                                            [2018-08-16 21:05:51,111]
                   m       v       e |  sens   acc
music          53530    8544    1521 |  0.84  0.92
voice            982   35619    1303 |  0.94  0.92
environment       26     441   41870 |  0.99  0.98
--------------------------------------
prec            0.98    0.80    0.94
                                                            [2018-08-16 21:05:51,111]

                                                            [2018-08-16 21:05:51,112]
F1 overall: 0.91
F1 music: 0.91
F1 voice: 0.86
F1 environment: 0.96

                                                            [2018-08-16 21:05:51,354]
####################################
#
# 20180816_orgsHelft2_400_250_100_20ep2
# mic4
# testData_Studio
#
####################################

                                                            [2018-08-16 21:06:21,445]
                   m       v       e |  sens   acc
music          54511    8029    1055 |  0.86  0.93
voice           1043   36186     675 |  0.95  0.93
environment       28     505   41804 |  0.99  0.98
--------------------------------------
prec            0.98    0.81    0.96
                                                            [2018-08-16 21:06:21,445]

                                                            [2018-08-16 21:06:21,446]
F1 overall: 0.92
F1 music: 0.91
F1 voice: 0.88
F1 environment: 0.97

                                                            [2018-08-16 21:06:21,658]
####################################
#
# 20180816_orgsHelft2_400_250_100_20ep3
# mic4
# testData_Studio
#
####################################

                                                            [2018-08-16 21:06:51,172]
                   m       v       e |  sens   acc
music          53753    8229    1613 |  0.85  0.93
voice            873   36078     953 |  0.95  0.93
environment       29     571   41737 |  0.99  0.98
--------------------------------------
prec            0.98    0.80    0.94
                                                            [2018-08-16 21:06:51,172]

                                                            [2018-08-16 21:06:51,172]
F1 overall: 0.91
F1 music: 0.91
F1 voice: 0.87
F1 environment: 0.96

                                                            [2018-08-16 21:06:51,385]
####################################
#
# 20180816_orgsHelft2_400_250_100_20ep4
# mic4
# testData_Studio
#
####################################

                                                            [2018-08-16 21:07:23,371]
                   m       v       e |  sens   acc
music          55069    7748     778 |  0.87  0.93
voice           1230   36052     622 |  0.95  0.93
environment       31     590   41716 |  0.99  0.99
--------------------------------------
prec            0.98    0.81    0.97
                                                            [2018-08-16 21:07:23,371]

                                                            [2018-08-16 21:07:23,371]
F1 overall: 0.92
F1 music: 0.92
F1 voice: 0.88
F1 environment: 0.98

                                                            [2018-08-16 21:07:23,584]
####################################
#
# 20180816_orgsHelft2_400_250_100_20ep5
# mic4
# testData_Studio
#
####################################

                                                            [2018-08-16 21:07:55,240]
                   m       v       e |  sens   acc
music          55258    7501     836 |  0.87  0.93
voice           1366   36057     481 |  0.95  0.93
environment       31     624   41682 |  0.98  0.99
--------------------------------------
prec            0.98    0.82    0.97
                                                            [2018-08-16 21:07:55,240]

                                                            [2018-08-16 21:07:55,240]
F1 overall: 0.92
F1 music: 0.92
F1 voice: 0.88
F1 environment: 0.98

                                                            [2018-08-16 21:07:55,525]
####################################
#
# 20180816_orgsHelft2_400_300_200_100_50_20_10ep1
# mic4
# testData_Studio
#
####################################

                                                            [2018-08-16 21:08:26,676]
                   m       v       e |  sens   acc
music          52257   10037    1301 |  0.82  0.92
voice            244   37188     472 |  0.98  0.92
environment       30     564   41743 |  0.99  0.98
--------------------------------------
prec            0.99    0.78    0.96
                                                            [2018-08-16 21:08:26,676]

                                                            [2018-08-16 21:08:26,676]
F1 overall: 0.91
F1 music: 0.90
F1 voice: 0.87
F1 environment: 0.97

                                                            [2018-08-16 21:08:26,895]
####################################
#
# 20180816_orgsHelft2_400_300_200_100_50_20_10ep2
# mic4
# testData_Studio
#
####################################

                                                            [2018-08-16 21:09:00,268]
                   m       v       e |  sens   acc
music          54151    7196    2248 |  0.85  0.92
voice           1778   35212     914 |  0.93  0.93
environment       18     512   41807 |  0.99  0.97
--------------------------------------
prec            0.97    0.82    0.93
                                                            [2018-08-16 21:09:00,268]

                                                            [2018-08-16 21:09:00,268]
F1 overall: 0.91
F1 music: 0.91
F1 voice: 0.87
F1 environment: 0.96

                                                            [2018-08-16 21:09:00,524]
####################################
#
# 20180816_orgsHelft2_400_300_200_100_50_20_10ep3
# mic4
# testData_Studio
#
####################################

                                                            [2018-08-16 21:09:33,988]
                   m       v       e |  sens   acc
music          54318    8138    1139 |  0.85  0.93
voice           1314   36163     427 |  0.95  0.93
environment       27     548   41762 |  0.99  0.99
--------------------------------------
prec            0.98    0.81    0.96
                                                            [2018-08-16 21:09:33,989]

                                                            [2018-08-16 21:09:33,989]
F1 overall: 0.92
F1 music: 0.91
F1 voice: 0.87
F1 environment: 0.98

                                                            [2018-08-16 21:09:34,369]
####################################
#
# 20180816_orgsHelft2_400_300_200_100_50_20_10ep4
# mic4
# testData_Studio
#
####################################

                                                            [2018-08-16 21:10:08,931]
                   m       v       e |  sens   acc
music          54239    8269    1087 |  0.85  0.93
voice            457   36655     792 |  0.97  0.93
environment       26     421   41890 |  0.99  0.98
--------------------------------------
prec            0.99    0.81    0.96
                                                            [2018-08-16 21:10:08,931]

                                                            [2018-08-16 21:10:08,932]
F1 overall: 0.92
F1 music: 0.92
F1 voice: 0.88
F1 environment: 0.97

                                                            [2018-08-16 21:10:09,241]
####################################
#
# 20180816_orgsHelft2_400_300_200_100_50_20_10ep5
# mic4
# testData_Studio
#
####################################

                                                            [2018-08-16 21:10:42,416]
                   m       v       e |  sens   acc
music          54539    8112     944 |  0.86  0.93
voice           1620   35503     781 |  0.94  0.92
environment       29     698   41610 |  0.98  0.98
--------------------------------------
prec            0.97    0.80    0.96
                                                            [2018-08-16 21:10:42,417]

                                                            [2018-08-16 21:10:42,417]
F1 overall: 0.92
F1 music: 0.91
F1 voice: 0.86
F1 environment: 0.97

                                                            [2018-08-16 21:10:42,658]
####################################
#
# 20180816_orgsHelft2_450_400_350_300_250_200_150_100_50_21ep1
# mic4
# testData_Studio
#
####################################

                                                            [2018-08-16 21:11:19,847]
                   m       v       e |  sens   acc
music          54048    8035    1512 |  0.85  0.93
voice            422   35953    1529 |  0.95  0.93
environment       20     365   41952 |  0.99  0.98
--------------------------------------
prec            0.99    0.81    0.93
                                                            [2018-08-16 21:11:19,847]

                                                            [2018-08-16 21:11:19,847]
F1 overall: 0.92
F1 music: 0.92
F1 voice: 0.87
F1 environment: 0.96

                                                            [2018-08-16 21:11:20,093]
####################################
#
# 20180816_orgsHelft2_450_400_350_300_250_200_150_100_50_21ep2
# mic4
# testData_Studio
#
####################################

                                                            [2018-08-16 21:11:59,826]
                   m       v       e |  sens   acc
music          55695    6614    1286 |  0.88  0.92
voice           3669   33185    1050 |  0.88  0.92
environment       28     481   41828 |  0.99  0.98
--------------------------------------
prec            0.94    0.82    0.95
                                                            [2018-08-16 21:11:59,826]

                                                            [2018-08-16 21:11:59,826]
F1 overall: 0.91
F1 music: 0.91
F1 voice: 0.85
F1 environment: 0.97

                                                            [2018-08-16 21:12:00,134]
####################################
#
# 20180816_orgsHelft2_450_400_350_300_250_200_150_100_50_21ep3
# mic4
# testData_Studio
#
####################################

                                                            [2018-08-16 21:12:38,957]
                   m       v       e |  sens   acc
music          54047    8245    1303 |  0.85  0.92
voice           1262   35564    1078 |  0.94  0.92
environment       25     396   41916 |  0.99  0.98
--------------------------------------
prec            0.98    0.80    0.95
                                                            [2018-08-16 21:12:38,957]

                                                            [2018-08-16 21:12:38,957]
F1 overall: 0.91
F1 music: 0.91
F1 voice: 0.87
F1 environment: 0.97

                                                            [2018-08-16 21:12:39,250]
####################################
#
# 20180816_orgsHelft2_450_400_350_300_250_200_150_100_50_21ep4
# mic4
# testData_Studio
#
####################################

                                                            [2018-08-16 21:13:22,737]
                   m       v       e |  sens   acc
music          54114    8326    1155 |  0.85  0.93
voice            296   36764     844 |  0.97  0.93
environment       27     357   41953 |  0.99  0.98
--------------------------------------
prec            0.99    0.81    0.95
                                                            [2018-08-16 21:13:22,737]

                                                            [2018-08-16 21:13:22,737]
F1 overall: 0.92
F1 music: 0.92
F1 voice: 0.88
F1 environment: 0.97

                                                            [2018-08-16 21:13:23,029]
####################################
#
# 20180816_orgsHelft2_450_400_350_300_250_200_150_100_50_21ep5
# mic4
# testData_Studio
#
####################################

                                                            [2018-08-16 21:14:03,305]
                   m       v       e |  sens   acc
music          55828    6989     778 |  0.88  0.94
voice           1238   35793     873 |  0.94  0.93
environment       62     636   41639 |  0.98  0.98
--------------------------------------
prec            0.98    0.82    0.96
                                                            [2018-08-16 21:14:03,305]

                                                            [2018-08-16 21:14:03,306]
F1 overall: 0.93
F1 music: 0.92
F1 voice: 0.88
F1 environment: 0.97

