                                                            [2019-01-03 17:15:10,182]
####################################
#
# maak spectra voor testdata G428, NFFT=2048
#
####################################

                                                            [2019-01-03 17:15:20,503]
Klaar: spectra voor testdata G428
                                                            [2019-01-03 17:15:20,647]
####################################
#
# maak spectra voor testdata G527, NFFT=2048
#
####################################

                                                            [2019-01-03 17:15:23,036]
Klaar: spectra voor testdata G527
                                                            [2019-01-03 17:15:23,211]
####################################
#
# maak spectra voor testdata Studio, NFFT=2048
#
####################################

                                                            [2019-01-03 17:16:55,954]
Klaar: spectra voor testdata Studio
                                                            [2019-01-03 17:16:56,291]
####################################
#
# Alle orgs, lagen: [100, 20]
#
####################################

                                                            [2019-01-03 17:16:56,385]

*****************
* Epoch nr 1
*****************

