                                                            [2019-01-03 16:59:10,266]
####################################
#
# maak spectra voor testdata G428, NFFT=2048
#
####################################

                                                            [2019-01-03 16:59:23,386]
Klaar: spectra voor testdata G428
                                                            [2019-01-03 16:59:23,543]
####################################
#
# maak spectra voor testdata G527, NFFT=2048
#
####################################

                                                            [2019-01-03 16:59:26,784]
Klaar: spectra voor testdata G527
                                                            [2019-01-03 16:59:26,937]
####################################
#
# maak spectra voor testdata Studio, NFFT=2048
#
####################################

                                                            [2019-01-03 17:01:05,655]
Klaar: spectra voor testdata Studio
                                                            [2019-01-03 17:01:05,949]
####################################
#
# Alle orgs, lagen: [100, 20]
#
####################################

                                                            [2019-01-03 17:01:06,216]

*****************
* Epoch nr 1
*****************

                                                            [2019-01-03 17:01:19,683]
                   m       v       e |  sens   acc
music          42950    2752     102 |  0.94  0.97
voice           1274   41948    2605 |  0.92  0.93
environment       88    2546   44234 |  0.94  0.96
--------------------------------------
prec            0.97    0.89    0.94
                                                            [2019-01-03 17:01:19,683]

                                                            [2019-01-03 17:01:19,683]
F1 overall: 0.93
F1 music: 0.95
F1 voice: 0.90
F1 environment: 0.94

                                                            [2019-01-03 17:01:19,683]

*****************
* Epoch nr 2
*****************

                                                            [2019-01-03 17:01:29,887]
                   m       v       e |  sens   acc
music          44080    1708      16 |  0.96  0.98
voice           1080   43715    1032 |  0.95  0.95
environment      101    2942   43825 |  0.94  0.97
--------------------------------------
prec            0.97    0.90    0.98
                                                            [2019-01-03 17:01:29,887]

                                                            [2019-01-03 17:01:29,887]
F1 overall: 0.95
F1 music: 0.97
F1 voice: 0.93
F1 environment: 0.96

                                                            [2019-01-03 17:01:29,887]

*****************
* Epoch nr 3
*****************

                                                            [2019-01-03 17:01:39,789]
                   m       v       e |  sens   acc
music          43631    2157      16 |  0.95  0.98
voice            352   44668     807 |  0.97  0.96
environment       42    2306   44520 |  0.95  0.98
--------------------------------------
prec            0.99    0.91    0.98
                                                            [2019-01-03 17:01:39,789]

                                                            [2019-01-03 17:01:39,789]
F1 overall: 0.96
F1 music: 0.97
F1 voice: 0.94
F1 environment: 0.97

                                                            [2019-01-03 17:01:39,789]
####################################
#
# Alle orgs, lagen: [400, 250, 100, 20]
#
####################################

                                                            [2019-01-03 17:01:39,883]

*****************
* Epoch nr 1
*****************

                                                            [2019-01-03 17:01:53,637]
                   m       v       e |  sens   acc
music          43996    1796      12 |  0.96  0.98
voice            926   44042     859 |  0.96  0.96
environment       85    1706   45077 |  0.96  0.98
--------------------------------------
prec            0.98    0.93    0.98
                                                            [2019-01-03 17:01:53,637]

                                                            [2019-01-03 17:01:53,637]
F1 overall: 0.96
F1 music: 0.97
F1 voice: 0.94
F1 environment: 0.97

                                                            [2019-01-03 17:01:53,637]

*****************
* Epoch nr 2
*****************

                                                            [2019-01-03 17:02:06,513]
                   m       v       e |  sens   acc
music          44852     934      18 |  0.98  0.99
voice            766   44055    1006 |  0.96  0.98
environment       32     565   46271 |  0.99  0.99
--------------------------------------
prec            0.98    0.97    0.98
                                                            [2019-01-03 17:02:06,513]

                                                            [2019-01-03 17:02:06,513]
F1 overall: 0.98
F1 music: 0.98
F1 voice: 0.96
F1 environment: 0.98

                                                            [2019-01-03 17:02:06,513]

*****************
* Epoch nr 3
*****************

                                                            [2019-01-03 17:02:24,481]
                   m       v       e |  sens   acc
music          45066     675      63 |  0.98  0.99
voice            530   33474   11823 |  0.73  0.91
environment       26      22   46820 |  1.00  0.91
--------------------------------------
prec            0.99    0.98    0.80
                                                            [2019-01-03 17:02:24,481]

                                                            [2019-01-03 17:02:24,481]
F1 overall: 0.90
F1 music: 0.99
F1 voice: 0.84
F1 environment: 0.89

                                                            [2019-01-03 17:02:24,481]
####################################
#
# Alle orgs, lagen: [400, 300, 200, 100, 50, 20, 10]
#
####################################

                                                            [2019-01-03 17:02:24,606]

*****************
* Epoch nr 1
*****************

                                                            [2019-01-03 17:02:48,950]
                   m       v       e |  sens   acc
music          42762    3031      11 |  0.93  0.98
voice            166   44769     892 |  0.98  0.96
environment       47    1555   45266 |  0.97  0.98
--------------------------------------
prec            1.00    0.91    0.98
                                                            [2019-01-03 17:02:48,950]

                                                            [2019-01-03 17:02:48,950]
F1 overall: 0.96
F1 music: 0.96
F1 voice: 0.94
F1 environment: 0.97

                                                            [2019-01-03 17:02:48,950]

*****************
* Epoch nr 2
*****************

                                                            [2019-01-03 17:03:06,739]
                   m       v       e |  sens   acc
music          44864     923      17 |  0.98  0.99
voice            658   44853     316 |  0.98  0.98
environment       28    1538   45302 |  0.97  0.99
--------------------------------------
prec            0.98    0.95    0.99
                                                            [2019-01-03 17:03:06,739]

                                                            [2019-01-03 17:03:06,739]
F1 overall: 0.97
F1 music: 0.98
F1 voice: 0.96
F1 environment: 0.98

                                                            [2019-01-03 17:03:06,739]

*****************
* Epoch nr 3
*****************

                                                            [2019-01-03 17:03:23,827]
                   m       v       e |  sens   acc
music          45401     397       6 |  0.99  0.99
voice            700   43995    1132 |  0.96  0.98
environment       24     377   46467 |  0.99  0.99
--------------------------------------
prec            0.98    0.98    0.98
                                                            [2019-01-03 17:03:23,827]

                                                            [2019-01-03 17:03:23,827]
F1 overall: 0.98
F1 music: 0.99
F1 voice: 0.97
F1 environment: 0.98

                                                            [2019-01-03 17:03:23,827]
####################################
#
# Alle orgs, lagen: [450, 400, 350, 300, 250, 200, 150, 100, 50, 21]
#
####################################

                                                            [2019-01-03 17:03:23,999]

*****************
* Epoch nr 1
*****************

                                                            [2019-01-03 17:03:49,276]
                   m       v       e |  sens   acc
music          44940     852      12 |  0.98  0.98
voice           1604   43427     796 |  0.95  0.97
environment       62     931   45875 |  0.98  0.99
--------------------------------------
prec            0.96    0.96    0.98
                                                            [2019-01-03 17:03:49,276]

                                                            [2019-01-03 17:03:49,277]
F1 overall: 0.97
F1 music: 0.97
F1 voice: 0.95
F1 environment: 0.98

                                                            [2019-01-03 17:03:49,278]

*****************
* Epoch nr 2
*****************

                                                            [2019-01-03 17:04:11,731]
                   m       v       e |  sens   acc
music          44221    1570      13 |  0.97  0.99
voice            192   44942     693 |  0.98  0.98
environment       16     699   46153 |  0.98  0.99
--------------------------------------
prec            1.00    0.95    0.98
                                                            [2019-01-03 17:04:11,731]

                                                            [2019-01-03 17:04:11,731]
F1 overall: 0.98
F1 music: 0.98
F1 voice: 0.97
F1 environment: 0.98

                                                            [2019-01-03 17:04:11,731]

*****************
* Epoch nr 3
*****************

                                                            [2019-01-03 17:04:35,185]
                   m       v       e |  sens   acc
music          45511     292       1 |  0.99  0.99
voice           1077   44509     241 |  0.97  0.98
environment       52     864   45952 |  0.98  0.99
--------------------------------------
prec            0.98    0.97    0.99
                                                            [2019-01-03 17:04:35,185]

                                                            [2019-01-03 17:04:35,185]
F1 overall: 0.98
F1 music: 0.98
F1 voice: 0.97
F1 environment: 0.99

                                                            [2019-01-03 17:04:35,345]
####################################
#
# 20181215_NFFT2048_100_20ep1
# mic4
# testData_G428
#
####################################

                                                            [2019-01-03 17:04:38,992]
                   m       v       e |  sens   acc
music           2526      35       1 |  0.99  0.97
voice            117    1562      40 |  0.91  0.97
environment        3       0    1629 |  1.00  0.99
--------------------------------------
prec            0.95    0.98    0.98
                                                            [2019-01-03 17:04:38,992]

                                                            [2019-01-03 17:04:39,008]
F1 overall: 0.97
F1 music: 0.97
F1 voice: 0.94
F1 environment: 0.99

                                                            [2019-01-03 17:04:39,039]
####################################
#
# 20181215_NFFT2048_100_20ep1
# mic4
# testData_G527
#
####################################

                                                            [2019-01-03 17:04:42,646]
                   m       v       e |  sens   acc
music           1087       8       0 |  0.99  0.97
voice             36     293       1 |  0.89  0.97
environment        0       0     304 |  1.00  1.00
--------------------------------------
prec            0.97    0.97    1.00
                                                            [2019-01-03 17:04:42,646]

                                                            [2019-01-03 17:04:42,646]
F1 overall: 0.97
F1 music: 0.98
F1 voice: 0.93
F1 environment: 1.00

                                                            [2019-01-03 17:04:42,709]
####################################
#
# 20181215_NFFT2048_100_20ep1
# mic4
# testData_Studio
#
####################################

                                                            [2019-01-03 17:04:47,238]
                   m       v       e |  sens   acc
music           6804     912     113 |  0.87  0.94
voice             11    4179     265 |  0.94  0.93
environment        2       9    5188 |  1.00  0.98
--------------------------------------
prec            1.00    0.82    0.93
                                                            [2019-01-03 17:04:47,238]

                                                            [2019-01-03 17:04:47,238]
F1 overall: 0.92
F1 music: 0.93
F1 voice: 0.87
F1 environment: 0.96

                                                            [2019-01-03 17:04:47,238]
####################################
#
# 20181215_NFFT2048_100_20ep1
# mic4
# testData_Overall
#
####################################

                                                            [2019-01-03 17:04:47,238]
                   m       v       e |  sens   acc
music           0.95    0.05    0.00 |  0.95  0.96
voice           0.06    0.91    0.03 |  0.91  0.96
environment     0.00    0.00    1.00 |  1.00  0.99
--------------------------------------
prec            0.94    0.95    0.97
                                                            [2019-01-03 17:04:47,238]

                                                            [2019-01-03 17:04:47,238]
F1 overall: 0.95
F1 music: 0.94
F1 voice: 0.93
F1 environment: 0.98

                                                            [2019-01-03 17:04:47,285]
####################################
#
# 20181215_NFFT2048_100_20ep2
# mic4
# testData_G428
#
####################################

                                                            [2019-01-03 17:04:51,447]
                   m       v       e |  sens   acc
music           2535      27       0 |  0.99  0.98
voice            105    1594      20 |  0.93  0.97
environment        3       1    1628 |  1.00  1.00
--------------------------------------
prec            0.96    0.98    0.99
                                                            [2019-01-03 17:04:51,447]

                                                            [2019-01-03 17:04:51,447]
F1 overall: 0.97
F1 music: 0.97
F1 voice: 0.95
F1 environment: 0.99

                                                            [2019-01-03 17:04:51,478]
####################################
#
# 20181215_NFFT2048_100_20ep2
# mic4
# testData_G527
#
####################################

                                                            [2019-01-03 17:04:55,308]
                   m       v       e |  sens   acc
music           1088       7       0 |  0.99  0.98
voice             31     299       0 |  0.91  0.98
environment        0       0     304 |  1.00  1.00
--------------------------------------
prec            0.97    0.98    1.00
                                                            [2019-01-03 17:04:55,324]

                                                            [2019-01-03 17:04:55,324]
F1 overall: 0.97
F1 music: 0.98
F1 voice: 0.94
F1 environment: 1.00

                                                            [2019-01-03 17:04:55,371]
####################################
#
# 20181215_NFFT2048_100_20ep2
# mic4
# testData_Studio
#
####################################

                                                            [2019-01-03 17:05:00,311]
                   m       v       e |  sens   acc
music           7185     611      33 |  0.92  0.96
voice             19    4305     131 |  0.97  0.96
environment        5      17    5177 |  1.00  0.99
--------------------------------------
prec            1.00    0.87    0.97
                                                            [2019-01-03 17:05:00,311]

                                                            [2019-01-03 17:05:00,311]
F1 overall: 0.95
F1 music: 0.96
F1 voice: 0.92
F1 environment: 0.98

                                                            [2019-01-03 17:05:00,311]
####################################
#
# 20181215_NFFT2048_100_20ep2
# mic4
# testData_Overall
#
####################################

                                                            [2019-01-03 17:05:00,311]
                   m       v       e |  sens   acc
music           0.97    0.03    0.00 |  0.97  0.97
voice           0.05    0.93    0.01 |  0.93  0.97
environment     0.00    0.00    1.00 |  1.00  0.99
--------------------------------------
prec            0.95    0.97    0.99
                                                            [2019-01-03 17:05:00,311]

                                                            [2019-01-03 17:05:00,311]
F1 overall: 0.97
F1 music: 0.96
F1 voice: 0.95
F1 environment: 0.99

                                                            [2019-01-03 17:05:00,358]
####################################
#
# 20181215_NFFT2048_100_20ep3
# mic4
# testData_G428
#
####################################

                                                            [2019-01-03 17:05:04,604]
                   m       v       e |  sens   acc
music           2511      50       1 |  0.98  0.99
voice             16    1687      16 |  0.98  0.99
environment        3       1    1628 |  1.00  1.00
--------------------------------------
prec            0.99    0.97    0.99
                                                            [2019-01-03 17:05:04,604]

                                                            [2019-01-03 17:05:04,604]
F1 overall: 0.99
F1 music: 0.99
F1 voice: 0.98
F1 environment: 0.99

                                                            [2019-01-03 17:05:04,636]
####################################
#
# 20181215_NFFT2048_100_20ep3
# mic4
# testData_G527
#
####################################

                                                            [2019-01-03 17:05:08,657]
                   m       v       e |  sens   acc
music           1074      21       0 |  0.98  0.98
voice              8     322       0 |  0.98  0.98
environment        0       0     304 |  1.00  1.00
--------------------------------------
prec            0.99    0.94    1.00
                                                            [2019-01-03 17:05:08,657]

                                                            [2019-01-03 17:05:08,657]
F1 overall: 0.98
F1 music: 0.99
F1 voice: 0.96
F1 environment: 1.00

                                                            [2019-01-03 17:05:08,720]
####################################
#
# 20181215_NFFT2048_100_20ep3
# mic4
# testData_Studio
#
####################################

                                                            [2019-01-03 17:05:14,128]
                   m       v       e |  sens   acc
music           7057     731      41 |  0.90  0.95
voice             15    4376      64 |  0.98  0.95
environment        3      30    5166 |  0.99  0.99
--------------------------------------
prec            1.00    0.85    0.98
                                                            [2019-01-03 17:05:14,128]

                                                            [2019-01-03 17:05:14,128]
F1 overall: 0.95
F1 music: 0.95
F1 voice: 0.91
F1 environment: 0.99

                                                            [2019-01-03 17:05:14,128]
####################################
#
# 20181215_NFFT2048_100_20ep3
# mic4
# testData_Overall
#
####################################

                                                            [2019-01-03 17:05:14,128]
                   m       v       e |  sens   acc
music           0.95    0.04    0.00 |  0.95  0.98
voice           0.01    0.98    0.01 |  0.98  0.98
environment     0.00    0.00    1.00 |  1.00  1.00
--------------------------------------
prec            0.99    0.96    0.99
                                                            [2019-01-03 17:05:14,128]

                                                            [2019-01-03 17:05:14,128]
F1 overall: 0.98
F1 music: 0.97
F1 voice: 0.97
F1 environment: 0.99

                                                            [2019-01-03 17:05:14,159]
####################################
#
# 20181215_NFFT2048_400_250_100_20ep1
# mic4
# testData_G428
#
####################################

                                                            [2019-01-03 17:05:19,324]
                   m       v       e |  sens   acc
music           2525      36       1 |  0.99  0.98
voice             88    1611      20 |  0.94  0.98
environment        3       0    1629 |  1.00  1.00
--------------------------------------
prec            0.97    0.98    0.99
                                                            [2019-01-03 17:05:19,324]

                                                            [2019-01-03 17:05:19,324]
F1 overall: 0.98
F1 music: 0.98
F1 voice: 0.96
F1 environment: 0.99

                                                            [2019-01-03 17:05:19,340]
####################################
#
# 20181215_NFFT2048_400_250_100_20ep1
# mic4
# testData_G527
#
####################################

                                                            [2019-01-03 17:05:24,279]
                   m       v       e |  sens   acc
music           1079      16       0 |  0.99  0.98
voice             20     307       3 |  0.93  0.98
environment        1       0     303 |  1.00  1.00
--------------------------------------
prec            0.98    0.95    0.99
                                                            [2019-01-03 17:05:24,279]

                                                            [2019-01-03 17:05:24,279]
F1 overall: 0.97
F1 music: 0.98
F1 voice: 0.94
F1 environment: 0.99

                                                            [2019-01-03 17:05:24,326]
####################################
#
# 20181215_NFFT2048_400_250_100_20ep1
# mic4
# testData_Studio
#
####################################

                                                            [2019-01-03 17:05:30,616]
                   m       v       e |  sens   acc
music           7207     595      27 |  0.92  0.96
voice             29    4362      64 |  0.98  0.96
environment        3      12    5184 |  1.00  0.99
--------------------------------------
prec            1.00    0.88    0.98
                                                            [2019-01-03 17:05:30,616]

                                                            [2019-01-03 17:05:30,616]
F1 overall: 0.96
F1 music: 0.96
F1 voice: 0.93
F1 environment: 0.99

                                                            [2019-01-03 17:05:30,616]
####################################
#
# 20181215_NFFT2048_400_250_100_20ep1
# mic4
# testData_Overall
#
####################################

                                                            [2019-01-03 17:05:30,616]
                   m       v       e |  sens   acc
music           0.96    0.03    0.00 |  0.96  0.97
voice           0.04    0.95    0.01 |  0.95  0.97
environment     0.00    0.00    1.00 |  1.00  0.99
--------------------------------------
prec            0.96    0.96    0.99
                                                            [2019-01-03 17:05:30,616]

                                                            [2019-01-03 17:05:30,616]
F1 overall: 0.97
F1 music: 0.96
F1 voice: 0.96
F1 environment: 0.99

                                                            [2019-01-03 17:05:30,663]
####################################
#
# 20181215_NFFT2048_400_250_100_20ep2
# mic4
# testData_G428
#
####################################

                                                            [2019-01-03 17:05:35,996]
                   m       v       e |  sens   acc
music           2520      39       3 |  0.98  0.98
voice             54    1646      19 |  0.96  0.98
environment        3       0    1629 |  1.00  1.00
--------------------------------------
prec            0.98    0.98    0.99
                                                            [2019-01-03 17:05:35,996]

                                                            [2019-01-03 17:05:35,996]
F1 overall: 0.98
F1 music: 0.98
F1 voice: 0.97
F1 environment: 0.99

                                                            [2019-01-03 17:05:36,012]
####################################
#
# 20181215_NFFT2048_400_250_100_20ep2
# mic4
# testData_G527
#
####################################

                                                            [2019-01-03 17:05:41,212]
                   m       v       e |  sens   acc
music           1084      11       0 |  0.99  0.98
voice             19     311       0 |  0.94  0.98
environment        0       0     304 |  1.00  1.00
--------------------------------------
prec            0.98    0.97    1.00
                                                            [2019-01-03 17:05:41,228]

                                                            [2019-01-03 17:05:41,228]
F1 overall: 0.98
F1 music: 0.99
F1 voice: 0.95
F1 environment: 1.00

                                                            [2019-01-03 17:05:41,275]
####################################
#
# 20181215_NFFT2048_400_250_100_20ep2
# mic4
# testData_Studio
#
####################################

                                                            [2019-01-03 17:05:47,410]
                   m       v       e |  sens   acc
music           7365     424      40 |  0.94  0.97
voice             51    4368      36 |  0.98  0.97
environment        6      18    5175 |  1.00  0.99
--------------------------------------
prec            0.99    0.91    0.99
                                                            [2019-01-03 17:05:47,410]

                                                            [2019-01-03 17:05:47,410]
F1 overall: 0.97
F1 music: 0.97
F1 voice: 0.94
F1 environment: 0.99

                                                            [2019-01-03 17:05:47,410]
####################################
#
# 20181215_NFFT2048_400_250_100_20ep2
# mic4
# testData_Overall
#
####################################

                                                            [2019-01-03 17:05:47,410]
                   m       v       e |  sens   acc
music           0.97    0.03    0.00 |  0.97  0.98
voice           0.03    0.96    0.01 |  0.96  0.98
environment     0.00    0.00    1.00 |  1.00  1.00
--------------------------------------
prec            0.97    0.97    0.99
                                                            [2019-01-03 17:05:47,410]

                                                            [2019-01-03 17:05:47,410]
F1 overall: 0.98
F1 music: 0.97
F1 voice: 0.97
F1 environment: 0.99

                                                            [2019-01-03 17:05:47,475]
####################################
#
# 20181215_NFFT2048_400_250_100_20ep3
# mic4
# testData_G428
#
####################################

                                                            [2019-01-03 17:05:53,504]
                   m       v       e |  sens   acc
music           2523      37       2 |  0.98  0.99
voice             32    1667      20 |  0.97  0.98
environment        4       1    1627 |  1.00  1.00
--------------------------------------
prec            0.99    0.98    0.99
                                                            [2019-01-03 17:05:53,504]

                                                            [2019-01-03 17:05:53,505]
F1 overall: 0.98
F1 music: 0.99
F1 voice: 0.97
F1 environment: 0.99

                                                            [2019-01-03 17:05:53,537]
####################################
#
# 20181215_NFFT2048_400_250_100_20ep3
# mic4
# testData_G527
#
####################################

                                                            [2019-01-03 17:05:59,795]
                   m       v       e |  sens   acc
music           1083      12       0 |  0.99  0.98
voice             14     316       0 |  0.96  0.98
environment        0       0     304 |  1.00  1.00
--------------------------------------
prec            0.99    0.96    1.00
                                                            [2019-01-03 17:05:59,795]

                                                            [2019-01-03 17:05:59,796]
F1 overall: 0.98
F1 music: 0.99
F1 voice: 0.96
F1 environment: 1.00

                                                            [2019-01-03 17:05:59,849]
####################################
#
# 20181215_NFFT2048_400_250_100_20ep3
# mic4
# testData_Studio
#
####################################

                                                            [2019-01-03 17:06:06,862]
                   m       v       e |  sens   acc
music           7430     313      86 |  0.95  0.97
voice             89    4280      86 |  0.96  0.97
environment        5      15    5179 |  1.00  0.99
--------------------------------------
prec            0.99    0.93    0.97
                                                            [2019-01-03 17:06:06,862]

                                                            [2019-01-03 17:06:06,862]
F1 overall: 0.96
F1 music: 0.97
F1 voice: 0.94
F1 environment: 0.98

                                                            [2019-01-03 17:06:06,862]
####################################
#
# 20181215_NFFT2048_400_250_100_20ep3
# mic4
# testData_Overall
#
####################################

                                                            [2019-01-03 17:06:06,862]
                   m       v       e |  sens   acc
music           0.97    0.02    0.00 |  0.97  0.98
voice           0.03    0.96    0.01 |  0.96  0.98
environment     0.00    0.00    1.00 |  1.00  0.99
--------------------------------------
prec            0.97    0.98    0.99
                                                            [2019-01-03 17:06:06,862]

                                                            [2019-01-03 17:06:06,862]
F1 overall: 0.98
F1 music: 0.97
F1 voice: 0.97
F1 environment: 0.99

                                                            [2019-01-03 17:06:06,908]
####################################
#
# 20181215_NFFT2048_400_300_200_100_50_20_10ep1
# mic4
# testData_G428
#
####################################

                                                            [2019-01-03 17:06:13,659]
                   m       v       e |  sens   acc
music           2512      49       1 |  0.98  0.99
voice             17    1677      25 |  0.98  0.98
environment        3       0    1629 |  1.00  1.00
--------------------------------------
prec            0.99    0.97    0.98
                                                            [2019-01-03 17:06:13,659]

                                                            [2019-01-03 17:06:13,659]
F1 overall: 0.98
F1 music: 0.99
F1 voice: 0.97
F1 environment: 0.99

                                                            [2019-01-03 17:06:13,690]
####################################
#
# 20181215_NFFT2048_400_300_200_100_50_20_10ep1
# mic4
# testData_G527
#
####################################

                                                            [2019-01-03 17:06:20,258]
                   m       v       e |  sens   acc
music           1077      18       0 |  0.98  0.98
voice              7     323       0 |  0.98  0.98
environment        1       1     302 |  0.99  1.00
--------------------------------------
prec            0.99    0.94    1.00
                                                            [2019-01-03 17:06:20,258]

                                                            [2019-01-03 17:06:20,258]
F1 overall: 0.98
F1 music: 0.99
F1 voice: 0.96
F1 environment: 1.00

                                                            [2019-01-03 17:06:20,305]
####################################
#
# 20181215_NFFT2048_400_300_200_100_50_20_10ep1
# mic4
# testData_Studio
#
####################################

                                                            [2019-01-03 17:06:28,458]
                   m       v       e |  sens   acc
music           7077     732      20 |  0.90  0.96
voice              3    4392      60 |  0.99  0.95
environment        2      17    5180 |  1.00  0.99
--------------------------------------
prec            1.00    0.85    0.98
                                                            [2019-01-03 17:06:28,458]

                                                            [2019-01-03 17:06:28,458]
F1 overall: 0.95
F1 music: 0.95
F1 voice: 0.92
F1 environment: 0.99

                                                            [2019-01-03 17:06:28,458]
####################################
#
# 20181215_NFFT2048_400_300_200_100_50_20_10ep1
# mic4
# testData_Overall
#
####################################

                                                            [2019-01-03 17:06:28,458]
                   m       v       e |  sens   acc
music           0.96    0.04    0.00 |  0.96  0.98
voice           0.01    0.98    0.01 |  0.98  0.98
environment     0.00    0.00    1.00 |  1.00  1.00
--------------------------------------
prec            0.99    0.96    0.99
                                                            [2019-01-03 17:06:28,458]

                                                            [2019-01-03 17:06:28,458]
F1 overall: 0.98
F1 music: 0.97
F1 voice: 0.97
F1 environment: 0.99

                                                            [2019-01-03 17:06:28,505]
####################################
#
# 20181215_NFFT2048_400_300_200_100_50_20_10ep2
# mic4
# testData_G428
#
####################################

                                                            [2019-01-03 17:06:37,010]
                   m       v       e |  sens   acc
music           2521      37       4 |  0.98  0.99
voice             43    1661      15 |  0.97  0.98
environment        3       1    1628 |  1.00  1.00
--------------------------------------
prec            0.98    0.98    0.99
                                                            [2019-01-03 17:06:37,010]

                                                            [2019-01-03 17:06:37,010]
F1 overall: 0.98
F1 music: 0.98
F1 voice: 0.97
F1 environment: 0.99

                                                            [2019-01-03 17:06:37,026]
####################################
#
# 20181215_NFFT2048_400_300_200_100_50_20_10ep2
# mic4
# testData_G527
#
####################################

                                                            [2019-01-03 17:06:45,071]
                   m       v       e |  sens   acc
music           1082      13       0 |  0.99  0.99
voice              8     322       0 |  0.98  0.99
environment        0       1     303 |  1.00  1.00
--------------------------------------
prec            0.99    0.96    1.00
                                                            [2019-01-03 17:06:45,071]

                                                            [2019-01-03 17:06:45,071]
F1 overall: 0.99
F1 music: 0.99
F1 voice: 0.97
F1 environment: 1.00

                                                            [2019-01-03 17:06:45,133]
####################################
#
# 20181215_NFFT2048_400_300_200_100_50_20_10ep2
# mic4
# testData_Studio
#
####################################

                                                            [2019-01-03 17:06:53,839]
                   m       v       e |  sens   acc
music           7347     454      28 |  0.94  0.97
voice             53    4375      27 |  0.98  0.97
environment        6      34    5159 |  0.99  0.99
--------------------------------------
prec            0.99    0.90    0.99
                                                            [2019-01-03 17:06:53,839]

                                                            [2019-01-03 17:06:53,855]
F1 overall: 0.96
F1 music: 0.96
F1 voice: 0.94
F1 environment: 0.99

                                                            [2019-01-03 17:06:53,855]
####################################
#
# 20181215_NFFT2048_400_300_200_100_50_20_10ep2
# mic4
# testData_Overall
#
####################################

                                                            [2019-01-03 17:06:53,855]
                   m       v       e |  sens   acc
music           0.97    0.03    0.00 |  0.97  0.98
voice           0.02    0.97    0.00 |  0.97  0.98
environment     0.00    0.00    1.00 |  1.00  1.00
--------------------------------------
prec            0.98    0.97    0.99
                                                            [2019-01-03 17:06:53,855]

                                                            [2019-01-03 17:06:53,855]
F1 overall: 0.98
F1 music: 0.97
F1 voice: 0.97
F1 environment: 0.99

                                                            [2019-01-03 17:06:53,870]
####################################
#
# 20181215_NFFT2048_400_300_200_100_50_20_10ep3
# mic4
# testData_G428
#
####################################

                                                            [2019-01-03 17:07:02,188]
                   m       v       e |  sens   acc
music           2530      31       1 |  0.99  0.99
voice             44    1658      17 |  0.96  0.98
environment        3       0    1629 |  1.00  1.00
--------------------------------------
prec            0.98    0.98    0.99
                                                            [2019-01-03 17:07:02,204]

                                                            [2019-01-03 17:07:02,204]
F1 overall: 0.98
F1 music: 0.98
F1 voice: 0.97
F1 environment: 0.99

                                                            [2019-01-03 17:07:02,219]
####################################
#
# 20181215_NFFT2048_400_300_200_100_50_20_10ep3
# mic4
# testData_G527
#
####################################

                                                            [2019-01-03 17:07:10,380]
                   m       v       e |  sens   acc
music           1088       7       0 |  0.99  0.99
voice             11     319       0 |  0.97  0.99
environment        1       1     302 |  0.99  1.00
--------------------------------------
prec            0.99    0.98    1.00
                                                            [2019-01-03 17:07:10,380]

                                                            [2019-01-03 17:07:10,380]
F1 overall: 0.99
F1 music: 0.99
F1 voice: 0.97
F1 environment: 1.00

                                                            [2019-01-03 17:07:10,458]
####################################
#
# 20181215_NFFT2048_400_300_200_100_50_20_10ep3
# mic4
# testData_Studio
#
####################################

                                                            [2019-01-03 17:07:20,771]
                   m       v       e |  sens   acc
music           7494     307      28 |  0.96  0.97
voice            102    4309      44 |  0.97  0.97
environment        6      15    5178 |  1.00  0.99
--------------------------------------
prec            0.99    0.93    0.99
                                                            [2019-01-03 17:07:20,771]

                                                            [2019-01-03 17:07:20,771]
F1 overall: 0.97
F1 music: 0.97
F1 voice: 0.95
F1 environment: 0.99

                                                            [2019-01-03 17:07:20,771]
####################################
#
# 20181215_NFFT2048_400_300_200_100_50_20_10ep3
# mic4
# testData_Overall
#
####################################

                                                            [2019-01-03 17:07:20,771]
                   m       v       e |  sens   acc
music           0.98    0.02    0.00 |  0.98  0.98
voice           0.03    0.97    0.01 |  0.97  0.98
environment     0.00    0.00    1.00 |  1.00  1.00
--------------------------------------
prec            0.97    0.98    0.99
                                                            [2019-01-03 17:07:20,771]

                                                            [2019-01-03 17:07:20,771]
F1 overall: 0.98
F1 music: 0.98
F1 voice: 0.97
F1 environment: 0.99

                                                            [2019-01-03 17:07:20,833]
####################################
#
# 20181215_NFFT2048_450_400_350_300_250_200_150_100_50_21ep1
# mic4
# testData_G428
#
####################################

                                                            [2019-01-03 17:07:31,387]
                   m       v       e |  sens   acc
music           2538      23       1 |  0.99  0.98
voice            107    1593      19 |  0.93  0.97
environment        3       0    1629 |  1.00  1.00
--------------------------------------
prec            0.96    0.99    0.99
                                                            [2019-01-03 17:07:31,387]

                                                            [2019-01-03 17:07:31,387]
F1 overall: 0.97
F1 music: 0.97
F1 voice: 0.96
F1 environment: 0.99

                                                            [2019-01-03 17:07:31,403]
####################################
#
# 20181215_NFFT2048_450_400_350_300_250_200_150_100_50_21ep1
# mic4
# testData_G527
#
####################################

                                                            [2019-01-03 17:07:40,863]
                   m       v       e |  sens   acc
music           1082      13       0 |  0.99  0.98
voice             30     300       0 |  0.91  0.97
environment        0       1     303 |  1.00  1.00
--------------------------------------
prec            0.97    0.96    1.00
                                                            [2019-01-03 17:07:40,863]

                                                            [2019-01-03 17:07:40,863]
F1 overall: 0.97
F1 music: 0.98
F1 voice: 0.93
F1 environment: 1.00

                                                            [2019-01-03 17:07:40,942]
####################################
#
# 20181215_NFFT2048_450_400_350_300_250_200_150_100_50_21ep1
# mic4
# testData_Studio
#
####################################

                                                            [2019-01-03 17:07:52,568]
                   m       v       e |  sens   acc
music           7443     372      14 |  0.95  0.97
voice             78    4351      26 |  0.98  0.97
environment        8      48    5143 |  0.99  0.99
--------------------------------------
prec            0.99    0.91    0.99
                                                            [2019-01-03 17:07:52,568]

                                                            [2019-01-03 17:07:52,568]
F1 overall: 0.97
F1 music: 0.97
F1 voice: 0.94
F1 environment: 0.99

                                                            [2019-01-03 17:07:52,568]
####################################
#
# 20181215_NFFT2048_450_400_350_300_250_200_150_100_50_21ep1
# mic4
# testData_Overall
#
####################################

                                                            [2019-01-03 17:07:52,568]
                   m       v       e |  sens   acc
music           0.98    0.02    0.00 |  0.98  0.97
voice           0.06    0.94    0.01 |  0.94  0.97
environment     0.00    0.00    0.99 |  0.99  1.00
--------------------------------------
prec            0.94    0.97    0.99
                                                            [2019-01-03 17:07:52,568]

                                                            [2019-01-03 17:07:52,568]
F1 overall: 0.97
F1 music: 0.96
F1 voice: 0.95
F1 environment: 0.99

                                                            [2019-01-03 17:07:52,615]
####################################
#
# 20181215_NFFT2048_450_400_350_300_250_200_150_100_50_21ep2
# mic4
# testData_G428
#
####################################

                                                            [2019-01-03 17:08:02,953]
                   m       v       e |  sens   acc
music           2501      55       6 |  0.98  0.99
voice              6    1701      12 |  0.99  0.99
environment        3       4    1625 |  1.00  1.00
--------------------------------------
prec            1.00    0.97    0.99
                                                            [2019-01-03 17:08:02,953]

                                                            [2019-01-03 17:08:02,953]
F1 overall: 0.99
F1 music: 0.99
F1 voice: 0.98
F1 environment: 0.99

                                                            [2019-01-03 17:08:02,984]
####################################
#
# 20181215_NFFT2048_450_400_350_300_250_200_150_100_50_21ep2
# mic4
# testData_G527
#
####################################

                                                            [2019-01-03 17:08:13,339]
                   m       v       e |  sens   acc
music           1067      28       0 |  0.97  0.98
voice              0     330       0 |  1.00  0.98
environment        0       0     304 |  1.00  1.00
--------------------------------------
prec            1.00    0.92    1.00
                                                            [2019-01-03 17:08:13,339]

                                                            [2019-01-03 17:08:13,355]
F1 overall: 0.98
F1 music: 0.99
F1 voice: 0.96
F1 environment: 1.00

                                                            [2019-01-03 17:08:13,417]
####################################
#
# 20181215_NFFT2048_450_400_350_300_250_200_150_100_50_21ep2
# mic4
# testData_Studio
#
####################################

                                                            [2019-01-03 17:08:25,436]
                   m       v       e |  sens   acc
music           7266     535      28 |  0.93  0.97
voice             33    4387      35 |  0.98  0.96
environment        4      22    5173 |  0.99  0.99
--------------------------------------
prec            0.99    0.89    0.99
                                                            [2019-01-03 17:08:25,436]

                                                            [2019-01-03 17:08:25,436]
F1 overall: 0.96
F1 music: 0.96
F1 voice: 0.93
F1 environment: 0.99

                                                            [2019-01-03 17:08:25,436]
####################################
#
# 20181215_NFFT2048_450_400_350_300_250_200_150_100_50_21ep2
# mic4
# testData_Overall
#
####################################

                                                            [2019-01-03 17:08:25,436]
                   m       v       e |  sens   acc
music           0.96    0.04    0.00 |  0.96  0.99
voice           0.00    0.99    0.00 |  0.99  0.98
environment     0.00    0.00    1.00 |  1.00  1.00
--------------------------------------
prec            1.00    0.96    0.99
                                                            [2019-01-03 17:08:25,436]

                                                            [2019-01-03 17:08:25,436]
F1 overall: 0.98
F1 music: 0.98
F1 voice: 0.98
F1 environment: 1.00

                                                            [2019-01-03 17:08:25,499]
####################################
#
# 20181215_NFFT2048_450_400_350_300_250_200_150_100_50_21ep3
# mic4
# testData_G428
#
####################################

                                                            [2019-01-03 17:08:36,766]
                   m       v       e |  sens   acc
music           2527      35       0 |  0.99  0.99
voice             47    1659      13 |  0.97  0.98
environment        3       1    1628 |  1.00  1.00
--------------------------------------
prec            0.98    0.98    0.99
                                                            [2019-01-03 17:08:36,766]

                                                            [2019-01-03 17:08:36,766]
F1 overall: 0.98
F1 music: 0.98
F1 voice: 0.97
F1 environment: 0.99

                                                            [2019-01-03 17:08:36,798]
####################################
#
# 20181215_NFFT2048_450_400_350_300_250_200_150_100_50_21ep3
# mic4
# testData_G527
#
####################################

                                                            [2019-01-03 17:08:46,525]
                   m       v       e |  sens   acc
music           1086       9       0 |  0.99  0.99
voice              9     321       0 |  0.97  0.99
environment        0       0     304 |  1.00  1.00
--------------------------------------
prec            0.99    0.97    1.00
                                                            [2019-01-03 17:08:46,525]

                                                            [2019-01-03 17:08:46,525]
F1 overall: 0.99
F1 music: 0.99
F1 voice: 0.97
F1 environment: 1.00

                                                            [2019-01-03 17:08:46,588]
####################################
#
# 20181215_NFFT2048_450_400_350_300_250_200_150_100_50_21ep3
# mic4
# testData_Studio
#
####################################

                                                            [2019-01-03 17:08:58,439]
                   m       v       e |  sens   acc
music           7500     306      23 |  0.96  0.97
voice            151    4289      15 |  0.96  0.97
environment        5      36    5158 |  0.99  1.00
--------------------------------------
prec            0.98    0.93    0.99
                                                            [2019-01-03 17:08:58,455]

                                                            [2019-01-03 17:08:58,455]
F1 overall: 0.97
F1 music: 0.97
F1 voice: 0.94
F1 environment: 0.99

                                                            [2019-01-03 17:08:58,455]
####################################
#
# 20181215_NFFT2048_450_400_350_300_250_200_150_100_50_21ep3
# mic4
# testData_Overall
#
####################################

                                                            [2019-01-03 17:08:58,455]
                   m       v       e |  sens   acc
music           0.98    0.02    0.00 |  0.98  0.98
voice           0.03    0.97    0.00 |  0.97  0.98
environment     0.00    0.00    1.00 |  1.00  1.00
--------------------------------------
prec            0.97    0.98    1.00
                                                            [2019-01-03 17:08:58,455]

                                                            [2019-01-03 17:08:58,455]
F1 overall: 0.98
F1 music: 0.97
F1 voice: 0.97
F1 environment: 1.00

                                                            [2019-01-03 17:10:42,900]
####################################
#
# maak spectra voor testdata G527, NFFT=2048
#
####################################

                                                            [2019-01-03 17:10:46,084]
Klaar: spectra voor testdata G527
