                                                            [2018-07-20 12:32:25,013]

*****************
* Epoch nr 1
*****************

                                                            [2018-07-20 12:32:52,458]
                   m       v       e |  sens   acc
music          56192    3933      80 |  0.93  0.97
voice           1241   58022    1596 |  0.95  0.95
environment       88    1992   64172 |  0.97  0.98
--------------------------------------
prec            0.98    0.91    0.97
                                                            [2018-07-20 12:32:52,458]

                                                            [2018-07-20 12:32:52,458]
F1 overall: 0.95
F1 music: 0.95
F1 voice: 0.93
F1 environment: 0.97

                                                            [2018-07-20 12:32:52,458]

*****************
* Epoch nr 2
*****************

                                                            [2018-07-20 12:33:18,101]
                   m       v       e |  sens   acc
music          55964    4211      30 |  0.93  0.97
voice            666   58941    1252 |  0.97  0.96
environment      119    1546   64587 |  0.97  0.98
--------------------------------------
prec            0.99    0.91    0.98
                                                            [2018-07-20 12:33:18,101]

                                                            [2018-07-20 12:33:18,102]
F1 overall: 0.96
F1 music: 0.96
F1 voice: 0.94
F1 environment: 0.98

                                                            [2018-07-20 12:33:18,102]

*****************
* Epoch nr 3
*****************

                                                            [2018-07-20 12:33:45,110]
                   m       v       e |  sens   acc
music          58425    1733      47 |  0.97  0.97
voice           2939   56503    1417 |  0.93  0.96
environment      122     976   65154 |  0.98  0.99
--------------------------------------
prec            0.95    0.95    0.98
                                                            [2018-07-20 12:33:45,111]

                                                            [2018-07-20 12:33:45,111]
F1 overall: 0.96
F1 music: 0.96
F1 voice: 0.94
F1 environment: 0.98

