                                                            [2018-08-29 12:24:07,271]
####################################
#
# Orgs G428 en G527, lagen: [400, 250, 100, 20]
#
####################################

                                                            [2018-08-29 12:24:07,386]

*****************
* Epoch nr 1
*****************

                                                            [2018-08-29 12:24:49,014]
####################################
#
# Orgs G428 en G527, lagen: [400, 250, 100, 20]
#
####################################

                                                            [2018-08-29 12:24:49,121]

*****************
* Epoch nr 1
*****************

