                                                            [2019-01-03 17:19:35,587]
####################################
#
# maak spectra voor testdata G428, NFFT=2048
#
####################################

                                                            [2019-01-03 17:19:47,770]
Klaar: spectra voor testdata G428
                                                            [2019-01-03 17:19:47,911]
####################################
#
# maak spectra voor testdata G527, NFFT=2048
#
####################################

                                                            [2019-01-03 17:19:51,271]
Klaar: spectra voor testdata G527
                                                            [2019-01-03 17:19:51,413]
####################################
#
# maak spectra voor testdata Studio, NFFT=2048
#
####################################

                                                            [2019-01-03 17:21:28,403]
Klaar: spectra voor testdata Studio
                                                            [2019-01-03 17:21:28,738]
####################################
#
# Alle orgs, lagen: [100, 20]
#
####################################

                                                            [2019-01-03 17:21:28,847]

*****************
* Epoch nr 1
*****************

                                                            [2019-01-03 17:21:42,480]
                   m       v       e |  sens   acc
music          43100    2656      48 |  0.94  0.97
voice           1541   43231    1055 |  0.94  0.93
environment      121    5021   41726 |  0.89  0.95
--------------------------------------
prec            0.96    0.85    0.97
                                                            [2019-01-03 17:21:42,480]

                                                            [2019-01-03 17:21:42,480]
F1 overall: 0.93
F1 music: 0.95
F1 voice: 0.89
F1 environment: 0.93

                                                            [2019-01-03 17:21:42,480]

*****************
* Epoch nr 2
*****************

                                                            [2019-01-03 17:21:53,344]
                   m       v       e |  sens   acc
music          43681    2107      16 |  0.95  0.98
voice            949   44039     839 |  0.96  0.94
environment      106    3770   42992 |  0.92  0.97
--------------------------------------
prec            0.98    0.88    0.98
                                                            [2019-01-03 17:21:53,345]

                                                            [2019-01-03 17:21:53,345]
F1 overall: 0.94
F1 music: 0.96
F1 voice: 0.92
F1 environment: 0.95

                                                            [2019-01-03 17:21:53,345]

*****************
* Epoch nr 3
*****************

                                                            [2019-01-03 17:22:03,429]
                   m       v       e |  sens   acc
music          44429    1357      18 |  0.97  0.98
voice            796   43916    1115 |  0.96  0.97
environment       86    1552   45230 |  0.97  0.98
--------------------------------------
prec            0.98    0.94    0.98
                                                            [2019-01-03 17:22:03,429]

                                                            [2019-01-03 17:22:03,429]
F1 overall: 0.96
F1 music: 0.98
F1 voice: 0.95
F1 environment: 0.97

                                                            [2019-01-03 17:22:03,429]
####################################
#
# Alle orgs, lagen: [400, 250, 100, 20]
#
####################################

                                                            [2019-01-03 17:22:03,554]

*****************
* Epoch nr 1
*****************

                                                            [2019-01-03 17:22:17,376]
                   m       v       e |  sens   acc
music          44423    1357      24 |  0.97  0.98
voice           1101   43650    1076 |  0.95  0.96
environment       70    1416   45382 |  0.97  0.98
--------------------------------------
prec            0.97    0.94    0.98
                                                            [2019-01-03 17:22:17,376]

                                                            [2019-01-03 17:22:17,376]
F1 overall: 0.96
F1 music: 0.97
F1 voice: 0.95
F1 environment: 0.97

                                                            [2019-01-03 17:22:17,376]

*****************
* Epoch nr 2
*****************

                                                            [2019-01-03 17:22:31,486]
                   m       v       e |  sens   acc
music          45054     743       7 |  0.98  0.99
voice            938   44480     409 |  0.97  0.98
environment       30    1358   45480 |  0.97  0.99
--------------------------------------
prec            0.98    0.95    0.99
                                                            [2019-01-03 17:22:31,486]

                                                            [2019-01-03 17:22:31,486]
F1 overall: 0.97
F1 music: 0.98
F1 voice: 0.96
F1 environment: 0.98

                                                            [2019-01-03 17:22:31,486]

*****************
* Epoch nr 3
*****************

                                                            [2019-01-03 17:22:45,290]
                   m       v       e |  sens   acc
music          45240     561       3 |  0.99  0.99
voice            673   44409     745 |  0.97  0.98
environment       25     462   46381 |  0.99  0.99
--------------------------------------
prec            0.98    0.98    0.98
                                                            [2019-01-03 17:22:45,290]

                                                            [2019-01-03 17:22:45,290]
F1 overall: 0.98
F1 music: 0.99
F1 voice: 0.97
F1 environment: 0.99

                                                            [2019-01-03 17:22:45,290]
####################################
#
# Alle orgs, lagen: [400, 300, 200, 100, 50, 20, 10]
#
####################################

                                                            [2019-01-03 17:22:45,446]

*****************
* Epoch nr 1
*****************

                                                            [2019-01-03 17:23:05,467]
                   m       v       e |  sens   acc
music          44308    1474      22 |  0.97  0.98
voice            982   44435     410 |  0.97  0.96
environment       67    2071   44730 |  0.95  0.98
--------------------------------------
prec            0.98    0.93    0.99
                                                            [2019-01-03 17:23:05,467]

                                                            [2019-01-03 17:23:05,467]
F1 overall: 0.96
F1 music: 0.97
F1 voice: 0.95
F1 environment: 0.97

                                                            [2019-01-03 17:23:05,467]

*****************
* Epoch nr 2
*****************

                                                            [2019-01-03 17:23:24,975]
                   m       v       e |  sens   acc
music          44893     909       2 |  0.98  0.99
voice            431   45051     345 |  0.98  0.98
environment       37    1655   45176 |  0.96  0.99
--------------------------------------
prec            0.99    0.95    0.99
                                                            [2019-01-03 17:23:24,975]

                                                            [2019-01-03 17:23:24,976]
F1 overall: 0.98
F1 music: 0.98
F1 voice: 0.96
F1 environment: 0.98

                                                            [2019-01-03 17:23:24,976]

*****************
* Epoch nr 3
*****************

                                                            [2019-01-03 17:23:42,120]
                   m       v       e |  sens   acc
music          45264     522      18 |  0.99  0.99
voice            734   44793     300 |  0.98  0.98
environment       21     904   45943 |  0.98  0.99
--------------------------------------
prec            0.98    0.97    0.99
                                                            [2019-01-03 17:23:42,120]

                                                            [2019-01-03 17:23:42,120]
F1 overall: 0.98
F1 music: 0.99
F1 voice: 0.97
F1 environment: 0.99

                                                            [2019-01-03 17:23:42,120]
####################################
#
# Alle orgs, lagen: [450, 400, 350, 300, 250, 200, 150, 100, 50, 21]
#
####################################

                                                            [2019-01-03 17:23:42,307]

*****************
* Epoch nr 1
*****************

                                                            [2019-01-03 17:24:07,291]
                   m       v       e |  sens   acc
music          45014     777      13 |  0.98  0.98
voice           1448   44097     282 |  0.96  0.96
environment      124    2361   44383 |  0.95  0.98
--------------------------------------
prec            0.97    0.93    0.99
                                                            [2019-01-03 17:24:07,291]

                                                            [2019-01-03 17:24:07,291]
F1 overall: 0.96
F1 music: 0.97
F1 voice: 0.95
F1 environment: 0.97

                                                            [2019-01-03 17:24:07,291]

*****************
* Epoch nr 2
*****************

                                                            [2019-01-03 17:24:28,424]
                   m       v       e |  sens   acc
music          45311     486       7 |  0.99  0.99
voice            916   44426     485 |  0.97  0.98
environment       33     695   46140 |  0.98  0.99
--------------------------------------
prec            0.98    0.97    0.99
                                                            [2019-01-03 17:24:28,424]

                                                            [2019-01-03 17:24:28,424]
F1 overall: 0.98
F1 music: 0.98
F1 voice: 0.97
F1 environment: 0.99

                                                            [2019-01-03 17:24:28,425]

*****************
* Epoch nr 3
*****************

                                                            [2019-01-03 17:24:50,745]
                   m       v       e |  sens   acc
music          45166     634       4 |  0.99  0.99
voice            310   45175     342 |  0.99  0.98
environment       20     886   45962 |  0.98  0.99
--------------------------------------
prec            0.99    0.97    0.99
                                                            [2019-01-03 17:24:50,745]

                                                            [2019-01-03 17:24:50,745]
F1 overall: 0.98
F1 music: 0.99
F1 voice: 0.98
F1 environment: 0.99

                                                            [2019-01-03 17:24:50,934]
####################################
#
# 20190103_NFFT2048_100_20ep1
# mic4
# testData_G428
#
####################################

                                                            [2019-01-03 17:24:54,578]
                   m       v       e |  sens   acc
music           2528      34       0 |  0.99  0.97
voice            129    1562      28 |  0.91  0.97
environment        5       1    1626 |  1.00  0.99
--------------------------------------
prec            0.95    0.98    0.98
                                                            [2019-01-03 17:24:54,578]

                                                            [2019-01-03 17:24:54,578]
F1 overall: 0.97
F1 music: 0.97
F1 voice: 0.94
F1 environment: 0.99

                                                            [2019-01-03 17:24:54,593]
####################################
#
# 20190103_NFFT2048_100_20ep1
# mic4
# testData_G527
#
####################################

                                                            [2019-01-03 17:24:58,022]
                   m       v       e |  sens   acc
music           1087       8       0 |  0.99  0.98
voice             31     298       1 |  0.90  0.98
environment        0       0     304 |  1.00  1.00
--------------------------------------
prec            0.97    0.97    1.00
                                                            [2019-01-03 17:24:58,022]

                                                            [2019-01-03 17:24:58,022]
F1 overall: 0.97
F1 music: 0.98
F1 voice: 0.94
F1 environment: 1.00

                                                            [2019-01-03 17:24:58,115]
####################################
#
# 20190103_NFFT2048_100_20ep1
# mic4
# testData_Studio
#
####################################

                                                            [2019-01-03 17:25:02,627]
                   m       v       e |  sens   acc
music           6813     967      49 |  0.87  0.94
voice             13    4265     177 |  0.96  0.93
environment        2      19    5178 |  1.00  0.99
--------------------------------------
prec            1.00    0.81    0.96
                                                            [2019-01-03 17:25:02,627]

                                                            [2019-01-03 17:25:02,627]
F1 overall: 0.93
F1 music: 0.93
F1 voice: 0.88
F1 environment: 0.98

                                                            [2019-01-03 17:25:02,628]
####################################
#
# 20190103_NFFT2048_100_20ep1
# mic4
# testData_Overall
#
####################################

                                                            [2019-01-03 17:25:02,628]
                   m       v       e |  sens   acc
music           0.95    0.05    0.00 |  0.95  0.96
voice           0.06    0.92    0.02 |  0.92  0.96
environment     0.00    0.00    1.00 |  1.00  0.99
--------------------------------------
prec            0.94    0.95    0.98
                                                            [2019-01-03 17:25:02,628]

                                                            [2019-01-03 17:25:02,629]
F1 overall: 0.96
F1 music: 0.95
F1 voice: 0.94
F1 environment: 0.99

                                                            [2019-01-03 17:25:02,680]
####################################
#
# 20190103_NFFT2048_100_20ep2
# mic4
# testData_G428
#
####################################

                                                            [2019-01-03 17:25:07,212]
                   m       v       e |  sens   acc
music           2535      27       0 |  0.99  0.98
voice             75    1623      21 |  0.94  0.98
environment        3       1    1628 |  1.00  1.00
--------------------------------------
prec            0.97    0.98    0.99
                                                            [2019-01-03 17:25:07,212]

                                                            [2019-01-03 17:25:07,212]
F1 overall: 0.98
F1 music: 0.98
F1 voice: 0.96
F1 environment: 0.99

                                                            [2019-01-03 17:25:07,228]
####################################
#
# 20190103_NFFT2048_100_20ep2
# mic4
# testData_G527
#
####################################

                                                            [2019-01-03 17:25:11,304]
                   m       v       e |  sens   acc
music           1087       8       0 |  0.99  0.98
voice             21     308       1 |  0.93  0.98
environment        0       0     304 |  1.00  1.00
--------------------------------------
prec            0.98    0.97    1.00
                                                            [2019-01-03 17:25:11,304]

                                                            [2019-01-03 17:25:11,304]
F1 overall: 0.98
F1 music: 0.99
F1 voice: 0.95
F1 environment: 1.00

                                                            [2019-01-03 17:25:11,373]
####################################
#
# 20190103_NFFT2048_100_20ep2
# mic4
# testData_Studio
#
####################################

                                                            [2019-01-03 17:25:16,770]
                   m       v       e |  sens   acc
music           7099     689      41 |  0.91  0.96
voice              7    4343     105 |  0.97  0.95
environment        3      15    5181 |  1.00  0.99
--------------------------------------
prec            1.00    0.86    0.97
                                                            [2019-01-03 17:25:16,770]

                                                            [2019-01-03 17:25:16,771]
F1 overall: 0.95
F1 music: 0.95
F1 voice: 0.91
F1 environment: 0.98

                                                            [2019-01-03 17:25:16,772]
####################################
#
# 20190103_NFFT2048_100_20ep2
# mic4
# testData_Overall
#
####################################

                                                            [2019-01-03 17:25:16,772]
                   m       v       e |  sens   acc
music           0.96    0.04    0.00 |  0.96  0.98
voice           0.04    0.95    0.01 |  0.95  0.97
environment     0.00    0.00    1.00 |  1.00  0.99
--------------------------------------
prec            0.96    0.96    0.99
                                                            [2019-01-03 17:25:16,772]

                                                            [2019-01-03 17:25:16,772]
F1 overall: 0.97
F1 music: 0.96
F1 voice: 0.96
F1 environment: 0.99

                                                            [2019-01-03 17:25:16,806]
####################################
#
# 20190103_NFFT2048_100_20ep3
# mic4
# testData_G428
#
####################################

                                                            [2019-01-03 17:25:20,850]
                   m       v       e |  sens   acc
music           2534      28       0 |  0.99  0.99
voice             47    1653      19 |  0.96  0.98
environment        3       0    1629 |  1.00  1.00
--------------------------------------
prec            0.98    0.98    0.99
                                                            [2019-01-03 17:25:20,850]

                                                            [2019-01-03 17:25:20,865]
F1 overall: 0.98
F1 music: 0.98
F1 voice: 0.97
F1 environment: 0.99

                                                            [2019-01-03 17:25:20,865]
####################################
#
# 20190103_NFFT2048_100_20ep3
# mic4
# testData_G527
#
####################################

                                                            [2019-01-03 17:25:25,157]
                   m       v       e |  sens   acc
music           1087       8       0 |  0.99  0.99
voice             10     320       0 |  0.97  0.99
environment        0       0     304 |  1.00  1.00
--------------------------------------
prec            0.99    0.98    1.00
                                                            [2019-01-03 17:25:25,157]

                                                            [2019-01-03 17:25:25,157]
F1 overall: 0.99
F1 music: 0.99
F1 voice: 0.97
F1 environment: 1.00

                                                            [2019-01-03 17:25:25,235]
####################################
#
# 20190103_NFFT2048_100_20ep3
# mic4
# testData_Studio
#
####################################

                                                            [2019-01-03 17:25:30,385]
                   m       v       e |  sens   acc
music           7232     564      33 |  0.92  0.96
voice             28    4347      80 |  0.98  0.96
environment        4      18    5177 |  1.00  0.99
--------------------------------------
prec            1.00    0.88    0.98
                                                            [2019-01-03 17:25:30,385]

                                                            [2019-01-03 17:25:30,385]
F1 overall: 0.96
F1 music: 0.96
F1 voice: 0.93
F1 environment: 0.99

                                                            [2019-01-03 17:25:30,385]
####################################
#
# 20190103_NFFT2048_100_20ep3
# mic4
# testData_Overall
#
####################################

                                                            [2019-01-03 17:25:30,401]
                   m       v       e |  sens   acc
music           0.97    0.03    0.00 |  0.97  0.98
voice           0.02    0.97    0.01 |  0.97  0.98
environment     0.00    0.00    1.00 |  1.00  1.00
--------------------------------------
prec            0.98    0.97    0.99
                                                            [2019-01-03 17:25:30,401]

                                                            [2019-01-03 17:25:30,401]
F1 overall: 0.98
F1 music: 0.97
F1 voice: 0.97
F1 environment: 0.99

                                                            [2019-01-03 17:25:30,432]
####################################
#
# 20190103_NFFT2048_400_250_100_20ep1
# mic4
# testData_G428
#
####################################

                                                            [2019-01-03 17:25:35,447]
                   m       v       e |  sens   acc
music           2527      33       2 |  0.99  0.98
voice             91    1604      24 |  0.93  0.97
environment        5       1    1626 |  1.00  0.99
--------------------------------------
prec            0.96    0.98    0.98
                                                            [2019-01-03 17:25:35,447]

                                                            [2019-01-03 17:25:35,447]
F1 overall: 0.97
F1 music: 0.97
F1 voice: 0.96
F1 environment: 0.99

                                                            [2019-01-03 17:25:35,478]
####################################
#
# 20190103_NFFT2048_400_250_100_20ep1
# mic4
# testData_G527
#
####################################

                                                            [2019-01-03 17:25:40,716]
                   m       v       e |  sens   acc
music           1082      13       0 |  0.99  0.97
voice             32     298       0 |  0.90  0.97
environment        0       0     304 |  1.00  1.00
--------------------------------------
prec            0.97    0.96    1.00
                                                            [2019-01-03 17:25:40,716]

                                                            [2019-01-03 17:25:40,716]
F1 overall: 0.97
F1 music: 0.98
F1 voice: 0.93
F1 environment: 1.00

                                                            [2019-01-03 17:25:40,779]
####################################
#
# 20190103_NFFT2048_400_250_100_20ep1
# mic4
# testData_Studio
#
####################################

                                                            [2019-01-03 17:25:46,542]
                   m       v       e |  sens   acc
music           7258     538      33 |  0.93  0.96
voice             46    4344      65 |  0.98  0.96
environment        4      20    5175 |  1.00  0.99
--------------------------------------
prec            0.99    0.89    0.98
                                                            [2019-01-03 17:25:46,542]

                                                            [2019-01-03 17:25:46,542]
F1 overall: 0.96
F1 music: 0.96
F1 voice: 0.93
F1 environment: 0.99

                                                            [2019-01-03 17:25:46,543]
####################################
#
# 20190103_NFFT2048_400_250_100_20ep1
# mic4
# testData_Overall
#
####################################

                                                            [2019-01-03 17:25:46,543]
                   m       v       e |  sens   acc
music           0.97    0.03    0.00 |  0.97  0.97
voice           0.05    0.94    0.01 |  0.94  0.97
environment     0.00    0.00    1.00 |  1.00  1.00
--------------------------------------
prec            0.95    0.97    0.99
                                                            [2019-01-03 17:25:46,543]

                                                            [2019-01-03 17:25:46,543]
F1 overall: 0.97
F1 music: 0.96
F1 voice: 0.95
F1 environment: 0.99

                                                            [2019-01-03 17:25:46,577]
####################################
#
# 20190103_NFFT2048_400_250_100_20ep2
# mic4
# testData_G428
#
####################################

                                                            [2019-01-03 17:25:52,019]
                   m       v       e |  sens   acc
music           2537      25       0 |  0.99  0.98
voice             82    1620      17 |  0.94  0.98
environment        3       0    1629 |  1.00  1.00
--------------------------------------
prec            0.97    0.98    0.99
                                                            [2019-01-03 17:25:52,019]

                                                            [2019-01-03 17:25:52,019]
F1 overall: 0.98
F1 music: 0.98
F1 voice: 0.96
F1 environment: 0.99

                                                            [2019-01-03 17:25:52,035]
####################################
#
# 20190103_NFFT2048_400_250_100_20ep2
# mic4
# testData_G527
#
####################################

                                                            [2019-01-03 17:25:57,460]
                   m       v       e |  sens   acc
music           1086       9       0 |  0.99  0.98
voice             34     296       0 |  0.90  0.98
environment        0       0     304 |  1.00  1.00
--------------------------------------
prec            0.97    0.97    1.00
                                                            [2019-01-03 17:25:57,460]

                                                            [2019-01-03 17:25:57,461]
F1 overall: 0.97
F1 music: 0.98
F1 voice: 0.93
F1 environment: 1.00

                                                            [2019-01-03 17:25:57,526]
####################################
#
# 20190103_NFFT2048_400_250_100_20ep2
# mic4
# testData_Studio
#
####################################

                                                            [2019-01-03 17:26:04,348]
                   m       v       e |  sens   acc
music           7430     371      28 |  0.95  0.97
voice             85    4339      31 |  0.97  0.97
environment        6      33    5160 |  0.99  0.99
--------------------------------------
prec            0.99    0.91    0.99
                                                            [2019-01-03 17:26:04,348]

                                                            [2019-01-03 17:26:04,348]
F1 overall: 0.97
F1 music: 0.97
F1 voice: 0.94
F1 environment: 0.99

                                                            [2019-01-03 17:26:04,348]
####################################
#
# 20190103_NFFT2048_400_250_100_20ep2
# mic4
# testData_Overall
#
####################################

                                                            [2019-01-03 17:26:04,348]
                   m       v       e |  sens   acc
music           0.98    0.02    0.00 |  0.98  0.97
voice           0.06    0.94    0.01 |  0.94  0.97
environment     0.00    0.00    1.00 |  1.00  1.00
--------------------------------------
prec            0.94    0.98    0.99
                                                            [2019-01-03 17:26:04,348]

                                                            [2019-01-03 17:26:04,348]
F1 overall: 0.97
F1 music: 0.96
F1 voice: 0.96
F1 environment: 1.00

                                                            [2019-01-03 17:26:04,395]
####################################
#
# 20190103_NFFT2048_400_250_100_20ep3
# mic4
# testData_G428
#
####################################

                                                            [2019-01-03 17:26:10,190]
                   m       v       e |  sens   acc
music           2520      42       0 |  0.98  0.98
voice             49    1654      16 |  0.96  0.98
environment        3       0    1629 |  1.00  1.00
--------------------------------------
prec            0.98    0.98    0.99
                                                            [2019-01-03 17:26:10,206]

                                                            [2019-01-03 17:26:10,206]
F1 overall: 0.98
F1 music: 0.98
F1 voice: 0.97
F1 environment: 0.99

                                                            [2019-01-03 17:26:10,222]
####################################
#
# 20190103_NFFT2048_400_250_100_20ep3
# mic4
# testData_G527
#
####################################

                                                            [2019-01-03 17:26:16,373]
                   m       v       e |  sens   acc
music           1085      10       0 |  0.99  0.98
voice             21     309       0 |  0.94  0.98
environment        1       0     303 |  1.00  1.00
--------------------------------------
prec            0.98    0.97    1.00
                                                            [2019-01-03 17:26:16,373]

                                                            [2019-01-03 17:26:16,373]
F1 overall: 0.98
F1 music: 0.99
F1 voice: 0.95
F1 environment: 1.00

                                                            [2019-01-03 17:26:16,435]
####################################
#
# 20190103_NFFT2048_400_250_100_20ep3
# mic4
# testData_Studio
#
####################################

                                                            [2019-01-03 17:26:23,289]
                   m       v       e |  sens   acc
music           7440     352      37 |  0.95  0.97
voice             98    4324      33 |  0.97  0.97
environment        6      28    5165 |  0.99  0.99
--------------------------------------
prec            0.99    0.92    0.99
                                                            [2019-01-03 17:26:23,289]

                                                            [2019-01-03 17:26:23,289]
F1 overall: 0.97
F1 music: 0.97
F1 voice: 0.94
F1 environment: 0.99

                                                            [2019-01-03 17:26:23,289]
####################################
#
# 20190103_NFFT2048_400_250_100_20ep3
# mic4
# testData_Overall
#
####################################

                                                            [2019-01-03 17:26:23,289]
                   m       v       e |  sens   acc
music           0.97    0.02    0.00 |  0.97  0.98
voice           0.04    0.96    0.01 |  0.96  0.98
environment     0.00    0.00    1.00 |  1.00  1.00
--------------------------------------
prec            0.96    0.97    0.99
                                                            [2019-01-03 17:26:23,289]

                                                            [2019-01-03 17:26:23,289]
F1 overall: 0.98
F1 music: 0.97
F1 voice: 0.97
F1 environment: 0.99

                                                            [2019-01-03 17:26:23,320]
####################################
#
# 20190103_NFFT2048_400_300_200_100_50_20_10ep1
# mic4
# testData_G428
#
####################################

                                                            [2019-01-03 17:26:30,058]
                   m       v       e |  sens   acc
music           2527      35       0 |  0.99  0.98
voice             88    1614      17 |  0.94  0.98
environment        3       1    1628 |  1.00  1.00
--------------------------------------
prec            0.97    0.98    0.99
                                                            [2019-01-03 17:26:30,058]

                                                            [2019-01-03 17:26:30,059]
F1 overall: 0.98
F1 music: 0.98
F1 voice: 0.96
F1 environment: 0.99

                                                            [2019-01-03 17:26:30,082]
####################################
#
# 20190103_NFFT2048_400_300_200_100_50_20_10ep1
# mic4
# testData_G527
#
####################################

                                                            [2019-01-03 17:26:36,727]
                   m       v       e |  sens   acc
music           1077      18       0 |  0.98  0.97
voice             27     303       0 |  0.92  0.97
environment        0       0     304 |  1.00  1.00
--------------------------------------
prec            0.98    0.94    1.00
                                                            [2019-01-03 17:26:36,727]

                                                            [2019-01-03 17:26:36,727]
F1 overall: 0.97
F1 music: 0.98
F1 voice: 0.93
F1 environment: 1.00

                                                            [2019-01-03 17:26:36,774]
####################################
#
# 20190103_NFFT2048_400_300_200_100_50_20_10ep1
# mic4
# testData_Studio
#
####################################

                                                            [2019-01-03 17:26:44,815]
                   m       v       e |  sens   acc
music           7211     595      23 |  0.92  0.96
voice             24    4408      23 |  0.99  0.96
environment        5      52    5142 |  0.99  0.99
--------------------------------------
prec            1.00    0.87    0.99
                                                            [2019-01-03 17:26:44,815]

                                                            [2019-01-03 17:26:44,815]
F1 overall: 0.96
F1 music: 0.96
F1 voice: 0.93
F1 environment: 0.99

                                                            [2019-01-03 17:26:44,830]
####################################
#
# 20190103_NFFT2048_400_300_200_100_50_20_10ep1
# mic4
# testData_Overall
#
####################################

                                                            [2019-01-03 17:26:44,830]
                   m       v       e |  sens   acc
music           0.96    0.04    0.00 |  0.96  0.97
voice           0.05    0.95    0.01 |  0.95  0.97
environment     0.00    0.00    1.00 |  1.00  1.00
--------------------------------------
prec            0.95    0.96    0.99
                                                            [2019-01-03 17:26:44,830]

                                                            [2019-01-03 17:26:44,830]
F1 overall: 0.97
F1 music: 0.96
F1 voice: 0.95
F1 environment: 0.99

                                                            [2019-01-03 17:26:44,874]
####################################
#
# 20190103_NFFT2048_400_300_200_100_50_20_10ep2
# mic4
# testData_G428
#
####################################

                                                            [2019-01-03 17:26:52,957]
                   m       v       e |  sens   acc
music           2530      32       0 |  0.99  0.99
voice             38    1662      19 |  0.97  0.98
environment        3       0    1629 |  1.00  1.00
--------------------------------------
prec            0.98    0.98    0.99
                                                            [2019-01-03 17:26:52,957]

                                                            [2019-01-03 17:26:52,957]
F1 overall: 0.98
F1 music: 0.99
F1 voice: 0.97
F1 environment: 0.99

                                                            [2019-01-03 17:26:52,989]
####################################
#
# 20190103_NFFT2048_400_300_200_100_50_20_10ep2
# mic4
# testData_G527
#
####################################

                                                            [2019-01-03 17:27:00,126]
                   m       v       e |  sens   acc
music           1090       5       0 |  1.00  0.99
voice             18     312       0 |  0.95  0.99
environment        1       0     303 |  1.00  1.00
--------------------------------------
prec            0.98    0.98    1.00
                                                            [2019-01-03 17:27:00,126]

                                                            [2019-01-03 17:27:00,126]
F1 overall: 0.98
F1 music: 0.99
F1 voice: 0.96
F1 environment: 1.00

                                                            [2019-01-03 17:27:00,173]
####################################
#
# 20190103_NFFT2048_400_300_200_100_50_20_10ep2
# mic4
# testData_Studio
#
####################################

                                                            [2019-01-03 17:27:09,156]
                   m       v       e |  sens   acc
music           7375     440      14 |  0.94  0.97
voice             34    4397      24 |  0.99  0.97
environment        6      38    5155 |  0.99  1.00
--------------------------------------
prec            0.99    0.90    0.99
                                                            [2019-01-03 17:27:09,156]

                                                            [2019-01-03 17:27:09,157]
F1 overall: 0.97
F1 music: 0.97
F1 voice: 0.94
F1 environment: 0.99

                                                            [2019-01-03 17:27:09,158]
####################################
#
# 20190103_NFFT2048_400_300_200_100_50_20_10ep2
# mic4
# testData_Overall
#
####################################

                                                            [2019-01-03 17:27:09,158]
                   m       v       e |  sens   acc
music           0.97    0.02    0.00 |  0.97  0.98
voice           0.03    0.97    0.01 |  0.97  0.98
environment     0.00    0.00    1.00 |  1.00  1.00
--------------------------------------
prec            0.97    0.97    0.99
                                                            [2019-01-03 17:27:09,158]

                                                            [2019-01-03 17:27:09,158]
F1 overall: 0.98
F1 music: 0.97
F1 voice: 0.97
F1 environment: 0.99

                                                            [2019-01-03 17:27:09,191]
####################################
#
# 20190103_NFFT2048_400_300_200_100_50_20_10ep3
# mic4
# testData_G428
#
####################################

                                                            [2019-01-03 17:27:17,155]
                   m       v       e |  sens   acc
music           2527      35       0 |  0.99  0.99
voice             31    1672      16 |  0.97  0.99
environment        3       1    1628 |  1.00  1.00
--------------------------------------
prec            0.99    0.98    0.99
                                                            [2019-01-03 17:27:17,155]

                                                            [2019-01-03 17:27:17,155]
F1 overall: 0.99
F1 music: 0.99
F1 voice: 0.98
F1 environment: 0.99

                                                            [2019-01-03 17:27:17,186]
####################################
#
# 20190103_NFFT2048_400_300_200_100_50_20_10ep3
# mic4
# testData_G527
#
####################################

                                                            [2019-01-03 17:27:24,927]
                   m       v       e |  sens   acc
music           1078      17       0 |  0.98  0.99
voice              7     323       0 |  0.98  0.99
environment        0       0     304 |  1.00  1.00
--------------------------------------
prec            0.99    0.95    1.00
                                                            [2019-01-03 17:27:24,927]

                                                            [2019-01-03 17:27:24,927]
F1 overall: 0.98
F1 music: 0.99
F1 voice: 0.96
F1 environment: 1.00

                                                            [2019-01-03 17:27:24,990]
####################################
#
# 20190103_NFFT2048_400_300_200_100_50_20_10ep3
# mic4
# testData_Studio
#
####################################

                                                            [2019-01-03 17:27:34,360]
                   m       v       e |  sens   acc
music           7295     471      63 |  0.93  0.97
voice             41    4393      21 |  0.99  0.97
environment        6      38    5155 |  0.99  0.99
--------------------------------------
prec            0.99    0.90    0.98
                                                            [2019-01-03 17:27:34,360]

                                                            [2019-01-03 17:27:34,360]
F1 overall: 0.96
F1 music: 0.96
F1 voice: 0.94
F1 environment: 0.99

                                                            [2019-01-03 17:27:34,360]
####################################
#
# 20190103_NFFT2048_400_300_200_100_50_20_10ep3
# mic4
# testData_Overall
#
####################################

                                                            [2019-01-03 17:27:34,360]
                   m       v       e |  sens   acc
music           0.97    0.03    0.00 |  0.97  0.98
voice           0.02    0.98    0.00 |  0.98  0.98
environment     0.00    0.00    1.00 |  1.00  1.00
--------------------------------------
prec            0.98    0.97    0.99
                                                            [2019-01-03 17:27:34,360]

                                                            [2019-01-03 17:27:34,360]
F1 overall: 0.98
F1 music: 0.98
F1 voice: 0.97
F1 environment: 0.99

                                                            [2019-01-03 17:27:34,407]
####################################
#
# 20190103_NFFT2048_450_400_350_300_250_200_150_100_50_21ep1
# mic4
# testData_G428
#
####################################

                                                            [2019-01-03 17:27:44,118]
                   m       v       e |  sens   acc
music           2542      19       1 |  0.99  0.98
voice             76    1625      18 |  0.95  0.98
environment        3       0    1629 |  1.00  1.00
--------------------------------------
prec            0.97    0.99    0.99
                                                            [2019-01-03 17:27:44,118]

                                                            [2019-01-03 17:27:44,119]
F1 overall: 0.98
F1 music: 0.98
F1 voice: 0.97
F1 environment: 0.99

                                                            [2019-01-03 17:27:44,146]
####################################
#
# 20190103_NFFT2048_450_400_350_300_250_200_150_100_50_21ep1
# mic4
# testData_G527
#
####################################

                                                            [2019-01-03 17:27:53,744]
                   m       v       e |  sens   acc
music           1088       7       0 |  0.99  0.98
voice             29     301       0 |  0.91  0.98
environment        0       0     304 |  1.00  1.00
--------------------------------------
prec            0.97    0.98    1.00
                                                            [2019-01-03 17:27:53,744]

                                                            [2019-01-03 17:27:53,744]
F1 overall: 0.98
F1 music: 0.98
F1 voice: 0.94
F1 environment: 1.00

                                                            [2019-01-03 17:27:53,807]
####################################
#
# 20190103_NFFT2048_450_400_350_300_250_200_150_100_50_21ep1
# mic4
# testData_Studio
#
####################################

                                                            [2019-01-03 17:28:05,235]
                   m       v       e |  sens   acc
music           7440     371      18 |  0.95  0.97
voice             89    4344      22 |  0.98  0.97
environment        7      43    5149 |  0.99  0.99
--------------------------------------
prec            0.99    0.91    0.99
                                                            [2019-01-03 17:28:05,235]

                                                            [2019-01-03 17:28:05,236]
F1 overall: 0.97
F1 music: 0.97
F1 voice: 0.94
F1 environment: 0.99

                                                            [2019-01-03 17:28:05,237]
####################################
#
# 20190103_NFFT2048_450_400_350_300_250_200_150_100_50_21ep1
# mic4
# testData_Overall
#
####################################

                                                            [2019-01-03 17:28:05,237]
                   m       v       e |  sens   acc
music           0.98    0.02    0.00 |  0.98  0.98
voice           0.05    0.94    0.01 |  0.94  0.97
environment     0.00    0.00    1.00 |  1.00  1.00
--------------------------------------
prec            0.95    0.98    0.99
                                                            [2019-01-03 17:28:05,238]

                                                            [2019-01-03 17:28:05,239]
F1 overall: 0.97
F1 music: 0.96
F1 voice: 0.96
F1 environment: 1.00

                                                            [2019-01-03 17:28:05,293]
####################################
#
# 20190103_NFFT2048_450_400_350_300_250_200_150_100_50_21ep2
# mic4
# testData_G428
#
####################################

                                                            [2019-01-03 17:28:15,773]
                   m       v       e |  sens   acc
music           2531      29       2 |  0.99  0.98
voice             67    1640      12 |  0.95  0.98
environment        3       0    1629 |  1.00  1.00
--------------------------------------
prec            0.97    0.98    0.99
                                                            [2019-01-03 17:28:15,774]

                                                            [2019-01-03 17:28:15,774]
F1 overall: 0.98
F1 music: 0.98
F1 voice: 0.97
F1 environment: 0.99

                                                            [2019-01-03 17:28:15,799]
####################################
#
# 20190103_NFFT2048_450_400_350_300_250_200_150_100_50_21ep2
# mic4
# testData_G527
#
####################################

                                                            [2019-01-03 17:28:26,107]
                   m       v       e |  sens   acc
music           1083      12       0 |  0.99  0.98
voice             17     313       0 |  0.95  0.98
environment        0       0     304 |  1.00  1.00
--------------------------------------
prec            0.98    0.96    1.00
                                                            [2019-01-03 17:28:26,107]

                                                            [2019-01-03 17:28:26,107]
F1 overall: 0.98
F1 music: 0.99
F1 voice: 0.96
F1 environment: 1.00

                                                            [2019-01-03 17:28:26,169]
####################################
#
# 20190103_NFFT2048_450_400_350_300_250_200_150_100_50_21ep2
# mic4
# testData_Studio
#
####################################

                                                            [2019-01-03 17:28:38,000]
                   m       v       e |  sens   acc
music           7425     375      29 |  0.95  0.97
voice             86    4348      21 |  0.98  0.97
environment        7      38    5154 |  0.99  0.99
--------------------------------------
prec            0.99    0.91    0.99
                                                            [2019-01-03 17:28:38,000]

                                                            [2019-01-03 17:28:38,000]
F1 overall: 0.97
F1 music: 0.97
F1 voice: 0.94
F1 environment: 0.99

                                                            [2019-01-03 17:28:38,000]
####################################
#
# 20190103_NFFT2048_450_400_350_300_250_200_150_100_50_21ep2
# mic4
# testData_Overall
#
####################################

                                                            [2019-01-03 17:28:38,000]
                   m       v       e |  sens   acc
music           0.98    0.02    0.00 |  0.98  0.98
voice           0.04    0.96    0.00 |  0.96  0.98
environment     0.00    0.00    1.00 |  1.00  1.00
--------------------------------------
prec            0.96    0.97    0.99
                                                            [2019-01-03 17:28:38,000]

                                                            [2019-01-03 17:28:38,015]
F1 overall: 0.98
F1 music: 0.97
F1 voice: 0.97
F1 environment: 1.00

                                                            [2019-01-03 17:28:38,046]
####################################
#
# 20190103_NFFT2048_450_400_350_300_250_200_150_100_50_21ep3
# mic4
# testData_G428
#
####################################

                                                            [2019-01-03 17:28:48,513]
                   m       v       e |  sens   acc
music           2520      42       0 |  0.98  0.99
voice             29    1679      11 |  0.98  0.99
environment        3       0    1629 |  1.00  1.00
--------------------------------------
prec            0.99    0.98    0.99
                                                            [2019-01-03 17:28:48,513]

                                                            [2019-01-03 17:28:48,513]
F1 overall: 0.99
F1 music: 0.99
F1 voice: 0.98
F1 environment: 1.00

                                                            [2019-01-03 17:28:48,529]
####################################
#
# 20190103_NFFT2048_450_400_350_300_250_200_150_100_50_21ep3
# mic4
# testData_G527
#
####################################

                                                            [2019-01-03 17:28:58,547]
                   m       v       e |  sens   acc
music           1088       7       0 |  0.99  0.99
voice             16     314       0 |  0.95  0.99
environment        0       0     304 |  1.00  1.00
--------------------------------------
prec            0.99    0.98    1.00
                                                            [2019-01-03 17:28:58,547]

                                                            [2019-01-03 17:28:58,547]
F1 overall: 0.98
F1 music: 0.99
F1 voice: 0.96
F1 environment: 1.00

                                                            [2019-01-03 17:28:58,609]
####################################
#
# 20190103_NFFT2048_450_400_350_300_250_200_150_100_50_21ep3
# mic4
# testData_Studio
#
####################################

                                                            [2019-01-03 17:29:11,666]
                   m       v       e |  sens   acc
music           7447     364      18 |  0.95  0.98
voice             40    4386      29 |  0.98  0.97
environment        5      18    5176 |  1.00  1.00
--------------------------------------
prec            0.99    0.92    0.99
                                                            [2019-01-03 17:29:11,666]

                                                            [2019-01-03 17:29:11,666]
F1 overall: 0.97
F1 music: 0.97
F1 voice: 0.95
F1 environment: 0.99

                                                            [2019-01-03 17:29:11,666]
####################################
#
# 20190103_NFFT2048_450_400_350_300_250_200_150_100_50_21ep3
# mic4
# testData_Overall
#
####################################

                                                            [2019-01-03 17:29:11,666]
                   m       v       e |  sens   acc
music           0.98    0.02    0.00 |  0.98  0.98
voice           0.02    0.97    0.00 |  0.97  0.98
environment     0.00    0.00    1.00 |  1.00  1.00
--------------------------------------
prec            0.97    0.98    0.99
                                                            [2019-01-03 17:29:11,666]

                                                            [2019-01-03 17:29:11,666]
F1 overall: 0.98
F1 music: 0.98
F1 voice: 0.97
F1 environment: 1.00

                                                            [2019-01-03 17:41:10,838]
####################################
#
# 20190103_NFFT2048_100_20ep1
# mic4
# testData_G428
#
####################################

                                                            [2019-01-03 17:41:21,738]
                   m       v       e |  sens   acc
music           2528      34       0 |  0.99  0.97
voice            129    1562      28 |  0.91  0.97
environment        5       1    1626 |  1.00  0.99
--------------------------------------
prec            0.95    0.98    0.98
                                                            [2019-01-03 17:41:21,738]

                                                            [2019-01-03 17:41:21,738]
F1 overall: 0.97
F1 music: 0.97
F1 voice: 0.94
F1 environment: 0.99

                                                            [2019-01-03 17:41:21,754]
####################################
#
# 20190103_NFFT2048_100_20ep1
# mic4
# testData_G527
#
####################################

                                                            [2019-01-03 17:41:32,503]
                   m       v       e |  sens   acc
music           1087       8       0 |  0.99  0.98
voice             31     298       1 |  0.90  0.98
environment        0       0     304 |  1.00  1.00
--------------------------------------
prec            0.97    0.97    1.00
                                                            [2019-01-03 17:41:32,503]

                                                            [2019-01-03 17:41:32,503]
F1 overall: 0.97
F1 music: 0.98
F1 voice: 0.94
F1 environment: 1.00

                                                            [2019-01-03 17:41:32,581]
####################################
#
# 20190103_NFFT2048_100_20ep1
# mic4
# testData_Studio
#
####################################

                                                            [2019-01-03 17:41:44,077]
                   m       v       e |  sens   acc
music           6813     967      49 |  0.87  0.94
voice             13    4265     177 |  0.96  0.93
environment        2      19    5178 |  1.00  0.99
--------------------------------------
prec            1.00    0.81    0.96
                                                            [2019-01-03 17:41:44,077]

                                                            [2019-01-03 17:41:44,077]
F1 overall: 0.93
F1 music: 0.93
F1 voice: 0.88
F1 environment: 0.98

                                                            [2019-01-03 17:41:44,077]
####################################
#
# 20190103_NFFT2048_100_20ep1
# mic4
# testData_Overall
#
####################################

                                                            [2019-01-03 17:41:44,077]
                   m       v       e |  sens   acc
music           0.95    0.05    0.00 |  0.95  0.96
voice           0.06    0.92    0.02 |  0.92  0.96
environment     0.00    0.00    1.00 |  1.00  0.99
--------------------------------------
prec            0.94    0.95    0.98
                                                            [2019-01-03 17:41:44,077]

                                                            [2019-01-03 17:41:44,077]
F1 overall: 0.96
F1 music: 0.95
F1 voice: 0.94
F1 environment: 0.99

                                                            [2019-01-03 17:41:44,108]
####################################
#
# 20190103_NFFT2048_100_20ep2
# mic4
# testData_G428
#
####################################

                                                            [2019-01-03 17:41:54,461]
                   m       v       e |  sens   acc
music           2535      27       0 |  0.99  0.98
voice             75    1623      21 |  0.94  0.98
environment        3       1    1628 |  1.00  1.00
--------------------------------------
prec            0.97    0.98    0.99
                                                            [2019-01-03 17:41:54,461]

                                                            [2019-01-03 17:41:54,461]
F1 overall: 0.98
F1 music: 0.98
F1 voice: 0.96
F1 environment: 0.99

                                                            [2019-01-03 17:41:54,476]
####################################
#
# 20190103_NFFT2048_100_20ep2
# mic4
# testData_G527
#
####################################

                                                            [2019-01-03 17:42:54,473]
####################################
#
# 20190103_NFFT2048_100_20ep1
# mic4
# testData_G527
#
####################################

                                                            [2019-01-03 17:43:04,360]
                   m       v       e |  sens   acc
music           1087       8       0 |  0.99  0.98
voice             31     298       1 |  0.90  0.98
environment        0       0     304 |  1.00  1.00
--------------------------------------
prec            0.97    0.97    1.00
                                                            [2019-01-03 17:43:04,360]

                                                            [2019-01-03 17:43:04,360]
F1 overall: 0.97
F1 music: 0.98
F1 voice: 0.94
F1 environment: 1.00

                                                            [2019-01-03 17:43:04,360]
####################################
#
# 20190103_NFFT2048_100_20ep1
# mic4
# testData_Overall
#
####################################

                                                            [2019-01-03 17:43:04,360]
                   m       v       e |  sens   acc
music           0.99    0.01    0.00 |  0.99  0.97
voice           0.09    0.90    0.00 |  0.90  0.97
environment     0.00    0.00    1.00 |  1.00  1.00
--------------------------------------
prec            0.91    0.99    1.00
                                                            [2019-01-03 17:43:04,360]

                                                            [2019-01-03 17:43:04,360]
F1 overall: 0.97
F1 music: 0.95
F1 voice: 0.95
F1 environment: 1.00

                                                            [2019-01-03 17:43:04,375]
####################################
#
# 20190103_NFFT2048_100_20ep2
# mic4
# testData_G527
#
####################################

                                                            [2019-01-03 17:43:14,433]
                   m       v       e |  sens   acc
music           1087       8       0 |  0.99  0.98
voice             21     308       1 |  0.93  0.98
environment        0       0     304 |  1.00  1.00
--------------------------------------
prec            0.98    0.97    1.00
                                                            [2019-01-03 17:43:14,433]

                                                            [2019-01-03 17:43:14,433]
F1 overall: 0.98
F1 music: 0.99
F1 voice: 0.95
F1 environment: 1.00

                                                            [2019-01-03 17:43:14,433]
####################################
#
# 20190103_NFFT2048_100_20ep2
# mic4
# testData_Overall
#
####################################

                                                            [2019-01-03 17:43:14,433]
                   m       v       e |  sens   acc
music           0.99    0.01    0.00 |  0.99  0.98
voice           0.06    0.93    0.00 |  0.93  0.98
environment     0.00    0.00    1.00 |  1.00  1.00
--------------------------------------
prec            0.94    0.99    1.00
                                                            [2019-01-03 17:43:14,433]

                                                            [2019-01-03 17:43:14,433]
F1 overall: 0.98
F1 music: 0.97
F1 voice: 0.96
F1 environment: 1.00

                                                            [2019-01-03 17:43:14,449]
####################################
#
# 20190103_NFFT2048_100_20ep3
# mic4
# testData_G527
#
####################################

                                                            [2019-01-03 17:43:24,964]
                   m       v       e |  sens   acc
music           1087       8       0 |  0.99  0.99
voice             10     320       0 |  0.97  0.99
environment        0       0     304 |  1.00  1.00
--------------------------------------
prec            0.99    0.98    1.00
                                                            [2019-01-03 17:43:24,964]

                                                            [2019-01-03 17:43:24,964]
F1 overall: 0.99
F1 music: 0.99
F1 voice: 0.97
F1 environment: 1.00

                                                            [2019-01-03 17:43:24,964]
####################################
#
# 20190103_NFFT2048_100_20ep3
# mic4
# testData_Overall
#
####################################

                                                            [2019-01-03 17:43:24,964]
                   m       v       e |  sens   acc
music           0.99    0.01    0.00 |  0.99  0.99
voice           0.03    0.97    0.00 |  0.97  0.99
environment     0.00    0.00    1.00 |  1.00  1.00
--------------------------------------
prec            0.97    0.99    1.00
                                                            [2019-01-03 17:43:24,964]

                                                            [2019-01-03 17:43:24,964]
F1 overall: 0.99
F1 music: 0.98
F1 voice: 0.98
F1 environment: 1.00

                                                            [2019-01-03 17:43:24,995]
####################################
#
# 20190103_NFFT2048_400_250_100_20ep1
# mic4
# testData_G527
#
####################################

                                                            [2019-01-03 17:43:36,697]
                   m       v       e |  sens   acc
music           1082      13       0 |  0.99  0.97
voice             32     298       0 |  0.90  0.97
environment        0       0     304 |  1.00  1.00
--------------------------------------
prec            0.97    0.96    1.00
                                                            [2019-01-03 17:43:36,697]

                                                            [2019-01-03 17:43:36,697]
F1 overall: 0.97
F1 music: 0.98
F1 voice: 0.93
F1 environment: 1.00

                                                            [2019-01-03 17:43:36,697]
####################################
#
# 20190103_NFFT2048_400_250_100_20ep1
# mic4
# testData_Overall
#
####################################

                                                            [2019-01-03 17:43:36,697]
                   m       v       e |  sens   acc
music           0.99    0.01    0.00 |  0.99  0.96
voice           0.10    0.90    0.00 |  0.90  0.96
environment     0.00    0.00    1.00 |  1.00  1.00
--------------------------------------
prec            0.91    0.99    1.00
                                                            [2019-01-03 17:43:36,697]

                                                            [2019-01-03 17:43:36,697]
F1 overall: 0.96
F1 music: 0.95
F1 voice: 0.94
F1 environment: 1.00

                                                            [2019-01-03 17:43:36,713]
####################################
#
# 20190103_NFFT2048_400_250_100_20ep2
# mic4
# testData_G527
#
####################################

                                                            [2019-01-03 17:43:47,649]
                   m       v       e |  sens   acc
music           1086       9       0 |  0.99  0.98
voice             34     296       0 |  0.90  0.98
environment        0       0     304 |  1.00  1.00
--------------------------------------
prec            0.97    0.97    1.00
                                                            [2019-01-03 17:43:47,649]

                                                            [2019-01-03 17:43:47,649]
F1 overall: 0.97
F1 music: 0.98
F1 voice: 0.93
F1 environment: 1.00

                                                            [2019-01-03 17:43:47,649]
####################################
#
# 20190103_NFFT2048_400_250_100_20ep2
# mic4
# testData_Overall
#
####################################

                                                            [2019-01-03 17:43:47,649]
                   m       v       e |  sens   acc
music           0.99    0.01    0.00 |  0.99  0.96
voice           0.10    0.90    0.00 |  0.90  0.96
environment     0.00    0.00    1.00 |  1.00  1.00
--------------------------------------
prec            0.91    0.99    1.00
                                                            [2019-01-03 17:43:47,649]

                                                            [2019-01-03 17:43:47,649]
F1 overall: 0.96
F1 music: 0.95
F1 voice: 0.94
F1 environment: 1.00

                                                            [2019-01-03 17:43:47,665]
####################################
#
# 20190103_NFFT2048_400_250_100_20ep3
# mic4
# testData_G527
#
####################################

                                                            [2019-01-03 17:43:58,486]
                   m       v       e |  sens   acc
music           1085      10       0 |  0.99  0.98
voice             21     309       0 |  0.94  0.98
environment        1       0     303 |  1.00  1.00
--------------------------------------
prec            0.98    0.97    1.00
                                                            [2019-01-03 17:43:58,486]

                                                            [2019-01-03 17:43:58,486]
F1 overall: 0.98
F1 music: 0.99
F1 voice: 0.95
F1 environment: 1.00

                                                            [2019-01-03 17:43:58,486]
####################################
#
# 20190103_NFFT2048_400_250_100_20ep3
# mic4
# testData_Overall
#
####################################

                                                            [2019-01-03 17:43:58,486]
                   m       v       e |  sens   acc
music           0.99    0.01    0.00 |  0.99  0.97
voice           0.06    0.94    0.00 |  0.94  0.98
environment     0.00    0.00    1.00 |  1.00  1.00
--------------------------------------
prec            0.94    0.99    1.00
                                                            [2019-01-03 17:43:58,486]

                                                            [2019-01-03 17:43:58,486]
F1 overall: 0.97
F1 music: 0.96
F1 voice: 0.96
F1 environment: 1.00

                                                            [2019-01-03 17:43:58,502]
####################################
#
# 20190103_NFFT2048_400_300_200_100_50_20_10ep1
# mic4
# testData_G527
#
####################################

                                                            [2019-01-03 17:44:10,271]
                   m       v       e |  sens   acc
music           1077      18       0 |  0.98  0.97
voice             27     303       0 |  0.92  0.97
environment        0       0     304 |  1.00  1.00
--------------------------------------
prec            0.98    0.94    1.00
                                                            [2019-01-03 17:44:10,271]

                                                            [2019-01-03 17:44:10,271]
F1 overall: 0.97
F1 music: 0.98
F1 voice: 0.93
F1 environment: 1.00

                                                            [2019-01-03 17:44:10,271]
####################################
#
# 20190103_NFFT2048_400_300_200_100_50_20_10ep1
# mic4
# testData_Overall
#
####################################

                                                            [2019-01-03 17:44:10,271]
                   m       v       e |  sens   acc
music           0.98    0.02    0.00 |  0.98  0.97
voice           0.08    0.92    0.00 |  0.92  0.97
environment     0.00    0.00    1.00 |  1.00  1.00
--------------------------------------
prec            0.92    0.98    1.00
                                                            [2019-01-03 17:44:10,271]

                                                            [2019-01-03 17:44:10,271]
F1 overall: 0.97
F1 music: 0.95
F1 voice: 0.95
F1 environment: 1.00

                                                            [2019-01-03 17:44:10,302]
####################################
#
# 20190103_NFFT2048_400_300_200_100_50_20_10ep2
# mic4
# testData_G527
#
####################################

                                                            [2019-01-03 17:44:21,809]
                   m       v       e |  sens   acc
music           1090       5       0 |  1.00  0.99
voice             18     312       0 |  0.95  0.99
environment        1       0     303 |  1.00  1.00
--------------------------------------
prec            0.98    0.98    1.00
                                                            [2019-01-03 17:44:21,809]

                                                            [2019-01-03 17:44:21,809]
F1 overall: 0.98
F1 music: 0.99
F1 voice: 0.96
F1 environment: 1.00

                                                            [2019-01-03 17:44:21,809]
####################################
#
# 20190103_NFFT2048_400_300_200_100_50_20_10ep2
# mic4
# testData_Overall
#
####################################

                                                            [2019-01-03 17:44:21,809]
                   m       v       e |  sens   acc
music           1.00    0.00    0.00 |  1.00  0.98
voice           0.05    0.95    0.00 |  0.95  0.98
environment     0.00    0.00    1.00 |  1.00  1.00
--------------------------------------
prec            0.95    1.00    1.00
                                                            [2019-01-03 17:44:21,809]

                                                            [2019-01-03 17:44:21,809]
F1 overall: 0.98
F1 music: 0.97
F1 voice: 0.97
F1 environment: 1.00

                                                            [2019-01-03 17:44:21,824]
####################################
#
# 20190103_NFFT2048_400_300_200_100_50_20_10ep3
# mic4
# testData_G527
#
####################################

                                                            [2019-01-03 17:44:33,830]
                   m       v       e |  sens   acc
music           1078      17       0 |  0.98  0.99
voice              7     323       0 |  0.98  0.99
environment        0       0     304 |  1.00  1.00
--------------------------------------
prec            0.99    0.95    1.00
                                                            [2019-01-03 17:44:33,830]

                                                            [2019-01-03 17:44:33,830]
F1 overall: 0.98
F1 music: 0.99
F1 voice: 0.96
F1 environment: 1.00

                                                            [2019-01-03 17:44:33,830]
####################################
#
# 20190103_NFFT2048_400_300_200_100_50_20_10ep3
# mic4
# testData_Overall
#
####################################

                                                            [2019-01-03 17:44:33,831]
                   m       v       e |  sens   acc
music           0.98    0.02    0.00 |  0.98  0.99
voice           0.02    0.98    0.00 |  0.98  0.99
environment     0.00    0.00    1.00 |  1.00  1.00
--------------------------------------
prec            0.98    0.98    1.00
                                                            [2019-01-03 17:44:33,831]

                                                            [2019-01-03 17:44:33,831]
F1 overall: 0.99
F1 music: 0.98
F1 voice: 0.98
F1 environment: 1.00

                                                            [2019-01-03 17:44:33,847]
####################################
#
# 20190103_NFFT2048_450_400_350_300_250_200_150_100_50_21ep1
# mic4
# testData_G527
#
####################################

                                                            [2019-01-03 17:44:46,158]
                   m       v       e |  sens   acc
music           1088       7       0 |  0.99  0.98
voice             29     301       0 |  0.91  0.98
environment        0       0     304 |  1.00  1.00
--------------------------------------
prec            0.97    0.98    1.00
                                                            [2019-01-03 17:44:46,158]

                                                            [2019-01-03 17:44:46,158]
F1 overall: 0.98
F1 music: 0.98
F1 voice: 0.94
F1 environment: 1.00

                                                            [2019-01-03 17:44:46,158]
####################################
#
# 20190103_NFFT2048_450_400_350_300_250_200_150_100_50_21ep1
# mic4
# testData_Overall
#
####################################

                                                            [2019-01-03 17:44:46,158]
                   m       v       e |  sens   acc
music           0.99    0.01    0.00 |  0.99  0.97
voice           0.09    0.91    0.00 |  0.91  0.97
environment     0.00    0.00    1.00 |  1.00  1.00
--------------------------------------
prec            0.92    0.99    1.00
                                                            [2019-01-03 17:44:46,158]

                                                            [2019-01-03 17:44:46,158]
F1 overall: 0.97
F1 music: 0.95
F1 voice: 0.95
F1 environment: 1.00

                                                            [2019-01-03 17:44:46,174]
####################################
#
# 20190103_NFFT2048_450_400_350_300_250_200_150_100_50_21ep2
# mic4
# testData_G527
#
####################################

                                                            [2019-01-03 17:44:59,101]
                   m       v       e |  sens   acc
music           1083      12       0 |  0.99  0.98
voice             17     313       0 |  0.95  0.98
environment        0       0     304 |  1.00  1.00
--------------------------------------
prec            0.98    0.96    1.00
                                                            [2019-01-03 17:44:59,101]

                                                            [2019-01-03 17:44:59,101]
F1 overall: 0.98
F1 music: 0.99
F1 voice: 0.96
F1 environment: 1.00

                                                            [2019-01-03 17:44:59,101]
####################################
#
# 20190103_NFFT2048_450_400_350_300_250_200_150_100_50_21ep2
# mic4
# testData_Overall
#
####################################

                                                            [2019-01-03 17:44:59,101]
                   m       v       e |  sens   acc
music           0.99    0.01    0.00 |  0.99  0.98
voice           0.05    0.95    0.00 |  0.95  0.98
environment     0.00    0.00    1.00 |  1.00  1.00
--------------------------------------
prec            0.95    0.99    1.00
                                                            [2019-01-03 17:44:59,101]

                                                            [2019-01-03 17:44:59,101]
F1 overall: 0.98
F1 music: 0.97
F1 voice: 0.97
F1 environment: 1.00

                                                            [2019-01-03 17:44:59,132]
####################################
#
# 20190103_NFFT2048_450_400_350_300_250_200_150_100_50_21ep3
# mic4
# testData_G527
#
####################################

                                                            [2019-01-03 17:45:12,477]
                   m       v       e |  sens   acc
music           1088       7       0 |  0.99  0.99
voice             16     314       0 |  0.95  0.99
environment        0       0     304 |  1.00  1.00
--------------------------------------
prec            0.99    0.98    1.00
                                                            [2019-01-03 17:45:12,477]

                                                            [2019-01-03 17:45:12,477]
F1 overall: 0.98
F1 music: 0.99
F1 voice: 0.96
F1 environment: 1.00

                                                            [2019-01-03 17:45:12,477]
####################################
#
# 20190103_NFFT2048_450_400_350_300_250_200_150_100_50_21ep3
# mic4
# testData_Overall
#
####################################

                                                            [2019-01-03 17:45:12,477]
                   m       v       e |  sens   acc
music           0.99    0.01    0.00 |  0.99  0.98
voice           0.05    0.95    0.00 |  0.95  0.98
environment     0.00    0.00    1.00 |  1.00  1.00
--------------------------------------
prec            0.95    0.99    1.00
                                                            [2019-01-03 17:45:12,477]

                                                            [2019-01-03 17:45:12,477]
F1 overall: 0.98
F1 music: 0.97
F1 voice: 0.97
F1 environment: 1.00

