                                                            [2018-08-29 13:08:26,544]
####################################
#
# Orgs G428 en G527, lagen: [400, 250, 100, 20]
#
####################################

                                                            [2018-08-29 13:10:26,874]
####################################
#
# Orgs G428 en G527, lagen: [400, 250, 100, 20]
#
####################################

                                                            [2018-08-29 13:10:55,280]
                   m       v       e |  sens   acc
music         221021   22231     394 |  0.91  0.97
voice           2852  232877    8518 |  0.95  0.95
environment      836    6359  259241 |  0.97  0.98
--------------------------------------
prec            0.98    0.89    0.97
                                                            [2018-08-29 13:10:55,281]

                                                            [2018-08-29 13:10:55,282]
F1 overall: 0.94
F1 music: 0.94
F1 voice: 0.92
F1 environment: 0.97

                                                            [2018-08-29 13:11:07,941]
####################################
#
# Orgs G428 en G527, lagen: [400, 250, 100, 20]
#
####################################

                                                            [2018-08-29 13:11:44,147]
                   m       v       e |  sens   acc
music         242926       0     720 |  1.00  0.70
voice         157464       0   86783 |  0.00  0.68
environment    70096       0  196340 |  0.74  0.79
--------------------------------------
prec            0.52    0.00    0.69
                                                            [2018-08-29 13:11:44,147]

                                                            [2018-08-29 13:11:44,147]
F1 overall: 0.46
F1 music: 0.68
F1 voice: 0.00
F1 environment: 0.71

                                                            [2018-08-29 13:12:00,044]
####################################
#
# Orgs G428 en G527, lagen: [400, 250, 100, 20]
#
####################################

                                                            [2018-08-29 13:14:23,758]
                   m       v       e |  sens   acc
music         238727    4703     216 |  0.98  0.99
voice           6163  234637    3447 |  0.96  0.98
environment      212    2097  264127 |  0.99  0.99
--------------------------------------
prec            0.97    0.97    0.99
                                                            [2018-08-29 13:14:23,758]

                                                            [2018-08-29 13:14:23,759]
F1 overall: 0.98
F1 music: 0.98
F1 voice: 0.97
F1 environment: 0.99

                                                            [2018-08-29 13:15:05,191]
####################################
#
# Orgs G428 en G527, lagen: [400, 250, 100, 20]
#
####################################

                                                            [2018-08-29 13:15:51,588]
                   m       v       e |  sens   acc
music         233843    9641     162 |  0.96  0.98
voice           2951  238580    2716 |  0.98  0.97
environment      341    5344  260751 |  0.98  0.99
--------------------------------------
prec            0.99    0.94    0.99
                                                            [2018-08-29 13:15:51,588]

                                                            [2018-08-29 13:15:51,589]
F1 overall: 0.97
F1 music: 0.97
F1 voice: 0.96
F1 environment: 0.98

                                                            [2018-08-29 13:16:13,673]
####################################
#
# Orgs G428 en G527, lagen: [400, 250, 100, 20]
#
####################################

                                                            [2018-08-29 13:17:20,650]
                   m       v       e |  sens   acc
music         238821    4684     141 |  0.98  0.99
voice           4685  236484    3078 |  0.97  0.98
environment      183    3091  263162 |  0.99  0.99
--------------------------------------
prec            0.98    0.97    0.99
                                                            [2018-08-29 13:17:20,650]

                                                            [2018-08-29 13:17:20,650]
F1 overall: 0.98
F1 music: 0.98
F1 voice: 0.97
F1 environment: 0.99

                                                            [2018-08-29 13:17:47,675]
####################################
#
# 20180829_speedTest_400_250_100_20ep1
# mic4
# testData_G428
#
####################################

                                                            [2018-08-29 13:17:51,659]
                   m       v       e |  sens   acc
music          19147    1426      66 |  0.93  0.96
voice            241   13843     352 |  0.96  0.96
environment       42      76   13107 |  0.99  0.99
--------------------------------------
prec            0.99    0.90    0.97
                                                            [2018-08-29 13:17:51,659]

                                                            [2018-08-29 13:17:51,660]
F1 overall: 0.96
F1 music: 0.96
F1 voice: 0.93
F1 environment: 0.98

                                                            [2018-08-29 13:17:51,692]
####################################
#
# 20180829_speedTest_400_250_100_20ep1
# mic4
# testData_G527
#
####################################

                                                            [2018-08-29 13:17:54,677]
                   m       v       e |  sens   acc
music           8527     383       7 |  0.96  0.97
voice             94    2758      14 |  0.96  0.97
environment        1       2    2488 |  1.00  1.00
--------------------------------------
prec            0.99    0.88    0.99
                                                            [2018-08-29 13:17:54,677]

                                                            [2018-08-29 13:17:54,677]
F1 overall: 0.96
F1 music: 0.97
F1 voice: 0.92
F1 environment: 1.00

                                                            [2018-08-29 13:17:54,825]
####################################
#
# 20180829_speedTest_400_250_100_20ep1
# mic4
# testData_Studio
#
####################################

                                                            [2018-08-29 13:18:01,821]
                   m       v       e |  sens   acc
music          39370   21983    2242 |  0.62  0.83
voice              1   35351    2552 |  0.93  0.82
environment        6     667   41664 |  0.98  0.96
--------------------------------------
prec            1.00    0.61    0.90
                                                            [2018-08-29 13:18:01,821]

                                                            [2018-08-29 13:18:01,822]
F1 overall: 0.81
F1 music: 0.76
F1 voice: 0.74
F1 environment: 0.94

                                                            [2018-08-29 13:18:01,822]
####################################
#
# 20180829_speedTest_400_250_100_20ep1
# mic4
# testData_Overall
#
####################################

                                                            [2018-08-29 13:18:01,823]
                   m       v       e |  sens   acc
music           0.83    0.15    0.01 |  0.83  0.94
voice           0.02    0.95    0.03 |  0.95  0.93
environment     0.00    0.01    0.99 |  0.99  0.98
--------------------------------------
prec            0.98    0.86    0.96
                                                            [2018-08-29 13:18:01,823]

                                                            [2018-08-29 13:18:01,823]
F1 overall: 0.93
F1 music: 0.90
F1 voice: 0.90
F1 environment: 0.97

                                                            [2018-08-29 13:18:01,928]
####################################
#
# 20180829_speedTest_400_250_100_20ep2
# mic4
# testData_G428
#
####################################

                                                            [2018-08-29 13:21:13,569]
####################################
#
# 20180829_speedTest_400_250_100_20ep10
# mic4
# testData_G428
#
####################################

                                                            [2018-08-29 13:21:17,976]
                   m       v       e |  sens   acc
music          19793     807      39 |  0.96  0.97
voice            454   13781     201 |  0.95  0.97
environment       16     143   13066 |  0.99  0.99
--------------------------------------
prec            0.98    0.94    0.98
                                                            [2018-08-29 13:21:17,977]

                                                            [2018-08-29 13:21:17,977]
F1 overall: 0.97
F1 music: 0.97
F1 voice: 0.94
F1 environment: 0.98

                                                            [2018-08-29 13:21:18,008]
####################################
#
# 20180829_speedTest_400_250_100_20ep10
# mic4
# testData_G527
#
####################################

                                                            [2018-08-29 13:21:21,626]
                   m       v       e |  sens   acc
music           8797     117       3 |  0.99  0.98
voice            110    2751       5 |  0.96  0.98
environment        0       3    2488 |  1.00  1.00
--------------------------------------
prec            0.99    0.96    1.00
                                                            [2018-08-29 13:21:21,626]

                                                            [2018-08-29 13:21:21,626]
F1 overall: 0.98
F1 music: 0.99
F1 voice: 0.96
F1 environment: 1.00

                                                            [2018-08-29 13:21:21,784]
####################################
#
# 20180829_speedTest_400_250_100_20ep10
# mic4
# testData_Studio
#
####################################

                                                            [2018-08-29 13:21:29,468]
                   m       v       e |  sens   acc
music          45844   15628    2123 |  0.72  0.87
voice            662   36053    1189 |  0.95  0.86
environment       17    1960   40360 |  0.95  0.96
--------------------------------------
prec            0.99    0.67    0.92
                                                            [2018-08-29 13:21:29,468]

                                                            [2018-08-29 13:21:29,468]
F1 overall: 0.85
F1 music: 0.83
F1 voice: 0.79
F1 environment: 0.94

                                                            [2018-08-29 13:21:29,469]
####################################
#
# 20180829_speedTest_400_250_100_20ep10
# mic4
# testData_Overall
#
####################################

                                                            [2018-08-29 13:21:29,469]
                   m       v       e |  sens   acc
music           0.89    0.10    0.01 |  0.89  0.95
voice           0.03    0.96    0.02 |  0.96  0.95
environment     0.00    0.02    0.98 |  0.98  0.98
--------------------------------------
prec            0.97    0.89    0.97
                                                            [2018-08-29 13:21:29,469]

                                                            [2018-08-29 13:21:29,469]
F1 overall: 0.94
F1 music: 0.93
F1 voice: 0.92
F1 environment: 0.98

