                                                            [2018-07-20 12:52:00,105]
####################################
#
# Alle orgs, lagen: [100, 20]
#
####################################

                                                            [2018-07-20 12:52:00,204]

*****************
* Epoch nr 1
*****************

                                                            [2018-07-20 12:54:18,552]
                   m       v       e |  sens   acc
music         333247   32022    1267 |  0.91  0.97
voice           3987  357438    5298 |  0.97  0.95
environment      636   15450  358960 |  0.96  0.98
--------------------------------------
prec            0.99    0.88    0.98
                                                            [2018-07-20 12:54:18,553]

                                                            [2018-07-20 12:54:18,553]
F1 overall: 0.95
F1 music: 0.95
F1 voice: 0.93
F1 environment: 0.97

                                                            [2018-07-20 12:54:18,558]

*****************
* Epoch nr 2
*****************

                                                            [2018-07-20 12:56:33,888]
                   m       v       e |  sens   acc
music         350606   15192     738 |  0.96  0.97
voice          11196  344067   11460 |  0.94  0.96
environment      718    4332  369996 |  0.99  0.98
--------------------------------------
prec            0.97    0.95    0.97
                                                            [2018-07-20 12:56:33,888]

                                                            [2018-07-20 12:56:33,888]
F1 overall: 0.96
F1 music: 0.96
F1 voice: 0.94
F1 environment: 0.98

                                                            [2018-07-20 12:56:33,890]

*****************
* Epoch nr 3
*****************

                                                            [2018-07-20 12:58:49,037]
                   m       v       e |  sens   acc
music         351702   14279     555 |  0.96  0.98
voice           9196  349137    8390 |  0.95  0.97
environment      638    5886  368522 |  0.98  0.99
--------------------------------------
prec            0.97    0.95    0.98
                                                            [2018-07-20 12:58:49,037]

                                                            [2018-07-20 12:58:49,037]
F1 overall: 0.96
F1 music: 0.97
F1 voice: 0.95
F1 environment: 0.98

                                                            [2018-07-20 12:58:49,039]

*****************
* Epoch nr 4
*****************

                                                            [2018-07-20 13:01:08,786]
                   m       v       e |  sens   acc
music         350961   15054     521 |  0.96  0.98
voice           7314  354031    5378 |  0.97  0.97
environment      503    8146  366397 |  0.98  0.99
--------------------------------------
prec            0.98    0.94    0.98
                                                            [2018-07-20 13:01:08,787]

                                                            [2018-07-20 13:01:08,787]
F1 overall: 0.97
F1 music: 0.97
F1 voice: 0.95
F1 environment: 0.98

                                                            [2018-07-20 13:01:08,788]

*****************
* Epoch nr 5
*****************

                                                            [2018-07-20 13:03:30,681]
                   m       v       e |  sens   acc
music         346308   19816     412 |  0.94  0.98
voice           5017  352684    9022 |  0.96  0.97
environment      664    4558  369824 |  0.99  0.99
--------------------------------------
prec            0.98    0.94    0.98
                                                            [2018-07-20 13:03:30,681]

                                                            [2018-07-20 13:03:30,681]
F1 overall: 0.96
F1 music: 0.96
F1 voice: 0.95
F1 environment: 0.98

                                                            [2018-07-20 13:03:31,113]
####################################
#
# Alle orgs, lagen: [400, 250, 100, 20]
#
####################################

                                                            [2018-07-20 13:03:31,221]

*****************
* Epoch nr 1
*****************

                                                            [2018-07-20 13:06:45,982]
                   m       v       e |  sens   acc
music         346988   18530    1018 |  0.95  0.97
voice           7922  342533   16268 |  0.93  0.96
environment      627    4898  369521 |  0.99  0.98
--------------------------------------
prec            0.98    0.94    0.96
                                                            [2018-07-20 13:06:45,982]

                                                            [2018-07-20 13:06:45,982]
F1 overall: 0.96
F1 music: 0.96
F1 voice: 0.94
F1 environment: 0.97

                                                            [2018-07-20 13:06:45,984]

*****************
* Epoch nr 2
*****************

                                                            [2018-07-20 13:09:58,579]
                   m       v       e |  sens   acc
music         355313   10817     406 |  0.97  0.98
voice          13879  349367    3477 |  0.95  0.96
environment      865   12823  361358 |  0.96  0.98
--------------------------------------
prec            0.96    0.94    0.99
                                                            [2018-07-20 13:09:58,579]

                                                            [2018-07-20 13:09:58,579]
F1 overall: 0.96
F1 music: 0.96
F1 voice: 0.94
F1 environment: 0.98

                                                            [2018-07-20 13:09:58,581]

*****************
* Epoch nr 3
*****************

                                                            [2018-07-20 13:13:12,207]
                   m       v       e |  sens   acc
music         352361   13717     458 |  0.96  0.98
voice           9061  352378    5284 |  0.96  0.97
environment      566    6738  367742 |  0.98  0.99
--------------------------------------
prec            0.97    0.95    0.98
                                                            [2018-07-20 13:13:12,207]

                                                            [2018-07-20 13:13:12,207]
F1 overall: 0.97
F1 music: 0.97
F1 voice: 0.95
F1 environment: 0.98

                                                            [2018-07-20 13:13:12,209]

*****************
* Epoch nr 4
*****************

                                                            [2018-07-20 13:16:38,097]
                   m       v       e |  sens   acc
music         353438   12281     817 |  0.96  0.98
voice           9372  346528   10823 |  0.94  0.97
environment      264    3951  370831 |  0.99  0.99
--------------------------------------
prec            0.97    0.96    0.97
                                                            [2018-07-20 13:16:38,097]

                                                            [2018-07-20 13:16:38,097]
F1 overall: 0.97
F1 music: 0.97
F1 voice: 0.95
F1 environment: 0.98

                                                            [2018-07-20 13:16:38,099]

*****************
* Epoch nr 5
*****************

                                                            [2018-07-20 13:20:09,158]
                   m       v       e |  sens   acc
music         356090    9955     491 |  0.97  0.98
voice           9066  353204    4453 |  0.96  0.97
environment      314    6613  368119 |  0.98  0.99
--------------------------------------
prec            0.97    0.96    0.99
                                                            [2018-07-20 13:20:09,158]

                                                            [2018-07-20 13:20:09,158]
F1 overall: 0.97
F1 music: 0.97
F1 voice: 0.96
F1 environment: 0.98

                                                            [2018-07-20 13:30:24,410]
####################################
#
# Alle orgs, lagen: [400, 300, 200, 100, 50, 20, 10]
#
####################################

                                                            [2018-07-20 13:30:24,568]

*****************
* Epoch nr 1
*****************

                                                            [2018-07-20 13:35:28,246]
                   m       v       e |  sens   acc
music         348043   16699    1794 |  0.95  0.97
voice          11884  341295   13544 |  0.93  0.96
environment      426    4819  369801 |  0.99  0.98
--------------------------------------
prec            0.97    0.94    0.96
                                                            [2018-07-20 13:35:28,246]

                                                            [2018-07-20 13:35:28,247]
F1 overall: 0.96
F1 music: 0.96
F1 voice: 0.94
F1 environment: 0.97

                                                            [2018-07-20 13:35:28,252]

*****************
* Epoch nr 2
*****************

                                                            [2018-07-20 13:40:39,233]
                   m       v       e |  sens   acc
music         352701   13084     751 |  0.96  0.98
voice          11955  351363    3405 |  0.96  0.96
environment      532   15500  359014 |  0.96  0.98
--------------------------------------
prec            0.97    0.92    0.99
                                                            [2018-07-20 13:40:39,234]

                                                            [2018-07-20 13:40:39,234]
F1 overall: 0.96
F1 music: 0.96
F1 voice: 0.94
F1 environment: 0.97

                                                            [2018-07-20 13:40:39,237]

*****************
* Epoch nr 3
*****************

                                                            [2018-07-20 13:45:58,417]
                   m       v       e |  sens   acc
music         354935   11091     510 |  0.97  0.98
voice          11143  339378   16202 |  0.93  0.96
environment      537    4317  370192 |  0.99  0.98
--------------------------------------
prec            0.97    0.96    0.96
                                                            [2018-07-20 13:45:58,418]

                                                            [2018-07-20 13:45:58,419]
F1 overall: 0.96
F1 music: 0.97
F1 voice: 0.94
F1 environment: 0.97

                                                            [2018-07-20 13:45:58,423]

*****************
* Epoch nr 4
*****************

                                                            [2018-07-20 13:51:11,715]
                   m       v       e |  sens   acc
music         349882   16201     453 |  0.95  0.98
voice           5524  354327    6872 |  0.97  0.97
environment      670    4899  369477 |  0.99  0.99
--------------------------------------
prec            0.98    0.94    0.98
                                                            [2018-07-20 13:51:11,715]

                                                            [2018-07-20 13:51:11,716]
F1 overall: 0.97
F1 music: 0.97
F1 voice: 0.95
F1 environment: 0.98

                                                            [2018-07-20 13:51:11,720]

*****************
* Epoch nr 5
*****************

                                                            [2018-07-20 13:56:31,891]
                   m       v       e |  sens   acc
music         349364   16503     669 |  0.95  0.98
voice           5034  353834    7855 |  0.96  0.97
environment      335    4055  370656 |  0.99  0.99
--------------------------------------
prec            0.98    0.95    0.98
                                                            [2018-07-20 13:56:31,891]

                                                            [2018-07-20 13:56:31,892]
F1 overall: 0.97
F1 music: 0.97
F1 voice: 0.95
F1 environment: 0.98

                                                            [2018-07-20 13:56:34,852]
####################################
#
# Alle orgs, lagen: [450, 400, 350, 300, 250, 200, 150, 100, 50, 21]
#
####################################

                                                            [2018-07-20 13:56:35,024]

*****************
* Epoch nr 1
*****************

                                                            [2018-07-20 14:03:58,363]
                   m       v       e |  sens   acc
music         340180   25566     790 |  0.93  0.97
voice           7704  355063    3956 |  0.97  0.95
environment      888   20626  353532 |  0.94  0.98
--------------------------------------
prec            0.98    0.88    0.99
                                                            [2018-07-20 14:03:58,363]

                                                            [2018-07-20 14:03:58,364]
F1 overall: 0.95
F1 music: 0.95
F1 voice: 0.92
F1 environment: 0.96

                                                            [2018-07-20 14:03:58,369]

*****************
* Epoch nr 2
*****************

                                                            [2018-07-20 14:11:13,448]
                   m       v       e |  sens   acc
music         356726    9346     464 |  0.97  0.97
voice          19490  339920    7313 |  0.93  0.96
environment     1185    6633  367228 |  0.98  0.99
--------------------------------------
prec            0.95    0.96    0.98
                                                            [2018-07-20 14:11:13,448]

                                                            [2018-07-20 14:11:13,449]
F1 overall: 0.96
F1 music: 0.96
F1 voice: 0.94
F1 environment: 0.98

                                                            [2018-07-20 14:11:13,453]

*****************
* Epoch nr 3
*****************

                                                            [2018-07-20 14:18:30,688]
                   m       v       e |  sens   acc
music         343616   21743    1177 |  0.94  0.97
voice           7086  350798    8839 |  0.96  0.96
environment      711    6575  367760 |  0.98  0.98
--------------------------------------
prec            0.98    0.93    0.97
                                                            [2018-07-20 14:18:30,689]

                                                            [2018-07-20 14:18:30,689]
F1 overall: 0.96
F1 music: 0.96
F1 voice: 0.94
F1 environment: 0.98

                                                            [2018-07-20 14:18:30,694]

*****************
* Epoch nr 4
*****************

                                                            [2018-07-20 14:26:03,063]
                   m       v       e |  sens   acc
music         347897   17608    1031 |  0.95  0.98
voice           5437  352557    8729 |  0.96  0.97
environment      460    5224  369362 |  0.98  0.99
--------------------------------------
prec            0.98    0.94    0.97
                                                            [2018-07-20 14:26:03,063]

                                                            [2018-07-20 14:26:03,064]
F1 overall: 0.97
F1 music: 0.97
F1 voice: 0.95
F1 environment: 0.98

                                                            [2018-07-20 14:26:03,068]

*****************
* Epoch nr 5
*****************

                                                            [2018-07-20 14:33:31,535]
                   m       v       e |  sens   acc
music         354025   12328     183 |  0.97  0.98
voice          12785  348744    5194 |  0.95  0.97
environment     1969    7423  365654 |  0.97  0.99
--------------------------------------
prec            0.96    0.95    0.99
                                                            [2018-07-20 14:33:31,536]

                                                            [2018-07-20 14:33:31,537]
F1 overall: 0.96
F1 music: 0.96
F1 voice: 0.95
F1 environment: 0.98

