                                                            [2018-08-16 14:35:12,162]
####################################
#
# Alle orgs, lagen: [100, 20]
#
####################################

                                                            [2018-08-16 14:35:12,569]

*****************
* Epoch nr 1
*****************

                                                            [2018-08-16 14:37:00,727]
                   m       v       e |  sens   acc
music         351931   14048     557 |  0.96  0.97
voice          19616  337993    9114 |  0.92  0.95
environment     1928    8815  364303 |  0.97  0.98
--------------------------------------
prec            0.94    0.94    0.97
                                                            [2018-08-16 14:37:00,727]

                                                            [2018-08-16 14:37:00,728]
F1 overall: 0.95
F1 music: 0.95
F1 voice: 0.93
F1 environment: 0.97

                                                            [2018-08-16 14:37:00,730]

*****************
* Epoch nr 2
*****************

                                                            [2018-08-16 14:38:49,358]
                   m       v       e |  sens   acc
music         347595   18501     440 |  0.95  0.97
voice           8298  351917    6508 |  0.96  0.96
environment      956    9105  364985 |  0.97  0.98
--------------------------------------
prec            0.97    0.93    0.98
                                                            [2018-08-16 14:38:49,359]

                                                            [2018-08-16 14:38:49,359]
F1 overall: 0.96
F1 music: 0.96
F1 voice: 0.94
F1 environment: 0.98

                                                            [2018-08-16 14:38:49,361]

*****************
* Epoch nr 3
*****************

