                                                            [2018-12-15 15:39:52,716]
####################################
#
# maak spectra voor testdata G428, NFFT=2048
#
####################################

                                                            [2018-12-15 15:41:10,413]
####################################
#
# maak spectra voor testdata G428, NFFT=2048
#
####################################

                                                            [2018-12-15 15:42:21,117]
Klaar: spectra voor testdata G428
                                                            [2018-12-15 15:44:38,912]
####################################
#
# maak spectra voor testdata G428, NFFT=2048
#
####################################

                                                            [2018-12-15 15:45:48,071]
Klaar: spectra voor testdata G428
                                                            [2018-12-15 15:46:03,142]
####################################
#
# maak spectra voor testdata G527, NFFT=2048
#
####################################

                                                            [2018-12-15 15:46:18,756]
Klaar: spectra voor testdata G527
                                                            [2018-12-15 15:46:21,105]
####################################
#
# maak spectra voor testdata Studio, NFFT=2048
#
####################################

                                                            [2018-12-15 15:58:02,919]
Klaar: spectra voor testdata Studio
                                                            [2018-12-15 16:04:32,139]
####################################
#
# Orgs G428 en G527, lagen: [400, 250, 100, 20]
#
####################################

                                                            [2018-12-15 16:04:32,331]

*****************
* Epoch nr 1
*****************

                                                            [2018-12-15 16:05:24,940]
                   m       v       e |  sens   acc
music         235836    7578     232 |  0.97  0.98
voice           6549  233780    3918 |  0.96  0.97
environment      410    3929  262097 |  0.98  0.99
--------------------------------------
prec            0.97    0.95    0.98
                                                            [2018-12-15 16:05:24,940]

                                                            [2018-12-15 16:05:24,941]
F1 overall: 0.97
F1 music: 0.97
F1 voice: 0.96
F1 environment: 0.98

                                                            [2018-12-15 16:05:24,942]

*****************
* Epoch nr 2
*****************

                                                            [2018-12-15 16:06:14,398]
                   m       v       e |  sens   acc
music         237217    6219     210 |  0.97  0.98
voice           5454  233786    5007 |  0.96  0.97
environment      463    2397  263576 |  0.99  0.99
--------------------------------------
prec            0.98    0.96    0.98
                                                            [2018-12-15 16:06:14,398]

                                                            [2018-12-15 16:06:14,398]
F1 overall: 0.97
F1 music: 0.97
F1 voice: 0.96
F1 environment: 0.98

                                                            [2018-12-15 16:06:14,400]

*****************
* Epoch nr 3
*****************

                                                            [2018-12-15 16:07:03,698]
                   m       v       e |  sens   acc
music         235173    8281     192 |  0.97  0.98
voice           3402  237270    3575 |  0.97  0.98
environment      194    2227  264015 |  0.99  0.99
--------------------------------------
prec            0.98    0.96    0.99
                                                            [2018-12-15 16:07:03,698]

                                                            [2018-12-15 16:07:03,699]
F1 overall: 0.98
F1 music: 0.97
F1 voice: 0.96
F1 environment: 0.99

                                                            [2018-12-15 16:08:38,721]
####################################
#
# 20181215_NFFT2048_400_250_100_20ep1
# mic4
# testData_G428
#
####################################

                                                            [2018-12-15 16:08:41,788]
                   m       v       e |  sens   acc
music          19631     980      28 |  0.95  0.97
voice            597   13622     217 |  0.94  0.96
environment       23     103   13099 |  0.99  0.99
--------------------------------------
prec            0.97    0.93    0.98
                                                            [2018-12-15 16:08:41,788]

                                                            [2018-12-15 16:08:41,788]
F1 overall: 0.96
F1 music: 0.96
F1 voice: 0.93
F1 environment: 0.99

                                                            [2018-12-15 16:08:41,837]
####################################
#
# 20181215_NFFT2048_400_250_100_20ep1
# mic4
# testData_G527
#
####################################

                                                            [2018-12-15 16:08:44,035]
                   m       v       e |  sens   acc
music           8708     200       9 |  0.98  0.97
voice            203    2658       5 |  0.93  0.97
environment        3       0    2488 |  1.00  1.00
--------------------------------------
prec            0.98    0.93    0.99
                                                            [2018-12-15 16:08:44,035]

                                                            [2018-12-15 16:08:44,035]
F1 overall: 0.97
F1 music: 0.98
F1 voice: 0.93
F1 environment: 1.00

                                                            [2018-12-15 16:08:44,304]
####################################
#
# 20181215_NFFT2048_400_250_100_20ep1
# mic4
# testData_Studio
#
####################################

                                                            [2018-12-15 16:08:50,508]
                   m       v       e |  sens   acc
music          44701   16918    1976 |  0.70  0.87
voice            295   36026    1583 |  0.95  0.86
environment       20    1011   41306 |  0.98  0.97
--------------------------------------
prec            0.99    0.67    0.92
                                                            [2018-12-15 16:08:50,508]

                                                            [2018-12-15 16:08:50,509]
F1 overall: 0.85
F1 music: 0.82
F1 voice: 0.78
F1 environment: 0.95

                                                            [2018-12-15 16:08:50,509]
####################################
#
# 20181215_NFFT2048_400_250_100_20ep1
# mic4
# testData_Overall
#
####################################

                                                            [2018-12-15 16:08:50,510]
                   m       v       e |  sens   acc
music           0.88    0.11    0.01 |  0.88  0.95
voice           0.04    0.94    0.02 |  0.94  0.94
environment     0.00    0.01    0.99 |  0.99  0.99
--------------------------------------
prec            0.96    0.88    0.97
                                                            [2018-12-15 16:08:50,510]

                                                            [2018-12-15 16:08:50,510]
F1 overall: 0.94
F1 music: 0.91
F1 voice: 0.91
F1 environment: 0.98

                                                            [2018-12-15 16:08:50,646]
####################################
#
# 20181215_NFFT2048_400_250_100_20ep2
# mic4
# testData_G428
#
####################################

                                                            [2018-12-15 16:08:54,296]
                   m       v       e |  sens   acc
music          19783     807      49 |  0.96  0.97
voice            442   13805     189 |  0.96  0.97
environment       29     123   13073 |  0.99  0.99
--------------------------------------
prec            0.98    0.94    0.98
                                                            [2018-12-15 16:08:54,297]

                                                            [2018-12-15 16:08:54,297]
F1 overall: 0.97
F1 music: 0.97
F1 voice: 0.95
F1 environment: 0.99

                                                            [2018-12-15 16:08:54,346]
####################################
#
# 20181215_NFFT2048_400_250_100_20ep2
# mic4
# testData_G527
#
####################################

                                                            [2018-12-15 16:08:56,773]
                   m       v       e |  sens   acc
music           8752     151      14 |  0.98  0.98
voice            108    2758       0 |  0.96  0.98
environment        3       0    2488 |  1.00  1.00
--------------------------------------
prec            0.99    0.95    0.99
                                                            [2018-12-15 16:08:56,773]

                                                            [2018-12-15 16:08:56,774]
F1 overall: 0.98
F1 music: 0.98
F1 voice: 0.96
F1 environment: 1.00

                                                            [2018-12-15 16:08:57,051]
####################################
#
# 20181215_NFFT2048_400_250_100_20ep2
# mic4
# testData_Studio
#
####################################

                                                            [2018-12-15 16:09:03,974]
                   m       v       e |  sens   acc
music          46280   15118    2197 |  0.73  0.87
voice           1038   34994    1872 |  0.92  0.87
environment       12    1208   41117 |  0.97  0.96
--------------------------------------
prec            0.98    0.68    0.91
                                                            [2018-12-15 16:09:03,974]

                                                            [2018-12-15 16:09:03,974]
F1 overall: 0.85
F1 music: 0.83
F1 voice: 0.78
F1 environment: 0.94

                                                            [2018-12-15 16:09:03,975]
####################################
#
# 20181215_NFFT2048_400_250_100_20ep2
# mic4
# testData_Overall
#
####################################

                                                            [2018-12-15 16:09:03,975]
                   m       v       e |  sens   acc
music           0.89    0.10    0.01 |  0.89  0.95
voice           0.03    0.95    0.02 |  0.95  0.95
environment     0.00    0.01    0.99 |  0.99  0.98
--------------------------------------
prec            0.96    0.90    0.97
                                                            [2018-12-15 16:09:03,975]

                                                            [2018-12-15 16:09:03,975]
F1 overall: 0.94
F1 music: 0.93
F1 voice: 0.92
F1 environment: 0.98

                                                            [2018-12-15 16:09:04,113]
####################################
#
# 20181215_NFFT2048_400_250_100_20ep3
# mic4
# testData_G428
#
####################################

                                                            [2018-12-15 16:09:07,945]
                   m       v       e |  sens   acc
music          19504    1093      42 |  0.95  0.97
voice            279   13973     184 |  0.97  0.96
environment       22     141   13062 |  0.99  0.99
--------------------------------------
prec            0.98    0.92    0.98
                                                            [2018-12-15 16:09:07,945]

                                                            [2018-12-15 16:09:07,946]
F1 overall: 0.96
F1 music: 0.96
F1 voice: 0.94
F1 environment: 0.99

                                                            [2018-12-15 16:09:07,995]
####################################
#
# 20181215_NFFT2048_400_250_100_20ep3
# mic4
# testData_G527
#
####################################

                                                            [2018-12-15 16:09:11,085]
                   m       v       e |  sens   acc
music           8695     216       6 |  0.98  0.98
voice            106    2759       1 |  0.96  0.98
environment        1       0    2490 |  1.00  1.00
--------------------------------------
prec            0.99    0.93    1.00
                                                            [2018-12-15 16:09:11,085]

                                                            [2018-12-15 16:09:11,086]
F1 overall: 0.97
F1 music: 0.98
F1 voice: 0.94
F1 environment: 1.00

                                                            [2018-12-15 16:09:11,357]
####################################
#
# 20181215_NFFT2048_400_250_100_20ep3
# mic4
# testData_Studio
#
####################################

                                                            [2018-12-15 16:09:18,676]
                   m       v       e |  sens   acc
music          44599   16546    2450 |  0.70  0.86
voice            464   36124    1316 |  0.95  0.86
environment       13    1826   40498 |  0.96  0.96
--------------------------------------
prec            0.99    0.66    0.91
                                                            [2018-12-15 16:09:18,676]

                                                            [2018-12-15 16:09:18,677]
F1 overall: 0.85
F1 music: 0.82
F1 voice: 0.78
F1 environment: 0.94

                                                            [2018-12-15 16:09:18,677]
####################################
#
# 20181215_NFFT2048_400_250_100_20ep3
# mic4
# testData_Overall
#
####################################

                                                            [2018-12-15 16:09:18,677]
                   m       v       e |  sens   acc
music           0.87    0.11    0.01 |  0.87  0.95
voice           0.02    0.96    0.02 |  0.96  0.94
environment     0.00    0.02    0.98 |  0.98  0.98
--------------------------------------
prec            0.97    0.88    0.97
                                                            [2018-12-15 16:09:18,677]

                                                            [2018-12-15 16:09:18,678]
F1 overall: 0.94
F1 music: 0.92
F1 voice: 0.92
F1 environment: 0.98

