                                                            [2018-12-15 17:40:12,829]
####################################
#
# Alle orgs, lagen: [100, 20]
#
####################################

                                                            [2018-12-15 17:40:13,761]

*****************
* Epoch nr 1
*****************

                                                            [2018-12-15 17:41:38,082]
                   m       v       e |  sens   acc
music         338072   27657     807 |  0.92  0.97
voice           8215  349781    8727 |  0.95  0.95
environment     1206    9643  364197 |  0.97  0.98
--------------------------------------
prec            0.97    0.90    0.97
                                                            [2018-12-15 17:41:38,082]

                                                            [2018-12-15 17:41:38,082]
F1 overall: 0.95
F1 music: 0.95
F1 voice: 0.93
F1 environment: 0.97

                                                            [2018-12-15 17:41:38,098]

*****************
* Epoch nr 2
*****************

                                                            [2018-12-15 17:42:59,699]
                   m       v       e |  sens   acc
music         343868   21895     773 |  0.94  0.97
voice           7267  352661    6795 |  0.96  0.96
environment      790    8915  365341 |  0.97  0.98
--------------------------------------
prec            0.98    0.92    0.98
                                                            [2018-12-15 17:42:59,699]

                                                            [2018-12-15 17:42:59,699]
F1 overall: 0.96
F1 music: 0.96
F1 voice: 0.94
F1 environment: 0.98

                                                            [2018-12-15 17:42:59,699]

*****************
* Epoch nr 3
*****************

                                                            [2018-12-15 17:44:18,842]
                   m       v       e |  sens   acc
music         350347   15559     630 |  0.96  0.98
voice           9668  350967    6088 |  0.96  0.96
environment      744    7945  366357 |  0.98  0.99
--------------------------------------
prec            0.97    0.94    0.98
                                                            [2018-12-15 17:44:18,842]

                                                            [2018-12-15 17:44:18,842]
F1 overall: 0.96
F1 music: 0.96
F1 voice: 0.95
F1 environment: 0.98

                                                            [2018-12-15 17:44:18,842]
####################################
#
# Alle orgs, lagen: [400, 250, 100, 20]
#
####################################

                                                            [2018-12-15 17:44:18,951]

*****************
* Epoch nr 1
*****************

                                                            [2018-12-15 17:46:04,744]
                   m       v       e |  sens   acc
music         345954   19874     708 |  0.94  0.97
voice           7558  354080    5085 |  0.97  0.96
environment      878   10003  364165 |  0.97  0.98
--------------------------------------
prec            0.98    0.92    0.98
                                                            [2018-12-15 17:46:04,744]

                                                            [2018-12-15 17:46:04,744]
F1 overall: 0.96
F1 music: 0.96
F1 voice: 0.94
F1 environment: 0.98

                                                            [2018-12-15 17:46:04,759]

*****************
* Epoch nr 2
*****************

                                                            [2018-12-15 17:47:45,914]
                   m       v       e |  sens   acc
music         351636   14438     462 |  0.96  0.98
voice           8408  352196    6119 |  0.96  0.97
environment      594    5680  368772 |  0.98  0.99
--------------------------------------
prec            0.98    0.95    0.98
                                                            [2018-12-15 17:47:45,914]

                                                            [2018-12-15 17:47:45,914]
F1 overall: 0.97
F1 music: 0.97
F1 voice: 0.95
F1 environment: 0.98

                                                            [2018-12-15 17:47:45,914]

*****************
* Epoch nr 3
*****************

                                                            [2018-12-15 17:49:25,706]
                   m       v       e |  sens   acc
music         351855   14254     427 |  0.96  0.98
voice           6784  354564    5375 |  0.97  0.97
environment      409    5505  369132 |  0.98  0.99
--------------------------------------
prec            0.98    0.95    0.98
                                                            [2018-12-15 17:49:25,706]

                                                            [2018-12-15 17:49:25,706]
F1 overall: 0.97
F1 music: 0.97
F1 voice: 0.96
F1 environment: 0.98

                                                            [2018-12-15 17:49:25,706]
####################################
#
# Alle orgs, lagen: [400, 300, 200, 100, 50, 20, 10]
#
####################################

                                                            [2018-12-15 17:49:25,847]

*****************
* Epoch nr 1
*****************

                                                            [2018-12-15 17:51:17,045]
                   m       v       e |  sens   acc
music         349342   16866     328 |  0.95  0.98
voice           8637  352218    5868 |  0.96  0.96
environment     1583    9621  363842 |  0.97  0.98
--------------------------------------
prec            0.97    0.93    0.98
                                                            [2018-12-15 17:51:17,045]

                                                            [2018-12-15 17:51:17,045]
F1 overall: 0.96
F1 music: 0.96
F1 voice: 0.95
F1 environment: 0.98

                                                            [2018-12-15 17:51:17,045]

*****************
* Epoch nr 2
*****************

                                                            [2018-12-15 17:53:17,225]
                   m       v       e |  sens   acc
music         350927   14943     666 |  0.96  0.98
voice           7869  353445    5409 |  0.96  0.97
environment      527    6360  368159 |  0.98  0.99
--------------------------------------
prec            0.98    0.94    0.98
                                                            [2018-12-15 17:53:17,225]

                                                            [2018-12-15 17:53:17,225]
F1 overall: 0.97
F1 music: 0.97
F1 voice: 0.95
F1 environment: 0.98

                                                            [2018-12-15 17:53:17,240]

*****************
* Epoch nr 3
*****************

                                                            [2018-12-15 17:55:22,212]
                   m       v       e |  sens   acc
music         353755   12051     730 |  0.97  0.98
voice           8899  349803    8021 |  0.95  0.97
environment      333    3772  370941 |  0.99  0.99
--------------------------------------
prec            0.97    0.96    0.98
                                                            [2018-12-15 17:55:22,212]

                                                            [2018-12-15 17:55:22,212]
F1 overall: 0.97
F1 music: 0.97
F1 voice: 0.96
F1 environment: 0.98

                                                            [2018-12-15 17:55:22,228]
####################################
#
# Alle orgs, lagen: [450, 400, 350, 300, 250, 200, 150, 100, 50, 21]
#
####################################

                                                            [2018-12-15 17:55:22,431]

*****************
* Epoch nr 1
*****************

                                                            [2018-12-15 17:57:55,675]
                   m       v       e |  sens   acc
music         350109   15500     927 |  0.96  0.97
voice          10926  350983    4814 |  0.96  0.96
environment      882   10460  363704 |  0.97  0.98
--------------------------------------
prec            0.97    0.93    0.98
                                                            [2018-12-15 17:57:55,675]

                                                            [2018-12-15 17:57:55,675]
F1 overall: 0.96
F1 music: 0.96
F1 voice: 0.94
F1 environment: 0.98

                                                            [2018-12-15 17:57:55,675]

*****************
* Epoch nr 2
*****************

                                                            [2018-12-15 18:00:32,847]
                   m       v       e |  sens   acc
music         353322   12218     996 |  0.96  0.98
voice          11002  346571    9150 |  0.95  0.97
environment      332    3817  370897 |  0.99  0.99
--------------------------------------
prec            0.97    0.96    0.97
                                                            [2018-12-15 18:00:32,847]

                                                            [2018-12-15 18:00:32,847]
F1 overall: 0.97
F1 music: 0.97
F1 voice: 0.95
F1 environment: 0.98

                                                            [2018-12-15 18:00:32,847]

*****************
* Epoch nr 3
*****************

                                                            [2018-12-15 18:03:04,321]
                   m       v       e |  sens   acc
music         352801   13253     482 |  0.96  0.98
voice          11227  350098    5398 |  0.95  0.97
environment      412    5381  369253 |  0.98  0.99
--------------------------------------
prec            0.97    0.95    0.98
                                                            [2018-12-15 18:03:04,321]

                                                            [2018-12-15 18:03:04,321]
F1 overall: 0.97
F1 music: 0.97
F1 voice: 0.95
F1 environment: 0.98

                                                            [2018-12-15 18:03:08,015]
####################################
#
# 20181215_NFFT4096_100_20ep1
# mic4
# testData_G428
#
####################################

                                                            [2018-12-15 18:03:13,283]
                   m       v       e |  sens   acc
music          19798     812      29 |  0.96  0.97
voice            676   13571     189 |  0.94  0.96
environment       55      53   13117 |  0.99  0.99
--------------------------------------
prec            0.96    0.94    0.98
                                                            [2018-12-15 18:03:13,283]

                                                            [2018-12-15 18:03:13,283]
F1 overall: 0.96
F1 music: 0.96
F1 voice: 0.94
F1 environment: 0.99

                                                            [2018-12-15 18:03:14,240]
####################################
#
# 20181215_NFFT4096_100_20ep1
# mic4
# testData_G527
#
####################################

                                                            [2018-12-15 18:03:18,368]
                   m       v       e |  sens   acc
music           8717     196       4 |  0.98  0.98
voice            144    2719       3 |  0.95  0.98
environment        9       1    2481 |  1.00  1.00
--------------------------------------
prec            0.98    0.93    1.00
                                                            [2018-12-15 18:03:18,368]

                                                            [2018-12-15 18:03:18,368]
F1 overall: 0.97
F1 music: 0.98
F1 voice: 0.94
F1 environment: 1.00

                                                            [2018-12-15 18:03:26,471]
####################################
#
# 20181215_NFFT4096_100_20ep1
# mic4
# testData_Studio
#
####################################

                                                            [2018-12-15 18:03:36,906]
                   m       v       e |  sens   acc
music          53686    8917     992 |  0.84  0.93
voice            422   36512     970 |  0.96  0.93
environment       38     431   41868 |  0.99  0.98
--------------------------------------
prec            0.99    0.80    0.96
                                                            [2018-12-15 18:03:36,906]

                                                            [2018-12-15 18:03:36,906]
F1 overall: 0.92
F1 music: 0.91
F1 voice: 0.87
F1 environment: 0.97

                                                            [2018-12-15 18:03:36,906]
####################################
#
# 20181215_NFFT4096_100_20ep1
# mic4
# testData_Overall
#
####################################

                                                            [2018-12-15 18:03:36,906]
                   m       v       e |  sens   acc
music           0.93    0.07    0.01 |  0.93  0.96
voice           0.04    0.95    0.01 |  0.95  0.96
environment     0.00    0.00    0.99 |  0.99  0.99
--------------------------------------
prec            0.96    0.93    0.98
                                                            [2018-12-15 18:03:36,906]

                                                            [2018-12-15 18:03:36,906]
F1 overall: 0.96
F1 music: 0.94
F1 voice: 0.94
F1 environment: 0.99

                                                            [2018-12-15 18:03:37,203]
####################################
#
# 20181215_NFFT4096_100_20ep2
# mic4
# testData_G428
#
####################################

                                                            [2018-12-15 18:03:43,041]
                   m       v       e |  sens   acc
music          19954     649      36 |  0.97  0.97
voice            616   13588     232 |  0.94  0.97
environment       48      37   13140 |  0.99  0.99
--------------------------------------
prec            0.97    0.95    0.98
                                                            [2018-12-15 18:03:43,041]

                                                            [2018-12-15 18:03:43,041]
F1 overall: 0.97
F1 music: 0.97
F1 voice: 0.95
F1 environment: 0.99

                                                            [2018-12-15 18:03:43,135]
####################################
#
# 20181215_NFFT4096_100_20ep2
# mic4
# testData_G527
#
####################################

                                                            [2018-12-15 18:03:47,733]
                   m       v       e |  sens   acc
music           8820      92       5 |  0.99  0.98
voice            143    2715       8 |  0.95  0.98
environment        6       0    2485 |  1.00  1.00
--------------------------------------
prec            0.98    0.97    0.99
                                                            [2018-12-15 18:03:47,733]

                                                            [2018-12-15 18:03:47,733]
F1 overall: 0.98
F1 music: 0.99
F1 voice: 0.96
F1 environment: 1.00

                                                            [2018-12-15 18:03:48,355]
####################################
#
# 20181215_NFFT4096_100_20ep2
# mic4
# testData_Studio
#
####################################

                                                            [2018-12-15 18:03:58,725]
                   m       v       e |  sens   acc
music          55045    7574     976 |  0.87  0.94
voice            245   36963     696 |  0.98  0.94
environment       41     410   41886 |  0.99  0.99
--------------------------------------
prec            0.99    0.82    0.96
                                                            [2018-12-15 18:03:58,725]

                                                            [2018-12-15 18:03:58,725]
F1 overall: 0.93
F1 music: 0.93
F1 voice: 0.89
F1 environment: 0.98

                                                            [2018-12-15 18:03:58,725]
####################################
#
# 20181215_NFFT4096_100_20ep2
# mic4
# testData_Overall
#
####################################

                                                            [2018-12-15 18:03:58,725]
                   m       v       e |  sens   acc
music           0.94    0.05    0.01 |  0.94  0.97
voice           0.03    0.95    0.01 |  0.95  0.97
environment     0.00    0.00    0.99 |  0.99  0.99
--------------------------------------
prec            0.96    0.94    0.98
                                                            [2018-12-15 18:03:58,725]

                                                            [2018-12-15 18:03:58,725]
F1 overall: 0.96
F1 music: 0.95
F1 voice: 0.95
F1 environment: 0.99

                                                            [2018-12-15 18:03:58,990]
####################################
#
# 20181215_NFFT4096_100_20ep3
# mic4
# testData_G428
#
####################################

                                                            [2018-12-15 18:04:04,987]
                   m       v       e |  sens   acc
music          19965     652      22 |  0.97  0.97
voice            736   13499     201 |  0.94  0.97
environment       57      17   13151 |  0.99  0.99
--------------------------------------
prec            0.96    0.95    0.98
                                                            [2018-12-15 18:04:04,987]

                                                            [2018-12-15 18:04:04,987]
F1 overall: 0.97
F1 music: 0.96
F1 voice: 0.94
F1 environment: 0.99

                                                            [2018-12-15 18:04:05,096]
####################################
#
# 20181215_NFFT4096_100_20ep3
# mic4
# testData_G527
#
####################################

                                                            [2018-12-15 18:04:09,771]
                   m       v       e |  sens   acc
music           8810     101       6 |  0.99  0.98
voice            198    2666       2 |  0.93  0.98
environment        5       0    2486 |  1.00  1.00
--------------------------------------
prec            0.98    0.96    1.00
                                                            [2018-12-15 18:04:09,771]

                                                            [2018-12-15 18:04:09,771]
F1 overall: 0.98
F1 music: 0.98
F1 voice: 0.95
F1 environment: 1.00

                                                            [2018-12-15 18:04:10,368]
####################################
#
# 20181215_NFFT4096_100_20ep3
# mic4
# testData_Studio
#
####################################

                                                            [2018-12-15 18:04:20,087]
                   m       v       e |  sens   acc
music          56462    6423     710 |  0.89  0.94
voice            851   36447     606 |  0.96  0.94
environment       48     290   41999 |  0.99  0.99
--------------------------------------
prec            0.98    0.84    0.97
                                                            [2018-12-15 18:04:20,087]

                                                            [2018-12-15 18:04:20,087]
F1 overall: 0.94
F1 music: 0.93
F1 voice: 0.90
F1 environment: 0.98

                                                            [2018-12-15 18:04:20,087]
####################################
#
# 20181215_NFFT4096_100_20ep3
# mic4
# testData_Overall
#
####################################

                                                            [2018-12-15 18:04:20,087]
                   m       v       e |  sens   acc
music           0.95    0.05    0.00 |  0.95  0.97
voice           0.05    0.94    0.01 |  0.94  0.96
environment     0.00    0.00    0.99 |  0.99  0.99
--------------------------------------
prec            0.95    0.95    0.99
                                                            [2018-12-15 18:04:20,103]

                                                            [2018-12-15 18:04:20,103]
F1 overall: 0.96
F1 music: 0.95
F1 voice: 0.95
F1 environment: 0.99

                                                            [2018-12-15 18:04:20,412]
####################################
#
# 20181215_NFFT4096_400_250_100_20ep1
# mic4
# testData_G428
#
####################################

                                                            [2018-12-15 18:04:27,426]
                   m       v       e |  sens   acc
music          19843     764      32 |  0.96  0.97
voice            647   13613     176 |  0.94  0.97
environment       48      22   13155 |  0.99  0.99
--------------------------------------
prec            0.97    0.95    0.98
                                                            [2018-12-15 18:04:27,426]

                                                            [2018-12-15 18:04:27,426]
F1 overall: 0.97
F1 music: 0.96
F1 voice: 0.94
F1 environment: 0.99

                                                            [2018-12-15 18:04:27,536]
####################################
#
# 20181215_NFFT4096_400_250_100_20ep1
# mic4
# testData_G527
#
####################################

                                                            [2018-12-15 18:04:33,256]
                   m       v       e |  sens   acc
music           8778     129      10 |  0.98  0.98
voice            146    2719       1 |  0.95  0.98
environment       12       0    2479 |  1.00  1.00
--------------------------------------
prec            0.98    0.95    1.00
                                                            [2018-12-15 18:04:33,256]

                                                            [2018-12-15 18:04:33,256]
F1 overall: 0.98
F1 music: 0.98
F1 voice: 0.95
F1 environment: 1.00

                                                            [2018-12-15 18:04:33,899]
####################################
#
# 20181215_NFFT4096_400_250_100_20ep1
# mic4
# testData_Studio
#
####################################

                                                            [2018-12-15 18:04:45,915]
                   m       v       e |  sens   acc
music          56004    6741     850 |  0.88  0.94
voice            496   36916     492 |  0.97  0.94
environment       53     399   41885 |  0.99  0.99
--------------------------------------
prec            0.99    0.84    0.97
                                                            [2018-12-15 18:04:45,915]

                                                            [2018-12-15 18:04:45,915]
F1 overall: 0.94
F1 music: 0.93
F1 voice: 0.90
F1 environment: 0.98

                                                            [2018-12-15 18:04:45,915]
####################################
#
# 20181215_NFFT4096_400_250_100_20ep1
# mic4
# testData_Overall
#
####################################

                                                            [2018-12-15 18:04:45,915]
                   m       v       e |  sens   acc
music           0.94    0.05    0.01 |  0.94  0.97
voice           0.04    0.96    0.01 |  0.96  0.97
environment     0.00    0.00    0.99 |  0.99  0.99
--------------------------------------
prec            0.96    0.94    0.99
                                                            [2018-12-15 18:04:45,915]

                                                            [2018-12-15 18:04:45,915]
F1 overall: 0.96
F1 music: 0.95
F1 voice: 0.95
F1 environment: 0.99

                                                            [2018-12-15 18:04:46,181]
####################################
#
# 20181215_NFFT4096_400_250_100_20ep2
# mic4
# testData_G428
#
####################################

                                                            [2018-12-15 18:04:53,751]
                   m       v       e |  sens   acc
music          20000     615      24 |  0.97  0.97
voice            647   13646     143 |  0.95  0.97
environment       49      55   13121 |  0.99  0.99
--------------------------------------
prec            0.97    0.95    0.99
                                                            [2018-12-15 18:04:53,751]

                                                            [2018-12-15 18:04:53,751]
F1 overall: 0.97
F1 music: 0.97
F1 voice: 0.95
F1 environment: 0.99

                                                            [2018-12-15 18:04:53,844]
####################################
#
# 20181215_NFFT4096_400_250_100_20ep2
# mic4
# testData_G527
#
####################################

                                                            [2018-12-15 18:04:59,784]
                   m       v       e |  sens   acc
music           8821      91       5 |  0.99  0.98
voice            138    2728       0 |  0.95  0.98
environment        8       1    2482 |  1.00  1.00
--------------------------------------
prec            0.98    0.97    1.00
                                                            [2018-12-15 18:04:59,784]

                                                            [2018-12-15 18:04:59,784]
F1 overall: 0.98
F1 music: 0.99
F1 voice: 0.96
F1 environment: 1.00

                                                            [2018-12-15 18:05:00,393]
####################################
#
# 20181215_NFFT4096_400_250_100_20ep2
# mic4
# testData_Studio
#
####################################

                                                            [2018-12-15 18:05:12,564]
                   m       v       e |  sens   acc
music          56812    6011     772 |  0.89  0.95
voice            726   36638     540 |  0.97  0.95
environment       42     443   41852 |  0.99  0.99
--------------------------------------
prec            0.99    0.85    0.97
                                                            [2018-12-15 18:05:12,564]

                                                            [2018-12-15 18:05:12,564]
F1 overall: 0.94
F1 music: 0.94
F1 voice: 0.90
F1 environment: 0.98

                                                            [2018-12-15 18:05:12,564]
####################################
#
# 20181215_NFFT4096_400_250_100_20ep2
# mic4
# testData_Overall
#
####################################

                                                            [2018-12-15 18:05:12,564]
                   m       v       e |  sens   acc
music           0.95    0.04    0.00 |  0.95  0.97
voice           0.04    0.95    0.01 |  0.95  0.97
environment     0.00    0.01    0.99 |  0.99  0.99
--------------------------------------
prec            0.96    0.95    0.99
                                                            [2018-12-15 18:05:12,564]

                                                            [2018-12-15 18:05:12,564]
F1 overall: 0.97
F1 music: 0.96
F1 voice: 0.95
F1 environment: 0.99

                                                            [2018-12-15 18:05:12,845]
####################################
#
# 20181215_NFFT4096_400_250_100_20ep3
# mic4
# testData_G428
#
####################################

                                                            [2018-12-15 18:05:21,640]
                   m       v       e |  sens   acc
music          19901     718      20 |  0.96  0.98
voice            428   13881     127 |  0.96  0.97
environment       37      32   13156 |  0.99  1.00
--------------------------------------
prec            0.98    0.95    0.99
                                                            [2018-12-15 18:05:21,640]

                                                            [2018-12-15 18:05:21,640]
F1 overall: 0.97
F1 music: 0.97
F1 voice: 0.96
F1 environment: 0.99

                                                            [2018-12-15 18:05:21,749]
####################################
#
# 20181215_NFFT4096_400_250_100_20ep3
# mic4
# testData_G527
#
####################################

                                                            [2018-12-15 18:05:28,173]
                   m       v       e |  sens   acc
music           8780     132       5 |  0.98  0.98
voice            102    2764       0 |  0.96  0.98
environment        2       1    2488 |  1.00  1.00
--------------------------------------
prec            0.99    0.95    1.00
                                                            [2018-12-15 18:05:28,173]

                                                            [2018-12-15 18:05:28,173]
F1 overall: 0.98
F1 music: 0.99
F1 voice: 0.96
F1 environment: 1.00

                                                            [2018-12-15 18:05:28,751]
####################################
#
# 20181215_NFFT4096_400_250_100_20ep3
# mic4
# testData_Studio
#
####################################

                                                            [2018-12-15 18:05:42,598]
                   m       v       e |  sens   acc
music          56174    6731     690 |  0.88  0.94
voice            915   36658     331 |  0.97  0.94
environment       29     485   41823 |  0.99  0.99
--------------------------------------
prec            0.98    0.84    0.98
                                                            [2018-12-15 18:05:42,598]

                                                            [2018-12-15 18:05:42,598]
F1 overall: 0.94
F1 music: 0.93
F1 voice: 0.90
F1 environment: 0.98

                                                            [2018-12-15 18:05:42,598]
####################################
#
# 20181215_NFFT4096_400_250_100_20ep3
# mic4
# testData_Overall
#
####################################

                                                            [2018-12-15 18:05:42,598]
                   m       v       e |  sens   acc
music           0.94    0.05    0.00 |  0.94  0.97
voice           0.03    0.96    0.01 |  0.96  0.97
environment     0.00    0.00    0.99 |  0.99  0.99
--------------------------------------
prec            0.97    0.94    0.99
                                                            [2018-12-15 18:05:42,598]

                                                            [2018-12-15 18:05:42,598]
F1 overall: 0.97
F1 music: 0.96
F1 voice: 0.95
F1 environment: 0.99

                                                            [2018-12-15 18:05:42,894]
####################################
#
# 20181215_NFFT4096_400_300_200_100_50_20_10ep1
# mic4
# testData_G428
#
####################################

                                                            [2018-12-15 18:05:51,967]
                   m       v       e |  sens   acc
music          19857     765      17 |  0.96  0.97
voice            568   13707     161 |  0.95  0.97
environment      117      54   13054 |  0.99  0.99
--------------------------------------
prec            0.97    0.94    0.99
                                                            [2018-12-15 18:05:51,967]

                                                            [2018-12-15 18:05:51,967]
F1 overall: 0.97
F1 music: 0.96
F1 voice: 0.95
F1 environment: 0.99

                                                            [2018-12-15 18:05:52,076]
####################################
#
# 20181215_NFFT4096_400_300_200_100_50_20_10ep1
# mic4
# testData_G527
#
####################################

                                                            [2018-12-15 18:05:59,352]
                   m       v       e |  sens   acc
music           8791     126       0 |  0.99  0.98
voice            139    2727       0 |  0.95  0.98
environment       28       1    2462 |  0.99  1.00
--------------------------------------
prec            0.98    0.96    1.00
                                                            [2018-12-15 18:05:59,352]

                                                            [2018-12-15 18:05:59,352]
F1 overall: 0.98
F1 music: 0.98
F1 voice: 0.95
F1 environment: 0.99

                                                            [2018-12-15 18:05:59,936]
####################################
#
# 20181215_NFFT4096_400_300_200_100_50_20_10ep1
# mic4
# testData_Studio
#
####################################

                                                            [2018-12-15 18:06:15,164]
                   m       v       e |  sens   acc
music          55301    7638     656 |  0.87  0.93
voice           1033   36317     554 |  0.96  0.93
environment       40     399   41898 |  0.99  0.99
--------------------------------------
prec            0.98    0.82    0.97
                                                            [2018-12-15 18:06:15,164]

                                                            [2018-12-15 18:06:15,164]
F1 overall: 0.93
F1 music: 0.92
F1 voice: 0.88
F1 environment: 0.98

                                                            [2018-12-15 18:06:15,164]
####################################
#
# 20181215_NFFT4096_400_300_200_100_50_20_10ep1
# mic4
# testData_Overall
#
####################################

                                                            [2018-12-15 18:06:15,164]
                   m       v       e |  sens   acc
music           0.94    0.06    0.00 |  0.94  0.96
voice           0.04    0.95    0.01 |  0.95  0.96
environment     0.01    0.00    0.99 |  0.99  0.99
--------------------------------------
prec            0.95    0.94    0.99
                                                            [2018-12-15 18:06:15,164]

                                                            [2018-12-15 18:06:15,164]
F1 overall: 0.96
F1 music: 0.95
F1 voice: 0.95
F1 environment: 0.99

                                                            [2018-12-15 18:06:15,445]
####################################
#
# 20181215_NFFT4096_400_300_200_100_50_20_10ep2
# mic4
# testData_G428
#
####################################

                                                            [2018-12-15 18:06:25,367]
                   m       v       e |  sens   acc
music          19845     761      33 |  0.96  0.97
voice            586   13679     171 |  0.95  0.97
environment       28      41   13156 |  0.99  0.99
--------------------------------------
prec            0.97    0.94    0.98
                                                            [2018-12-15 18:06:25,367]

                                                            [2018-12-15 18:06:25,367]
F1 overall: 0.97
F1 music: 0.97
F1 voice: 0.95
F1 environment: 0.99

                                                            [2018-12-15 18:06:25,507]
####################################
#
# 20181215_NFFT4096_400_300_200_100_50_20_10ep2
# mic4
# testData_G527
#
####################################

                                                            [2018-12-15 18:06:33,860]
                   m       v       e |  sens   acc
music           8778     130       9 |  0.98  0.98
voice            137    2729       0 |  0.95  0.98
environment        7       0    2484 |  1.00  1.00
--------------------------------------
prec            0.98    0.95    1.00
                                                            [2018-12-15 18:06:33,860]

                                                            [2018-12-15 18:06:33,860]
F1 overall: 0.98
F1 music: 0.98
F1 voice: 0.95
F1 environment: 1.00

                                                            [2018-12-15 18:06:34,457]
####################################
#
# 20181215_NFFT4096_400_300_200_100_50_20_10ep2
# mic4
# testData_Studio
#
####################################

                                                            [2018-12-15 18:06:50,345]
                   m       v       e |  sens   acc
music          56584    6122     889 |  0.89  0.95
voice            701   36748     455 |  0.97  0.95
environment       31     426   41880 |  0.99  0.99
--------------------------------------
prec            0.99    0.85    0.97
                                                            [2018-12-15 18:06:50,345]

                                                            [2018-12-15 18:06:50,345]
F1 overall: 0.94
F1 music: 0.94
F1 voice: 0.91
F1 environment: 0.98

                                                            [2018-12-15 18:06:50,345]
####################################
#
# 20181215_NFFT4096_400_300_200_100_50_20_10ep2
# mic4
# testData_Overall
#
####################################

                                                            [2018-12-15 18:06:50,345]
                   m       v       e |  sens   acc
music           0.95    0.05    0.01 |  0.95  0.97
voice           0.04    0.96    0.01 |  0.96  0.97
environment     0.00    0.00    0.99 |  0.99  0.99
--------------------------------------
prec            0.96    0.95    0.99
                                                            [2018-12-15 18:06:50,345]

                                                            [2018-12-15 18:06:50,345]
F1 overall: 0.97
F1 music: 0.95
F1 voice: 0.95
F1 environment: 0.99

                                                            [2018-12-15 18:06:50,642]
####################################
#
# 20181215_NFFT4096_400_300_200_100_50_20_10ep3
# mic4
# testData_G428
#
####################################

                                                            [2018-12-15 18:07:00,938]
                   m       v       e |  sens   acc
music          19981     623      35 |  0.97  0.97
voice            532   13720     184 |  0.95  0.97
environment       36      24   13165 |  1.00  0.99
--------------------------------------
prec            0.97    0.95    0.98
                                                            [2018-12-15 18:07:00,938]

                                                            [2018-12-15 18:07:00,938]
F1 overall: 0.97
F1 music: 0.97
F1 voice: 0.95
F1 environment: 0.99

                                                            [2018-12-15 18:07:01,047]
####################################
#
# 20181215_NFFT4096_400_300_200_100_50_20_10ep3
# mic4
# testData_G527
#
####################################

                                                            [2018-12-15 18:07:09,381]
                   m       v       e |  sens   acc
music           8835      75       7 |  0.99  0.99
voice            110    2756       0 |  0.96  0.99
environment        2       0    2489 |  1.00  1.00
--------------------------------------
prec            0.99    0.97    1.00
                                                            [2018-12-15 18:07:09,381]

                                                            [2018-12-15 18:07:09,381]
F1 overall: 0.98
F1 music: 0.99
F1 voice: 0.97
F1 environment: 1.00

                                                            [2018-12-15 18:07:09,979]
####################################
#
# 20181215_NFFT4096_400_300_200_100_50_20_10ep3
# mic4
# testData_Studio
#
####################################

                                                            [2018-12-15 18:07:27,107]
                   m       v       e |  sens   acc
music          57499    5091    1005 |  0.90  0.95
voice           1141   36219     544 |  0.96  0.95
environment       37     296   42004 |  0.99  0.99
--------------------------------------
prec            0.98    0.87    0.96
                                                            [2018-12-15 18:07:27,107]

                                                            [2018-12-15 18:07:27,107]
F1 overall: 0.94
F1 music: 0.94
F1 voice: 0.91
F1 environment: 0.98

                                                            [2018-12-15 18:07:27,107]
####################################
#
# 20181215_NFFT4096_400_300_200_100_50_20_10ep3
# mic4
# testData_Overall
#
####################################

                                                            [2018-12-15 18:07:27,107]
                   m       v       e |  sens   acc
music           0.95    0.04    0.01 |  0.95  0.97
voice           0.04    0.96    0.01 |  0.96  0.97
environment     0.00    0.00    1.00 |  1.00  0.99
--------------------------------------
prec            0.96    0.96    0.99
                                                            [2018-12-15 18:07:27,107]

                                                            [2018-12-15 18:07:27,107]
F1 overall: 0.97
F1 music: 0.96
F1 voice: 0.96
F1 environment: 0.99

                                                            [2018-12-15 18:07:27,420]
####################################
#
# 20181215_NFFT4096_450_400_350_300_250_200_150_100_50_21ep1
# mic4
# testData_G428
#
####################################

                                                            [2018-12-15 18:07:39,618]
                   m       v       e |  sens   acc
music          19969     632      38 |  0.97  0.97
voice            727   13536     173 |  0.94  0.97
environment       63      50   13112 |  0.99  0.99
--------------------------------------
prec            0.96    0.95    0.98
                                                            [2018-12-15 18:07:39,618]

                                                            [2018-12-15 18:07:39,618]
F1 overall: 0.97
F1 music: 0.96
F1 voice: 0.94
F1 environment: 0.99

                                                            [2018-12-15 18:07:39,743]
####################################
#
# 20181215_NFFT4096_450_400_350_300_250_200_150_100_50_21ep1
# mic4
# testData_G527
#
####################################

                                                            [2018-12-15 18:07:49,834]
                   m       v       e |  sens   acc
music           8827      80      10 |  0.99  0.98
voice            132    2734       0 |  0.95  0.98
environment       12      13    2466 |  0.99  1.00
--------------------------------------
prec            0.98    0.97    1.00
                                                            [2018-12-15 18:07:49,834]

                                                            [2018-12-15 18:07:49,834]
F1 overall: 0.98
F1 music: 0.99
F1 voice: 0.96
F1 environment: 0.99

                                                            [2018-12-15 18:07:50,400]
####################################
#
# 20181215_NFFT4096_450_400_350_300_250_200_150_100_50_21ep1
# mic4
# testData_Studio
#
####################################

                                                            [2018-12-15 18:08:09,556]
                   m       v       e |  sens   acc
music          57073    5589     933 |  0.90  0.94
voice           1735   35681     488 |  0.94  0.94
environment       75     536   41726 |  0.99  0.99
--------------------------------------
prec            0.97    0.85    0.97
                                                            [2018-12-15 18:08:09,556]

                                                            [2018-12-15 18:08:09,571]
F1 overall: 0.93
F1 music: 0.93
F1 voice: 0.90
F1 environment: 0.98

                                                            [2018-12-15 18:08:09,571]
####################################
#
# 20181215_NFFT4096_450_400_350_300_250_200_150_100_50_21ep1
# mic4
# testData_Overall
#
####################################

                                                            [2018-12-15 18:08:09,571]
                   m       v       e |  sens   acc
music           0.95    0.04    0.01 |  0.95  0.97
voice           0.05    0.94    0.01 |  0.94  0.96
environment     0.00    0.01    0.99 |  0.99  0.99
--------------------------------------
prec            0.95    0.95    0.99
                                                            [2018-12-15 18:08:09,571]

                                                            [2018-12-15 18:08:09,571]
F1 overall: 0.96
F1 music: 0.95
F1 voice: 0.95
F1 environment: 0.99

                                                            [2018-12-15 18:08:09,890]
####################################
#
# 20181215_NFFT4096_450_400_350_300_250_200_150_100_50_21ep2
# mic4
# testData_G428
#
####################################

                                                            [2018-12-15 18:08:23,532]
                   m       v       e |  sens   acc
music          19882     713      44 |  0.96  0.97
voice            764   13494     178 |  0.93  0.97
environment       41      24   13160 |  1.00  0.99
--------------------------------------
prec            0.96    0.95    0.98
                                                            [2018-12-15 18:08:23,532]

                                                            [2018-12-15 18:08:23,532]
F1 overall: 0.96
F1 music: 0.96
F1 voice: 0.94
F1 environment: 0.99

                                                            [2018-12-15 18:08:23,657]
####################################
#
# 20181215_NFFT4096_450_400_350_300_250_200_150_100_50_21ep2
# mic4
# testData_G527
#
####################################

                                                            [2018-12-15 18:08:33,837]
                   m       v       e |  sens   acc
music           8785     127       5 |  0.99  0.98
voice            215    2648       3 |  0.92  0.98
environment        1       0    2490 |  1.00  1.00
--------------------------------------
prec            0.98    0.95    1.00
                                                            [2018-12-15 18:08:33,837]

                                                            [2018-12-15 18:08:33,837]
F1 overall: 0.97
F1 music: 0.98
F1 voice: 0.94
F1 environment: 1.00

                                                            [2018-12-15 18:08:34,452]
####################################
#
# 20181215_NFFT4096_450_400_350_300_250_200_150_100_50_21ep2
# mic4
# testData_Studio
#
####################################

                                                            [2018-12-15 18:08:55,253]
                   m       v       e |  sens   acc
music          56024    6444    1127 |  0.88  0.94
voice           1645   35671     588 |  0.94  0.94
environment       32     429   41876 |  0.99  0.98
--------------------------------------
prec            0.97    0.84    0.96
                                                            [2018-12-15 18:08:55,253]

                                                            [2018-12-15 18:08:55,253]
F1 overall: 0.93
F1 music: 0.92
F1 voice: 0.89
F1 environment: 0.97

                                                            [2018-12-15 18:08:55,253]
####################################
#
# 20181215_NFFT4096_450_400_350_300_250_200_150_100_50_21ep2
# mic4
# testData_Overall
#
####################################

                                                            [2018-12-15 18:08:55,253]
                   m       v       e |  sens   acc
music           0.94    0.05    0.01 |  0.94  0.96
voice           0.06    0.93    0.01 |  0.93  0.96
environment     0.00    0.00    0.99 |  0.99  0.99
--------------------------------------
prec            0.94    0.95    0.98
                                                            [2018-12-15 18:08:55,253]

                                                            [2018-12-15 18:08:55,253]
F1 overall: 0.96
F1 music: 0.94
F1 voice: 0.94
F1 environment: 0.99

                                                            [2018-12-15 18:08:55,562]
####################################
#
# 20181215_NFFT4096_450_400_350_300_250_200_150_100_50_21ep3
# mic4
# testData_G428
#
####################################

                                                            [2018-12-15 18:09:09,781]
                   m       v       e |  sens   acc
music          20062     555      22 |  0.97  0.97
voice            971   13275     190 |  0.92  0.96
environment       35      24   13166 |  1.00  0.99
--------------------------------------
prec            0.95    0.96    0.98
                                                            [2018-12-15 18:09:09,781]

                                                            [2018-12-15 18:09:09,781]
F1 overall: 0.96
F1 music: 0.96
F1 voice: 0.94
F1 environment: 0.99

                                                            [2018-12-15 18:09:09,890]
####################################
#
# 20181215_NFFT4096_450_400_350_300_250_200_150_100_50_21ep3
# mic4
# testData_G527
#
####################################

                                                            [2018-12-15 18:09:20,876]
                   m       v       e |  sens   acc
music           8863      50       4 |  0.99  0.98
voice            232    2630       4 |  0.92  0.98
environment        7       0    2484 |  1.00  1.00
--------------------------------------
prec            0.97    0.98    1.00
                                                            [2018-12-15 18:09:20,876]

                                                            [2018-12-15 18:09:20,876]
F1 overall: 0.98
F1 music: 0.98
F1 voice: 0.95
F1 environment: 1.00

                                                            [2018-12-15 18:09:21,441]
####################################
#
# 20181215_NFFT4096_450_400_350_300_250_200_150_100_50_21ep3
# mic4
# testData_Studio
#
####################################

                                                            [2018-12-15 18:09:43,307]
                   m       v       e |  sens   acc
music          57556    5321     718 |  0.91  0.95
voice            635   36833     436 |  0.97  0.95
environment       32     375   41930 |  0.99  0.99
--------------------------------------
prec            0.99    0.87    0.97
                                                            [2018-12-15 18:09:43,307]

                                                            [2018-12-15 18:09:43,307]
F1 overall: 0.95
F1 music: 0.94
F1 voice: 0.92
F1 environment: 0.98

                                                            [2018-12-15 18:09:43,307]
####################################
#
# 20181215_NFFT4096_450_400_350_300_250_200_150_100_50_21ep3
# mic4
# testData_Overall
#
####################################

                                                            [2018-12-15 18:09:43,307]
                   m       v       e |  sens   acc
music           0.96    0.04    0.00 |  0.96  0.97
voice           0.05    0.94    0.01 |  0.94  0.96
environment     0.00    0.00    0.99 |  0.99  0.99
--------------------------------------
prec            0.94    0.96    0.99
                                                            [2018-12-15 18:09:43,307]

                                                            [2018-12-15 18:09:43,307]
F1 overall: 0.96
F1 music: 0.95
F1 voice: 0.95
F1 environment: 0.99

