                                                            [2019-01-03 17:50:54,433]
####################################
#
# maak spectra voor testdata G428, NFFT=2048
#
####################################

                                                            [2019-01-03 17:51:04,412]
Klaar: spectra voor testdata G428
                                                            [2019-01-03 17:51:04,556]
####################################
#
# maak spectra voor testdata G527, NFFT=2048
#
####################################

                                                            [2019-01-03 17:51:06,534]
Klaar: spectra voor testdata G527
                                                            [2019-01-03 17:51:06,640]
####################################
#
# maak spectra voor testdata Studio, NFFT=2048
#
####################################

                                                            [2019-01-03 17:52:35,829]
Klaar: spectra voor testdata Studio
                                                            [2019-01-03 17:52:36,117]
####################################
#
# Alle orgs, lagen: [100, 20]
#
####################################

                                                            [2019-01-03 17:52:36,213]

*****************
* Epoch nr 1
*****************

                                                            [2019-01-03 17:52:48,818]
                   m       v       e |  sens   acc
music          42308    3442      54 |  0.92  0.96
voice           1445   43383     999 |  0.95  0.92
environment      113    4754   42001 |  0.90  0.96
--------------------------------------
prec            0.96    0.84    0.98
                                                            [2019-01-03 17:52:48,818]

                                                            [2019-01-03 17:52:48,818]
F1 overall: 0.92
F1 music: 0.94
F1 voice: 0.89
F1 environment: 0.93

                                                            [2019-01-03 17:52:48,818]

*****************
* Epoch nr 2
*****************

                                                            [2019-01-03 17:53:00,259]
                   m       v       e |  sens   acc
music          44116    1671      17 |  0.96  0.98
voice            970   43959     898 |  0.96  0.96
environment      137    2664   44067 |  0.94  0.97
--------------------------------------
prec            0.98    0.91    0.98
                                                            [2019-01-03 17:53:00,259]

                                                            [2019-01-03 17:53:00,259]
F1 overall: 0.95
F1 music: 0.97
F1 voice: 0.93
F1 environment: 0.96

                                                            [2019-01-03 17:53:00,259]

*****************
* Epoch nr 3
*****************

                                                            [2019-01-03 17:53:11,748]
                   m       v       e |  sens   acc
music          44305    1475      24 |  0.97  0.98
voice            658   44027    1142 |  0.96  0.97
environment       84    1473   45311 |  0.97  0.98
--------------------------------------
prec            0.98    0.94    0.97
                                                            [2019-01-03 17:53:11,748]

                                                            [2019-01-03 17:53:11,748]
F1 overall: 0.96
F1 music: 0.98
F1 voice: 0.95
F1 environment: 0.97

                                                            [2019-01-03 17:53:11,748]

*****************
* Epoch nr 4
*****************

                                                            [2019-01-03 17:53:21,265]
                   m       v       e |  sens   acc
music          44133    1657      14 |  0.96  0.98
voice            405   44701     721 |  0.98  0.97
environment       57    1691   45120 |  0.96  0.98
--------------------------------------
prec            0.99    0.93    0.98
                                                            [2019-01-03 17:53:21,265]

                                                            [2019-01-03 17:53:21,265]
F1 overall: 0.97
F1 music: 0.98
F1 voice: 0.95
F1 environment: 0.97

                                                            [2019-01-03 17:53:21,265]

*****************
* Epoch nr 5
*****************

                                                            [2019-01-03 17:53:32,549]
                   m       v       e |  sens   acc
music          44627    1169       8 |  0.97  0.99
voice            344   44793     690 |  0.98  0.97
environment       48    1359   45461 |  0.97  0.98
--------------------------------------
prec            0.99    0.95    0.98
                                                            [2019-01-03 17:53:32,549]

                                                            [2019-01-03 17:53:32,549]
F1 overall: 0.97
F1 music: 0.98
F1 voice: 0.96
F1 environment: 0.98

                                                            [2019-01-03 17:53:32,549]
####################################
#
# Alle orgs, lagen: [400, 250, 100, 20]
#
####################################

                                                            [2019-01-03 17:53:32,659]

*****************
* Epoch nr 1
*****************

                                                            [2019-01-03 17:53:49,368]
                   m       v       e |  sens   acc
music          43070    2717      17 |  0.94  0.97
voice            853   44119     855 |  0.96  0.96
environment       65    1771   45032 |  0.96  0.98
--------------------------------------
prec            0.98    0.91    0.98
                                                            [2019-01-03 17:53:49,368]

                                                            [2019-01-03 17:53:49,368]
F1 overall: 0.95
F1 music: 0.96
F1 voice: 0.93
F1 environment: 0.97

                                                            [2019-01-03 17:53:49,368]

*****************
* Epoch nr 2
*****************

                                                            [2019-01-03 17:54:03,002]
                   m       v       e |  sens   acc
music          44159    1631      14 |  0.96  0.99
voice            345   44385    1097 |  0.97  0.97
environment       24     616   46228 |  0.99  0.99
--------------------------------------
prec            0.99    0.95    0.98
                                                            [2019-01-03 17:54:03,002]

                                                            [2019-01-03 17:54:03,002]
F1 overall: 0.97
F1 music: 0.98
F1 voice: 0.96
F1 environment: 0.98

                                                            [2019-01-03 17:54:03,002]

*****************
* Epoch nr 3
*****************

                                                            [2019-01-03 17:54:16,012]
                   m       v       e |  sens   acc
music          45470     327       7 |  0.99  0.99
voice           1082   42986    1759 |  0.94  0.98
environment       35     293   46540 |  0.99  0.98
--------------------------------------
prec            0.98    0.99    0.96
                                                            [2019-01-03 17:54:16,012]

                                                            [2019-01-03 17:54:16,012]
F1 overall: 0.97
F1 music: 0.98
F1 voice: 0.96
F1 environment: 0.98

                                                            [2019-01-03 17:54:16,012]

*****************
* Epoch nr 4
*****************

                                                            [2019-01-03 17:54:30,508]
                   m       v       e |  sens   acc
music          45215     585       4 |  0.99  0.99
voice            388   44738     701 |  0.98  0.99
environment       27     383   46458 |  0.99  0.99
--------------------------------------
prec            0.99    0.98    0.99
                                                            [2019-01-03 17:54:30,508]

                                                            [2019-01-03 17:54:30,508]
F1 overall: 0.98
F1 music: 0.99
F1 voice: 0.98
F1 environment: 0.99

                                                            [2019-01-03 17:54:30,508]

*****************
* Epoch nr 5
*****************

                                                            [2019-01-03 17:54:46,089]
                   m       v       e |  sens   acc
music          45483     315       6 |  0.99  0.99
voice            517   45017     293 |  0.98  0.99
environment       12     666   46190 |  0.99  0.99
--------------------------------------
prec            0.99    0.98    0.99
                                                            [2019-01-03 17:54:46,089]

                                                            [2019-01-03 17:54:46,089]
F1 overall: 0.99
F1 music: 0.99
F1 voice: 0.98
F1 environment: 0.99

                                                            [2019-01-03 17:54:46,104]
####################################
#
# Alle orgs, lagen: [400, 300, 200, 100, 50, 20, 10]
#
####################################

                                                            [2019-01-03 17:54:46,261]

*****************
* Epoch nr 1
*****************

                                                            [2019-01-03 17:55:05,614]
                   m       v       e |  sens   acc
music          43697    2077      30 |  0.95  0.98
voice            608   44657     562 |  0.97  0.96
environment       64    1926   44878 |  0.96  0.98
--------------------------------------
prec            0.98    0.92    0.99
                                                            [2019-01-03 17:55:05,614]

                                                            [2019-01-03 17:55:05,614]
F1 overall: 0.96
F1 music: 0.97
F1 voice: 0.95
F1 environment: 0.97

                                                            [2019-01-03 17:55:05,614]

*****************
* Epoch nr 2
*****************

                                                            [2019-01-03 17:55:23,571]
                   m       v       e |  sens   acc
music          44203    1589      12 |  0.97  0.99
voice            281   44982     564 |  0.98  0.97
environment       60    1154   45654 |  0.97  0.99
--------------------------------------
prec            0.99    0.94    0.99
                                                            [2019-01-03 17:55:23,571]

                                                            [2019-01-03 17:55:23,586]
F1 overall: 0.97
F1 music: 0.98
F1 voice: 0.96
F1 environment: 0.98

                                                            [2019-01-03 17:55:23,586]

*****************
* Epoch nr 3
*****************

                                                            [2019-01-03 17:55:43,601]
                   m       v       e |  sens   acc
music          45339     456       9 |  0.99  0.99
voice            553   44693     581 |  0.98  0.99
environment       31     454   46383 |  0.99  0.99
--------------------------------------
prec            0.99    0.98    0.99
                                                            [2019-01-03 17:55:43,601]

                                                            [2019-01-03 17:55:43,601]
F1 overall: 0.98
F1 music: 0.99
F1 voice: 0.98
F1 environment: 0.99

                                                            [2019-01-03 17:55:43,601]

*****************
* Epoch nr 4
*****************

                                                            [2019-01-03 17:56:03,595]
                   m       v       e |  sens   acc
music          44946     853       5 |  0.98  0.99
voice            148   45520     159 |  0.99  0.98
environment       13    1293   45562 |  0.97  0.99
--------------------------------------
prec            1.00    0.95    1.00
                                                            [2019-01-03 17:56:03,595]

                                                            [2019-01-03 17:56:03,595]
F1 overall: 0.98
F1 music: 0.99
F1 voice: 0.97
F1 environment: 0.98

                                                            [2019-01-03 17:56:03,595]

*****************
* Epoch nr 5
*****************

                                                            [2019-01-03 17:56:23,875]
                   m       v       e |  sens   acc
music          44732    1068       4 |  0.98  0.99
voice            126   45612      89 |  1.00  0.98
environment        8    1963   44897 |  0.96  0.99
--------------------------------------
prec            1.00    0.94    1.00
                                                            [2019-01-03 17:56:23,875]

                                                            [2019-01-03 17:56:23,875]
F1 overall: 0.98
F1 music: 0.99
F1 voice: 0.97
F1 environment: 0.98

                                                            [2019-01-03 17:56:23,875]
####################################
#
# Alle orgs, lagen: [450, 400, 350, 300, 250, 200, 150, 100, 50, 21]
#
####################################

                                                            [2019-01-03 17:56:24,062]

*****************
* Epoch nr 1
*****************

                                                            [2019-01-03 17:56:51,817]
                   m       v       e |  sens   acc
music          43504    2284      16 |  0.95  0.98
voice            339   44698     790 |  0.98  0.97
environment       46    1045   45777 |  0.98  0.99
--------------------------------------
prec            0.99    0.93    0.98
                                                            [2019-01-03 17:56:51,817]

                                                            [2019-01-03 17:56:51,817]
F1 overall: 0.97
F1 music: 0.97
F1 voice: 0.95
F1 environment: 0.98

                                                            [2019-01-03 17:56:51,817]

*****************
* Epoch nr 2
*****************

                                                            [2019-01-03 17:57:19,432]
                   m       v       e |  sens   acc
music          45013     784       7 |  0.98  0.99
voice            540   45013     274 |  0.98  0.98
environment       34    1739   45095 |  0.96  0.99
--------------------------------------
prec            0.99    0.95    0.99
                                                            [2019-01-03 17:57:19,432]

                                                            [2019-01-03 17:57:19,432]
F1 overall: 0.98
F1 music: 0.99
F1 voice: 0.96
F1 environment: 0.98

                                                            [2019-01-03 17:57:19,432]

*****************
* Epoch nr 3
*****************

                                                            [2019-01-03 17:57:46,306]
                   m       v       e |  sens   acc
music          45414     382       8 |  0.99  0.99
voice            864   44661     302 |  0.97  0.98
environment       20     902   45946 |  0.98  0.99
--------------------------------------
prec            0.98    0.97    0.99
                                                            [2019-01-03 17:57:46,306]

                                                            [2019-01-03 17:57:46,306]
F1 overall: 0.98
F1 music: 0.99
F1 voice: 0.97
F1 environment: 0.99

                                                            [2019-01-03 17:57:46,306]

*****************
* Epoch nr 4
*****************

                                                            [2019-01-03 17:58:13,577]
                   m       v       e |  sens   acc
music          45600     198       6 |  1.00  0.99
voice           1353   43748     726 |  0.95  0.98
environment       24     435   46409 |  0.99  0.99
--------------------------------------
prec            0.97    0.99    0.98
                                                            [2019-01-03 17:58:13,577]

                                                            [2019-01-03 17:58:13,577]
F1 overall: 0.98
F1 music: 0.98
F1 voice: 0.97
F1 environment: 0.99

                                                            [2019-01-03 17:58:13,577]

*****************
* Epoch nr 5
*****************

                                                            [2019-01-03 17:58:41,968]
                   m       v       e |  sens   acc
music          44826     938      40 |  0.98  0.99
voice             96   45328     403 |  0.99  0.99
environment        3     373   46492 |  0.99  0.99
--------------------------------------
prec            1.00    0.97    0.99
                                                            [2019-01-03 17:58:41,968]

                                                            [2019-01-03 17:58:41,968]
F1 overall: 0.99
F1 music: 0.99
F1 voice: 0.98
F1 environment: 0.99

                                                            [2019-01-03 17:58:42,096]
####################################
#
# 20190103_NFFT2048_100_20ep1
# mic4
# testData_G428
#
####################################

                                                            [2019-01-03 17:58:47,191]
                   m       v       e |  sens   acc
music           2523      39       0 |  0.98  0.97
voice            150    1543      26 |  0.90  0.96
environment        4       0    1628 |  1.00  0.99
--------------------------------------
prec            0.94    0.98    0.98
                                                            [2019-01-03 17:58:47,191]

                                                            [2019-01-03 17:58:47,191]
F1 overall: 0.96
F1 music: 0.96
F1 voice: 0.93
F1 environment: 0.99

                                                            [2019-01-03 17:58:47,223]
####################################
#
# 20190103_NFFT2048_100_20ep1
# mic4
# testData_G527
#
####################################

                                                            [2019-01-03 17:58:52,054]
                   m       v       e |  sens   acc
music           1084      10       1 |  0.99  0.97
voice             49     280       1 |  0.85  0.97
environment        0       0     304 |  1.00  1.00
--------------------------------------
prec            0.96    0.97    0.99
                                                            [2019-01-03 17:58:52,054]

                                                            [2019-01-03 17:58:52,054]
F1 overall: 0.96
F1 music: 0.97
F1 voice: 0.90
F1 environment: 1.00

                                                            [2019-01-03 17:58:52,116]
####################################
#
# 20190103_NFFT2048_100_20ep1
# mic4
# testData_Studio
#
####################################

                                                            [2019-01-03 17:58:58,069]
                   m       v       e |  sens   acc
music           6766    1023      40 |  0.86  0.94
voice              4    4295     156 |  0.96  0.93
environment        2      25    5172 |  0.99  0.99
--------------------------------------
prec            1.00    0.80    0.96
                                                            [2019-01-03 17:58:58,069]

                                                            [2019-01-03 17:58:58,069]
F1 overall: 0.93
F1 music: 0.93
F1 voice: 0.88
F1 environment: 0.98

                                                            [2019-01-03 17:58:58,069]
####################################
#
# 20190103_NFFT2048_100_20ep1
# mic4
# testData_Overall
#
####################################

                                                            [2019-01-03 17:58:58,069]
                   m       v       e |  sens   acc
music           0.95    0.05    0.00 |  0.95  0.96
voice           0.08    0.90    0.02 |  0.90  0.95
environment     0.00    0.00    1.00 |  1.00  0.99
--------------------------------------
prec            0.92    0.94    0.98
                                                            [2019-01-03 17:58:58,069]

                                                            [2019-01-03 17:58:58,069]
F1 overall: 0.95
F1 music: 0.93
F1 voice: 0.92
F1 environment: 0.99

                                                            [2019-01-03 17:58:58,100]
####################################
#
# 20190103_NFFT2048_100_20ep2
# mic4
# testData_G428
#
####################################

                                                            [2019-01-03 17:59:03,553]
                   m       v       e |  sens   acc
music           2534      28       0 |  0.99  0.98
voice             68    1634      17 |  0.95  0.98
environment        4       0    1628 |  1.00  1.00
--------------------------------------
prec            0.97    0.98    0.99
                                                            [2019-01-03 17:59:03,553]

                                                            [2019-01-03 17:59:03,553]
F1 overall: 0.98
F1 music: 0.98
F1 voice: 0.97
F1 environment: 0.99

                                                            [2019-01-03 17:59:03,584]
####################################
#
# 20190103_NFFT2048_100_20ep2
# mic4
# testData_G527
#
####################################

                                                            [2019-01-03 17:59:09,193]
                   m       v       e |  sens   acc
music           1086       9       0 |  0.99  0.98
voice             26     304       0 |  0.92  0.98
environment        2       0     302 |  0.99  1.00
--------------------------------------
prec            0.97    0.97    1.00
                                                            [2019-01-03 17:59:09,193]

                                                            [2019-01-03 17:59:09,193]
F1 overall: 0.98
F1 music: 0.98
F1 voice: 0.95
F1 environment: 1.00

                                                            [2019-01-03 17:59:09,256]
####################################
#
# 20190103_NFFT2048_100_20ep2
# mic4
# testData_Studio
#
####################################

                                                            [2019-01-03 17:59:15,972]
                   m       v       e |  sens   acc
music           7102     703      24 |  0.91  0.96
voice             18    4346      91 |  0.98  0.95
environment        6      32    5161 |  0.99  0.99
--------------------------------------
prec            1.00    0.86    0.98
                                                            [2019-01-03 17:59:15,972]

                                                            [2019-01-03 17:59:15,972]
F1 overall: 0.95
F1 music: 0.95
F1 voice: 0.91
F1 environment: 0.99

                                                            [2019-01-03 17:59:15,972]
####################################
#
# 20190103_NFFT2048_100_20ep2
# mic4
# testData_Overall
#
####################################

                                                            [2019-01-03 17:59:15,972]
                   m       v       e |  sens   acc
music           0.96    0.04    0.00 |  0.96  0.97
voice           0.04    0.95    0.01 |  0.95  0.97
environment     0.00    0.00    0.99 |  0.99  0.99
--------------------------------------
prec            0.96    0.96    0.99
                                                            [2019-01-03 17:59:15,972]

                                                            [2019-01-03 17:59:15,972]
F1 overall: 0.97
F1 music: 0.96
F1 voice: 0.96
F1 environment: 0.99

                                                            [2019-01-03 17:59:16,003]
####################################
#
# 20190103_NFFT2048_100_20ep3
# mic4
# testData_G428
#
####################################

                                                            [2019-01-03 17:59:21,472]
                   m       v       e |  sens   acc
music           2521      39       2 |  0.98  0.99
voice             33    1665      21 |  0.97  0.98
environment        3       1    1628 |  1.00  1.00
--------------------------------------
prec            0.99    0.98    0.99
                                                            [2019-01-03 17:59:21,472]

                                                            [2019-01-03 17:59:21,472]
F1 overall: 0.98
F1 music: 0.98
F1 voice: 0.97
F1 environment: 0.99

                                                            [2019-01-03 17:59:21,503]
####################################
#
# 20190103_NFFT2048_100_20ep3
# mic4
# testData_G527
#
####################################

                                                            [2019-01-03 17:59:26,893]
                   m       v       e |  sens   acc
music           1083      12       0 |  0.99  0.98
voice             14     316       0 |  0.96  0.98
environment        0       0     304 |  1.00  1.00
--------------------------------------
prec            0.99    0.96    1.00
                                                            [2019-01-03 17:59:26,893]

                                                            [2019-01-03 17:59:26,893]
F1 overall: 0.98
F1 music: 0.99
F1 voice: 0.96
F1 environment: 1.00

                                                            [2019-01-03 17:59:26,940]
####################################
#
# 20190103_NFFT2048_100_20ep3
# mic4
# testData_Studio
#
####################################

                                                            [2019-01-03 17:59:33,096]
                   m       v       e |  sens   acc
music           7239     552      38 |  0.92  0.96
voice             40    4332      83 |  0.97  0.96
environment        4      13    5182 |  1.00  0.99
--------------------------------------
prec            0.99    0.88    0.98
                                                            [2019-01-03 17:59:33,096]

                                                            [2019-01-03 17:59:33,096]
F1 overall: 0.96
F1 music: 0.96
F1 voice: 0.93
F1 environment: 0.99

                                                            [2019-01-03 17:59:33,096]
####################################
#
# 20190103_NFFT2048_100_20ep3
# mic4
# testData_Overall
#
####################################

                                                            [2019-01-03 17:59:33,096]
                   m       v       e |  sens   acc
music           0.97    0.03    0.00 |  0.97  0.98
voice           0.02    0.97    0.01 |  0.97  0.98
environment     0.00    0.00    1.00 |  1.00  1.00
--------------------------------------
prec            0.98    0.97    0.99
                                                            [2019-01-03 17:59:33,096]

                                                            [2019-01-03 17:59:33,096]
F1 overall: 0.98
F1 music: 0.97
F1 voice: 0.97
F1 environment: 0.99

                                                            [2019-01-03 17:59:33,127]
####################################
#
# 20190103_NFFT2048_100_20ep4
# mic4
# testData_G428
#
####################################

                                                            [2019-01-03 17:59:38,876]
                   m       v       e |  sens   acc
music           2518      43       1 |  0.98  0.99
voice             29    1675      15 |  0.97  0.99
environment        5       1    1626 |  1.00  1.00
--------------------------------------
prec            0.99    0.97    0.99
                                                            [2019-01-03 17:59:38,876]

                                                            [2019-01-03 17:59:38,876]
F1 overall: 0.98
F1 music: 0.98
F1 voice: 0.97
F1 environment: 0.99

                                                            [2019-01-03 17:59:38,892]
####################################
#
# 20190103_NFFT2048_100_20ep4
# mic4
# testData_G527
#
####################################

                                                            [2019-01-03 17:59:44,376]
                   m       v       e |  sens   acc
music           1084      11       0 |  0.99  0.98
voice             14     316       0 |  0.96  0.99
environment        1       0     303 |  1.00  1.00
--------------------------------------
prec            0.99    0.97    1.00
                                                            [2019-01-03 17:59:44,376]

                                                            [2019-01-03 17:59:44,376]
F1 overall: 0.98
F1 music: 0.99
F1 voice: 0.96
F1 environment: 1.00

                                                            [2019-01-03 17:59:44,407]
####################################
#
# 20190103_NFFT2048_100_20ep4
# mic4
# testData_Studio
#
####################################

                                                            [2019-01-03 17:59:51,594]
                   m       v       e |  sens   acc
music           7280     523      26 |  0.93  0.97
voice             35    4374      46 |  0.98  0.96
environment        4      23    5172 |  0.99  0.99
--------------------------------------
prec            0.99    0.89    0.99
                                                            [2019-01-03 17:59:51,594]

                                                            [2019-01-03 17:59:51,594]
F1 overall: 0.96
F1 music: 0.96
F1 voice: 0.93
F1 environment: 0.99

                                                            [2019-01-03 17:59:51,594]
####################################
#
# 20190103_NFFT2048_100_20ep4
# mic4
# testData_Overall
#
####################################

                                                            [2019-01-03 17:59:51,594]
                   m       v       e |  sens   acc
music           0.97    0.03    0.00 |  0.97  0.98
voice           0.02    0.97    0.01 |  0.97  0.98
environment     0.00    0.00    1.00 |  1.00  1.00
--------------------------------------
prec            0.98    0.97    0.99
                                                            [2019-01-03 17:59:51,594]

                                                            [2019-01-03 17:59:51,594]
F1 overall: 0.98
F1 music: 0.97
F1 voice: 0.97
F1 environment: 0.99

                                                            [2019-01-03 17:59:51,625]
####################################
#
# 20190103_NFFT2048_100_20ep5
# mic4
# testData_G428
#
####################################

                                                            [2019-01-03 17:59:57,781]
                   m       v       e |  sens   acc
music           2509      52       1 |  0.98  0.99
voice             17    1688      14 |  0.98  0.99
environment        3       2    1627 |  1.00  1.00
--------------------------------------
prec            0.99    0.97    0.99
                                                            [2019-01-03 17:59:57,781]

                                                            [2019-01-03 17:59:57,781]
F1 overall: 0.98
F1 music: 0.99
F1 voice: 0.98
F1 environment: 0.99

                                                            [2019-01-03 17:59:57,797]
####################################
#
# 20190103_NFFT2048_100_20ep5
# mic4
# testData_G527
#
####################################

                                                            [2019-01-03 18:00:03,734]
                   m       v       e |  sens   acc
music           1079      15       1 |  0.99  0.98
voice             11     319       0 |  0.97  0.98
environment        1       0     303 |  1.00  1.00
--------------------------------------
prec            0.99    0.96    1.00
                                                            [2019-01-03 18:00:03,734]

                                                            [2019-01-03 18:00:03,734]
F1 overall: 0.98
F1 music: 0.99
F1 voice: 0.96
F1 environment: 1.00

                                                            [2019-01-03 18:00:03,765]
####################################
#
# 20190103_NFFT2048_100_20ep5
# mic4
# testData_Studio
#
####################################

                                                            [2019-01-03 18:00:11,390]
                   m       v       e |  sens   acc
music           7256     529      44 |  0.93  0.97
voice             30    4388      37 |  0.98  0.96
environment        6      33    5160 |  0.99  0.99
--------------------------------------
prec            1.00    0.89    0.98
                                                            [2019-01-03 18:00:11,390]

                                                            [2019-01-03 18:00:11,390]
F1 overall: 0.96
F1 music: 0.96
F1 voice: 0.93
F1 environment: 0.99

                                                            [2019-01-03 18:00:11,390]
####################################
#
# 20190103_NFFT2048_100_20ep5
# mic4
# testData_Overall
#
####################################

                                                            [2019-01-03 18:00:11,390]
                   m       v       e |  sens   acc
music           0.96    0.03    0.00 |  0.96  0.98
voice           0.02    0.98    0.01 |  0.98  0.98
environment     0.00    0.00    1.00 |  1.00  1.00
--------------------------------------
prec            0.98    0.96    0.99
                                                            [2019-01-03 18:00:11,390]

                                                            [2019-01-03 18:00:11,390]
F1 overall: 0.98
F1 music: 0.97
F1 voice: 0.97
F1 environment: 0.99

                                                            [2019-01-03 18:00:11,436]
####################################
#
# 20190103_NFFT2048_400_250_100_20ep1
# mic4
# testData_G428
#
####################################

                                                            [2019-01-03 18:00:18,576]
                   m       v       e |  sens   acc
music           2518      44       0 |  0.98  0.98
voice             82    1618      19 |  0.94  0.98
environment        3       2    1627 |  1.00  1.00
--------------------------------------
prec            0.97    0.97    0.99
                                                            [2019-01-03 18:00:18,576]

                                                            [2019-01-03 18:00:18,576]
F1 overall: 0.97
F1 music: 0.98
F1 voice: 0.96
F1 environment: 0.99

                                                            [2019-01-03 18:00:18,607]
####################################
#
# 20190103_NFFT2048_400_250_100_20ep1
# mic4
# testData_G527
#
####################################

                                                            [2019-01-03 18:00:25,154]
                   m       v       e |  sens   acc
music           1085      10       0 |  0.99  0.97
voice             38     292       0 |  0.88  0.97
environment        0       0     304 |  1.00  1.00
--------------------------------------
prec            0.97    0.97    1.00
                                                            [2019-01-03 18:00:25,154]

                                                            [2019-01-03 18:00:25,154]
F1 overall: 0.97
F1 music: 0.98
F1 voice: 0.92
F1 environment: 1.00

                                                            [2019-01-03 18:00:25,201]
####################################
#
# 20190103_NFFT2048_400_250_100_20ep1
# mic4
# testData_Studio
#
####################################

                                                            [2019-01-03 18:00:33,044]
                   m       v       e |  sens   acc
music           7056     740      33 |  0.90  0.95
voice             14    4382      59 |  0.98  0.95
environment        4      37    5158 |  0.99  0.99
--------------------------------------
prec            1.00    0.85    0.98
                                                            [2019-01-03 18:00:33,044]

                                                            [2019-01-03 18:00:33,044]
F1 overall: 0.95
F1 music: 0.95
F1 voice: 0.91
F1 environment: 0.99

                                                            [2019-01-03 18:00:33,044]
####################################
#
# 20190103_NFFT2048_400_250_100_20ep1
# mic4
# testData_Overall
#
####################################

                                                            [2019-01-03 18:00:33,044]
                   m       v       e |  sens   acc
music           0.96    0.04    0.00 |  0.96  0.97
voice           0.06    0.94    0.01 |  0.94  0.96
environment     0.00    0.00    1.00 |  1.00  1.00
--------------------------------------
prec            0.94    0.96    0.99
                                                            [2019-01-03 18:00:33,044]

                                                            [2019-01-03 18:00:33,044]
F1 overall: 0.96
F1 music: 0.95
F1 voice: 0.95
F1 environment: 0.99

                                                            [2019-01-03 18:00:33,075]
####################################
#
# 20190103_NFFT2048_400_250_100_20ep2
# mic4
# testData_G428
#
####################################

                                                            [2019-01-03 18:00:39,981]
                   m       v       e |  sens   acc
music           2526      34       2 |  0.99  0.99
voice             39    1656      24 |  0.96  0.98
environment        3       0    1629 |  1.00  1.00
--------------------------------------
prec            0.98    0.98    0.98
                                                            [2019-01-03 18:00:39,981]

                                                            [2019-01-03 18:00:39,981]
F1 overall: 0.98
F1 music: 0.98
F1 voice: 0.97
F1 environment: 0.99

                                                            [2019-01-03 18:00:39,996]
####################################
#
# 20190103_NFFT2048_400_250_100_20ep2
# mic4
# testData_G527
#
####################################

                                                            [2019-01-03 18:00:47,230]
                   m       v       e |  sens   acc
music           1083      12       0 |  0.99  0.98
voice             16     314       0 |  0.95  0.98
environment        0       0     304 |  1.00  1.00
--------------------------------------
prec            0.99    0.96    1.00
                                                            [2019-01-03 18:00:47,230]

                                                            [2019-01-03 18:00:47,230]
F1 overall: 0.98
F1 music: 0.99
F1 voice: 0.96
F1 environment: 1.00

                                                            [2019-01-03 18:00:47,293]
####################################
#
# 20190103_NFFT2048_400_250_100_20ep2
# mic4
# testData_Studio
#
####################################

                                                            [2019-01-03 18:00:56,308]
                   m       v       e |  sens   acc
music           7262     514      53 |  0.93  0.97
voice              7    4380      68 |  0.98  0.97
environment        4      16    5179 |  1.00  0.99
--------------------------------------
prec            1.00    0.89    0.98
                                                            [2019-01-03 18:00:56,308]

                                                            [2019-01-03 18:00:56,308]
F1 overall: 0.96
F1 music: 0.96
F1 voice: 0.94
F1 environment: 0.99

                                                            [2019-01-03 18:00:56,308]
####################################
#
# 20190103_NFFT2048_400_250_100_20ep2
# mic4
# testData_Overall
#
####################################

                                                            [2019-01-03 18:00:56,308]
                   m       v       e |  sens   acc
music           0.97    0.03    0.00 |  0.97  0.98
voice           0.02    0.97    0.01 |  0.97  0.98
environment     0.00    0.00    1.00 |  1.00  1.00
--------------------------------------
prec            0.97    0.97    0.99
                                                            [2019-01-03 18:00:56,323]

                                                            [2019-01-03 18:00:56,323]
F1 overall: 0.98
F1 music: 0.97
F1 voice: 0.97
F1 environment: 0.99

                                                            [2019-01-03 18:00:56,355]
####################################
#
# 20190103_NFFT2048_400_250_100_20ep3
# mic4
# testData_G428
#
####################################

                                                            [2019-01-03 18:01:04,104]
                   m       v       e |  sens   acc
music           2531      28       3 |  0.99  0.98
voice             55    1646      18 |  0.96  0.98
environment        4       0    1628 |  1.00  1.00
--------------------------------------
prec            0.98    0.98    0.99
                                                            [2019-01-03 18:01:04,104]

                                                            [2019-01-03 18:01:04,104]
F1 overall: 0.98
F1 music: 0.98
F1 voice: 0.97
F1 environment: 0.99

                                                            [2019-01-03 18:01:04,120]
####################################
#
# 20190103_NFFT2048_400_250_100_20ep3
# mic4
# testData_G527
#
####################################

                                                            [2019-01-03 18:01:11,942]
                   m       v       e |  sens   acc
music           1089       6       0 |  0.99  0.99
voice             17     313       0 |  0.95  0.99
environment        1       0     303 |  1.00  1.00
--------------------------------------
prec            0.98    0.98    1.00
                                                            [2019-01-03 18:01:11,942]

                                                            [2019-01-03 18:01:11,942]
F1 overall: 0.98
F1 music: 0.99
F1 voice: 0.96
F1 environment: 1.00

                                                            [2019-01-03 18:01:11,973]
####################################
#
# 20190103_NFFT2048_400_250_100_20ep3
# mic4
# testData_Studio
#
####################################

                                                            [2019-01-03 18:01:21,051]
                   m       v       e |  sens   acc
music           7490     295      44 |  0.96  0.97
voice            147    4261      47 |  0.96  0.97
environment        7      10    5182 |  1.00  0.99
--------------------------------------
prec            0.98    0.93    0.98
                                                            [2019-01-03 18:01:21,051]

                                                            [2019-01-03 18:01:21,051]
F1 overall: 0.97
F1 music: 0.97
F1 voice: 0.94
F1 environment: 0.99

                                                            [2019-01-03 18:01:21,051]
####################################
#
# 20190103_NFFT2048_400_250_100_20ep3
# mic4
# testData_Overall
#
####################################

                                                            [2019-01-03 18:01:21,051]
                   m       v       e |  sens   acc
music           0.98    0.02    0.00 |  0.98  0.98
voice           0.04    0.95    0.01 |  0.95  0.98
environment     0.00    0.00    1.00 |  1.00  1.00
--------------------------------------
prec            0.96    0.98    0.99
                                                            [2019-01-03 18:01:21,051]

                                                            [2019-01-03 18:01:21,051]
F1 overall: 0.98
F1 music: 0.97
F1 voice: 0.97
F1 environment: 0.99

                                                            [2019-01-03 18:01:21,082]
####################################
#
# 20190103_NFFT2048_400_250_100_20ep4
# mic4
# testData_G428
#
####################################

                                                            [2019-01-03 18:01:29,363]
                   m       v       e |  sens   acc
music           2526      33       3 |  0.99  0.99
voice             23    1683      13 |  0.98  0.99
environment        4       0    1628 |  1.00  1.00
--------------------------------------
prec            0.99    0.98    0.99
                                                            [2019-01-03 18:01:29,363]

                                                            [2019-01-03 18:01:29,363]
F1 overall: 0.99
F1 music: 0.99
F1 voice: 0.98
F1 environment: 0.99

                                                            [2019-01-03 18:01:29,378]
####################################
#
# 20190103_NFFT2048_400_250_100_20ep4
# mic4
# testData_G527
#
####################################

                                                            [2019-01-03 18:01:38,005]
                   m       v       e |  sens   acc
music           1084      11       0 |  0.99  0.99
voice              9     321       0 |  0.97  0.99
environment        0       0     304 |  1.00  1.00
--------------------------------------
prec            0.99    0.97    1.00
                                                            [2019-01-03 18:01:38,005]

                                                            [2019-01-03 18:01:38,005]
F1 overall: 0.99
F1 music: 0.99
F1 voice: 0.97
F1 environment: 1.00

                                                            [2019-01-03 18:01:38,061]
####################################
#
# 20190103_NFFT2048_400_250_100_20ep4
# mic4
# testData_Studio
#
####################################

                                                            [2019-01-03 18:01:48,098]
                   m       v       e |  sens   acc
music           7407     379      43 |  0.95  0.97
voice             40    4386      29 |  0.98  0.97
environment        6      16    5177 |  1.00  0.99
--------------------------------------
prec            0.99    0.92    0.99
                                                            [2019-01-03 18:01:48,098]

                                                            [2019-01-03 18:01:48,098]
F1 overall: 0.97
F1 music: 0.97
F1 voice: 0.95
F1 environment: 0.99

                                                            [2019-01-03 18:01:48,098]
####################################
#
# 20190103_NFFT2048_400_250_100_20ep4
# mic4
# testData_Overall
#
####################################

                                                            [2019-01-03 18:01:48,098]
                   m       v       e |  sens   acc
music           0.97    0.02    0.00 |  0.97  0.99
voice           0.02    0.98    0.00 |  0.98  0.98
environment     0.00    0.00    1.00 |  1.00  1.00
--------------------------------------
prec            0.98    0.98    0.99
                                                            [2019-01-03 18:01:48,098]

                                                            [2019-01-03 18:01:48,098]
F1 overall: 0.98
F1 music: 0.98
F1 voice: 0.98
F1 environment: 1.00

                                                            [2019-01-03 18:01:48,146]
####################################
#
# 20190103_NFFT2048_400_250_100_20ep5
# mic4
# testData_G428
#
####################################

                                                            [2019-01-03 18:01:57,449]
                   m       v       e |  sens   acc
music           2531      29       2 |  0.99  0.99
voice             30    1677      12 |  0.98  0.99
environment        3       0    1629 |  1.00  1.00
--------------------------------------
prec            0.99    0.98    0.99
                                                            [2019-01-03 18:01:57,449]

                                                            [2019-01-03 18:01:57,449]
F1 overall: 0.99
F1 music: 0.99
F1 voice: 0.98
F1 environment: 0.99

                                                            [2019-01-03 18:01:57,464]
####################################
#
# 20190103_NFFT2048_400_250_100_20ep5
# mic4
# testData_G527
#
####################################

                                                            [2019-01-03 18:02:06,073]
                   m       v       e |  sens   acc
music           1090       5       0 |  1.00  0.99
voice              8     322       0 |  0.98  0.99
environment        0       1     303 |  1.00  1.00
--------------------------------------
prec            0.99    0.98    1.00
                                                            [2019-01-03 18:02:06,073]

                                                            [2019-01-03 18:02:06,073]
F1 overall: 0.99
F1 music: 0.99
F1 voice: 0.98
F1 environment: 1.00

                                                            [2019-01-03 18:02:06,136]
####################################
#
# 20190103_NFFT2048_400_250_100_20ep5
# mic4
# testData_Studio
#
####################################

                                                            [2019-01-03 18:02:15,909]
                   m       v       e |  sens   acc
music           7453     316      60 |  0.95  0.97
voice             89    4345      21 |  0.98  0.97
environment        4      19    5176 |  1.00  0.99
--------------------------------------
prec            0.99    0.93    0.98
                                                            [2019-01-03 18:02:15,909]

                                                            [2019-01-03 18:02:15,909]
F1 overall: 0.97
F1 music: 0.97
F1 voice: 0.95
F1 environment: 0.99

                                                            [2019-01-03 18:02:15,909]
####################################
#
# 20190103_NFFT2048_400_250_100_20ep5
# mic4
# testData_Overall
#
####################################

                                                            [2019-01-03 18:02:15,909]
                   m       v       e |  sens   acc
music           0.98    0.02    0.00 |  0.98  0.99
voice           0.02    0.98    0.00 |  0.98  0.98
environment     0.00    0.00    1.00 |  1.00  1.00
--------------------------------------
prec            0.98    0.98    0.99
                                                            [2019-01-03 18:02:15,909]

                                                            [2019-01-03 18:02:15,909]
F1 overall: 0.98
F1 music: 0.98
F1 voice: 0.98
F1 environment: 1.00

                                                            [2019-01-03 18:02:15,940]
####################################
#
# 20190103_NFFT2048_400_300_200_100_50_20_10ep1
# mic4
# testData_G428
#
####################################

                                                            [2019-01-03 18:02:25,236]
                   m       v       e |  sens   acc
music           2510      52       0 |  0.98  0.98
voice             46    1652      21 |  0.96  0.98
environment        3       0    1629 |  1.00  1.00
--------------------------------------
prec            0.98    0.97    0.99
                                                            [2019-01-03 18:02:25,236]

                                                            [2019-01-03 18:02:25,236]
F1 overall: 0.98
F1 music: 0.98
F1 voice: 0.97
F1 environment: 0.99

                                                            [2019-01-03 18:02:25,252]
####################################
#
# 20190103_NFFT2048_400_300_200_100_50_20_10ep1
# mic4
# testData_G527
#
####################################

                                                            [2019-01-03 18:02:35,004]
                   m       v       e |  sens   acc
music           1068      27       0 |  0.98  0.98
voice             11     319       0 |  0.97  0.98
environment        0       0     304 |  1.00  1.00
--------------------------------------
prec            0.99    0.92    1.00
                                                            [2019-01-03 18:02:35,004]

                                                            [2019-01-03 18:02:35,004]
F1 overall: 0.98
F1 music: 0.98
F1 voice: 0.94
F1 environment: 1.00

                                                            [2019-01-03 18:02:35,066]
####################################
#
# 20190103_NFFT2048_400_300_200_100_50_20_10ep1
# mic4
# testData_Studio
#
####################################

                                                            [2019-01-03 18:02:47,118]
                   m       v       e |  sens   acc
music           7229     544      56 |  0.92  0.96
voice             48    4368      39 |  0.98  0.96
environment        5      44    5150 |  0.99  0.99
--------------------------------------
prec            0.99    0.88    0.98
                                                            [2019-01-03 18:02:47,118]

                                                            [2019-01-03 18:02:47,118]
F1 overall: 0.96
F1 music: 0.96
F1 voice: 0.93
F1 environment: 0.99

                                                            [2019-01-03 18:02:47,118]
####################################
#
# 20190103_NFFT2048_400_300_200_100_50_20_10ep1
# mic4
# testData_Overall
#
####################################

                                                            [2019-01-03 18:02:47,118]
                   m       v       e |  sens   acc
music           0.96    0.04    0.00 |  0.96  0.98
voice           0.02    0.97    0.01 |  0.97  0.98
environment     0.00    0.00    1.00 |  1.00  1.00
--------------------------------------
prec            0.98    0.96    0.99
                                                            [2019-01-03 18:02:47,118]

                                                            [2019-01-03 18:02:47,118]
F1 overall: 0.98
F1 music: 0.97
F1 voice: 0.96
F1 environment: 0.99

                                                            [2019-01-03 18:02:47,149]
####################################
#
# 20190103_NFFT2048_400_300_200_100_50_20_10ep2
# mic4
# testData_G428
#
####################################

                                                            [2019-01-03 18:02:56,711]
                   m       v       e |  sens   acc
music           2518      43       1 |  0.98  0.99
voice             26    1675      18 |  0.97  0.99
environment        3       0    1629 |  1.00  1.00
--------------------------------------
prec            0.99    0.97    0.99
                                                            [2019-01-03 18:02:56,727]

                                                            [2019-01-03 18:02:56,727]
F1 overall: 0.98
F1 music: 0.99
F1 voice: 0.97
F1 environment: 0.99

                                                            [2019-01-03 18:02:56,742]
####################################
#
# 20190103_NFFT2048_400_300_200_100_50_20_10ep2
# mic4
# testData_G527
#
####################################

                                                            [2019-01-03 18:03:06,242]
                   m       v       e |  sens   acc
music           1080      14       1 |  0.99  0.99
voice              7     323       0 |  0.98  0.99
environment        0       1     303 |  1.00  1.00
--------------------------------------
prec            0.99    0.96    1.00
                                                            [2019-01-03 18:03:06,242]

                                                            [2019-01-03 18:03:06,242]
F1 overall: 0.98
F1 music: 0.99
F1 voice: 0.97
F1 environment: 1.00

                                                            [2019-01-03 18:03:06,304]
####################################
#
# 20190103_NFFT2048_400_300_200_100_50_20_10ep2
# mic4
# testData_Studio
#
####################################

                                                            [2019-01-03 18:03:17,911]
                   m       v       e |  sens   acc
music           7227     567      35 |  0.92  0.96
voice              9    4420      26 |  0.99  0.96
environment        3      24    5172 |  0.99  0.99
--------------------------------------
prec            1.00    0.88    0.99
                                                            [2019-01-03 18:03:17,911]

                                                            [2019-01-03 18:03:17,911]
F1 overall: 0.96
F1 music: 0.96
F1 voice: 0.93
F1 environment: 0.99

                                                            [2019-01-03 18:03:17,911]
####################################
#
# 20190103_NFFT2048_400_300_200_100_50_20_10ep2
# mic4
# testData_Overall
#
####################################

                                                            [2019-01-03 18:03:17,911]
                   m       v       e |  sens   acc
music           0.96    0.03    0.00 |  0.96  0.98
voice           0.01    0.98    0.01 |  0.98  0.98
environment     0.00    0.00    1.00 |  1.00  1.00
--------------------------------------
prec            0.99    0.96    0.99
                                                            [2019-01-03 18:03:17,911]

                                                            [2019-01-03 18:03:17,911]
F1 overall: 0.98
F1 music: 0.97
F1 voice: 0.97
F1 environment: 0.99

                                                            [2019-01-03 18:03:17,942]
####################################
#
# 20190103_NFFT2048_400_300_200_100_50_20_10ep3
# mic4
# testData_G428
#
####################################

                                                            [2019-01-03 18:03:28,613]
                   m       v       e |  sens   acc
music           2521      40       1 |  0.98  0.99
voice             35    1670      14 |  0.97  0.98
environment        3       0    1629 |  1.00  1.00
--------------------------------------
prec            0.99    0.98    0.99
                                                            [2019-01-03 18:03:28,613]

                                                            [2019-01-03 18:03:28,613]
F1 overall: 0.98
F1 music: 0.98
F1 voice: 0.97
F1 environment: 0.99

                                                            [2019-01-03 18:03:28,644]
####################################
#
# 20190103_NFFT2048_400_300_200_100_50_20_10ep3
# mic4
# testData_G527
#
####################################

                                                            [2019-01-03 18:03:39,425]
                   m       v       e |  sens   acc
music           1083      12       0 |  0.99  0.99
voice             10     320       0 |  0.97  0.99
environment        0       0     304 |  1.00  1.00
--------------------------------------
prec            0.99    0.96    1.00
                                                            [2019-01-03 18:03:39,425]

                                                            [2019-01-03 18:03:39,425]
F1 overall: 0.99
F1 music: 0.99
F1 voice: 0.97
F1 environment: 1.00

                                                            [2019-01-03 18:03:39,487]
####################################
#
# 20190103_NFFT2048_400_300_200_100_50_20_10ep3
# mic4
# testData_Studio
#
####################################

                                                            [2019-01-03 18:03:51,705]
                   m       v       e |  sens   acc
music           7446     330      53 |  0.95  0.97
voice             78    4348      29 |  0.98  0.97
environment        6      20    5173 |  0.99  0.99
--------------------------------------
prec            0.99    0.93    0.98
                                                            [2019-01-03 18:03:51,705]

                                                            [2019-01-03 18:03:51,705]
F1 overall: 0.97
F1 music: 0.97
F1 voice: 0.95
F1 environment: 0.99

                                                            [2019-01-03 18:03:51,705]
####################################
#
# 20190103_NFFT2048_400_300_200_100_50_20_10ep3
# mic4
# testData_Overall
#
####################################

                                                            [2019-01-03 18:03:51,705]
                   m       v       e |  sens   acc
music           0.97    0.02    0.00 |  0.97  0.98
voice           0.02    0.97    0.00 |  0.97  0.98
environment     0.00    0.00    1.00 |  1.00  1.00
--------------------------------------
prec            0.98    0.98    0.99
                                                            [2019-01-03 18:03:51,705]

                                                            [2019-01-03 18:03:51,721]
F1 overall: 0.98
F1 music: 0.98
F1 voice: 0.97
F1 environment: 1.00

                                                            [2019-01-03 18:03:51,736]
####################################
#
# 20190103_NFFT2048_400_300_200_100_50_20_10ep4
# mic4
# testData_G428
#
####################################

                                                            [2019-01-03 18:04:03,079]
                   m       v       e |  sens   acc
music           2507      54       1 |  0.98  0.99
voice             12    1694      13 |  0.99  0.99
environment        3       1    1628 |  1.00  1.00
--------------------------------------
prec            0.99    0.97    0.99
                                                            [2019-01-03 18:04:03,079]

                                                            [2019-01-03 18:04:03,079]
F1 overall: 0.99
F1 music: 0.99
F1 voice: 0.98
F1 environment: 0.99

                                                            [2019-01-03 18:04:03,095]
####################################
#
# 20190103_NFFT2048_400_300_200_100_50_20_10ep4
# mic4
# testData_G527
#
####################################

                                                            [2019-01-03 18:04:14,980]
                   m       v       e |  sens   acc
music           1081      14       0 |  0.99  0.99
voice              3     327       0 |  0.99  0.99
environment        0       0     304 |  1.00  1.00
--------------------------------------
prec            1.00    0.96    1.00
                                                            [2019-01-03 18:04:14,980]

                                                            [2019-01-03 18:04:14,980]
F1 overall: 0.99
F1 music: 0.99
F1 voice: 0.97
F1 environment: 1.00

                                                            [2019-01-03 18:04:15,043]
####################################
#
# 20190103_NFFT2048_400_300_200_100_50_20_10ep4
# mic4
# testData_Studio
#
####################################

                                                            [2019-01-03 18:04:27,604]
                   m       v       e |  sens   acc
music           7299     497      33 |  0.93  0.97
voice             19    4415      21 |  0.99  0.97
environment        4      25    5170 |  0.99  1.00
--------------------------------------
prec            1.00    0.89    0.99
                                                            [2019-01-03 18:04:27,604]

                                                            [2019-01-03 18:04:27,604]
F1 overall: 0.97
F1 music: 0.96
F1 voice: 0.94
F1 environment: 0.99

                                                            [2019-01-03 18:04:27,604]
####################################
#
# 20190103_NFFT2048_400_300_200_100_50_20_10ep4
# mic4
# testData_Overall
#
####################################

                                                            [2019-01-03 18:04:27,604]
                   m       v       e |  sens   acc
music           0.97    0.03    0.00 |  0.97  0.99
voice           0.01    0.99    0.00 |  0.99  0.98
environment     0.00    0.00    1.00 |  1.00  1.00
--------------------------------------
prec            0.99    0.97    0.99
                                                            [2019-01-03 18:04:27,604]

                                                            [2019-01-03 18:04:27,604]
F1 overall: 0.98
F1 music: 0.98
F1 voice: 0.98
F1 environment: 1.00

                                                            [2019-01-03 18:04:27,636]
####################################
#
# 20190103_NFFT2048_400_300_200_100_50_20_10ep5
# mic4
# testData_G428
#
####################################

                                                            [2019-01-03 18:04:39,291]
                   m       v       e |  sens   acc
music           2519      41       2 |  0.98  0.99
voice             14    1692      13 |  0.98  0.99
environment        3       0    1629 |  1.00  1.00
--------------------------------------
prec            0.99    0.98    0.99
                                                            [2019-01-03 18:04:39,291]

                                                            [2019-01-03 18:04:39,291]
F1 overall: 0.99
F1 music: 0.99
F1 voice: 0.98
F1 environment: 0.99

                                                            [2019-01-03 18:04:39,322]
####################################
#
# 20190103_NFFT2048_400_300_200_100_50_20_10ep5
# mic4
# testData_G527
#
####################################

                                                            [2019-01-03 18:04:50,759]
                   m       v       e |  sens   acc
music           1079      16       0 |  0.99  0.99
voice              5     325       0 |  0.98  0.99
environment        0       0     304 |  1.00  1.00
--------------------------------------
prec            1.00    0.95    1.00
                                                            [2019-01-03 18:04:50,759]

                                                            [2019-01-03 18:04:50,759]
F1 overall: 0.99
F1 music: 0.99
F1 voice: 0.97
F1 environment: 1.00

                                                            [2019-01-03 18:04:50,806]
####################################
#
# 20190103_NFFT2048_400_300_200_100_50_20_10ep5
# mic4
# testData_Studio
#
####################################

                                                            [2019-01-03 18:05:04,727]
                   m       v       e |  sens   acc
music           7237     538      54 |  0.92  0.97
voice              2    4439      14 |  1.00  0.97
environment        3      37    5159 |  0.99  0.99
--------------------------------------
prec            1.00    0.89    0.99
                                                            [2019-01-03 18:05:04,727]

                                                            [2019-01-03 18:05:04,727]
F1 overall: 0.96
F1 music: 0.96
F1 voice: 0.94
F1 environment: 0.99

                                                            [2019-01-03 18:05:04,727]
####################################
#
# 20190103_NFFT2048_400_300_200_100_50_20_10ep5
# mic4
# testData_Overall
#
####################################

                                                            [2019-01-03 18:05:04,727]
                   m       v       e |  sens   acc
music           0.96    0.03    0.00 |  0.96  0.99
voice           0.01    0.99    0.00 |  0.99  0.98
environment     0.00    0.00    1.00 |  1.00  1.00
--------------------------------------
prec            0.99    0.97    0.99
                                                            [2019-01-03 18:05:04,727]

                                                            [2019-01-03 18:05:04,742]
F1 overall: 0.98
F1 music: 0.98
F1 voice: 0.98
F1 environment: 1.00

                                                            [2019-01-03 18:05:04,773]
####################################
#
# 20190103_NFFT2048_450_400_350_300_250_200_150_100_50_21ep1
# mic4
# testData_G428
#
####################################

                                                            [2019-01-03 18:05:17,882]
                   m       v       e |  sens   acc
music           2502      59       1 |  0.98  0.98
voice             27    1676      16 |  0.97  0.98
environment        3       1    1628 |  1.00  1.00
--------------------------------------
prec            0.99    0.97    0.99
                                                            [2019-01-03 18:05:17,882]

                                                            [2019-01-03 18:05:17,882]
F1 overall: 0.98
F1 music: 0.98
F1 voice: 0.97
F1 environment: 0.99

                                                            [2019-01-03 18:05:17,897]
####################################
#
# 20190103_NFFT2048_450_400_350_300_250_200_150_100_50_21ep1
# mic4
# testData_G527
#
####################################

                                                            [2019-01-03 18:05:30,756]
                   m       v       e |  sens   acc
music           1074      21       0 |  0.98  0.98
voice              8     322       0 |  0.98  0.98
environment        0       1     303 |  1.00  1.00
--------------------------------------
prec            0.99    0.94    1.00
                                                            [2019-01-03 18:05:30,756]

                                                            [2019-01-03 18:05:30,771]
F1 overall: 0.98
F1 music: 0.99
F1 voice: 0.96
F1 environment: 1.00

                                                            [2019-01-03 18:05:30,834]
####################################
#
# 20190103_NFFT2048_450_400_350_300_250_200_150_100_50_21ep1
# mic4
# testData_Studio
#
####################################

                                                            [2019-01-03 18:05:45,669]
                   m       v       e |  sens   acc
music           7083     730      16 |  0.90  0.96
voice             17    4413      25 |  0.99  0.95
environment        6      43    5150 |  0.99  0.99
--------------------------------------
prec            1.00    0.85    0.99
                                                            [2019-01-03 18:05:45,669]

                                                            [2019-01-03 18:05:45,669]
F1 overall: 0.95
F1 music: 0.95
F1 voice: 0.92
F1 environment: 0.99

                                                            [2019-01-03 18:05:45,669]
####################################
#
# 20190103_NFFT2048_450_400_350_300_250_200_150_100_50_21ep1
# mic4
# testData_Overall
#
####################################

                                                            [2019-01-03 18:05:45,669]
                   m       v       e |  sens   acc
music           0.95    0.05    0.00 |  0.95  0.98
voice           0.01    0.98    0.00 |  0.98  0.98
environment     0.00    0.00    0.99 |  0.99  1.00
--------------------------------------
prec            0.98    0.95    0.99
                                                            [2019-01-03 18:05:45,669]

                                                            [2019-01-03 18:05:45,669]
F1 overall: 0.98
F1 music: 0.97
F1 voice: 0.97
F1 environment: 0.99

                                                            [2019-01-03 18:05:45,701]
####################################
#
# 20190103_NFFT2048_450_400_350_300_250_200_150_100_50_21ep2
# mic4
# testData_G428
#
####################################

                                                            [2019-01-03 18:05:59,309]
                   m       v       e |  sens   acc
music           2530      30       2 |  0.99  0.99
voice             32    1661      26 |  0.97  0.99
environment        3       0    1629 |  1.00  0.99
--------------------------------------
prec            0.99    0.98    0.98
                                                            [2019-01-03 18:05:59,309]

                                                            [2019-01-03 18:05:59,309]
F1 overall: 0.98
F1 music: 0.99
F1 voice: 0.97
F1 environment: 0.99

                                                            [2019-01-03 18:05:59,340]
####################################
#
# 20190103_NFFT2048_450_400_350_300_250_200_150_100_50_21ep2
# mic4
# testData_G527
#
####################################

                                                            [2019-01-03 18:06:13,480]
                   m       v       e |  sens   acc
music           1084      11       0 |  0.99  0.99
voice              9     321       0 |  0.97  0.99
environment        0       0     304 |  1.00  1.00
--------------------------------------
prec            0.99    0.97    1.00
                                                            [2019-01-03 18:06:13,480]

                                                            [2019-01-03 18:06:13,480]
F1 overall: 0.99
F1 music: 0.99
F1 voice: 0.97
F1 environment: 1.00

                                                            [2019-01-03 18:06:13,527]
####################################
#
# 20190103_NFFT2048_450_400_350_300_250_200_150_100_50_21ep2
# mic4
# testData_Studio
#
####################################

                                                            [2019-01-03 18:06:28,635]
                   m       v       e |  sens   acc
music           7396     408      25 |  0.94  0.97
voice             41    4384      30 |  0.98  0.97
environment        5      19    5175 |  1.00  1.00
--------------------------------------
prec            0.99    0.91    0.99
                                                            [2019-01-03 18:06:28,635]

                                                            [2019-01-03 18:06:28,635]
F1 overall: 0.97
F1 music: 0.97
F1 voice: 0.95
F1 environment: 0.99

                                                            [2019-01-03 18:06:28,635]
####################################
#
# 20190103_NFFT2048_450_400_350_300_250_200_150_100_50_21ep2
# mic4
# testData_Overall
#
####################################

                                                            [2019-01-03 18:06:28,635]
                   m       v       e |  sens   acc
music           0.97    0.02    0.00 |  0.97  0.98
voice           0.02    0.97    0.01 |  0.97  0.98
environment     0.00    0.00    1.00 |  1.00  1.00
--------------------------------------
prec            0.98    0.97    0.99
                                                            [2019-01-03 18:06:28,635]

                                                            [2019-01-03 18:06:28,635]
F1 overall: 0.98
F1 music: 0.98
F1 voice: 0.97
F1 environment: 0.99

                                                            [2019-01-03 18:06:28,650]
####################################
#
# 20190103_NFFT2048_450_400_350_300_250_200_150_100_50_21ep3
# mic4
# testData_G428
#
####################################

                                                            [2019-01-03 18:06:42,977]
                   m       v       e |  sens   acc
music           2527      33       2 |  0.99  0.99
voice             48    1656      15 |  0.96  0.98
environment        3       0    1629 |  1.00  1.00
--------------------------------------
prec            0.98    0.98    0.99
                                                            [2019-01-03 18:06:42,977]

                                                            [2019-01-03 18:06:42,977]
F1 overall: 0.98
F1 music: 0.98
F1 voice: 0.97
F1 environment: 0.99

                                                            [2019-01-03 18:06:42,993]
####################################
#
# 20190103_NFFT2048_450_400_350_300_250_200_150_100_50_21ep3
# mic4
# testData_G527
#
####################################

                                                            [2019-01-03 18:06:56,898]
                   m       v       e |  sens   acc
music           1081      14       0 |  0.99  0.98
voice             17     313       0 |  0.95  0.98
environment        0       0     304 |  1.00  1.00
--------------------------------------
prec            0.98    0.96    1.00
                                                            [2019-01-03 18:06:56,914]

                                                            [2019-01-03 18:06:56,914]
F1 overall: 0.98
F1 music: 0.99
F1 voice: 0.95
F1 environment: 1.00

                                                            [2019-01-03 18:06:56,976]
####################################
#
# 20190103_NFFT2048_450_400_350_300_250_200_150_100_50_21ep3
# mic4
# testData_Studio
#
####################################

                                                            [2019-01-03 18:07:13,350]
                   m       v       e |  sens   acc
music           7470     318      41 |  0.95  0.97
voice             87    4349      19 |  0.98  0.97
environment        5      25    5169 |  0.99  0.99
--------------------------------------
prec            0.99    0.93    0.99
                                                            [2019-01-03 18:07:13,350]

                                                            [2019-01-03 18:07:13,350]
F1 overall: 0.97
F1 music: 0.97
F1 voice: 0.95
F1 environment: 0.99

                                                            [2019-01-03 18:07:13,350]
####################################
#
# 20190103_NFFT2048_450_400_350_300_250_200_150_100_50_21ep3
# mic4
# testData_Overall
#
####################################

                                                            [2019-01-03 18:07:13,350]
                   m       v       e |  sens   acc
music           0.98    0.02    0.00 |  0.98  0.98
voice           0.03    0.96    0.00 |  0.96  0.98
environment     0.00    0.00    1.00 |  1.00  1.00
--------------------------------------
prec            0.97    0.98    0.99
                                                            [2019-01-03 18:07:13,350]

                                                            [2019-01-03 18:07:13,350]
F1 overall: 0.98
F1 music: 0.97
F1 voice: 0.97
F1 environment: 1.00

                                                            [2019-01-03 18:07:13,381]
####################################
#
# 20190103_NFFT2048_450_400_350_300_250_200_150_100_50_21ep4
# mic4
# testData_G428
#
####################################

                                                            [2019-01-03 18:07:28,021]
                   m       v       e |  sens   acc
music           2525      36       1 |  0.99  0.99
voice             44    1660      15 |  0.97  0.98
environment        3       0    1629 |  1.00  1.00
--------------------------------------
prec            0.98    0.98    0.99
                                                            [2019-01-03 18:07:28,021]

                                                            [2019-01-03 18:07:28,021]
F1 overall: 0.98
F1 music: 0.98
F1 voice: 0.97
F1 environment: 0.99

                                                            [2019-01-03 18:07:28,037]
####################################
#
# 20190103_NFFT2048_450_400_350_300_250_200_150_100_50_21ep4
# mic4
# testData_G527
#
####################################

                                                            [2019-01-03 18:07:42,879]
                   m       v       e |  sens   acc
music           1086       9       0 |  0.99  0.99
voice              7     323       0 |  0.98  0.99
environment        0       0     304 |  1.00  1.00
--------------------------------------
prec            0.99    0.97    1.00
                                                            [2019-01-03 18:07:42,879]

                                                            [2019-01-03 18:07:42,879]
F1 overall: 0.99
F1 music: 0.99
F1 voice: 0.98
F1 environment: 1.00

                                                            [2019-01-03 18:07:42,942]
####################################
#
# 20190103_NFFT2048_450_400_350_300_250_200_150_100_50_21ep4
# mic4
# testData_Studio
#
####################################

                                                            [2019-01-03 18:08:00,362]
                   m       v       e |  sens   acc
music           7557     248      24 |  0.97  0.97
voice            207    4208      40 |  0.94  0.97
environment        6      10    5183 |  1.00  1.00
--------------------------------------
prec            0.97    0.94    0.99
                                                            [2019-01-03 18:08:00,362]

                                                            [2019-01-03 18:08:00,362]
F1 overall: 0.97
F1 music: 0.97
F1 voice: 0.94
F1 environment: 0.99

                                                            [2019-01-03 18:08:00,362]
####################################
#
# 20190103_NFFT2048_450_400_350_300_250_200_150_100_50_21ep4
# mic4
# testData_Overall
#
####################################

                                                            [2019-01-03 18:08:00,362]
                   m       v       e |  sens   acc
music           0.98    0.02    0.00 |  0.98  0.98
voice           0.03    0.96    0.01 |  0.96  0.98
environment     0.00    0.00    1.00 |  1.00  1.00
--------------------------------------
prec            0.97    0.98    0.99
                                                            [2019-01-03 18:08:00,362]

                                                            [2019-01-03 18:08:00,362]
F1 overall: 0.98
F1 music: 0.97
F1 voice: 0.97
F1 environment: 1.00

                                                            [2019-01-03 18:08:00,393]
####################################
#
# 20190103_NFFT2048_450_400_350_300_250_200_150_100_50_21ep5
# mic4
# testData_G428
#
####################################

                                                            [2019-01-03 18:08:16,111]
                   m       v       e |  sens   acc
music           2484      70       8 |  0.97  0.99
voice              7    1698      14 |  0.99  0.98
environment        0       1    1631 |  1.00  1.00
--------------------------------------
prec            1.00    0.96    0.99
                                                            [2019-01-03 18:08:16,111]

                                                            [2019-01-03 18:08:16,111]
F1 overall: 0.98
F1 music: 0.98
F1 voice: 0.97
F1 environment: 0.99

                                                            [2019-01-03 18:08:16,127]
####################################
#
# 20190103_NFFT2048_450_400_350_300_250_200_150_100_50_21ep5
# mic4
# testData_G527
#
####################################

                                                            [2019-01-03 18:08:32,857]
                   m       v       e |  sens   acc
music           1063      31       1 |  0.97  0.98
voice              5     325       0 |  0.98  0.98
environment        0       0     304 |  1.00  1.00
--------------------------------------
prec            1.00    0.91    1.00
                                                            [2019-01-03 18:08:32,857]

                                                            [2019-01-03 18:08:32,857]
F1 overall: 0.98
F1 music: 0.98
F1 voice: 0.95
F1 environment: 1.00

                                                            [2019-01-03 18:08:32,904]
####################################
#
# 20190103_NFFT2048_450_400_350_300_250_200_150_100_50_21ep5
# mic4
# testData_Studio
#
####################################

                                                            [2019-01-03 18:08:51,387]
                   m       v       e |  sens   acc
music           7112     667      50 |  0.91  0.96
voice             16    4415      24 |  0.99  0.96
environment        2      25    5172 |  0.99  0.99
--------------------------------------
prec            1.00    0.86    0.99
                                                            [2019-01-03 18:08:51,387]

                                                            [2019-01-03 18:08:51,387]
F1 overall: 0.95
F1 music: 0.95
F1 voice: 0.92
F1 environment: 0.99

                                                            [2019-01-03 18:08:51,387]
####################################
#
# 20190103_NFFT2048_450_400_350_300_250_200_150_100_50_21ep5
# mic4
# testData_Overall
#
####################################

                                                            [2019-01-03 18:08:51,387]
                   m       v       e |  sens   acc
music           0.95    0.05    0.00 |  0.95  0.98
voice           0.01    0.99    0.00 |  0.99  0.98
environment     0.00    0.00    1.00 |  1.00  1.00
--------------------------------------
prec            0.99    0.95    0.99
                                                            [2019-01-03 18:08:51,387]

                                                            [2019-01-03 18:08:51,387]
F1 overall: 0.98
F1 music: 0.97
F1 voice: 0.97
F1 environment: 1.00

