                                                            [2019-01-03 18:26:08,117]
####################################
#
# maak spectra voor testdata G428, NFFT=1024
#
####################################

                                                            [2019-01-03 18:26:27,649]
Klaar: spectra voor testdata G428
                                                            [2019-01-03 18:26:27,795]
####################################
#
# maak spectra voor testdata G527, NFFT=1024
#
####################################

                                                            [2019-01-03 18:26:29,844]
Klaar: spectra voor testdata G527
                                                            [2019-01-03 18:26:29,950]
####################################
#
# maak spectra voor testdata Studio, NFFT=1024
#
####################################

                                                            [2019-01-03 18:28:00,920]
Klaar: spectra voor testdata Studio
                                                            [2019-01-03 18:28:01,228]
####################################
#
# Alle orgs, lagen: [100, 20]
#
####################################

                                                            [2019-01-03 18:28:01,338]

*****************
* Epoch nr 1
*****************

                                                            [2019-01-03 18:28:20,371]
                   m       v       e |  sens   acc
music          85952    5477     196 |  0.94  0.97
voice           3122   85788    2756 |  0.94  0.93
environment      349    6739   86663 |  0.92  0.96
--------------------------------------
prec            0.96    0.88    0.97
                                                            [2019-01-03 18:28:20,371]

                                                            [2019-01-03 18:28:20,371]
F1 overall: 0.93
F1 music: 0.95
F1 voice: 0.90
F1 environment: 0.95

                                                            [2019-01-03 18:28:20,371]

*****************
* Epoch nr 2
*****************

                                                            [2019-01-03 18:28:37,055]
                   m       v       e |  sens   acc
music          86832    4729      64 |  0.95  0.97
voice           2143   87781    1742 |  0.96  0.95
environment      180    5548   88023 |  0.94  0.97
--------------------------------------
prec            0.97    0.90    0.98
                                                            [2019-01-03 18:28:37,055]

                                                            [2019-01-03 18:28:37,055]
F1 overall: 0.95
F1 music: 0.96
F1 voice: 0.93
F1 environment: 0.96

                                                            [2019-01-03 18:28:37,055]

*****************
* Epoch nr 3
*****************

                                                            [2019-01-03 18:28:53,881]
                   m       v       e |  sens   acc
music          86818    4761      46 |  0.95  0.98
voice           1213   89056    1397 |  0.97  0.96
environment      114    4567   89070 |  0.95  0.98
--------------------------------------
prec            0.98    0.91    0.98
                                                            [2019-01-03 18:28:53,881]

                                                            [2019-01-03 18:28:53,881]
F1 overall: 0.96
F1 music: 0.97
F1 voice: 0.94
F1 environment: 0.97

                                                            [2019-01-03 18:28:53,881]

*****************
* Epoch nr 4
*****************

                                                            [2019-01-03 18:29:11,954]
                   m       v       e |  sens   acc
music          88337    3244      44 |  0.96  0.98
voice           1780   87965    1921 |  0.96  0.97
environment       92    2501   91158 |  0.97  0.98
--------------------------------------
prec            0.98    0.94    0.98
                                                            [2019-01-03 18:29:11,954]

                                                            [2019-01-03 18:29:11,954]
F1 overall: 0.97
F1 music: 0.97
F1 voice: 0.95
F1 environment: 0.98

                                                            [2019-01-03 18:29:11,954]

*****************
* Epoch nr 5
*****************

                                                            [2019-01-03 18:29:29,213]
                   m       v       e |  sens   acc
music          87715    3884      26 |  0.96  0.98
voice            859   89225    1582 |  0.97  0.97
environment      104    2260   91387 |  0.97  0.99
--------------------------------------
prec            0.99    0.94    0.98
                                                            [2019-01-03 18:29:29,213]

                                                            [2019-01-03 18:29:29,213]
F1 overall: 0.97
F1 music: 0.97
F1 voice: 0.95
F1 environment: 0.98

                                                            [2019-01-03 18:29:29,213]
####################################
#
# Alle orgs, lagen: [400, 250, 100, 20]
#
####################################

                                                            [2019-01-03 18:29:29,322]

*****************
* Epoch nr 1
*****************

                                                            [2019-01-03 18:29:54,734]
                   m       v       e |  sens   acc
music          88616    2982      27 |  0.97  0.98
voice           2497   87362    1807 |  0.95  0.96
environment      156    2512   91083 |  0.97  0.98
--------------------------------------
prec            0.97    0.94    0.98
                                                            [2019-01-03 18:29:54,734]

                                                            [2019-01-03 18:29:54,734]
F1 overall: 0.96
F1 music: 0.97
F1 voice: 0.95
F1 environment: 0.98

                                                            [2019-01-03 18:29:54,734]

*****************
* Epoch nr 2
*****************

                                                            [2019-01-03 18:30:17,958]
                   m       v       e |  sens   acc
music          90072    1508      45 |  0.98  0.98
voice           3192   85669    2805 |  0.93  0.97
environment       69     675   93007 |  0.99  0.99
--------------------------------------
prec            0.97    0.98    0.97
                                                            [2019-01-03 18:30:17,958]

                                                            [2019-01-03 18:30:17,958]
F1 overall: 0.97
F1 music: 0.97
F1 voice: 0.95
F1 environment: 0.98

                                                            [2019-01-03 18:30:17,958]

*****************
* Epoch nr 3
*****************

                                                            [2019-01-03 18:30:42,104]
                   m       v       e |  sens   acc
music          89292    2317      16 |  0.97  0.99
voice            708   90211     747 |  0.98  0.98
environment       22    2435   91294 |  0.97  0.99
--------------------------------------
prec            0.99    0.95    0.99
                                                            [2019-01-03 18:30:42,104]

                                                            [2019-01-03 18:30:42,104]
F1 overall: 0.98
F1 music: 0.98
F1 voice: 0.97
F1 environment: 0.98

                                                            [2019-01-03 18:30:42,104]

*****************
* Epoch nr 4
*****************

                                                            [2019-01-03 18:31:06,261]
                   m       v       e |  sens   acc
music          90765     832      28 |  0.99  0.99
voice           1556   87774    2336 |  0.96  0.98
environment       32     523   93196 |  0.99  0.99
--------------------------------------
prec            0.98    0.98    0.98
                                                            [2019-01-03 18:31:06,261]

                                                            [2019-01-03 18:31:06,261]
F1 overall: 0.98
F1 music: 0.99
F1 voice: 0.97
F1 environment: 0.98

                                                            [2019-01-03 18:31:06,261]

*****************
* Epoch nr 5
*****************

                                                            [2019-01-03 18:31:33,263]
                   m       v       e |  sens   acc
music          90410    1210       5 |  0.99  0.99
voice            990   90135     541 |  0.98  0.98
environment       37    1898   91816 |  0.98  0.99
--------------------------------------
prec            0.99    0.97    0.99
                                                            [2019-01-03 18:31:33,263]

                                                            [2019-01-03 18:31:33,263]
F1 overall: 0.98
F1 music: 0.99
F1 voice: 0.97
F1 environment: 0.99

                                                            [2019-01-03 18:31:33,263]
####################################
#
# Alle orgs, lagen: [400, 300, 200, 100, 50, 20, 10]
#
####################################

                                                            [2019-01-03 18:31:33,419]

*****************
* Epoch nr 1
*****************

                                                            [2019-01-03 18:32:08,898]
                   m       v       e |  sens   acc
music          88955    2657      13 |  0.97  0.98
voice           2804   87197    1665 |  0.95  0.97
environment      160    2554   91037 |  0.97  0.98
--------------------------------------
prec            0.97    0.94    0.98
                                                            [2019-01-03 18:32:08,898]

                                                            [2019-01-03 18:32:08,898]
F1 overall: 0.96
F1 music: 0.97
F1 voice: 0.95
F1 environment: 0.98

                                                            [2019-01-03 18:32:08,898]

*****************
* Epoch nr 2
*****************

                                                            [2019-01-03 18:32:44,289]
                   m       v       e |  sens   acc
music          90468    1127      30 |  0.99  0.99
voice           2841   83157    5668 |  0.91  0.96
environment       59     520   93172 |  0.99  0.98
--------------------------------------
prec            0.97    0.98    0.94
                                                            [2019-01-03 18:32:44,289]

                                                            [2019-01-03 18:32:44,289]
F1 overall: 0.96
F1 music: 0.98
F1 voice: 0.94
F1 environment: 0.97

                                                            [2019-01-03 18:32:44,289]

*****************
* Epoch nr 3
*****************

                                                            [2019-01-03 18:33:18,273]
                   m       v       e |  sens   acc
music          89024    2539      62 |  0.97  0.99
voice            730   88696    2240 |  0.97  0.98
environment       25     566   93160 |  0.99  0.99
--------------------------------------
prec            0.99    0.97    0.98
                                                            [2019-01-03 18:33:18,273]

                                                            [2019-01-03 18:33:18,273]
F1 overall: 0.98
F1 music: 0.98
F1 voice: 0.97
F1 environment: 0.98

                                                            [2019-01-03 18:33:18,273]

*****************
* Epoch nr 4
*****************

                                                            [2019-01-03 18:33:50,890]
                   m       v       e |  sens   acc
music          89935    1683       7 |  0.98  0.99
voice            769   89945     952 |  0.98  0.98
environment       33    1263   92455 |  0.99  0.99
--------------------------------------
prec            0.99    0.97    0.99
                                                            [2019-01-03 18:33:50,890]

                                                            [2019-01-03 18:33:50,890]
F1 overall: 0.98
F1 music: 0.99
F1 voice: 0.97
F1 environment: 0.99

                                                            [2019-01-03 18:33:50,890]

*****************
* Epoch nr 5
*****************

                                                            [2019-01-03 18:34:25,609]
                   m       v       e |  sens   acc
music          90926     693       6 |  0.99  0.99
voice           1797   88497    1372 |  0.97  0.98
environment       83     751   92917 |  0.99  0.99
--------------------------------------
prec            0.98    0.98    0.99
                                                            [2019-01-03 18:34:25,609]

                                                            [2019-01-03 18:34:25,609]
F1 overall: 0.98
F1 music: 0.99
F1 voice: 0.97
F1 environment: 0.99

                                                            [2019-01-03 18:34:25,609]
####################################
#
# Alle orgs, lagen: [450, 400, 350, 300, 250, 200, 150, 100, 50, 21]
#
####################################

                                                            [2019-01-03 18:34:25,840]

*****************
* Epoch nr 1
*****************

                                                            [2019-01-03 18:35:16,435]
                   m       v       e |  sens   acc
music          89663    1910      52 |  0.98  0.98
voice           3809   84844    3013 |  0.93  0.97
environment      162     949   92640 |  0.99  0.98
--------------------------------------
prec            0.96    0.97    0.97
                                                            [2019-01-03 18:35:16,435]

                                                            [2019-01-03 18:35:16,435]
F1 overall: 0.96
F1 music: 0.97
F1 voice: 0.95
F1 environment: 0.98

                                                            [2019-01-03 18:35:16,435]

*****************
* Epoch nr 2
*****************

                                                            [2019-01-03 18:35:58,161]
                   m       v       e |  sens   acc
music          88837    2773      15 |  0.97  0.99
voice            730   89974     962 |  0.98  0.98
environment       62    2038   91651 |  0.98  0.99
--------------------------------------
prec            0.99    0.95    0.99
                                                            [2019-01-03 18:35:58,161]

                                                            [2019-01-03 18:35:58,161]
F1 overall: 0.98
F1 music: 0.98
F1 voice: 0.97
F1 environment: 0.98

                                                            [2019-01-03 18:35:58,161]

*****************
* Epoch nr 3
*****************

                                                            [2019-01-03 18:36:46,842]
                   m       v       e |  sens   acc
music          89923    1639      63 |  0.98  0.99
voice           1129   89615     922 |  0.98  0.98
environment       74    2187   91490 |  0.98  0.99
--------------------------------------
prec            0.99    0.96    0.99
                                                            [2019-01-03 18:36:46,842]

                                                            [2019-01-03 18:36:46,842]
F1 overall: 0.98
F1 music: 0.98
F1 voice: 0.97
F1 environment: 0.98

                                                            [2019-01-03 18:36:46,857]

*****************
* Epoch nr 4
*****************

                                                            [2019-01-03 18:37:35,760]
                   m       v       e |  sens   acc
music          89423    2173      29 |  0.98  0.99
voice            499   89832    1335 |  0.98  0.98
environment       22     812   92917 |  0.99  0.99
--------------------------------------
prec            0.99    0.97    0.99
                                                            [2019-01-03 18:37:35,760]

                                                            [2019-01-03 18:37:35,775]
F1 overall: 0.98
F1 music: 0.99
F1 voice: 0.97
F1 environment: 0.99

                                                            [2019-01-03 18:37:35,775]

*****************
* Epoch nr 5
*****************

                                                            [2019-01-03 18:38:26,338]
                   m       v       e |  sens   acc
music          90683     922      20 |  0.99  0.99
voice           1139   89433    1094 |  0.98  0.99
environment       31     815   92905 |  0.99  0.99
--------------------------------------
prec            0.99    0.98    0.99
                                                            [2019-01-03 18:38:26,338]

                                                            [2019-01-03 18:38:26,338]
F1 overall: 0.99
F1 music: 0.99
F1 voice: 0.98
F1 environment: 0.99

                                                            [2019-01-03 18:38:26,549]
####################################
#
# 20190103_NFFT1024_100_20ep1
# mic4
# testData_G428
#
####################################

                                                            [2019-01-03 18:38:32,345]
                   m       v       e |  sens   acc
music           5087      54       2 |  0.99  0.97
voice            256    3214      74 |  0.91  0.97
environment       22       0    3267 |  0.99  0.99
--------------------------------------
prec            0.95    0.98    0.98
                                                            [2019-01-03 18:38:32,345]

                                                            [2019-01-03 18:38:32,345]
F1 overall: 0.97
F1 music: 0.97
F1 voice: 0.94
F1 environment: 0.99

                                                            [2019-01-03 18:38:32,361]
####################################
#
# 20190103_NFFT1024_100_20ep1
# mic4
# testData_G527
#
####################################

                                                            [2019-01-03 18:38:37,251]
                   m       v       e |  sens   acc
music           2188      25       0 |  0.99  0.98
voice             36     651       3 |  0.94  0.98
environment        0       0     615 |  1.00  1.00
--------------------------------------
prec            0.98    0.96    1.00
                                                            [2019-01-03 18:38:37,251]

                                                            [2019-01-03 18:38:37,251]
F1 overall: 0.98
F1 music: 0.99
F1 voice: 0.95
F1 environment: 1.00

                                                            [2019-01-03 18:38:37,314]
####################################
#
# 20190103_NFFT1024_100_20ep1
# mic4
# testData_Studio
#
####################################

                                                            [2019-01-03 18:38:44,220]
                   m       v       e |  sens   acc
music          13759    1848     191 |  0.87  0.94
voice             94    8708     421 |  0.94  0.93
environment        6      41   10449 |  1.00  0.98
--------------------------------------
prec            0.99    0.82    0.94
                                                            [2019-01-03 18:38:44,220]

                                                            [2019-01-03 18:38:44,220]
F1 overall: 0.93
F1 music: 0.93
F1 voice: 0.88
F1 environment: 0.97

                                                            [2019-01-03 18:38:44,220]
####################################
#
# 20190103_NFFT1024_100_20ep1
# mic4
# testData_Overall
#
####################################

                                                            [2019-01-03 18:38:44,220]
                   m       v       e |  sens   acc
music           0.95    0.05    0.00 |  0.95  0.97
voice           0.04    0.93    0.02 |  0.93  0.96
environment     0.00    0.00    1.00 |  1.00  0.99
--------------------------------------
prec            0.95    0.95    0.97
                                                            [2019-01-03 18:38:44,220]

                                                            [2019-01-03 18:38:44,220]
F1 overall: 0.96
F1 music: 0.95
F1 voice: 0.94
F1 environment: 0.98

                                                            [2019-01-03 18:38:44,251]
####################################
#
# 20190103_NFFT1024_100_20ep2
# mic4
# testData_G428
#
####################################

                                                            [2019-01-03 18:38:50,267]
                   m       v       e |  sens   acc
music           5072      70       1 |  0.99  0.98
voice            130    3363      51 |  0.95  0.98
environment        4       0    3285 |  1.00  1.00
--------------------------------------
prec            0.97    0.98    0.98
                                                            [2019-01-03 18:38:50,267]

                                                            [2019-01-03 18:38:50,267]
F1 overall: 0.98
F1 music: 0.98
F1 voice: 0.96
F1 environment: 0.99

                                                            [2019-01-03 18:38:50,298]
####################################
#
# 20190103_NFFT1024_100_20ep2
# mic4
# testData_G527
#
####################################

                                                            [2019-01-03 18:38:55,501]
                   m       v       e |  sens   acc
music           2195      18       0 |  0.99  0.99
voice             26     662       2 |  0.96  0.99
environment        0       0     615 |  1.00  1.00
--------------------------------------
prec            0.99    0.97    1.00
                                                            [2019-01-03 18:38:55,501]

                                                            [2019-01-03 18:38:55,501]
F1 overall: 0.98
F1 music: 0.99
F1 voice: 0.97
F1 environment: 1.00

                                                            [2019-01-03 18:38:55,548]
####################################
#
# 20190103_NFFT1024_100_20ep2
# mic4
# testData_Studio
#
####################################

                                                            [2019-01-03 18:39:03,532]
                   m       v       e |  sens   acc
music          14117    1581     100 |  0.89  0.95
voice             69    8941     213 |  0.97  0.95
environment        9      53   10434 |  0.99  0.99
--------------------------------------
prec            0.99    0.85    0.97
                                                            [2019-01-03 18:39:03,532]

                                                            [2019-01-03 18:39:03,532]
F1 overall: 0.94
F1 music: 0.94
F1 voice: 0.90
F1 environment: 0.98

                                                            [2019-01-03 18:39:03,532]
####################################
#
# 20190103_NFFT1024_100_20ep2
# mic4
# testData_Overall
#
####################################

                                                            [2019-01-03 18:39:03,532]
                   m       v       e |  sens   acc
music           0.96    0.04    0.00 |  0.96  0.98
voice           0.03    0.96    0.01 |  0.96  0.97
environment     0.00    0.00    1.00 |  1.00  0.99
--------------------------------------
prec            0.97    0.96    0.98
                                                            [2019-01-03 18:39:03,532]

                                                            [2019-01-03 18:39:03,532]
F1 overall: 0.97
F1 music: 0.96
F1 voice: 0.96
F1 environment: 0.99

                                                            [2019-01-03 18:39:03,563]
####################################
#
# 20190103_NFFT1024_100_20ep3
# mic4
# testData_G428
#
####################################

                                                            [2019-01-03 18:39:09,250]
                   m       v       e |  sens   acc
music           5043     100       0 |  0.98  0.99
voice             55    3446      43 |  0.97  0.98
environment        4       1    3284 |  1.00  1.00
--------------------------------------
prec            0.99    0.97    0.99
                                                            [2019-01-03 18:39:09,250]

                                                            [2019-01-03 18:39:09,250]
F1 overall: 0.98
F1 music: 0.98
F1 voice: 0.97
F1 environment: 0.99

                                                            [2019-01-03 18:39:09,266]
####################################
#
# 20190103_NFFT1024_100_20ep3
# mic4
# testData_G527
#
####################################

                                                            [2019-01-03 18:39:14,671]
                   m       v       e |  sens   acc
music           2174      39       0 |  0.98  0.98
voice             15     675       0 |  0.98  0.98
environment        2       0     613 |  1.00  1.00
--------------------------------------
prec            0.99    0.95    1.00
                                                            [2019-01-03 18:39:14,671]

                                                            [2019-01-03 18:39:14,671]
F1 overall: 0.98
F1 music: 0.99
F1 voice: 0.96
F1 environment: 1.00

                                                            [2019-01-03 18:39:14,734]
####################################
#
# 20190103_NFFT1024_100_20ep3
# mic4
# testData_Studio
#
####################################

                                                            [2019-01-03 18:39:22,718]
                   m       v       e |  sens   acc
music          14048    1661      89 |  0.89  0.95
voice             65    9031     127 |  0.98  0.94
environment        5     112   10379 |  0.99  0.99
--------------------------------------
prec            1.00    0.84    0.98
                                                            [2019-01-03 18:39:22,718]

                                                            [2019-01-03 18:39:22,718]
F1 overall: 0.94
F1 music: 0.94
F1 voice: 0.90
F1 environment: 0.98

                                                            [2019-01-03 18:39:22,718]
####################################
#
# 20190103_NFFT1024_100_20ep3
# mic4
# testData_Overall
#
####################################

                                                            [2019-01-03 18:39:22,718]
                   m       v       e |  sens   acc
music           0.95    0.05    0.00 |  0.95  0.98
voice           0.01    0.98    0.01 |  0.98  0.98
environment     0.00    0.00    0.99 |  0.99  0.99
--------------------------------------
prec            0.98    0.95    0.99
                                                            [2019-01-03 18:39:22,718]

                                                            [2019-01-03 18:39:22,718]
F1 overall: 0.97
F1 music: 0.97
F1 voice: 0.96
F1 environment: 0.99

                                                            [2019-01-03 18:39:22,749]
####################################
#
# 20190103_NFFT1024_100_20ep4
# mic4
# testData_G428
#
####################################

                                                            [2019-01-03 18:39:28,842]
                   m       v       e |  sens   acc
music           5060      80       3 |  0.98  0.98
voice            122    3379      43 |  0.95  0.98
environment        5       2    3282 |  1.00  1.00
--------------------------------------
prec            0.98    0.98    0.99
                                                            [2019-01-03 18:39:28,842]

                                                            [2019-01-03 18:39:28,842]
F1 overall: 0.98
F1 music: 0.98
F1 voice: 0.96
F1 environment: 0.99

                                                            [2019-01-03 18:39:28,858]
####################################
#
# 20190103_NFFT1024_100_20ep4
# mic4
# testData_G527
#
####################################

                                                            [2019-01-03 18:39:34,732]
                   m       v       e |  sens   acc
music           2199      14       0 |  0.99  0.99
voice             33     657       0 |  0.95  0.99
environment        2       0     613 |  1.00  1.00
--------------------------------------
prec            0.98    0.98    1.00
                                                            [2019-01-03 18:39:34,732]

                                                            [2019-01-03 18:39:34,732]
F1 overall: 0.98
F1 music: 0.99
F1 voice: 0.97
F1 environment: 1.00

                                                            [2019-01-03 18:39:34,810]
####################################
#
# 20190103_NFFT1024_100_20ep4
# mic4
# testData_Studio
#
####################################

                                                            [2019-01-03 18:39:42,435]
                   m       v       e |  sens   acc
music          14450    1240     108 |  0.91  0.96
voice            136    8899     188 |  0.96  0.95
environment        6      57   10433 |  0.99  0.99
--------------------------------------
prec            0.99    0.87    0.97
                                                            [2019-01-03 18:39:42,435]

                                                            [2019-01-03 18:39:42,435]
F1 overall: 0.95
F1 music: 0.95
F1 voice: 0.92
F1 environment: 0.98

                                                            [2019-01-03 18:39:42,435]
####################################
#
# 20190103_NFFT1024_100_20ep4
# mic4
# testData_Overall
#
####################################

                                                            [2019-01-03 18:39:42,435]
                   m       v       e |  sens   acc
music           0.96    0.03    0.00 |  0.96  0.98
voice           0.03    0.96    0.01 |  0.96  0.97
environment     0.00    0.00    1.00 |  1.00  0.99
--------------------------------------
prec            0.97    0.96    0.99
                                                            [2019-01-03 18:39:42,435]

                                                            [2019-01-03 18:39:42,435]
F1 overall: 0.97
F1 music: 0.96
F1 voice: 0.96
F1 environment: 0.99

                                                            [2019-01-03 18:39:42,451]
####################################
#
# 20190103_NFFT1024_100_20ep5
# mic4
# testData_G428
#
####################################

                                                            [2019-01-03 18:39:48,684]
                   m       v       e |  sens   acc
music           5027     116       0 |  0.98  0.99
voice             55    3446      43 |  0.97  0.98
environment        4       2    3283 |  1.00  1.00
--------------------------------------
prec            0.99    0.97    0.99
                                                            [2019-01-03 18:39:48,684]

                                                            [2019-01-03 18:39:48,684]
F1 overall: 0.98
F1 music: 0.98
F1 voice: 0.97
F1 environment: 0.99

                                                            [2019-01-03 18:39:48,700]
####################################
#
# 20190103_NFFT1024_100_20ep5
# mic4
# testData_G527
#
####################################

                                                            [2019-01-03 18:39:55,621]
                   m       v       e |  sens   acc
music           2196      17       0 |  0.99  0.99
voice             14     676       0 |  0.98  0.99
environment        1       0     614 |  1.00  1.00
--------------------------------------
prec            0.99    0.98    1.00
                                                            [2019-01-03 18:39:55,621]

                                                            [2019-01-03 18:39:55,621]
F1 overall: 0.99
F1 music: 0.99
F1 voice: 0.98
F1 environment: 1.00

                                                            [2019-01-03 18:39:55,684]
####################################
#
# 20190103_NFFT1024_100_20ep5
# mic4
# testData_Studio
#
####################################

                                                            [2019-01-03 18:40:04,605]
                   m       v       e |  sens   acc
music          14293    1396     109 |  0.90  0.96
voice             85    8996     142 |  0.98  0.95
environment        7      62   10427 |  0.99  0.99
--------------------------------------
prec            0.99    0.86    0.98
                                                            [2019-01-03 18:40:04,605]

                                                            [2019-01-03 18:40:04,605]
F1 overall: 0.95
F1 music: 0.95
F1 voice: 0.91
F1 environment: 0.98

                                                            [2019-01-03 18:40:04,605]
####################################
#
# 20190103_NFFT1024_100_20ep5
# mic4
# testData_Overall
#
####################################

                                                            [2019-01-03 18:40:04,605]
                   m       v       e |  sens   acc
music           0.96    0.04    0.00 |  0.96  0.98
voice           0.02    0.98    0.01 |  0.98  0.98
environment     0.00    0.00    1.00 |  1.00  1.00
--------------------------------------
prec            0.98    0.96    0.99
                                                            [2019-01-03 18:40:04,605]

                                                            [2019-01-03 18:40:04,605]
F1 overall: 0.98
F1 music: 0.97
F1 voice: 0.97
F1 environment: 0.99

                                                            [2019-01-03 18:40:04,636]
####################################
#
# 20190103_NFFT1024_400_250_100_20ep1
# mic4
# testData_G428
#
####################################

                                                            [2019-01-03 18:40:11,870]
                   m       v       e |  sens   acc
music           5053      90       0 |  0.98  0.98
voice            133    3364      47 |  0.95  0.98
environment        5       1    3283 |  1.00  1.00
--------------------------------------
prec            0.97    0.97    0.99
                                                            [2019-01-03 18:40:11,870]

                                                            [2019-01-03 18:40:11,870]
F1 overall: 0.98
F1 music: 0.98
F1 voice: 0.96
F1 environment: 0.99

                                                            [2019-01-03 18:40:11,886]
####################################
#
# 20190103_NFFT1024_400_250_100_20ep1
# mic4
# testData_G527
#
####################################

                                                            [2019-01-03 18:40:18,892]
                   m       v       e |  sens   acc
music           2185      28       0 |  0.99  0.98
voice             31     659       0 |  0.96  0.98
environment        0       0     615 |  1.00  1.00
--------------------------------------
prec            0.99    0.96    1.00
                                                            [2019-01-03 18:40:18,892]

                                                            [2019-01-03 18:40:18,892]
F1 overall: 0.98
F1 music: 0.99
F1 voice: 0.96
F1 environment: 1.00

                                                            [2019-01-03 18:40:18,954]
####################################
#
# 20190103_NFFT1024_400_250_100_20ep1
# mic4
# testData_Studio
#
####################################

                                                            [2019-01-03 18:40:28,091]
                   m       v       e |  sens   acc
music          14615    1137      46 |  0.93  0.96
voice            159    8936     128 |  0.97  0.96
environment       10      68   10418 |  0.99  0.99
--------------------------------------
prec            0.99    0.88    0.98
                                                            [2019-01-03 18:40:28,091]

                                                            [2019-01-03 18:40:28,091]
F1 overall: 0.96
F1 music: 0.96
F1 voice: 0.92
F1 environment: 0.99

                                                            [2019-01-03 18:40:28,107]
####################################
#
# 20190103_NFFT1024_400_250_100_20ep1
# mic4
# testData_Overall
#
####################################

                                                            [2019-01-03 18:40:28,107]
                   m       v       e |  sens   acc
music           0.96    0.03    0.00 |  0.96  0.98
voice           0.03    0.96    0.01 |  0.96  0.97
environment     0.00    0.00    1.00 |  1.00  1.00
--------------------------------------
prec            0.97    0.96    0.99
                                                            [2019-01-03 18:40:28,107]

                                                            [2019-01-03 18:40:28,107]
F1 overall: 0.97
F1 music: 0.97
F1 voice: 0.96
F1 environment: 0.99

                                                            [2019-01-03 18:40:28,123]
####################################
#
# 20190103_NFFT1024_400_250_100_20ep2
# mic4
# testData_G428
#
####################################

                                                            [2019-01-03 18:40:35,872]
                   m       v       e |  sens   acc
music           5026     116       1 |  0.98  0.98
voice            138    3354      52 |  0.95  0.97
environment        2       1    3286 |  1.00  1.00
--------------------------------------
prec            0.97    0.97    0.98
                                                            [2019-01-03 18:40:35,872]

                                                            [2019-01-03 18:40:35,872]
F1 overall: 0.97
F1 music: 0.98
F1 voice: 0.96
F1 environment: 0.99

                                                            [2019-01-03 18:40:35,888]
####################################
#
# 20190103_NFFT1024_400_250_100_20ep2
# mic4
# testData_G527
#
####################################

                                                            [2019-01-03 18:40:43,028]
                   m       v       e |  sens   acc
music           2196      17       0 |  0.99  0.99
voice             18     671       1 |  0.97  0.99
environment        0       0     615 |  1.00  1.00
--------------------------------------
prec            0.99    0.98    1.00
                                                            [2019-01-03 18:40:43,028]

                                                            [2019-01-03 18:40:43,028]
F1 overall: 0.99
F1 music: 0.99
F1 voice: 0.97
F1 environment: 1.00

                                                            [2019-01-03 18:40:43,075]
####################################
#
# 20190103_NFFT1024_400_250_100_20ep2
# mic4
# testData_Studio
#
####################################

                                                            [2019-01-03 18:40:52,761]
                   m       v       e |  sens   acc
music          14884     805     109 |  0.94  0.96
voice            667    8366     190 |  0.91  0.95
environment        8      22   10466 |  1.00  0.99
--------------------------------------
prec            0.96    0.91    0.97
                                                            [2019-01-03 18:40:52,761]

                                                            [2019-01-03 18:40:52,761]
F1 overall: 0.95
F1 music: 0.95
F1 voice: 0.91
F1 environment: 0.98

                                                            [2019-01-03 18:40:52,761]
####################################
#
# 20190103_NFFT1024_400_250_100_20ep2
# mic4
# testData_Overall
#
####################################

                                                            [2019-01-03 18:40:52,761]
                   m       v       e |  sens   acc
music           0.97    0.03    0.00 |  0.97  0.97
voice           0.05    0.94    0.01 |  0.94  0.97
environment     0.00    0.00    1.00 |  1.00  0.99
--------------------------------------
prec            0.95    0.97    0.99
                                                            [2019-01-03 18:40:52,761]

                                                            [2019-01-03 18:40:52,761]
F1 overall: 0.97
F1 music: 0.96
F1 voice: 0.96
F1 environment: 0.99

                                                            [2019-01-03 18:40:52,793]
####################################
#
# 20190103_NFFT1024_400_250_100_20ep3
# mic4
# testData_G428
#
####################################

                                                            [2019-01-03 18:41:01,323]
                   m       v       e |  sens   acc
music           5020     123       0 |  0.98  0.98
voice             61    3455      28 |  0.97  0.98
environment        3       4    3282 |  1.00  1.00
--------------------------------------
prec            0.99    0.96    0.99
                                                            [2019-01-03 18:41:01,323]

                                                            [2019-01-03 18:41:01,323]
F1 overall: 0.98
F1 music: 0.98
F1 voice: 0.97
F1 environment: 0.99

                                                            [2019-01-03 18:41:01,355]
####################################
#
# 20190103_NFFT1024_400_250_100_20ep3
# mic4
# testData_G527
#
####################################

                                                            [2019-01-03 18:41:09,385]
                   m       v       e |  sens   acc
music           2201      11       1 |  0.99  0.99
voice             15     675       0 |  0.98  0.99
environment        0       0     615 |  1.00  1.00
--------------------------------------
prec            0.99    0.98    1.00
                                                            [2019-01-03 18:41:09,385]

                                                            [2019-01-03 18:41:09,385]
F1 overall: 0.99
F1 music: 0.99
F1 voice: 0.98
F1 environment: 1.00

                                                            [2019-01-03 18:41:09,432]
####################################
#
# 20190103_NFFT1024_400_250_100_20ep3
# mic4
# testData_Studio
#
####################################

                                                            [2019-01-03 18:41:20,603]
                   m       v       e |  sens   acc
music          14516    1223      59 |  0.92  0.96
voice             51    9143      29 |  0.99  0.96
environment        4     110   10382 |  0.99  0.99
--------------------------------------
prec            1.00    0.87    0.99
                                                            [2019-01-03 18:41:20,603]

                                                            [2019-01-03 18:41:20,603]
F1 overall: 0.96
F1 music: 0.96
F1 voice: 0.93
F1 environment: 0.99

                                                            [2019-01-03 18:41:20,603]
####################################
#
# 20190103_NFFT1024_400_250_100_20ep3
# mic4
# testData_Overall
#
####################################

                                                            [2019-01-03 18:41:20,603]
                   m       v       e |  sens   acc
music           0.96    0.04    0.00 |  0.96  0.98
voice           0.01    0.98    0.00 |  0.98  0.98
environment     0.00    0.00    1.00 |  1.00  1.00
--------------------------------------
prec            0.98    0.96    0.99
                                                            [2019-01-03 18:41:20,603]

                                                            [2019-01-03 18:41:20,603]
F1 overall: 0.98
F1 music: 0.97
F1 voice: 0.97
F1 environment: 1.00

                                                            [2019-01-03 18:41:20,634]
####################################
#
# 20190103_NFFT1024_400_250_100_20ep4
# mic4
# testData_G428
#
####################################

                                                            [2019-01-03 18:41:29,462]
                   m       v       e |  sens   acc
music           5048      95       0 |  0.98  0.98
voice             98    3411      35 |  0.96  0.98
environment        2       2    3285 |  1.00  1.00
--------------------------------------
prec            0.98    0.97    0.99
                                                            [2019-01-03 18:41:29,462]

                                                            [2019-01-03 18:41:29,462]
F1 overall: 0.98
F1 music: 0.98
F1 voice: 0.97
F1 environment: 0.99

                                                            [2019-01-03 18:41:29,477]
####################################
#
# 20190103_NFFT1024_400_250_100_20ep4
# mic4
# testData_G527
#
####################################

                                                            [2019-01-03 18:41:37,461]
                   m       v       e |  sens   acc
music           2201      12       0 |  0.99  0.99
voice             12     678       0 |  0.98  0.99
environment        0       0     615 |  1.00  1.00
--------------------------------------
prec            0.99    0.98    1.00
                                                            [2019-01-03 18:41:37,461]

                                                            [2019-01-03 18:41:37,461]
F1 overall: 0.99
F1 music: 0.99
F1 voice: 0.98
F1 environment: 1.00

                                                            [2019-01-03 18:41:37,508]
####################################
#
# 20190103_NFFT1024_400_250_100_20ep4
# mic4
# testData_Studio
#
####################################

                                                            [2019-01-03 18:41:47,898]
                   m       v       e |  sens   acc
music          15004     691     103 |  0.95  0.97
voice            313    8779     131 |  0.95  0.97
environment        7      33   10456 |  1.00  0.99
--------------------------------------
prec            0.98    0.92    0.98
                                                            [2019-01-03 18:41:47,898]

                                                            [2019-01-03 18:41:47,898]
F1 overall: 0.96
F1 music: 0.96
F1 voice: 0.94
F1 environment: 0.99

                                                            [2019-01-03 18:41:47,898]
####################################
#
# 20190103_NFFT1024_400_250_100_20ep4
# mic4
# testData_Overall
#
####################################

                                                            [2019-01-03 18:41:47,898]
                   m       v       e |  sens   acc
music           0.98    0.02    0.00 |  0.98  0.98
voice           0.03    0.97    0.01 |  0.97  0.98
environment     0.00    0.00    1.00 |  1.00  1.00
--------------------------------------
prec            0.97    0.98    0.99
                                                            [2019-01-03 18:41:47,898]

                                                            [2019-01-03 18:41:47,898]
F1 overall: 0.98
F1 music: 0.97
F1 voice: 0.97
F1 environment: 0.99

                                                            [2019-01-03 18:41:47,913]
####################################
#
# 20190103_NFFT1024_400_250_100_20ep5
# mic4
# testData_G428
#
####################################

                                                            [2019-01-03 18:41:57,085]
                   m       v       e |  sens   acc
music           5065      78       0 |  0.98  0.99
voice             50    3465      29 |  0.98  0.99
environment        3       5    3281 |  1.00  1.00
--------------------------------------
prec            0.99    0.98    0.99
                                                            [2019-01-03 18:41:57,085]

                                                            [2019-01-03 18:41:57,085]
F1 overall: 0.99
F1 music: 0.99
F1 voice: 0.98
F1 environment: 0.99

                                                            [2019-01-03 18:41:57,100]
####################################
#
# 20190103_NFFT1024_400_250_100_20ep5
# mic4
# testData_G527
#
####################################

                                                            [2019-01-03 18:42:05,725]
                   m       v       e |  sens   acc
music           2207       6       0 |  1.00  0.99
voice             22     668       0 |  0.97  0.99
environment        0       0     615 |  1.00  1.00
--------------------------------------
prec            0.99    0.99    1.00
                                                            [2019-01-03 18:42:05,725]

                                                            [2019-01-03 18:42:05,725]
F1 overall: 0.99
F1 music: 0.99
F1 voice: 0.98
F1 environment: 1.00

                                                            [2019-01-03 18:42:05,787]
####################################
#
# 20190103_NFFT1024_400_250_100_20ep5
# mic4
# testData_Studio
#
####################################

                                                            [2019-01-03 18:42:16,302]
                   m       v       e |  sens   acc
music          14773     992      33 |  0.94  0.97
voice             93    9090      40 |  0.99  0.97
environment        7      84   10405 |  0.99  1.00
--------------------------------------
prec            0.99    0.89    0.99
                                                            [2019-01-03 18:42:16,302]

                                                            [2019-01-03 18:42:16,302]
F1 overall: 0.96
F1 music: 0.96
F1 voice: 0.94
F1 environment: 0.99

                                                            [2019-01-03 18:42:16,302]
####################################
#
# 20190103_NFFT1024_400_250_100_20ep5
# mic4
# testData_Overall
#
####################################

                                                            [2019-01-03 18:42:16,302]
                   m       v       e |  sens   acc
music           0.97    0.03    0.00 |  0.97  0.98
voice           0.02    0.98    0.00 |  0.98  0.98
environment     0.00    0.00    1.00 |  1.00  1.00
--------------------------------------
prec            0.98    0.97    1.00
                                                            [2019-01-03 18:42:16,302]

                                                            [2019-01-03 18:42:16,302]
F1 overall: 0.98
F1 music: 0.98
F1 voice: 0.97
F1 environment: 1.00

                                                            [2019-01-03 18:42:16,333]
####################################
#
# 20190103_NFFT1024_400_300_200_100_50_20_10ep1
# mic4
# testData_G428
#
####################################

                                                            [2019-01-03 18:42:25,801]
                   m       v       e |  sens   acc
music           5059      82       2 |  0.98  0.98
voice            203    3291      50 |  0.93  0.97
environment        6       1    3282 |  1.00  1.00
--------------------------------------
prec            0.96    0.98    0.98
                                                            [2019-01-03 18:42:25,801]

                                                            [2019-01-03 18:42:25,801]
F1 overall: 0.97
F1 music: 0.97
F1 voice: 0.95
F1 environment: 0.99

                                                            [2019-01-03 18:42:25,832]
####################################
#
# 20190103_NFFT1024_400_300_200_100_50_20_10ep1
# mic4
# testData_G527
#
####################################

                                                            [2019-01-03 18:42:35,691]
                   m       v       e |  sens   acc
music           2189      24       0 |  0.99  0.98
voice             41     649       0 |  0.94  0.98
environment        0       0     615 |  1.00  1.00
--------------------------------------
prec            0.98    0.96    1.00
                                                            [2019-01-03 18:42:35,691]

                                                            [2019-01-03 18:42:35,691]
F1 overall: 0.98
F1 music: 0.99
F1 voice: 0.95
F1 environment: 1.00

                                                            [2019-01-03 18:42:35,738]
####################################
#
# 20190103_NFFT1024_400_300_200_100_50_20_10ep1
# mic4
# testData_Studio
#
####################################

                                                            [2019-01-03 18:42:48,534]
                   m       v       e |  sens   acc
music          14614    1127      57 |  0.93  0.96
voice            229    8834     160 |  0.96  0.96
environment        6      61   10429 |  0.99  0.99
--------------------------------------
prec            0.98    0.88    0.98
                                                            [2019-01-03 18:42:48,534]

                                                            [2019-01-03 18:42:48,534]
F1 overall: 0.95
F1 music: 0.95
F1 voice: 0.92
F1 environment: 0.99

                                                            [2019-01-03 18:42:48,534]
####################################
#
# 20190103_NFFT1024_400_300_200_100_50_20_10ep1
# mic4
# testData_Overall
#
####################################

                                                            [2019-01-03 18:42:48,534]
                   m       v       e |  sens   acc
music           0.97    0.03    0.00 |  0.97  0.97
voice           0.05    0.94    0.01 |  0.94  0.97
environment     0.00    0.00    1.00 |  1.00  1.00
--------------------------------------
prec            0.95    0.96    0.99
                                                            [2019-01-03 18:42:48,534]

                                                            [2019-01-03 18:42:48,534]
F1 overall: 0.97
F1 music: 0.96
F1 voice: 0.95
F1 environment: 0.99

                                                            [2019-01-03 18:42:48,565]
####################################
#
# 20190103_NFFT1024_400_300_200_100_50_20_10ep2
# mic4
# testData_G428
#
####################################

                                                            [2019-01-03 18:42:59,470]
                   m       v       e |  sens   acc
music           5070      71       2 |  0.99  0.98
voice            170    3337      37 |  0.94  0.98
environment        4       1    3284 |  1.00  1.00
--------------------------------------
prec            0.97    0.98    0.99
                                                            [2019-01-03 18:42:59,470]

                                                            [2019-01-03 18:42:59,470]
F1 overall: 0.98
F1 music: 0.98
F1 voice: 0.96
F1 environment: 0.99

                                                            [2019-01-03 18:42:59,486]
####################################
#
# 20190103_NFFT1024_400_300_200_100_50_20_10ep2
# mic4
# testData_G527
#
####################################

                                                            [2019-01-03 18:43:09,548]
                   m       v       e |  sens   acc
music           2205       8       0 |  1.00  0.98
voice             48     641       1 |  0.93  0.98
environment        0       0     615 |  1.00  1.00
--------------------------------------
prec            0.98    0.99    1.00
                                                            [2019-01-03 18:43:09,548]

                                                            [2019-01-03 18:43:09,548]
F1 overall: 0.98
F1 music: 0.99
F1 voice: 0.96
F1 environment: 1.00

                                                            [2019-01-03 18:43:09,595]
####################################
#
# 20190103_NFFT1024_400_300_200_100_50_20_10ep2
# mic4
# testData_Studio
#
####################################

                                                            [2019-01-03 18:43:22,625]
                   m       v       e |  sens   acc
music          14999     653     146 |  0.95  0.97
voice            387    8725     111 |  0.95  0.97
environment        7      55   10434 |  0.99  0.99
--------------------------------------
prec            0.97    0.92    0.98
                                                            [2019-01-03 18:43:22,625]

                                                            [2019-01-03 18:43:22,625]
F1 overall: 0.96
F1 music: 0.96
F1 voice: 0.94
F1 environment: 0.98

                                                            [2019-01-03 18:43:22,625]
####################################
#
# 20190103_NFFT1024_400_300_200_100_50_20_10ep2
# mic4
# testData_Overall
#
####################################

                                                            [2019-01-03 18:43:22,625]
                   m       v       e |  sens   acc
music           0.98    0.02    0.00 |  0.98  0.97
voice           0.05    0.94    0.01 |  0.94  0.97
environment     0.00    0.00    1.00 |  1.00  1.00
--------------------------------------
prec            0.95    0.98    0.99
                                                            [2019-01-03 18:43:22,625]

                                                            [2019-01-03 18:43:22,625]
F1 overall: 0.97
F1 music: 0.96
F1 voice: 0.96
F1 environment: 0.99

                                                            [2019-01-03 18:43:22,672]
####################################
#
# 20190103_NFFT1024_400_300_200_100_50_20_10ep3
# mic4
# testData_G428
#
####################################

                                                            [2019-01-03 18:43:34,390]
                   m       v       e |  sens   acc
music           5026     112       5 |  0.98  0.99
voice             44    3460      40 |  0.98  0.98
environment        4       2    3283 |  1.00  1.00
--------------------------------------
prec            0.99    0.97    0.99
                                                            [2019-01-03 18:43:34,390]

                                                            [2019-01-03 18:43:34,390]
F1 overall: 0.98
F1 music: 0.98
F1 voice: 0.97
F1 environment: 0.99

                                                            [2019-01-03 18:43:34,436]
####################################
#
# 20190103_NFFT1024_400_300_200_100_50_20_10ep3
# mic4
# testData_G527
#
####################################

                                                            [2019-01-03 18:43:45,248]
                   m       v       e |  sens   acc
music           2198      15       0 |  0.99  0.99
voice             19     671       0 |  0.97  0.99
environment        0       0     615 |  1.00  1.00
--------------------------------------
prec            0.99    0.98    1.00
                                                            [2019-01-03 18:43:45,248]

                                                            [2019-01-03 18:43:45,248]
F1 overall: 0.99
F1 music: 0.99
F1 voice: 0.98
F1 environment: 1.00

                                                            [2019-01-03 18:43:45,295]
####################################
#
# 20190103_NFFT1024_400_300_200_100_50_20_10ep3
# mic4
# testData_Studio
#
####################################

                                                            [2019-01-03 18:43:59,184]
                   m       v       e |  sens   acc
music          14437    1206     155 |  0.91  0.96
voice             24    9087     112 |  0.99  0.96
environment        3      42   10451 |  1.00  0.99
--------------------------------------
prec            1.00    0.88    0.98
                                                            [2019-01-03 18:43:59,184]

                                                            [2019-01-03 18:43:59,184]
F1 overall: 0.96
F1 music: 0.95
F1 voice: 0.93
F1 environment: 0.99

                                                            [2019-01-03 18:43:59,184]
####################################
#
# 20190103_NFFT1024_400_300_200_100_50_20_10ep3
# mic4
# testData_Overall
#
####################################

                                                            [2019-01-03 18:43:59,184]
                   m       v       e |  sens   acc
music           0.96    0.03    0.00 |  0.96  0.98
voice           0.01    0.98    0.01 |  0.98  0.98
environment     0.00    0.00    1.00 |  1.00  1.00
--------------------------------------
prec            0.98    0.96    0.99
                                                            [2019-01-03 18:43:59,184]

                                                            [2019-01-03 18:43:59,184]
F1 overall: 0.98
F1 music: 0.97
F1 voice: 0.97
F1 environment: 0.99

                                                            [2019-01-03 18:43:59,216]
####################################
#
# 20190103_NFFT1024_400_300_200_100_50_20_10ep4
# mic4
# testData_G428
#
####################################

                                                            [2019-01-03 18:44:12,043]
                   m       v       e |  sens   acc
music           5006     137       0 |  0.97  0.98
voice             58    3457      29 |  0.98  0.98
environment        3       4    3282 |  1.00  1.00
--------------------------------------
prec            0.99    0.96    0.99
                                                            [2019-01-03 18:44:12,043]

                                                            [2019-01-03 18:44:12,043]
F1 overall: 0.98
F1 music: 0.98
F1 voice: 0.97
F1 environment: 0.99

                                                            [2019-01-03 18:44:12,074]
####################################
#
# 20190103_NFFT1024_400_300_200_100_50_20_10ep4
# mic4
# testData_G527
#
####################################

                                                            [2019-01-03 18:44:23,511]
                   m       v       e |  sens   acc
music           2196      17       0 |  0.99  0.99
voice             14     676       0 |  0.98  0.99
environment        0       0     615 |  1.00  1.00
--------------------------------------
prec            0.99    0.98    1.00
                                                            [2019-01-03 18:44:23,511]

                                                            [2019-01-03 18:44:23,511]
F1 overall: 0.99
F1 music: 0.99
F1 voice: 0.98
F1 environment: 1.00

                                                            [2019-01-03 18:44:23,558]
####################################
#
# 20190103_NFFT1024_400_300_200_100_50_20_10ep4
# mic4
# testData_Studio
#
####################################

                                                            [2019-01-03 18:44:37,760]
                   m       v       e |  sens   acc
music          14618    1104      76 |  0.93  0.96
voice            116    9062      45 |  0.98  0.96
environment        6      95   10395 |  0.99  0.99
--------------------------------------
prec            0.99    0.88    0.99
                                                            [2019-01-03 18:44:37,760]

                                                            [2019-01-03 18:44:37,760]
F1 overall: 0.96
F1 music: 0.96
F1 voice: 0.93
F1 environment: 0.99

                                                            [2019-01-03 18:44:37,760]
####################################
#
# 20190103_NFFT1024_400_300_200_100_50_20_10ep4
# mic4
# testData_Overall
#
####################################

                                                            [2019-01-03 18:44:37,760]
                   m       v       e |  sens   acc
music           0.96    0.03    0.00 |  0.96  0.98
voice           0.02    0.98    0.00 |  0.98  0.98
environment     0.00    0.00    1.00 |  1.00  1.00
--------------------------------------
prec            0.98    0.96    0.99
                                                            [2019-01-03 18:44:37,760]

                                                            [2019-01-03 18:44:37,760]
F1 overall: 0.98
F1 music: 0.97
F1 voice: 0.97
F1 environment: 1.00

                                                            [2019-01-03 18:44:37,791]
####################################
#
# 20190103_NFFT1024_400_300_200_100_50_20_10ep5
# mic4
# testData_G428
#
####################################

                                                            [2019-01-03 18:44:50,384]
                   m       v       e |  sens   acc
music           5077      63       3 |  0.99  0.99
voice            106    3411      27 |  0.96  0.98
environment        2       2    3285 |  1.00  1.00
--------------------------------------
prec            0.98    0.98    0.99
                                                            [2019-01-03 18:44:50,384]

                                                            [2019-01-03 18:44:50,384]
F1 overall: 0.98
F1 music: 0.98
F1 voice: 0.97
F1 environment: 0.99

                                                            [2019-01-03 18:44:50,415]
####################################
#
# 20190103_NFFT1024_400_300_200_100_50_20_10ep5
# mic4
# testData_G527
#
####################################

                                                            [2019-01-03 18:45:02,492]
                   m       v       e |  sens   acc
music           2204       9       0 |  1.00  0.98
voice             44     646       0 |  0.94  0.98
environment        1       0     614 |  1.00  1.00
--------------------------------------
prec            0.98    0.99    1.00
                                                            [2019-01-03 18:45:02,492]

                                                            [2019-01-03 18:45:02,508]
F1 overall: 0.98
F1 music: 0.99
F1 voice: 0.96
F1 environment: 1.00

                                                            [2019-01-03 18:45:02,555]
####################################
#
# 20190103_NFFT1024_400_300_200_100_50_20_10ep5
# mic4
# testData_Studio
#
####################################

                                                            [2019-01-03 18:45:17,491]
                   m       v       e |  sens   acc
music          15067     685      46 |  0.95  0.97
voice            186    8985      52 |  0.97  0.97
environment        9      56   10431 |  0.99  1.00
--------------------------------------
prec            0.99    0.92    0.99
                                                            [2019-01-03 18:45:17,491]

                                                            [2019-01-03 18:45:17,491]
F1 overall: 0.97
F1 music: 0.97
F1 voice: 0.95
F1 environment: 0.99

                                                            [2019-01-03 18:45:17,491]
####################################
#
# 20190103_NFFT1024_400_300_200_100_50_20_10ep5
# mic4
# testData_Overall
#
####################################

                                                            [2019-01-03 18:45:17,491]
                   m       v       e |  sens   acc
music           0.98    0.02    0.00 |  0.98  0.98
voice           0.04    0.96    0.00 |  0.96  0.98
environment     0.00    0.00    1.00 |  1.00  1.00
--------------------------------------
prec            0.96    0.98    0.99
                                                            [2019-01-03 18:45:17,491]

                                                            [2019-01-03 18:45:17,491]
F1 overall: 0.98
F1 music: 0.97
F1 voice: 0.97
F1 environment: 1.00

                                                            [2019-01-03 18:45:17,538]
####################################
#
# 20190103_NFFT1024_450_400_350_300_250_200_150_100_50_21ep1
# mic4
# testData_G428
#
####################################

                                                            [2019-01-03 18:45:30,990]
                   m       v       e |  sens   acc
music           5087      55       1 |  0.99  0.98
voice            157    3335      52 |  0.94  0.98
environment        4       2    3283 |  1.00  1.00
--------------------------------------
prec            0.97    0.98    0.98
                                                            [2019-01-03 18:45:30,990]

                                                            [2019-01-03 18:45:30,990]
F1 overall: 0.98
F1 music: 0.98
F1 voice: 0.96
F1 environment: 0.99

                                                            [2019-01-03 18:45:31,005]
####################################
#
# 20190103_NFFT1024_450_400_350_300_250_200_150_100_50_21ep1
# mic4
# testData_G527
#
####################################

                                                            [2019-01-03 18:45:43,973]
                   m       v       e |  sens   acc
music           2191      21       1 |  0.99  0.99
voice             19     670       1 |  0.97  0.99
environment        0       0     615 |  1.00  1.00
--------------------------------------
prec            0.99    0.97    1.00
                                                            [2019-01-03 18:45:43,973]

                                                            [2019-01-03 18:45:43,973]
F1 overall: 0.99
F1 music: 0.99
F1 voice: 0.97
F1 environment: 1.00

                                                            [2019-01-03 18:45:44,020]
####################################
#
# 20190103_NFFT1024_450_400_350_300_250_200_150_100_50_21ep1
# mic4
# testData_Studio
#
####################################

                                                            [2019-01-03 18:46:01,425]
                   m       v       e |  sens   acc
music          15006     728      64 |  0.95  0.96
voice            520    8559     144 |  0.93  0.96
environment       12      46   10438 |  0.99  0.99
--------------------------------------
prec            0.97    0.92    0.98
                                                            [2019-01-03 18:46:01,425]

                                                            [2019-01-03 18:46:01,425]
F1 overall: 0.96
F1 music: 0.96
F1 voice: 0.92
F1 environment: 0.99

                                                            [2019-01-03 18:46:01,425]
####################################
#
# 20190103_NFFT1024_450_400_350_300_250_200_150_100_50_21ep1
# mic4
# testData_Overall
#
####################################

                                                            [2019-01-03 18:46:01,425]
                   m       v       e |  sens   acc
music           0.98    0.02    0.00 |  0.98  0.98
voice           0.04    0.95    0.01 |  0.95  0.97
environment     0.00    0.00    1.00 |  1.00  1.00
--------------------------------------
prec            0.96    0.98    0.99
                                                            [2019-01-03 18:46:01,425]

                                                            [2019-01-03 18:46:01,425]
F1 overall: 0.97
F1 music: 0.97
F1 voice: 0.96
F1 environment: 0.99

                                                            [2019-01-03 18:46:01,472]
####################################
#
# 20190103_NFFT1024_450_400_350_300_250_200_150_100_50_21ep2
# mic4
# testData_G428
#
####################################

                                                            [2019-01-03 18:46:17,111]
                   m       v       e |  sens   acc
music           5021     122       0 |  0.98  0.99
voice             47    3465      32 |  0.98  0.98
environment        8       7    3274 |  1.00  1.00
--------------------------------------
prec            0.99    0.96    0.99
                                                            [2019-01-03 18:46:17,111]

                                                            [2019-01-03 18:46:17,111]
F1 overall: 0.98
F1 music: 0.98
F1 voice: 0.97
F1 environment: 0.99

                                                            [2019-01-03 18:46:17,127]
####################################
#
# 20190103_NFFT1024_450_400_350_300_250_200_150_100_50_21ep2
# mic4
# testData_G527
#
####################################

                                                            [2019-01-03 18:46:30,720]
                   m       v       e |  sens   acc
music           2191      22       0 |  0.99  0.99
voice              6     684       0 |  0.99  0.99
environment        0       0     615 |  1.00  1.00
--------------------------------------
prec            1.00    0.97    1.00
                                                            [2019-01-03 18:46:30,720]

                                                            [2019-01-03 18:46:30,720]
F1 overall: 0.99
F1 music: 0.99
F1 voice: 0.98
F1 environment: 1.00

                                                            [2019-01-03 18:46:30,766]
####################################
#
# 20190103_NFFT1024_450_400_350_300_250_200_150_100_50_21ep2
# mic4
# testData_Studio
#
####################################

                                                            [2019-01-03 18:46:48,015]
                   m       v       e |  sens   acc
music          14581    1152      65 |  0.92  0.96
voice             62    9111      50 |  0.99  0.96
environment        3      95   10398 |  0.99  0.99
--------------------------------------
prec            1.00    0.88    0.99
                                                            [2019-01-03 18:46:48,015]

                                                            [2019-01-03 18:46:48,015]
F1 overall: 0.96
F1 music: 0.96
F1 voice: 0.93
F1 environment: 0.99

                                                            [2019-01-03 18:46:48,015]
####################################
#
# 20190103_NFFT1024_450_400_350_300_250_200_150_100_50_21ep2
# mic4
# testData_Overall
#
####################################

                                                            [2019-01-03 18:46:48,015]
                   m       v       e |  sens   acc
music           0.96    0.04    0.00 |  0.96  0.98
voice           0.01    0.99    0.00 |  0.99  0.98
environment     0.00    0.00    1.00 |  1.00  1.00
--------------------------------------
prec            0.99    0.96    0.99
                                                            [2019-01-03 18:46:48,015]

                                                            [2019-01-03 18:46:48,015]
F1 overall: 0.98
F1 music: 0.98
F1 voice: 0.97
F1 environment: 0.99

                                                            [2019-01-03 18:46:48,046]
####################################
#
# 20190103_NFFT1024_450_400_350_300_250_200_150_100_50_21ep3
# mic4
# testData_G428
#
####################################

                                                            [2019-01-03 18:47:03,092]
                   m       v       e |  sens   acc
music           5052      90       1 |  0.98  0.99
voice             83    3418      43 |  0.96  0.98
environment        3       1    3285 |  1.00  1.00
--------------------------------------
prec            0.98    0.97    0.99
                                                            [2019-01-03 18:47:03,092]

                                                            [2019-01-03 18:47:03,092]
F1 overall: 0.98
F1 music: 0.98
F1 voice: 0.97
F1 environment: 0.99

                                                            [2019-01-03 18:47:03,123]
####################################
#
# 20190103_NFFT1024_450_400_350_300_250_200_150_100_50_21ep3
# mic4
# testData_G527
#
####################################

                                                            [2019-01-03 18:47:17,232]
                   m       v       e |  sens   acc
music           2200      13       0 |  0.99  0.99
voice             25     665       0 |  0.96  0.99
environment        0       0     615 |  1.00  1.00
--------------------------------------
prec            0.99    0.98    1.00
                                                            [2019-01-03 18:47:17,232]

                                                            [2019-01-03 18:47:17,232]
F1 overall: 0.99
F1 music: 0.99
F1 voice: 0.97
F1 environment: 1.00

                                                            [2019-01-03 18:47:17,278]
####################################
#
# 20190103_NFFT1024_450_400_350_300_250_200_150_100_50_21ep3
# mic4
# testData_Studio
#
####################################

                                                            [2019-01-03 18:47:34,996]
                   m       v       e |  sens   acc
music          14603    1137      58 |  0.92  0.96
voice             87    9058      78 |  0.98  0.96
environment        3      60   10433 |  0.99  0.99
--------------------------------------
prec            0.99    0.88    0.99
                                                            [2019-01-03 18:47:34,996]

                                                            [2019-01-03 18:47:34,996]
F1 overall: 0.96
F1 music: 0.96
F1 voice: 0.93
F1 environment: 0.99

                                                            [2019-01-03 18:47:34,996]
####################################
#
# 20190103_NFFT1024_450_400_350_300_250_200_150_100_50_21ep3
# mic4
# testData_Overall
#
####################################

                                                            [2019-01-03 18:47:34,996]
                   m       v       e |  sens   acc
music           0.97    0.03    0.00 |  0.97  0.98
voice           0.02    0.97    0.01 |  0.97  0.98
environment     0.00    0.00    1.00 |  1.00  1.00
--------------------------------------
prec            0.98    0.97    0.99
                                                            [2019-01-03 18:47:34,996]

                                                            [2019-01-03 18:47:34,996]
F1 overall: 0.98
F1 music: 0.97
F1 voice: 0.97
F1 environment: 0.99

                                                            [2019-01-03 18:47:35,043]
####################################
#
# 20190103_NFFT1024_450_400_350_300_250_200_150_100_50_21ep4
# mic4
# testData_G428
#
####################################

                                                            [2019-01-03 18:47:50,807]
                   m       v       e |  sens   acc
music           5025     110       8 |  0.98  0.99
voice             29    3487      28 |  0.98  0.99
environment        6       5    3278 |  1.00  1.00
--------------------------------------
prec            0.99    0.97    0.99
                                                            [2019-01-03 18:47:50,807]

                                                            [2019-01-03 18:47:50,807]
F1 overall: 0.98
F1 music: 0.99
F1 voice: 0.98
F1 environment: 0.99

                                                            [2019-01-03 18:47:50,823]
####################################
#
# 20190103_NFFT1024_450_400_350_300_250_200_150_100_50_21ep4
# mic4
# testData_G527
#
####################################

                                                            [2019-01-03 18:48:05,837]
                   m       v       e |  sens   acc
music           2195      18       0 |  0.99  0.99
voice              7     683       0 |  0.99  0.99
environment        0       0     615 |  1.00  1.00
--------------------------------------
prec            1.00    0.97    1.00
                                                            [2019-01-03 18:48:05,837]

                                                            [2019-01-03 18:48:05,837]
F1 overall: 0.99
F1 music: 0.99
F1 voice: 0.98
F1 environment: 1.00

                                                            [2019-01-03 18:48:05,900]
####################################
#
# 20190103_NFFT1024_450_400_350_300_250_200_150_100_50_21ep4
# mic4
# testData_Studio
#
####################################

                                                            [2019-01-03 18:48:24,758]
                   m       v       e |  sens   acc
music          14601    1053     144 |  0.92  0.96
voice             50    9085      88 |  0.99  0.96
environment        4      62   10430 |  0.99  0.99
--------------------------------------
prec            1.00    0.89    0.98
                                                            [2019-01-03 18:48:24,758]

                                                            [2019-01-03 18:48:24,758]
F1 overall: 0.96
F1 music: 0.96
F1 voice: 0.94
F1 environment: 0.99

                                                            [2019-01-03 18:48:24,758]
####################################
#
# 20190103_NFFT1024_450_400_350_300_250_200_150_100_50_21ep4
# mic4
# testData_Overall
#
####################################

                                                            [2019-01-03 18:48:24,758]
                   m       v       e |  sens   acc
music           0.96    0.03    0.00 |  0.96  0.99
voice           0.01    0.99    0.01 |  0.99  0.98
environment     0.00    0.00    1.00 |  1.00  1.00
--------------------------------------
prec            0.99    0.97    0.99
                                                            [2019-01-03 18:48:24,758]

                                                            [2019-01-03 18:48:24,758]
F1 overall: 0.98
F1 music: 0.98
F1 voice: 0.98
F1 environment: 0.99

                                                            [2019-01-03 18:48:24,789]
####################################
#
# 20190103_NFFT1024_450_400_350_300_250_200_150_100_50_21ep5
# mic4
# testData_G428
#
####################################

                                                            [2019-01-03 18:48:42,600]
                   m       v       e |  sens   acc
music           5051      92       0 |  0.98  0.99
voice             65    3451      28 |  0.97  0.98
environment        4       4    3281 |  1.00  1.00
--------------------------------------
prec            0.99    0.97    0.99
                                                            [2019-01-03 18:48:42,600]

                                                            [2019-01-03 18:48:42,600]
F1 overall: 0.98
F1 music: 0.98
F1 voice: 0.97
F1 environment: 0.99

                                                            [2019-01-03 18:48:42,631]
####################################
#
# 20190103_NFFT1024_450_400_350_300_250_200_150_100_50_21ep5
# mic4
# testData_G527
#
####################################

                                                            [2019-01-03 18:48:58,364]
                   m       v       e |  sens   acc
music           2190      23       0 |  0.99  0.99
voice             17     673       0 |  0.98  0.99
environment        0       0     615 |  1.00  1.00
--------------------------------------
prec            0.99    0.97    1.00
                                                            [2019-01-03 18:48:58,364]

                                                            [2019-01-03 18:48:58,364]
F1 overall: 0.99
F1 music: 0.99
F1 voice: 0.97
F1 environment: 1.00

                                                            [2019-01-03 18:48:58,427]
####################################
#
# 20190103_NFFT1024_450_400_350_300_250_200_150_100_50_21ep5
# mic4
# testData_Studio
#
####################################

                                                            [2019-01-03 18:49:18,066]
                   m       v       e |  sens   acc
music          14689    1038      71 |  0.93  0.96
voice            160    9006      57 |  0.98  0.96
environment        3      51   10442 |  0.99  0.99
--------------------------------------
prec            0.99    0.89    0.99
                                                            [2019-01-03 18:49:18,066]

                                                            [2019-01-03 18:49:18,066]
F1 overall: 0.96
F1 music: 0.96
F1 voice: 0.93
F1 environment: 0.99

                                                            [2019-01-03 18:49:18,066]
####################################
#
# 20190103_NFFT1024_450_400_350_300_250_200_150_100_50_21ep5
# mic4
# testData_Overall
#
####################################

                                                            [2019-01-03 18:49:18,066]
                   m       v       e |  sens   acc
music           0.97    0.03    0.00 |  0.97  0.98
voice           0.02    0.98    0.00 |  0.98  0.98
environment     0.00    0.00    1.00 |  1.00  1.00
--------------------------------------
prec            0.98    0.97    0.99
                                                            [2019-01-03 18:49:18,066]

                                                            [2019-01-03 18:49:18,066]
F1 overall: 0.98
F1 music: 0.97
F1 voice: 0.97
F1 environment: 1.00

